<?xml version="1.0" encoding="UTF-8"?>
<testsuite xmlns:xsi="http://www.w3.org/2001/XMLSchema-instance" xsi:noNamespaceSchemaLocation="https://maven.apache.org/surefire/maven-surefire-plugin/xsd/surefire-test-report.xsd" name="com.javaegitimleri.petclinic.dao.OwnerRepositoryTests" time="35.791" tests="1" errors="1" skipped="0" failures="0">
  <properties>
    <property name="sun.desktop" value="windows"/>
    <property name="awt.toolkit" value="sun.awt.windows.WToolkit"/>
    <property name="file.encoding.pkg" value="sun.io"/>
    <property name="java.specification.version" value="1.8"/>
    <property name="sun.cpu.isalist" value="amd64"/>
    <property name="sun.jnu.encoding" value="Cp1254"/>
    <property name="java.class.path" value="C:\Users\ebubekir\git\repository\petclinic\target\test-classes;C:\Users\ebubekir\git\repository\petclinic\target\classes;C:\Users\ebubekir\.m2\repository\org\springframework\boot\spring-boot-starter-mail\2.0.0.RELEASE\spring-boot-starter-mail-2.0.0.RELEASE.jar;C:\Users\ebubekir\.m2\repository\org\springframework\boot\spring-boot-starter\2.0.0.RELEASE\spring-boot-starter-2.0.0.RELEASE.jar;C:\Users\ebubekir\.m2\repository\org\springframework\boot\spring-boot\2.0.0.RELEASE\spring-boot-2.0.0.RELEASE.jar;C:\Users\ebubekir\.m2\repository\org\springframework\boot\spring-boot-autoconfigure\2.0.0.RELEASE\spring-boot-autoconfigure-2.0.0.RELEASE.jar;C:\Users\ebubekir\.m2\repository\org\springframework\boot\spring-boot-starter-logging\2.0.0.RELEASE\spring-boot-starter-logging-2.0.0.RELEASE.jar;C:\Users\ebubekir\.m2\repository\ch\qos\logback\logback-classic\1.2.3\logback-classic-1.2.3.jar;C:\Users\ebubekir\.m2\repository\ch\qos\logback\logback-core\1.2.3\logback-core-1.2.3.jar;C:\Users\ebubekir\.m2\repository\org\apache\logging\log4j\log4j-to-slf4j\2.10.0\log4j-to-slf4j-2.10.0.jar;C:\Users\ebubekir\.m2\repository\org\apache\logging\log4j\log4j-api\2.10.0\log4j-api-2.10.0.jar;C:\Users\ebubekir\.m2\repository\org\slf4j\jul-to-slf4j\1.7.25\jul-to-slf4j-1.7.25.jar;C:\Users\ebubekir\.m2\repository\javax\annotation\javax.annotation-api\1.3.2\javax.annotation-api-1.3.2.jar;C:\Users\ebubekir\.m2\repository\org\yaml\snakeyaml\1.19\snakeyaml-1.19.jar;C:\Users\ebubekir\.m2\repository\org\springframework\spring-context\5.0.4.RELEASE\spring-context-5.0.4.RELEASE.jar;C:\Users\ebubekir\.m2\repository\org\springframework\spring-beans\5.0.4.RELEASE\spring-beans-5.0.4.RELEASE.jar;C:\Users\ebubekir\.m2\repository\org\springframework\spring-expression\5.0.4.RELEASE\spring-expression-5.0.4.RELEASE.jar;C:\Users\ebubekir\.m2\repository\org\springframework\spring-context-support\5.0.4.RELEASE\spring-context-support-5.0.4.RELEASE.jar;C:\Users\ebubekir\.m2\repository\com\sun\mail\javax.mail\1.6.1\javax.mail-1.6.1.jar;C:\Users\ebubekir\.m2\repository\javax\activation\activation\1.1\activation-1.1.jar;C:\Users\ebubekir\.m2\repository\org\springframework\security\spring-security-test\5.0.3.RELEASE\spring-security-test-5.0.3.RELEASE.jar;C:\Users\ebubekir\.m2\repository\org\springframework\security\spring-security-core\5.0.3.RELEASE\spring-security-core-5.0.3.RELEASE.jar;C:\Users\ebubekir\.m2\repository\org\springframework\security\spring-security-web\5.0.3.RELEASE\spring-security-web-5.0.3.RELEASE.jar;C:\Users\ebubekir\.m2\repository\org\springframework\spring-core\5.0.4.RELEASE\spring-core-5.0.4.RELEASE.jar;C:\Users\ebubekir\.m2\repository\org\springframework\spring-jcl\5.0.4.RELEASE\spring-jcl-5.0.4.RELEASE.jar;C:\Users\ebubekir\.m2\repository\org\springframework\spring-test\5.0.4.RELEASE\spring-test-5.0.4.RELEASE.jar;C:\Users\ebubekir\.m2\repository\org\springframework\boot\spring-boot-starter-test\2.0.0.RELEASE\spring-boot-starter-test-2.0.0.RELEASE.jar;C:\Users\ebubekir\.m2\repository\org\springframework\boot\spring-boot-test\2.0.0.RELEASE\spring-boot-test-2.0.0.RELEASE.jar;C:\Users\ebubekir\.m2\repository\org\springframework\boot\spring-boot-test-autoconfigure\2.0.0.RELEASE\spring-boot-test-autoconfigure-2.0.0.RELEASE.jar;C:\Users\ebubekir\.m2\repository\com\jayway\jsonpath\json-path\2.4.0\json-path-2.4.0.jar;C:\Users\ebubekir\.m2\repository\net\minidev\json-smart\2.3\json-smart-2.3.jar;C:\Users\ebubekir\.m2\repository\net\minidev\accessors-smart\1.2\accessors-smart-1.2.jar;C:\Users\ebubekir\.m2\repository\org\ow2\asm\asm\5.0.4\asm-5.0.4.jar;C:\Users\ebubekir\.m2\repository\junit\junit\4.12\junit-4.12.jar;C:\Users\ebubekir\.m2\repository\org\assertj\assertj-core\3.9.1\assertj-core-3.9.1.jar;C:\Users\ebubekir\.m2\repository\org\mockito\mockito-core\2.15.0\mockito-core-2.15.0.jar;C:\Users\ebubekir\.m2\repository\net\bytebuddy\byte-buddy\1.7.10\byte-buddy-1.7.10.jar;C:\Users\ebubekir\.m2\repository\net\bytebuddy\byte-buddy-agent\1.7.10\byte-buddy-agent-1.7.10.jar;C:\Users\ebubekir\.m2\repository\org\objenesis\objenesis\2.6\objenesis-2.6.jar;C:\Users\ebubekir\.m2\repository\org\hamcrest\hamcrest-core\1.3\hamcrest-core-1.3.jar;C:\Users\ebubekir\.m2\repository\org\hamcrest\hamcrest-library\1.3\hamcrest-library-1.3.jar;C:\Users\ebubekir\.m2\repository\org\skyscreamer\jsonassert\1.5.0\jsonassert-1.5.0.jar;C:\Users\ebubekir\.m2\repository\com\vaadin\external\google\android-json\0.0.20131108.vaadin1\android-json-0.0.20131108.vaadin1.jar;C:\Users\ebubekir\.m2\repository\org\xmlunit\xmlunit-core\2.5.1\xmlunit-core-2.5.1.jar;C:\Users\ebubekir\.m2\repository\org\springframework\boot\spring-boot-starter-security\2.0.0.RELEASE\spring-boot-starter-security-2.0.0.RELEASE.jar;C:\Users\ebubekir\.m2\repository\org\springframework\spring-aop\5.0.4.RELEASE\spring-aop-5.0.4.RELEASE.jar;C:\Users\ebubekir\.m2\repository\org\springframework\security\spring-security-config\5.0.3.RELEASE\spring-security-config-5.0.3.RELEASE.jar;C:\Users\ebubekir\.m2\repository\org\springframework\boot\spring-boot-starter-data-jpa\2.0.0.RELEASE\spring-boot-starter-data-jpa-2.0.0.RELEASE.jar;C:\Users\ebubekir\.m2\repository\org\springframework\boot\spring-boot-starter-aop\2.0.0.RELEASE\spring-boot-starter-aop-2.0.0.RELEASE.jar;C:\Users\ebubekir\.m2\repository\org\aspectj\aspectjweaver\1.8.13\aspectjweaver-1.8.13.jar;C:\Users\ebubekir\.m2\repository\org\hibernate\hibernate-core\5.2.14.Final\hibernate-core-5.2.14.Final.jar;C:\Users\ebubekir\.m2\repository\org\jboss\logging\jboss-logging\3.3.2.Final\jboss-logging-3.3.2.Final.jar;C:\Users\ebubekir\.m2\repository\org\hibernate\javax\persistence\hibernate-jpa-2.1-api\1.0.0.Final\hibernate-jpa-2.1-api-1.0.0.Final.jar;C:\Users\ebubekir\.m2\repository\org\javassist\javassist\3.22.0-GA\javassist-3.22.0-GA.jar;C:\Users\ebubekir\.m2\repository\antlr\antlr\2.7.7\antlr-2.7.7.jar;C:\Users\ebubekir\.m2\repository\org\jboss\jandex\2.0.3.Final\jandex-2.0.3.Final.jar;C:\Users\ebubekir\.m2\repository\com\fasterxml\classmate\1.3.4\classmate-1.3.4.jar;C:\Users\ebubekir\.m2\repository\dom4j\dom4j\1.6.1\dom4j-1.6.1.jar;C:\Users\ebubekir\.m2\repository\org\hibernate\common\hibernate-commons-annotations\5.0.1.Final\hibernate-commons-annotations-5.0.1.Final.jar;C:\Users\ebubekir\.m2\repository\javax\transaction\javax.transaction-api\1.2\javax.transaction-api-1.2.jar;C:\Users\ebubekir\.m2\repository\org\springframework\data\spring-data-jpa\2.0.5.RELEASE\spring-data-jpa-2.0.5.RELEASE.jar;C:\Users\ebubekir\.m2\repository\org\springframework\data\spring-data-commons\2.0.5.RELEASE\spring-data-commons-2.0.5.RELEASE.jar;C:\Users\ebubekir\.m2\repository\org\springframework\spring-orm\5.0.4.RELEASE\spring-orm-5.0.4.RELEASE.jar;C:\Users\ebubekir\.m2\repository\org\springframework\spring-tx\5.0.4.RELEASE\spring-tx-5.0.4.RELEASE.jar;C:\Users\ebubekir\.m2\repository\org\springframework\spring-aspects\5.0.4.RELEASE\spring-aspects-5.0.4.RELEASE.jar;C:\Users\ebubekir\.m2\repository\com\h2database\h2\1.4.196\h2-1.4.196.jar;C:\Users\ebubekir\.m2\repository\org\springframework\boot\spring-boot-starter-jdbc\2.0.0.RELEASE\spring-boot-starter-jdbc-2.0.0.RELEASE.jar;C:\Users\ebubekir\.m2\repository\com\zaxxer\HikariCP\2.7.8\HikariCP-2.7.8.jar;C:\Users\ebubekir\.m2\repository\org\springframework\spring-jdbc\5.0.4.RELEASE\spring-jdbc-5.0.4.RELEASE.jar;C:\Users\ebubekir\.m2\repository\org\springframework\boot\spring-boot-starter-web\2.0.0.RELEASE\spring-boot-starter-web-2.0.0.RELEASE.jar;C:\Users\ebubekir\.m2\repository\org\springframework\boot\spring-boot-starter-json\2.0.0.RELEASE\spring-boot-starter-json-2.0.0.RELEASE.jar;C:\Users\ebubekir\.m2\repository\com\fasterxml\jackson\core\jackson-databind\2.9.4\jackson-databind-2.9.4.jar;C:\Users\ebubekir\.m2\repository\com\fasterxml\jackson\core\jackson-core\2.9.4\jackson-core-2.9.4.jar;C:\Users\ebubekir\.m2\repository\com\fasterxml\jackson\datatype\jackson-datatype-jdk8\2.9.4\jackson-datatype-jdk8-2.9.4.jar;C:\Users\ebubekir\.m2\repository\com\fasterxml\jackson\datatype\jackson-datatype-jsr310\2.9.4\jackson-datatype-jsr310-2.9.4.jar;C:\Users\ebubekir\.m2\repository\com\fasterxml\jackson\module\jackson-module-parameter-names\2.9.4\jackson-module-parameter-names-2.9.4.jar;C:\Users\ebubekir\.m2\repository\org\springframework\boot\spring-boot-starter-tomcat\2.0.0.RELEASE\spring-boot-starter-tomcat-2.0.0.RELEASE.jar;C:\Users\ebubekir\.m2\repository\org\apache\tomcat\embed\tomcat-embed-websocket\8.5.28\tomcat-embed-websocket-8.5.28.jar;C:\Users\ebubekir\.m2\repository\org\hibernate\validator\hibernate-validator\6.0.7.Final\hibernate-validator-6.0.7.Final.jar;C:\Users\ebubekir\.m2\repository\javax\validation\validation-api\2.0.1.Final\validation-api-2.0.1.Final.jar;C:\Users\ebubekir\.m2\repository\org\springframework\spring-web\5.0.4.RELEASE\spring-web-5.0.4.RELEASE.jar;C:\Users\ebubekir\.m2\repository\org\springframework\spring-webmvc\5.0.4.RELEASE\spring-webmvc-5.0.4.RELEASE.jar;C:\Users\ebubekir\.m2\repository\org\springframework\boot\spring-boot-starter-actuator\2.0.0.RELEASE\spring-boot-starter-actuator-2.0.0.RELEASE.jar;C:\Users\ebubekir\.m2\repository\org\springframework\boot\spring-boot-actuator-autoconfigure\2.0.0.RELEASE\spring-boot-actuator-autoconfigure-2.0.0.RELEASE.jar;C:\Users\ebubekir\.m2\repository\org\springframework\boot\spring-boot-actuator\2.0.0.RELEASE\spring-boot-actuator-2.0.0.RELEASE.jar;C:\Users\ebubekir\.m2\repository\io\micrometer\micrometer-core\1.0.1\micrometer-core-1.0.1.jar;C:\Users\ebubekir\.m2\repository\org\hdrhistogram\HdrHistogram\2.1.10\HdrHistogram-2.1.10.jar;C:\Users\ebubekir\.m2\repository\org\latencyutils\LatencyUtils\2.0.3\LatencyUtils-2.0.3.jar;C:\Users\ebubekir\.m2\repository\org\apache\tomcat\embed\tomcat-embed-jasper\8.5.28\tomcat-embed-jasper-8.5.28.jar;C:\Users\ebubekir\.m2\repository\org\apache\tomcat\embed\tomcat-embed-core\8.5.28\tomcat-embed-core-8.5.28.jar;C:\Users\ebubekir\.m2\repository\org\apache\tomcat\tomcat-annotations-api\8.5.28\tomcat-annotations-api-8.5.28.jar;C:\Users\ebubekir\.m2\repository\org\apache\tomcat\embed\tomcat-embed-el\8.5.28\tomcat-embed-el-8.5.28.jar;C:\Users\ebubekir\.m2\repository\org\eclipse\jdt\ecj\3.12.3\ecj-3.12.3.jar;C:\Users\ebubekir\.m2\repository\javax\servlet\jstl\1.2\jstl-1.2.jar;C:\Users\ebubekir\.m2\repository\org\springframework\boot\spring-boot-starter-thymeleaf\2.0.0.RELEASE\spring-boot-starter-thymeleaf-2.0.0.RELEASE.jar;C:\Users\ebubekir\.m2\repository\org\thymeleaf\thymeleaf-spring5\3.0.9.RELEASE\thymeleaf-spring5-3.0.9.RELEASE.jar;C:\Users\ebubekir\.m2\repository\org\thymeleaf\thymeleaf\3.0.9.RELEASE\thymeleaf-3.0.9.RELEASE.jar;C:\Users\ebubekir\.m2\repository\org\attoparser\attoparser\2.0.4.RELEASE\attoparser-2.0.4.RELEASE.jar;C:\Users\ebubekir\.m2\repository\org\unbescape\unbescape\1.1.5.RELEASE\unbescape-1.1.5.RELEASE.jar;C:\Users\ebubekir\.m2\repository\org\thymeleaf\extras\thymeleaf-extras-java8time\3.0.1.RELEASE\thymeleaf-extras-java8time-3.0.1.RELEASE.jar;C:\Users\ebubekir\.m2\repository\org\springframework\boot\spring-boot-starter-hateoas\2.0.0.RELEASE\spring-boot-starter-hateoas-2.0.0.RELEASE.jar;C:\Users\ebubekir\.m2\repository\org\springframework\hateoas\spring-hateoas\0.24.0.RELEASE\spring-hateoas-0.24.0.RELEASE.jar;C:\Users\ebubekir\.m2\repository\org\springframework\plugin\spring-plugin-core\1.2.0.RELEASE\spring-plugin-core-1.2.0.RELEASE.jar;C:\Users\ebubekir\.m2\repository\org\springframework\boot\spring-boot-starter-data-rest\2.0.0.RELEASE\spring-boot-starter-data-rest-2.0.0.RELEASE.jar;C:\Users\ebubekir\.m2\repository\org\springframework\data\spring-data-rest-webmvc\3.0.5.RELEASE\spring-data-rest-webmvc-3.0.5.RELEASE.jar;C:\Users\ebubekir\.m2\repository\org\springframework\data\spring-data-rest-core\3.0.5.RELEASE\spring-data-rest-core-3.0.5.RELEASE.jar;C:\Users\ebubekir\.m2\repository\org\atteo\evo-inflector\1.2.2\evo-inflector-1.2.2.jar;C:\Users\ebubekir\.m2\repository\com\fasterxml\jackson\core\jackson-annotations\2.9.0\jackson-annotations-2.9.0.jar;C:\Users\ebubekir\.m2\repository\org\springframework\data\spring-data-rest-hal-browser\3.0.5.RELEASE\spring-data-rest-hal-browser-3.0.5.RELEASE.jar;C:\Users\ebubekir\.m2\repository\org\slf4j\slf4j-api\1.7.25\slf4j-api-1.7.25.jar;C:\Users\ebubekir\.m2\repository\org\springframework\boot\spring-boot-starter-cache\2.0.0.RELEASE\spring-boot-starter-cache-2.0.0.RELEASE.jar;"/>
    <property name="java.vm.vendor" value="Oracle Corporation"/>
    <property name="sun.arch.data.model" value="64"/>
    <property name="user.variant" value=""/>
    <property name="java.vendor.url" value="http://java.oracle.com/"/>
    <property name="user.timezone" value=""/>
    <property name="java.vm.specification.version" value="1.8"/>
    <property name="os.name" value="Windows 10"/>
    <property name="user.country" value="US"/>
    <property name="sun.java.launcher" value="SUN_STANDARD"/>
    <property name="sun.boot.library.path" value="C:\Program Files\Java\jdk1.8.0_131\jre\bin"/>
    <property name="sun.java.command" value="C:\Users\ebubekir\AppData\Local\Temp\surefire4611407188192679314\surefirebooter8211244522738317088.jar C:\Users\ebubekir\AppData\Local\Temp\surefire4611407188192679314 2020-07-12T16-32-45_159-jvmRun1 surefire9196578565559498870tmp surefire_02132505559838271253tmp"/>
    <property name="surefire.test.class.path" value="C:\Users\ebubekir\git\repository\petclinic\target\test-classes;C:\Users\ebubekir\git\repository\petclinic\target\classes;C:\Users\ebubekir\.m2\repository\org\springframework\boot\spring-boot-starter-mail\2.0.0.RELEASE\spring-boot-starter-mail-2.0.0.RELEASE.jar;C:\Users\ebubekir\.m2\repository\org\springframework\boot\spring-boot-starter\2.0.0.RELEASE\spring-boot-starter-2.0.0.RELEASE.jar;C:\Users\ebubekir\.m2\repository\org\springframework\boot\spring-boot\2.0.0.RELEASE\spring-boot-2.0.0.RELEASE.jar;C:\Users\ebubekir\.m2\repository\org\springframework\boot\spring-boot-autoconfigure\2.0.0.RELEASE\spring-boot-autoconfigure-2.0.0.RELEASE.jar;C:\Users\ebubekir\.m2\repository\org\springframework\boot\spring-boot-starter-logging\2.0.0.RELEASE\spring-boot-starter-logging-2.0.0.RELEASE.jar;C:\Users\ebubekir\.m2\repository\ch\qos\logback\logback-classic\1.2.3\logback-classic-1.2.3.jar;C:\Users\ebubekir\.m2\repository\ch\qos\logback\logback-core\1.2.3\logback-core-1.2.3.jar;C:\Users\ebubekir\.m2\repository\org\apache\logging\log4j\log4j-to-slf4j\2.10.0\log4j-to-slf4j-2.10.0.jar;C:\Users\ebubekir\.m2\repository\org\apache\logging\log4j\log4j-api\2.10.0\log4j-api-2.10.0.jar;C:\Users\ebubekir\.m2\repository\org\slf4j\jul-to-slf4j\1.7.25\jul-to-slf4j-1.7.25.jar;C:\Users\ebubekir\.m2\repository\javax\annotation\javax.annotation-api\1.3.2\javax.annotation-api-1.3.2.jar;C:\Users\ebubekir\.m2\repository\org\yaml\snakeyaml\1.19\snakeyaml-1.19.jar;C:\Users\ebubekir\.m2\repository\org\springframework\spring-context\5.0.4.RELEASE\spring-context-5.0.4.RELEASE.jar;C:\Users\ebubekir\.m2\repository\org\springframework\spring-beans\5.0.4.RELEASE\spring-beans-5.0.4.RELEASE.jar;C:\Users\ebubekir\.m2\repository\org\springframework\spring-expression\5.0.4.RELEASE\spring-expression-5.0.4.RELEASE.jar;C:\Users\ebubekir\.m2\repository\org\springframework\spring-context-support\5.0.4.RELEASE\spring-context-support-5.0.4.RELEASE.jar;C:\Users\ebubekir\.m2\repository\com\sun\mail\javax.mail\1.6.1\javax.mail-1.6.1.jar;C:\Users\ebubekir\.m2\repository\javax\activation\activation\1.1\activation-1.1.jar;C:\Users\ebubekir\.m2\repository\org\springframework\security\spring-security-test\5.0.3.RELEASE\spring-security-test-5.0.3.RELEASE.jar;C:\Users\ebubekir\.m2\repository\org\springframework\security\spring-security-core\5.0.3.RELEASE\spring-security-core-5.0.3.RELEASE.jar;C:\Users\ebubekir\.m2\repository\org\springframework\security\spring-security-web\5.0.3.RELEASE\spring-security-web-5.0.3.RELEASE.jar;C:\Users\ebubekir\.m2\repository\org\springframework\spring-core\5.0.4.RELEASE\spring-core-5.0.4.RELEASE.jar;C:\Users\ebubekir\.m2\repository\org\springframework\spring-jcl\5.0.4.RELEASE\spring-jcl-5.0.4.RELEASE.jar;C:\Users\ebubekir\.m2\repository\org\springframework\spring-test\5.0.4.RELEASE\spring-test-5.0.4.RELEASE.jar;C:\Users\ebubekir\.m2\repository\org\springframework\boot\spring-boot-starter-test\2.0.0.RELEASE\spring-boot-starter-test-2.0.0.RELEASE.jar;C:\Users\ebubekir\.m2\repository\org\springframework\boot\spring-boot-test\2.0.0.RELEASE\spring-boot-test-2.0.0.RELEASE.jar;C:\Users\ebubekir\.m2\repository\org\springframework\boot\spring-boot-test-autoconfigure\2.0.0.RELEASE\spring-boot-test-autoconfigure-2.0.0.RELEASE.jar;C:\Users\ebubekir\.m2\repository\com\jayway\jsonpath\json-path\2.4.0\json-path-2.4.0.jar;C:\Users\ebubekir\.m2\repository\net\minidev\json-smart\2.3\json-smart-2.3.jar;C:\Users\ebubekir\.m2\repository\net\minidev\accessors-smart\1.2\accessors-smart-1.2.jar;C:\Users\ebubekir\.m2\repository\org\ow2\asm\asm\5.0.4\asm-5.0.4.jar;C:\Users\ebubekir\.m2\repository\junit\junit\4.12\junit-4.12.jar;C:\Users\ebubekir\.m2\repository\org\assertj\assertj-core\3.9.1\assertj-core-3.9.1.jar;C:\Users\ebubekir\.m2\repository\org\mockito\mockito-core\2.15.0\mockito-core-2.15.0.jar;C:\Users\ebubekir\.m2\repository\net\bytebuddy\byte-buddy\1.7.10\byte-buddy-1.7.10.jar;C:\Users\ebubekir\.m2\repository\net\bytebuddy\byte-buddy-agent\1.7.10\byte-buddy-agent-1.7.10.jar;C:\Users\ebubekir\.m2\repository\org\objenesis\objenesis\2.6\objenesis-2.6.jar;C:\Users\ebubekir\.m2\repository\org\hamcrest\hamcrest-core\1.3\hamcrest-core-1.3.jar;C:\Users\ebubekir\.m2\repository\org\hamcrest\hamcrest-library\1.3\hamcrest-library-1.3.jar;C:\Users\ebubekir\.m2\repository\org\skyscreamer\jsonassert\1.5.0\jsonassert-1.5.0.jar;C:\Users\ebubekir\.m2\repository\com\vaadin\external\google\android-json\0.0.20131108.vaadin1\android-json-0.0.20131108.vaadin1.jar;C:\Users\ebubekir\.m2\repository\org\xmlunit\xmlunit-core\2.5.1\xmlunit-core-2.5.1.jar;C:\Users\ebubekir\.m2\repository\org\springframework\boot\spring-boot-starter-security\2.0.0.RELEASE\spring-boot-starter-security-2.0.0.RELEASE.jar;C:\Users\ebubekir\.m2\repository\org\springframework\spring-aop\5.0.4.RELEASE\spring-aop-5.0.4.RELEASE.jar;C:\Users\ebubekir\.m2\repository\org\springframework\security\spring-security-config\5.0.3.RELEASE\spring-security-config-5.0.3.RELEASE.jar;C:\Users\ebubekir\.m2\repository\org\springframework\boot\spring-boot-starter-data-jpa\2.0.0.RELEASE\spring-boot-starter-data-jpa-2.0.0.RELEASE.jar;C:\Users\ebubekir\.m2\repository\org\springframework\boot\spring-boot-starter-aop\2.0.0.RELEASE\spring-boot-starter-aop-2.0.0.RELEASE.jar;C:\Users\ebubekir\.m2\repository\org\aspectj\aspectjweaver\1.8.13\aspectjweaver-1.8.13.jar;C:\Users\ebubekir\.m2\repository\org\hibernate\hibernate-core\5.2.14.Final\hibernate-core-5.2.14.Final.jar;C:\Users\ebubekir\.m2\repository\org\jboss\logging\jboss-logging\3.3.2.Final\jboss-logging-3.3.2.Final.jar;C:\Users\ebubekir\.m2\repository\org\hibernate\javax\persistence\hibernate-jpa-2.1-api\1.0.0.Final\hibernate-jpa-2.1-api-1.0.0.Final.jar;C:\Users\ebubekir\.m2\repository\org\javassist\javassist\3.22.0-GA\javassist-3.22.0-GA.jar;C:\Users\ebubekir\.m2\repository\antlr\antlr\2.7.7\antlr-2.7.7.jar;C:\Users\ebubekir\.m2\repository\org\jboss\jandex\2.0.3.Final\jandex-2.0.3.Final.jar;C:\Users\ebubekir\.m2\repository\com\fasterxml\classmate\1.3.4\classmate-1.3.4.jar;C:\Users\ebubekir\.m2\repository\dom4j\dom4j\1.6.1\dom4j-1.6.1.jar;C:\Users\ebubekir\.m2\repository\org\hibernate\common\hibernate-commons-annotations\5.0.1.Final\hibernate-commons-annotations-5.0.1.Final.jar;C:\Users\ebubekir\.m2\repository\javax\transaction\javax.transaction-api\1.2\javax.transaction-api-1.2.jar;C:\Users\ebubekir\.m2\repository\org\springframework\data\spring-data-jpa\2.0.5.RELEASE\spring-data-jpa-2.0.5.RELEASE.jar;C:\Users\ebubekir\.m2\repository\org\springframework\data\spring-data-commons\2.0.5.RELEASE\spring-data-commons-2.0.5.RELEASE.jar;C:\Users\ebubekir\.m2\repository\org\springframework\spring-orm\5.0.4.RELEASE\spring-orm-5.0.4.RELEASE.jar;C:\Users\ebubekir\.m2\repository\org\springframework\spring-tx\5.0.4.RELEASE\spring-tx-5.0.4.RELEASE.jar;C:\Users\ebubekir\.m2\repository\org\springframework\spring-aspects\5.0.4.RELEASE\spring-aspects-5.0.4.RELEASE.jar;C:\Users\ebubekir\.m2\repository\com\h2database\h2\1.4.196\h2-1.4.196.jar;C:\Users\ebubekir\.m2\repository\org\springframework\boot\spring-boot-starter-jdbc\2.0.0.RELEASE\spring-boot-starter-jdbc-2.0.0.RELEASE.jar;C:\Users\ebubekir\.m2\repository\com\zaxxer\HikariCP\2.7.8\HikariCP-2.7.8.jar;C:\Users\ebubekir\.m2\repository\org\springframework\spring-jdbc\5.0.4.RELEASE\spring-jdbc-5.0.4.RELEASE.jar;C:\Users\ebubekir\.m2\repository\org\springframework\boot\spring-boot-starter-web\2.0.0.RELEASE\spring-boot-starter-web-2.0.0.RELEASE.jar;C:\Users\ebubekir\.m2\repository\org\springframework\boot\spring-boot-starter-json\2.0.0.RELEASE\spring-boot-starter-json-2.0.0.RELEASE.jar;C:\Users\ebubekir\.m2\repository\com\fasterxml\jackson\core\jackson-databind\2.9.4\jackson-databind-2.9.4.jar;C:\Users\ebubekir\.m2\repository\com\fasterxml\jackson\core\jackson-core\2.9.4\jackson-core-2.9.4.jar;C:\Users\ebubekir\.m2\repository\com\fasterxml\jackson\datatype\jackson-datatype-jdk8\2.9.4\jackson-datatype-jdk8-2.9.4.jar;C:\Users\ebubekir\.m2\repository\com\fasterxml\jackson\datatype\jackson-datatype-jsr310\2.9.4\jackson-datatype-jsr310-2.9.4.jar;C:\Users\ebubekir\.m2\repository\com\fasterxml\jackson\module\jackson-module-parameter-names\2.9.4\jackson-module-parameter-names-2.9.4.jar;C:\Users\ebubekir\.m2\repository\org\springframework\boot\spring-boot-starter-tomcat\2.0.0.RELEASE\spring-boot-starter-tomcat-2.0.0.RELEASE.jar;C:\Users\ebubekir\.m2\repository\org\apache\tomcat\embed\tomcat-embed-websocket\8.5.28\tomcat-embed-websocket-8.5.28.jar;C:\Users\ebubekir\.m2\repository\org\hibernate\validator\hibernate-validator\6.0.7.Final\hibernate-validator-6.0.7.Final.jar;C:\Users\ebubekir\.m2\repository\javax\validation\validation-api\2.0.1.Final\validation-api-2.0.1.Final.jar;C:\Users\ebubekir\.m2\repository\org\springframework\spring-web\5.0.4.RELEASE\spring-web-5.0.4.RELEASE.jar;C:\Users\ebubekir\.m2\repository\org\springframework\spring-webmvc\5.0.4.RELEASE\spring-webmvc-5.0.4.RELEASE.jar;C:\Users\ebubekir\.m2\repository\org\springframework\boot\spring-boot-starter-actuator\2.0.0.RELEASE\spring-boot-starter-actuator-2.0.0.RELEASE.jar;C:\Users\ebubekir\.m2\repository\org\springframework\boot\spring-boot-actuator-autoconfigure\2.0.0.RELEASE\spring-boot-actuator-autoconfigure-2.0.0.RELEASE.jar;C:\Users\ebubekir\.m2\repository\org\springframework\boot\spring-boot-actuator\2.0.0.RELEASE\spring-boot-actuator-2.0.0.RELEASE.jar;C:\Users\ebubekir\.m2\repository\io\micrometer\micrometer-core\1.0.1\micrometer-core-1.0.1.jar;C:\Users\ebubekir\.m2\repository\org\hdrhistogram\HdrHistogram\2.1.10\HdrHistogram-2.1.10.jar;C:\Users\ebubekir\.m2\repository\org\latencyutils\LatencyUtils\2.0.3\LatencyUtils-2.0.3.jar;C:\Users\ebubekir\.m2\repository\org\apache\tomcat\embed\tomcat-embed-jasper\8.5.28\tomcat-embed-jasper-8.5.28.jar;C:\Users\ebubekir\.m2\repository\org\apache\tomcat\embed\tomcat-embed-core\8.5.28\tomcat-embed-core-8.5.28.jar;C:\Users\ebubekir\.m2\repository\org\apache\tomcat\tomcat-annotations-api\8.5.28\tomcat-annotations-api-8.5.28.jar;C:\Users\ebubekir\.m2\repository\org\apache\tomcat\embed\tomcat-embed-el\8.5.28\tomcat-embed-el-8.5.28.jar;C:\Users\ebubekir\.m2\repository\org\eclipse\jdt\ecj\3.12.3\ecj-3.12.3.jar;C:\Users\ebubekir\.m2\repository\javax\servlet\jstl\1.2\jstl-1.2.jar;C:\Users\ebubekir\.m2\repository\org\springframework\boot\spring-boot-starter-thymeleaf\2.0.0.RELEASE\spring-boot-starter-thymeleaf-2.0.0.RELEASE.jar;C:\Users\ebubekir\.m2\repository\org\thymeleaf\thymeleaf-spring5\3.0.9.RELEASE\thymeleaf-spring5-3.0.9.RELEASE.jar;C:\Users\ebubekir\.m2\repository\org\thymeleaf\thymeleaf\3.0.9.RELEASE\thymeleaf-3.0.9.RELEASE.jar;C:\Users\ebubekir\.m2\repository\org\attoparser\attoparser\2.0.4.RELEASE\attoparser-2.0.4.RELEASE.jar;C:\Users\ebubekir\.m2\repository\org\unbescape\unbescape\1.1.5.RELEASE\unbescape-1.1.5.RELEASE.jar;C:\Users\ebubekir\.m2\repository\org\thymeleaf\extras\thymeleaf-extras-java8time\3.0.1.RELEASE\thymeleaf-extras-java8time-3.0.1.RELEASE.jar;C:\Users\ebubekir\.m2\repository\org\springframework\boot\spring-boot-starter-hateoas\2.0.0.RELEASE\spring-boot-starter-hateoas-2.0.0.RELEASE.jar;C:\Users\ebubekir\.m2\repository\org\springframework\hateoas\spring-hateoas\0.24.0.RELEASE\spring-hateoas-0.24.0.RELEASE.jar;C:\Users\ebubekir\.m2\repository\org\springframework\plugin\spring-plugin-core\1.2.0.RELEASE\spring-plugin-core-1.2.0.RELEASE.jar;C:\Users\ebubekir\.m2\repository\org\springframework\boot\spring-boot-starter-data-rest\2.0.0.RELEASE\spring-boot-starter-data-rest-2.0.0.RELEASE.jar;C:\Users\ebubekir\.m2\repository\org\springframework\data\spring-data-rest-webmvc\3.0.5.RELEASE\spring-data-rest-webmvc-3.0.5.RELEASE.jar;C:\Users\ebubekir\.m2\repository\org\springframework\data\spring-data-rest-core\3.0.5.RELEASE\spring-data-rest-core-3.0.5.RELEASE.jar;C:\Users\ebubekir\.m2\repository\org\atteo\evo-inflector\1.2.2\evo-inflector-1.2.2.jar;C:\Users\ebubekir\.m2\repository\com\fasterxml\jackson\core\jackson-annotations\2.9.0\jackson-annotations-2.9.0.jar;C:\Users\ebubekir\.m2\repository\org\springframework\data\spring-data-rest-hal-browser\3.0.5.RELEASE\spring-data-rest-hal-browser-3.0.5.RELEASE.jar;C:\Users\ebubekir\.m2\repository\org\slf4j\slf4j-api\1.7.25\slf4j-api-1.7.25.jar;C:\Users\ebubekir\.m2\repository\org\springframework\boot\spring-boot-starter-cache\2.0.0.RELEASE\spring-boot-starter-cache-2.0.0.RELEASE.jar;"/>
    <property name="sun.cpu.endian" value="little"/>
    <property name="user.home" value="C:\Users\ebubekir"/>
    <property name="user.language" value="en"/>
    <property name="java.specification.vendor" value="Oracle Corporation"/>
    <property name="java.home" value="C:\Program Files\Java\jdk1.8.0_131\jre"/>
    <property name="basedir" value="C:\Users\ebubekir\git\repository\petclinic"/>
    <property name="style.color" value="always"/>
    <property name="file.separator" value="\"/>
    <property name="line.separator" value="&#10;"/>
    <property name="java.vm.specification.vendor" value="Oracle Corporation"/>
    <property name="java.specification.name" value="Java Platform API Specification"/>
    <property name="java.awt.graphicsenv" value="sun.awt.Win32GraphicsEnvironment"/>
    <property name="surefire.real.class.path" value="C:\Users\ebubekir\AppData\Local\Temp\surefire4611407188192679314\surefirebooter8211244522738317088.jar"/>
    <property name="sun.boot.class.path" value="C:\Program Files\Java\jdk1.8.0_131\jre\lib\resources.jar;C:\Program Files\Java\jdk1.8.0_131\jre\lib\rt.jar;C:\Program Files\Java\jdk1.8.0_131\jre\lib\sunrsasign.jar;C:\Program Files\Java\jdk1.8.0_131\jre\lib\jsse.jar;C:\Program Files\Java\jdk1.8.0_131\jre\lib\jce.jar;C:\Program Files\Java\jdk1.8.0_131\jre\lib\charsets.jar;C:\Program Files\Java\jdk1.8.0_131\jre\lib\jfr.jar;C:\Program Files\Java\jdk1.8.0_131\jre\classes"/>
    <property name="user.script" value=""/>
    <property name="sun.management.compiler" value="HotSpot 64-Bit Tiered Compilers"/>
    <property name="java.runtime.version" value="1.8.0_131-b11"/>
    <property name="user.name" value="ebubekir"/>
    <property name="path.separator" value=";"/>
    <property name="os.version" value="10.0"/>
    <property name="java.endorsed.dirs" value="C:\Program Files\Java\jdk1.8.0_131\jre\lib\endorsed"/>
    <property name="java.runtime.name" value="Java(TM) SE Runtime Environment"/>
    <property name="file.encoding" value="Cp1254"/>
    <property name="java.vm.name" value="Java HotSpot(TM) 64-Bit Server VM"/>
    <property name="localRepository" value="C:\Users\ebubekir\.m2\repository"/>
    <property name="java.vendor.url.bug" value="http://bugreport.sun.com/bugreport/"/>
    <property name="java.io.tmpdir" value="C:\Users\ebubekir\AppData\Local\Temp\"/>
    <property name="java.version" value="1.8.0_131"/>
    <property name="user.dir" value="C:\Users\ebubekir\git\repository\petclinic"/>
    <property name="os.arch" value="amd64"/>
    <property name="java.vm.specification.name" value="Java Virtual Machine Specification"/>
    <property name="java.awt.printerjob" value="sun.awt.windows.WPrinterJob"/>
    <property name="sun.os.patch.level" value=""/>
    <property name="java.library.path" value="C:\Program Files\Java\jdk1.8.0_131\jre\bin;C:\WINDOWS\Sun\Java\bin;C:\WINDOWS\system32;C:\WINDOWS;C:\ProgramData\Oracle\Java\javapath;C:\oraclexe\app\oracle\product\11.2.0\server\bin;C:\Program Files (x86)\Intel\iCLS Client\;C:\Program Files\Intel\iCLS Client\;C:\WINDOWS\system32;C:\WINDOWS;C:\WINDOWS\System32\Wbem;C:\WINDOWS\System32\WindowsPowerShell\v1.0\;C:\Program Files (x86)\Intel\OpenCL SDK\2.0\bin\x86;C:\Program Files (x86)\Intel\OpenCL SDK\2.0\bin\x64;C:\Program Files\Intel\Intel(R) Management Engine Components\DAL;C:\Program Files\Intel\Intel(R) Management Engine Components\IPT;C:\Program Files (x86)\Intel\Intel(R) Management Engine Components\DAL;C:\Program Files (x86)\Intel\Intel(R) Management Engine Components\IPT;C:\Program Files\Java\jdk1.8.0_131\bin;C:\WINDOWS\System32\OpenSSH\;C:\Users\ebubekir\Downloads\sonar-scanner-2.6.1\sonar-scanner-2.6.1\bin;C:\Users\ebubekir\AppData\Local\Microsoft\WindowsApps;;C:\Users\ebubekir\AppData\Local\Programs\Microsoft VS Code\bin;."/>
    <property name="java.vm.info" value="mixed mode"/>
    <property name="java.vendor" value="Oracle Corporation"/>
    <property name="java.vm.version" value="25.131-b11"/>
    <property name="java.ext.dirs" value="C:\Program Files\Java\jdk1.8.0_131\jre\lib\ext;C:\WINDOWS\Sun\Java\lib\ext"/>
    <property name="sun.io.unicode.encoding" value="UnicodeLittle"/>
    <property name="java.class.version" value="52.0"/>
  </properties>
  <testcase name="testCreateOwner" classname="com.javaegitimleri.petclinic.dao.OwnerRepositoryTests" time="0.731">
    <error message="Unexpected exception, expected&lt;javax.persistence.PersistenceException&gt; but was&lt;javax.validation.ConstraintViolationException&gt;" type="java.lang.Exception"><![CDATA[java.lang.Exception: Unexpected exception, expected<javax.persistence.PersistenceException> but was<javax.validation.ConstraintViolationException>
	at com.javaegitimleri.petclinic.dao.OwnerRepositoryTests.testCreateOwner(OwnerRepositoryTests.java:39)
]]></error>
    <system-out><![CDATA[16:32:47.804 [main] DEBUG org.springframework.test.context.junit4.SpringJUnit4ClassRunner - SpringJUnit4ClassRunner constructor called with [class com.javaegitimleri.petclinic.dao.OwnerRepositoryTests]
16:32:47.820 [main] DEBUG org.springframework.test.context.BootstrapUtils - Instantiating CacheAwareContextLoaderDelegate from class [org.springframework.test.context.cache.DefaultCacheAwareContextLoaderDelegate]
16:32:47.836 [main] DEBUG org.springframework.test.context.BootstrapUtils - Instantiating BootstrapContext using constructor [public org.springframework.test.context.support.DefaultBootstrapContext(java.lang.Class,org.springframework.test.context.CacheAwareContextLoaderDelegate)]
16:32:47.871 [main] DEBUG org.springframework.test.context.BootstrapUtils - Instantiating TestContextBootstrapper for test class [com.javaegitimleri.petclinic.dao.OwnerRepositoryTests] from class [org.springframework.boot.test.context.SpringBootTestContextBootstrapper]
16:32:47.904 [main] INFO org.springframework.boot.test.context.SpringBootTestContextBootstrapper - Neither @ContextConfiguration nor @ContextHierarchy found for test class [com.javaegitimleri.petclinic.dao.OwnerRepositoryTests], using SpringBootContextLoader
16:32:47.913 [main] DEBUG org.springframework.test.context.support.AbstractContextLoader - Did not detect default resource location for test class [com.javaegitimleri.petclinic.dao.OwnerRepositoryTests]: class path resource [com/javaegitimleri/petclinic/dao/OwnerRepositoryTests-context.xml] does not exist
16:32:47.914 [main] DEBUG org.springframework.test.context.support.AbstractContextLoader - Did not detect default resource location for test class [com.javaegitimleri.petclinic.dao.OwnerRepositoryTests]: class path resource [com/javaegitimleri/petclinic/dao/OwnerRepositoryTestsContext.groovy] does not exist
16:32:47.916 [main] INFO org.springframework.test.context.support.AbstractContextLoader - Could not detect default resource locations for test class [com.javaegitimleri.petclinic.dao.OwnerRepositoryTests]: no resource found for suffixes {-context.xml, Context.groovy}.
16:32:47.919 [main] INFO org.springframework.test.context.support.AnnotationConfigContextLoaderUtils - Could not detect default configuration classes for test class [com.javaegitimleri.petclinic.dao.OwnerRepositoryTests]: OwnerRepositoryTests does not declare any static, non-private, non-final, nested classes annotated with @Configuration.
16:32:48.047 [main] DEBUG org.springframework.core.env.StandardEnvironment - Adding PropertySource 'systemProperties' with lowest search precedence
16:32:48.048 [main] DEBUG org.springframework.core.env.StandardEnvironment - Adding PropertySource 'systemEnvironment' with lowest search precedence
16:32:48.054 [main] DEBUG org.springframework.core.env.StandardEnvironment - Initialized StandardEnvironment with PropertySources [MapPropertySource@1527430292 {name='systemProperties', properties={java.runtime.name=Java(TM) SE Runtime Environment, sun.boot.library.path=C:\Program Files\Java\jdk1.8.0_131\jre\bin, java.vm.version=25.131-b11, java.vm.vendor=Oracle Corporation, java.vendor.url=http://java.oracle.com/, path.separator=;, java.vm.name=Java HotSpot(TM) 64-Bit Server VM, file.encoding.pkg=sun.io, user.country=US, user.script=, sun.java.launcher=SUN_STANDARD, sun.os.patch.level=, java.vm.specification.name=Java Virtual Machine Specification, user.dir=C:\Users\ebubekir\git\repository\petclinic, java.runtime.version=1.8.0_131-b11, basedir=C:\Users\ebubekir\git\repository\petclinic, java.awt.graphicsenv=sun.awt.Win32GraphicsEnvironment, java.endorsed.dirs=C:\Program Files\Java\jdk1.8.0_131\jre\lib\endorsed, os.arch=amd64, surefire.real.class.path=C:\Users\ebubekir\AppData\Local\Temp\surefire4611407188192679314\surefirebooter8211244522738317088.jar, java.io.tmpdir=C:\Users\ebubekir\AppData\Local\Temp\, line.separator=
, java.vm.specification.vendor=Oracle Corporation, user.variant=, os.name=Windows 10, sun.jnu.encoding=Cp1254, java.library.path=C:\Program Files\Java\jdk1.8.0_131\jre\bin;C:\WINDOWS\Sun\Java\bin;C:\WINDOWS\system32;C:\WINDOWS;C:\ProgramData\Oracle\Java\javapath;C:\oraclexe\app\oracle\product\11.2.0\server\bin;C:\Program Files (x86)\Intel\iCLS Client\;C:\Program Files\Intel\iCLS Client\;C:\WINDOWS\system32;C:\WINDOWS;C:\WINDOWS\System32\Wbem;C:\WINDOWS\System32\WindowsPowerShell\v1.0\;C:\Program Files (x86)\Intel\OpenCL SDK\2.0\bin\x86;C:\Program Files (x86)\Intel\OpenCL SDK\2.0\bin\x64;C:\Program Files\Intel\Intel(R) Management Engine Components\DAL;C:\Program Files\Intel\Intel(R) Management Engine Components\IPT;C:\Program Files (x86)\Intel\Intel(R) Management Engine Components\DAL;C:\Program Files (x86)\Intel\Intel(R) Management Engine Components\IPT;C:\Program Files\Java\jdk1.8.0_131\bin;C:\WINDOWS\System32\OpenSSH\;C:\Users\ebubekir\Downloads\sonar-scanner-2.6.1\sonar-scanner-2.6.1\bin;C:\Users\ebubekir\AppData\Local\Microsoft\WindowsApps;;C:\Users\ebubekir\AppData\Local\Programs\Microsoft VS Code\bin;., surefire.test.class.path=C:\Users\ebubekir\git\repository\petclinic\target\test-classes;C:\Users\ebubekir\git\repository\petclinic\target\classes;C:\Users\ebubekir\.m2\repository\org\springframework\boot\spring-boot-starter-mail\2.0.0.RELEASE\spring-boot-starter-mail-2.0.0.RELEASE.jar;C:\Users\ebubekir\.m2\repository\org\springframework\boot\spring-boot-starter\2.0.0.RELEASE\spring-boot-starter-2.0.0.RELEASE.jar;C:\Users\ebubekir\.m2\repository\org\springframework\boot\spring-boot\2.0.0.RELEASE\spring-boot-2.0.0.RELEASE.jar;C:\Users\ebubekir\.m2\repository\org\springframework\boot\spring-boot-autoconfigure\2.0.0.RELEASE\spring-boot-autoconfigure-2.0.0.RELEASE.jar;C:\Users\ebubekir\.m2\repository\org\springframework\boot\spring-boot-starter-logging\2.0.0.RELEASE\spring-boot-starter-logging-2.0.0.RELEASE.jar;C:\Users\ebubekir\.m2\repository\ch\qos\logback\logback-classic\1.2.3\logback-classic-1.2.3.jar;C:\Users\ebubekir\.m2\repository\ch\qos\logback\logback-core\1.2.3\logback-core-1.2.3.jar;C:\Users\ebubekir\.m2\repository\org\apache\logging\log4j\log4j-to-slf4j\2.10.0\log4j-to-slf4j-2.10.0.jar;C:\Users\ebubekir\.m2\repository\org\apache\logging\log4j\log4j-api\2.10.0\log4j-api-2.10.0.jar;C:\Users\ebubekir\.m2\repository\org\slf4j\jul-to-slf4j\1.7.25\jul-to-slf4j-1.7.25.jar;C:\Users\ebubekir\.m2\repository\javax\annotation\javax.annotation-api\1.3.2\javax.annotation-api-1.3.2.jar;C:\Users\ebubekir\.m2\repository\org\yaml\snakeyaml\1.19\snakeyaml-1.19.jar;C:\Users\ebubekir\.m2\repository\org\springframework\spring-context\5.0.4.RELEASE\spring-context-5.0.4.RELEASE.jar;C:\Users\ebubekir\.m2\repository\org\springframework\spring-beans\5.0.4.RELEASE\spring-beans-5.0.4.RELEASE.jar;C:\Users\ebubekir\.m2\repository\org\springframework\spring-expression\5.0.4.RELEASE\spring-expression-5.0.4.RELEASE.jar;C:\Users\ebubekir\.m2\repository\org\springframework\spring-context-support\5.0.4.RELEASE\spring-context-support-5.0.4.RELEASE.jar;C:\Users\ebubekir\.m2\repository\com\sun\mail\javax.mail\1.6.1\javax.mail-1.6.1.jar;C:\Users\ebubekir\.m2\repository\javax\activation\activation\1.1\activation-1.1.jar;C:\Users\ebubekir\.m2\repository\org\springframework\security\spring-security-test\5.0.3.RELEASE\spring-security-test-5.0.3.RELEASE.jar;C:\Users\ebubekir\.m2\repository\org\springframework\security\spring-security-core\5.0.3.RELEASE\spring-security-core-5.0.3.RELEASE.jar;C:\Users\ebubekir\.m2\repository\org\springframework\security\spring-security-web\5.0.3.RELEASE\spring-security-web-5.0.3.RELEASE.jar;C:\Users\ebubekir\.m2\repository\org\springframework\spring-core\5.0.4.RELEASE\spring-core-5.0.4.RELEASE.jar;C:\Users\ebubekir\.m2\repository\org\springframework\spring-jcl\5.0.4.RELEASE\spring-jcl-5.0.4.RELEASE.jar;C:\Users\ebubekir\.m2\repository\org\springframework\spring-test\5.0.4.RELEASE\spring-test-5.0.4.RELEASE.jar;C:\Users\ebubekir\.m2\repository\org\springframework\boot\spring-boot-starter-test\2.0.0.RELEASE\spring-boot-starter-test-2.0.0.RELEASE.jar;C:\Users\ebubekir\.m2\repository\org\springframework\boot\spring-boot-test\2.0.0.RELEASE\spring-boot-test-2.0.0.RELEASE.jar;C:\Users\ebubekir\.m2\repository\org\springframework\boot\spring-boot-test-autoconfigure\2.0.0.RELEASE\spring-boot-test-autoconfigure-2.0.0.RELEASE.jar;C:\Users\ebubekir\.m2\repository\com\jayway\jsonpath\json-path\2.4.0\json-path-2.4.0.jar;C:\Users\ebubekir\.m2\repository\net\minidev\json-smart\2.3\json-smart-2.3.jar;C:\Users\ebubekir\.m2\repository\net\minidev\accessors-smart\1.2\accessors-smart-1.2.jar;C:\Users\ebubekir\.m2\repository\org\ow2\asm\asm\5.0.4\asm-5.0.4.jar;C:\Users\ebubekir\.m2\repository\junit\junit\4.12\junit-4.12.jar;C:\Users\ebubekir\.m2\repository\org\assertj\assertj-core\3.9.1\assertj-core-3.9.1.jar;C:\Users\ebubekir\.m2\repository\org\mockito\mockito-core\2.15.0\mockito-core-2.15.0.jar;C:\Users\ebubekir\.m2\repository\net\bytebuddy\byte-buddy\1.7.10\byte-buddy-1.7.10.jar;C:\Users\ebubekir\.m2\repository\net\bytebuddy\byte-buddy-agent\1.7.10\byte-buddy-agent-1.7.10.jar;C:\Users\ebubekir\.m2\repository\org\objenesis\objenesis\2.6\objenesis-2.6.jar;C:\Users\ebubekir\.m2\repository\org\hamcrest\hamcrest-core\1.3\hamcrest-core-1.3.jar;C:\Users\ebubekir\.m2\repository\org\hamcrest\hamcrest-library\1.3\hamcrest-library-1.3.jar;C:\Users\ebubekir\.m2\repository\org\skyscreamer\jsonassert\1.5.0\jsonassert-1.5.0.jar;C:\Users\ebubekir\.m2\repository\com\vaadin\external\google\android-json\0.0.20131108.vaadin1\android-json-0.0.20131108.vaadin1.jar;C:\Users\ebubekir\.m2\repository\org\xmlunit\xmlunit-core\2.5.1\xmlunit-core-2.5.1.jar;C:\Users\ebubekir\.m2\repository\org\springframework\boot\spring-boot-starter-security\2.0.0.RELEASE\spring-boot-starter-security-2.0.0.RELEASE.jar;C:\Users\ebubekir\.m2\repository\org\springframework\spring-aop\5.0.4.RELEASE\spring-aop-5.0.4.RELEASE.jar;C:\Users\ebubekir\.m2\repository\org\springframework\security\spring-security-config\5.0.3.RELEASE\spring-security-config-5.0.3.RELEASE.jar;C:\Users\ebubekir\.m2\repository\org\springframework\boot\spring-boot-starter-data-jpa\2.0.0.RELEASE\spring-boot-starter-data-jpa-2.0.0.RELEASE.jar;C:\Users\ebubekir\.m2\repository\org\springframework\boot\spring-boot-starter-aop\2.0.0.RELEASE\spring-boot-starter-aop-2.0.0.RELEASE.jar;C:\Users\ebubekir\.m2\repository\org\aspectj\aspectjweaver\1.8.13\aspectjweaver-1.8.13.jar;C:\Users\ebubekir\.m2\repository\org\hibernate\hibernate-core\5.2.14.Final\hibernate-core-5.2.14.Final.jar;C:\Users\ebubekir\.m2\repository\org\jboss\logging\jboss-logging\3.3.2.Final\jboss-logging-3.3.2.Final.jar;C:\Users\ebubekir\.m2\repository\org\hibernate\javax\persistence\hibernate-jpa-2.1-api\1.0.0.Final\hibernate-jpa-2.1-api-1.0.0.Final.jar;C:\Users\ebubekir\.m2\repository\org\javassist\javassist\3.22.0-GA\javassist-3.22.0-GA.jar;C:\Users\ebubekir\.m2\repository\antlr\antlr\2.7.7\antlr-2.7.7.jar;C:\Users\ebubekir\.m2\repository\org\jboss\jandex\2.0.3.Final\jandex-2.0.3.Final.jar;C:\Users\ebubekir\.m2\repository\com\fasterxml\classmate\1.3.4\classmate-1.3.4.jar;C:\Users\ebubekir\.m2\repository\dom4j\dom4j\1.6.1\dom4j-1.6.1.jar;C:\Users\ebubekir\.m2\repository\org\hibernate\common\hibernate-commons-annotations\5.0.1.Final\hibernate-commons-annotations-5.0.1.Final.jar;C:\Users\ebubekir\.m2\repository\javax\transaction\javax.transaction-api\1.2\javax.transaction-api-1.2.jar;C:\Users\ebubekir\.m2\repository\org\springframework\data\spring-data-jpa\2.0.5.RELEASE\spring-data-jpa-2.0.5.RELEASE.jar;C:\Users\ebubekir\.m2\repository\org\springframework\data\spring-data-commons\2.0.5.RELEASE\spring-data-commons-2.0.5.RELEASE.jar;C:\Users\ebubekir\.m2\repository\org\springframework\spring-orm\5.0.4.RELEASE\spring-orm-5.0.4.RELEASE.jar;C:\Users\ebubekir\.m2\repository\org\springframework\spring-tx\5.0.4.RELEASE\spring-tx-5.0.4.RELEASE.jar;C:\Users\ebubekir\.m2\repository\org\springframework\spring-aspects\5.0.4.RELEASE\spring-aspects-5.0.4.RELEASE.jar;C:\Users\ebubekir\.m2\repository\com\h2database\h2\1.4.196\h2-1.4.196.jar;C:\Users\ebubekir\.m2\repository\org\springframework\boot\spring-boot-starter-jdbc\2.0.0.RELEASE\spring-boot-starter-jdbc-2.0.0.RELEASE.jar;C:\Users\ebubekir\.m2\repository\com\zaxxer\HikariCP\2.7.8\HikariCP-2.7.8.jar;C:\Users\ebubekir\.m2\repository\org\springframework\spring-jdbc\5.0.4.RELEASE\spring-jdbc-5.0.4.RELEASE.jar;C:\Users\ebubekir\.m2\repository\org\springframework\boot\spring-boot-starter-web\2.0.0.RELEASE\spring-boot-starter-web-2.0.0.RELEASE.jar;C:\Users\ebubekir\.m2\repository\org\springframework\boot\spring-boot-starter-json\2.0.0.RELEASE\spring-boot-starter-json-2.0.0.RELEASE.jar;C:\Users\ebubekir\.m2\repository\com\fasterxml\jackson\core\jackson-databind\2.9.4\jackson-databind-2.9.4.jar;C:\Users\ebubekir\.m2\repository\com\fasterxml\jackson\core\jackson-core\2.9.4\jackson-core-2.9.4.jar;C:\Users\ebubekir\.m2\repository\com\fasterxml\jackson\datatype\jackson-datatype-jdk8\2.9.4\jackson-datatype-jdk8-2.9.4.jar;C:\Users\ebubekir\.m2\repository\com\fasterxml\jackson\datatype\jackson-datatype-jsr310\2.9.4\jackson-datatype-jsr310-2.9.4.jar;C:\Users\ebubekir\.m2\repository\com\fasterxml\jackson\module\jackson-module-parameter-names\2.9.4\jackson-module-parameter-names-2.9.4.jar;C:\Users\ebubekir\.m2\repository\org\springframework\boot\spring-boot-starter-tomcat\2.0.0.RELEASE\spring-boot-starter-tomcat-2.0.0.RELEASE.jar;C:\Users\ebubekir\.m2\repository\org\apache\tomcat\embed\tomcat-embed-websocket\8.5.28\tomcat-embed-websocket-8.5.28.jar;C:\Users\ebubekir\.m2\repository\org\hibernate\validator\hibernate-validator\6.0.7.Final\hibernate-validator-6.0.7.Final.jar;C:\Users\ebubekir\.m2\repository\javax\validation\validation-api\2.0.1.Final\validation-api-2.0.1.Final.jar;C:\Users\ebubekir\.m2\repository\org\springframework\spring-web\5.0.4.RELEASE\spring-web-5.0.4.RELEASE.jar;C:\Users\ebubekir\.m2\repository\org\springframework\spring-webmvc\5.0.4.RELEASE\spring-webmvc-5.0.4.RELEASE.jar;C:\Users\ebubekir\.m2\repository\org\springframework\boot\spring-boot-starter-actuator\2.0.0.RELEASE\spring-boot-starter-actuator-2.0.0.RELEASE.jar;C:\Users\ebubekir\.m2\repository\org\springframework\boot\spring-boot-actuator-autoconfigure\2.0.0.RELEASE\spring-boot-actuator-autoconfigure-2.0.0.RELEASE.jar;C:\Users\ebubekir\.m2\repository\org\springframework\boot\spring-boot-actuator\2.0.0.RELEASE\spring-boot-actuator-2.0.0.RELEASE.jar;C:\Users\ebubekir\.m2\repository\io\micrometer\micrometer-core\1.0.1\micrometer-core-1.0.1.jar;C:\Users\ebubekir\.m2\repository\org\hdrhistogram\HdrHistogram\2.1.10\HdrHistogram-2.1.10.jar;C:\Users\ebubekir\.m2\repository\org\latencyutils\LatencyUtils\2.0.3\LatencyUtils-2.0.3.jar;C:\Users\ebubekir\.m2\repository\org\apache\tomcat\embed\tomcat-embed-jasper\8.5.28\tomcat-embed-jasper-8.5.28.jar;C:\Users\ebubekir\.m2\repository\org\apache\tomcat\embed\tomcat-embed-core\8.5.28\tomcat-embed-core-8.5.28.jar;C:\Users\ebubekir\.m2\repository\org\apache\tomcat\tomcat-annotations-api\8.5.28\tomcat-annotations-api-8.5.28.jar;C:\Users\ebubekir\.m2\repository\org\apache\tomcat\embed\tomcat-embed-el\8.5.28\tomcat-embed-el-8.5.28.jar;C:\Users\ebubekir\.m2\repository\org\eclipse\jdt\ecj\3.12.3\ecj-3.12.3.jar;C:\Users\ebubekir\.m2\repository\javax\servlet\jstl\1.2\jstl-1.2.jar;C:\Users\ebubekir\.m2\repository\org\springframework\boot\spring-boot-starter-thymeleaf\2.0.0.RELEASE\spring-boot-starter-thymeleaf-2.0.0.RELEASE.jar;C:\Users\ebubekir\.m2\repository\org\thymeleaf\thymeleaf-spring5\3.0.9.RELEASE\thymeleaf-spring5-3.0.9.RELEASE.jar;C:\Users\ebubekir\.m2\repository\org\thymeleaf\thymeleaf\3.0.9.RELEASE\thymeleaf-3.0.9.RELEASE.jar;C:\Users\ebubekir\.m2\repository\org\attoparser\attoparser\2.0.4.RELEASE\attoparser-2.0.4.RELEASE.jar;C:\Users\ebubekir\.m2\repository\org\unbescape\unbescape\1.1.5.RELEASE\unbescape-1.1.5.RELEASE.jar;C:\Users\ebubekir\.m2\repository\org\thymeleaf\extras\thymeleaf-extras-java8time\3.0.1.RELEASE\thymeleaf-extras-java8time-3.0.1.RELEASE.jar;C:\Users\ebubekir\.m2\repository\org\springframework\boot\spring-boot-starter-hateoas\2.0.0.RELEASE\spring-boot-starter-hateoas-2.0.0.RELEASE.jar;C:\Users\ebubekir\.m2\repository\org\springframework\hateoas\spring-hateoas\0.24.0.RELEASE\spring-hateoas-0.24.0.RELEASE.jar;C:\Users\ebubekir\.m2\repository\org\springframework\plugin\spring-plugin-core\1.2.0.RELEASE\spring-plugin-core-1.2.0.RELEASE.jar;C:\Users\ebubekir\.m2\repository\org\springframework\boot\spring-boot-starter-data-rest\2.0.0.RELEASE\spring-boot-starter-data-rest-2.0.0.RELEASE.jar;C:\Users\ebubekir\.m2\repository\org\springframework\data\spring-data-rest-webmvc\3.0.5.RELEASE\spring-data-rest-webmvc-3.0.5.RELEASE.jar;C:\Users\ebubekir\.m2\repository\org\springframework\data\spring-data-rest-core\3.0.5.RELEASE\spring-data-rest-core-3.0.5.RELEASE.jar;C:\Users\ebubekir\.m2\repository\org\atteo\evo-inflector\1.2.2\evo-inflector-1.2.2.jar;C:\Users\ebubekir\.m2\repository\com\fasterxml\jackson\core\jackson-annotations\2.9.0\jackson-annotations-2.9.0.jar;C:\Users\ebubekir\.m2\repository\org\springframework\data\spring-data-rest-hal-browser\3.0.5.RELEASE\spring-data-rest-hal-browser-3.0.5.RELEASE.jar;C:\Users\ebubekir\.m2\repository\org\slf4j\slf4j-api\1.7.25\slf4j-api-1.7.25.jar;C:\Users\ebubekir\.m2\repository\org\springframework\boot\spring-boot-starter-cache\2.0.0.RELEASE\spring-boot-starter-cache-2.0.0.RELEASE.jar;, java.specification.name=Java Platform API Specification, java.class.version=52.0, sun.management.compiler=HotSpot 64-Bit Tiered Compilers, os.version=10.0, user.home=C:\Users\ebubekir, user.timezone=Europe/Berlin, java.awt.printerjob=sun.awt.windows.WPrinterJob, file.encoding=Cp1254, java.specification.version=1.8, java.class.path=C:\Users\ebubekir\git\repository\petclinic\target\test-classes;C:\Users\ebubekir\git\repository\petclinic\target\classes;C:\Users\ebubekir\.m2\repository\org\springframework\boot\spring-boot-starter-mail\2.0.0.RELEASE\spring-boot-starter-mail-2.0.0.RELEASE.jar;C:\Users\ebubekir\.m2\repository\org\springframework\boot\spring-boot-starter\2.0.0.RELEASE\spring-boot-starter-2.0.0.RELEASE.jar;C:\Users\ebubekir\.m2\repository\org\springframework\boot\spring-boot\2.0.0.RELEASE\spring-boot-2.0.0.RELEASE.jar;C:\Users\ebubekir\.m2\repository\org\springframework\boot\spring-boot-autoconfigure\2.0.0.RELEASE\spring-boot-autoconfigure-2.0.0.RELEASE.jar;C:\Users\ebubekir\.m2\repository\org\springframework\boot\spring-boot-starter-logging\2.0.0.RELEASE\spring-boot-starter-logging-2.0.0.RELEASE.jar;C:\Users\ebubekir\.m2\repository\ch\qos\logback\logback-classic\1.2.3\logback-classic-1.2.3.jar;C:\Users\ebubekir\.m2\repository\ch\qos\logback\logback-core\1.2.3\logback-core-1.2.3.jar;C:\Users\ebubekir\.m2\repository\org\apache\logging\log4j\log4j-to-slf4j\2.10.0\log4j-to-slf4j-2.10.0.jar;C:\Users\ebubekir\.m2\repository\org\apache\logging\log4j\log4j-api\2.10.0\log4j-api-2.10.0.jar;C:\Users\ebubekir\.m2\repository\org\slf4j\jul-to-slf4j\1.7.25\jul-to-slf4j-1.7.25.jar;C:\Users\ebubekir\.m2\repository\javax\annotation\javax.annotation-api\1.3.2\javax.annotation-api-1.3.2.jar;C:\Users\ebubekir\.m2\repository\org\yaml\snakeyaml\1.19\snakeyaml-1.19.jar;C:\Users\ebubekir\.m2\repository\org\springframework\spring-context\5.0.4.RELEASE\spring-context-5.0.4.RELEASE.jar;C:\Users\ebubekir\.m2\repository\org\springframework\spring-beans\5.0.4.RELEASE\spring-beans-5.0.4.RELEASE.jar;C:\Users\ebubekir\.m2\repository\org\springframework\spring-expression\5.0.4.RELEASE\spring-expression-5.0.4.RELEASE.jar;C:\Users\ebubekir\.m2\repository\org\springframework\spring-context-support\5.0.4.RELEASE\spring-context-support-5.0.4.RELEASE.jar;C:\Users\ebubekir\.m2\repository\com\sun\mail\javax.mail\1.6.1\javax.mail-1.6.1.jar;C:\Users\ebubekir\.m2\repository\javax\activation\activation\1.1\activation-1.1.jar;C:\Users\ebubekir\.m2\repository\org\springframework\security\spring-security-test\5.0.3.RELEASE\spring-security-test-5.0.3.RELEASE.jar;C:\Users\ebubekir\.m2\repository\org\springframework\security\spring-security-core\5.0.3.RELEASE\spring-security-core-5.0.3.RELEASE.jar;C:\Users\ebubekir\.m2\repository\org\springframework\security\spring-security-web\5.0.3.RELEASE\spring-security-web-5.0.3.RELEASE.jar;C:\Users\ebubekir\.m2\repository\org\springframework\spring-core\5.0.4.RELEASE\spring-core-5.0.4.RELEASE.jar;C:\Users\ebubekir\.m2\repository\org\springframework\spring-jcl\5.0.4.RELEASE\spring-jcl-5.0.4.RELEASE.jar;C:\Users\ebubekir\.m2\repository\org\springframework\spring-test\5.0.4.RELEASE\spring-test-5.0.4.RELEASE.jar;C:\Users\ebubekir\.m2\repository\org\springframework\boot\spring-boot-starter-test\2.0.0.RELEASE\spring-boot-starter-test-2.0.0.RELEASE.jar;C:\Users\ebubekir\.m2\repository\org\springframework\boot\spring-boot-test\2.0.0.RELEASE\spring-boot-test-2.0.0.RELEASE.jar;C:\Users\ebubekir\.m2\repository\org\springframework\boot\spring-boot-test-autoconfigure\2.0.0.RELEASE\spring-boot-test-autoconfigure-2.0.0.RELEASE.jar;C:\Users\ebubekir\.m2\repository\com\jayway\jsonpath\json-path\2.4.0\json-path-2.4.0.jar;C:\Users\ebubekir\.m2\repository\net\minidev\json-smart\2.3\json-smart-2.3.jar;C:\Users\ebubekir\.m2\repository\net\minidev\accessors-smart\1.2\accessors-smart-1.2.jar;C:\Users\ebubekir\.m2\repository\org\ow2\asm\asm\5.0.4\asm-5.0.4.jar;C:\Users\ebubekir\.m2\repository\junit\junit\4.12\junit-4.12.jar;C:\Users\ebubekir\.m2\repository\org\assertj\assertj-core\3.9.1\assertj-core-3.9.1.jar;C:\Users\ebubekir\.m2\repository\org\mockito\mockito-core\2.15.0\mockito-core-2.15.0.jar;C:\Users\ebubekir\.m2\repository\net\bytebuddy\byte-buddy\1.7.10\byte-buddy-1.7.10.jar;C:\Users\ebubekir\.m2\repository\net\bytebuddy\byte-buddy-agent\1.7.10\byte-buddy-agent-1.7.10.jar;C:\Users\ebubekir\.m2\repository\org\objenesis\objenesis\2.6\objenesis-2.6.jar;C:\Users\ebubekir\.m2\repository\org\hamcrest\hamcrest-core\1.3\hamcrest-core-1.3.jar;C:\Users\ebubekir\.m2\repository\org\hamcrest\hamcrest-library\1.3\hamcrest-library-1.3.jar;C:\Users\ebubekir\.m2\repository\org\skyscreamer\jsonassert\1.5.0\jsonassert-1.5.0.jar;C:\Users\ebubekir\.m2\repository\com\vaadin\external\google\android-json\0.0.20131108.vaadin1\android-json-0.0.20131108.vaadin1.jar;C:\Users\ebubekir\.m2\repository\org\xmlunit\xmlunit-core\2.5.1\xmlunit-core-2.5.1.jar;C:\Users\ebubekir\.m2\repository\org\springframework\boot\spring-boot-starter-security\2.0.0.RELEASE\spring-boot-starter-security-2.0.0.RELEASE.jar;C:\Users\ebubekir\.m2\repository\org\springframework\spring-aop\5.0.4.RELEASE\spring-aop-5.0.4.RELEASE.jar;C:\Users\ebubekir\.m2\repository\org\springframework\security\spring-security-config\5.0.3.RELEASE\spring-security-config-5.0.3.RELEASE.jar;C:\Users\ebubekir\.m2\repository\org\springframework\boot\spring-boot-starter-data-jpa\2.0.0.RELEASE\spring-boot-starter-data-jpa-2.0.0.RELEASE.jar;C:\Users\ebubekir\.m2\repository\org\springframework\boot\spring-boot-starter-aop\2.0.0.RELEASE\spring-boot-starter-aop-2.0.0.RELEASE.jar;C:\Users\ebubekir\.m2\repository\org\aspectj\aspectjweaver\1.8.13\aspectjweaver-1.8.13.jar;C:\Users\ebubekir\.m2\repository\org\hibernate\hibernate-core\5.2.14.Final\hibernate-core-5.2.14.Final.jar;C:\Users\ebubekir\.m2\repository\org\jboss\logging\jboss-logging\3.3.2.Final\jboss-logging-3.3.2.Final.jar;C:\Users\ebubekir\.m2\repository\org\hibernate\javax\persistence\hibernate-jpa-2.1-api\1.0.0.Final\hibernate-jpa-2.1-api-1.0.0.Final.jar;C:\Users\ebubekir\.m2\repository\org\javassist\javassist\3.22.0-GA\javassist-3.22.0-GA.jar;C:\Users\ebubekir\.m2\repository\antlr\antlr\2.7.7\antlr-2.7.7.jar;C:\Users\ebubekir\.m2\repository\org\jboss\jandex\2.0.3.Final\jandex-2.0.3.Final.jar;C:\Users\ebubekir\.m2\repository\com\fasterxml\classmate\1.3.4\classmate-1.3.4.jar;C:\Users\ebubekir\.m2\repository\dom4j\dom4j\1.6.1\dom4j-1.6.1.jar;C:\Users\ebubekir\.m2\repository\org\hibernate\common\hibernate-commons-annotations\5.0.1.Final\hibernate-commons-annotations-5.0.1.Final.jar;C:\Users\ebubekir\.m2\repository\javax\transaction\javax.transaction-api\1.2\javax.transaction-api-1.2.jar;C:\Users\ebubekir\.m2\repository\org\springframework\data\spring-data-jpa\2.0.5.RELEASE\spring-data-jpa-2.0.5.RELEASE.jar;C:\Users\ebubekir\.m2\repository\org\springframework\data\spring-data-commons\2.0.5.RELEASE\spring-data-commons-2.0.5.RELEASE.jar;C:\Users\ebubekir\.m2\repository\org\springframework\spring-orm\5.0.4.RELEASE\spring-orm-5.0.4.RELEASE.jar;C:\Users\ebubekir\.m2\repository\org\springframework\spring-tx\5.0.4.RELEASE\spring-tx-5.0.4.RELEASE.jar;C:\Users\ebubekir\.m2\repository\org\springframework\spring-aspects\5.0.4.RELEASE\spring-aspects-5.0.4.RELEASE.jar;C:\Users\ebubekir\.m2\repository\com\h2database\h2\1.4.196\h2-1.4.196.jar;C:\Users\ebubekir\.m2\repository\org\springframework\boot\spring-boot-starter-jdbc\2.0.0.RELEASE\spring-boot-starter-jdbc-2.0.0.RELEASE.jar;C:\Users\ebubekir\.m2\repository\com\zaxxer\HikariCP\2.7.8\HikariCP-2.7.8.jar;C:\Users\ebubekir\.m2\repository\org\springframework\spring-jdbc\5.0.4.RELEASE\spring-jdbc-5.0.4.RELEASE.jar;C:\Users\ebubekir\.m2\repository\org\springframework\boot\spring-boot-starter-web\2.0.0.RELEASE\spring-boot-starter-web-2.0.0.RELEASE.jar;C:\Users\ebubekir\.m2\repository\org\springframework\boot\spring-boot-starter-json\2.0.0.RELEASE\spring-boot-starter-json-2.0.0.RELEASE.jar;C:\Users\ebubekir\.m2\repository\com\fasterxml\jackson\core\jackson-databind\2.9.4\jackson-databind-2.9.4.jar;C:\Users\ebubekir\.m2\repository\com\fasterxml\jackson\core\jackson-core\2.9.4\jackson-core-2.9.4.jar;C:\Users\ebubekir\.m2\repository\com\fasterxml\jackson\datatype\jackson-datatype-jdk8\2.9.4\jackson-datatype-jdk8-2.9.4.jar;C:\Users\ebubekir\.m2\repository\com\fasterxml\jackson\datatype\jackson-datatype-jsr310\2.9.4\jackson-datatype-jsr310-2.9.4.jar;C:\Users\ebubekir\.m2\repository\com\fasterxml\jackson\module\jackson-module-parameter-names\2.9.4\jackson-module-parameter-names-2.9.4.jar;C:\Users\ebubekir\.m2\repository\org\springframework\boot\spring-boot-starter-tomcat\2.0.0.RELEASE\spring-boot-starter-tomcat-2.0.0.RELEASE.jar;C:\Users\ebubekir\.m2\repository\org\apache\tomcat\embed\tomcat-embed-websocket\8.5.28\tomcat-embed-websocket-8.5.28.jar;C:\Users\ebubekir\.m2\repository\org\hibernate\validator\hibernate-validator\6.0.7.Final\hibernate-validator-6.0.7.Final.jar;C:\Users\ebubekir\.m2\repository\javax\validation\validation-api\2.0.1.Final\validation-api-2.0.1.Final.jar;C:\Users\ebubekir\.m2\repository\org\springframework\spring-web\5.0.4.RELEASE\spring-web-5.0.4.RELEASE.jar;C:\Users\ebubekir\.m2\repository\org\springframework\spring-webmvc\5.0.4.RELEASE\spring-webmvc-5.0.4.RELEASE.jar;C:\Users\ebubekir\.m2\repository\org\springframework\boot\spring-boot-starter-actuator\2.0.0.RELEASE\spring-boot-starter-actuator-2.0.0.RELEASE.jar;C:\Users\ebubekir\.m2\repository\org\springframework\boot\spring-boot-actuator-autoconfigure\2.0.0.RELEASE\spring-boot-actuator-autoconfigure-2.0.0.RELEASE.jar;C:\Users\ebubekir\.m2\repository\org\springframework\boot\spring-boot-actuator\2.0.0.RELEASE\spring-boot-actuator-2.0.0.RELEASE.jar;C:\Users\ebubekir\.m2\repository\io\micrometer\micrometer-core\1.0.1\micrometer-core-1.0.1.jar;C:\Users\ebubekir\.m2\repository\org\hdrhistogram\HdrHistogram\2.1.10\HdrHistogram-2.1.10.jar;C:\Users\ebubekir\.m2\repository\org\latencyutils\LatencyUtils\2.0.3\LatencyUtils-2.0.3.jar;C:\Users\ebubekir\.m2\repository\org\apache\tomcat\embed\tomcat-embed-jasper\8.5.28\tomcat-embed-jasper-8.5.28.jar;C:\Users\ebubekir\.m2\repository\org\apache\tomcat\embed\tomcat-embed-core\8.5.28\tomcat-embed-core-8.5.28.jar;C:\Users\ebubekir\.m2\repository\org\apache\tomcat\tomcat-annotations-api\8.5.28\tomcat-annotations-api-8.5.28.jar;C:\Users\ebubekir\.m2\repository\org\apache\tomcat\embed\tomcat-embed-el\8.5.28\tomcat-embed-el-8.5.28.jar;C:\Users\ebubekir\.m2\repository\org\eclipse\jdt\ecj\3.12.3\ecj-3.12.3.jar;C:\Users\ebubekir\.m2\repository\javax\servlet\jstl\1.2\jstl-1.2.jar;C:\Users\ebubekir\.m2\repository\org\springframework\boot\spring-boot-starter-thymeleaf\2.0.0.RELEASE\spring-boot-starter-thymeleaf-2.0.0.RELEASE.jar;C:\Users\ebubekir\.m2\repository\org\thymeleaf\thymeleaf-spring5\3.0.9.RELEASE\thymeleaf-spring5-3.0.9.RELEASE.jar;C:\Users\ebubekir\.m2\repository\org\thymeleaf\thymeleaf\3.0.9.RELEASE\thymeleaf-3.0.9.RELEASE.jar;C:\Users\ebubekir\.m2\repository\org\attoparser\attoparser\2.0.4.RELEASE\attoparser-2.0.4.RELEASE.jar;C:\Users\ebubekir\.m2\repository\org\unbescape\unbescape\1.1.5.RELEASE\unbescape-1.1.5.RELEASE.jar;C:\Users\ebubekir\.m2\repository\org\thymeleaf\extras\thymeleaf-extras-java8time\3.0.1.RELEASE\thymeleaf-extras-java8time-3.0.1.RELEASE.jar;C:\Users\ebubekir\.m2\repository\org\springframework\boot\spring-boot-starter-hateoas\2.0.0.RELEASE\spring-boot-starter-hateoas-2.0.0.RELEASE.jar;C:\Users\ebubekir\.m2\repository\org\springframework\hateoas\spring-hateoas\0.24.0.RELEASE\spring-hateoas-0.24.0.RELEASE.jar;C:\Users\ebubekir\.m2\repository\org\springframework\plugin\spring-plugin-core\1.2.0.RELEASE\spring-plugin-core-1.2.0.RELEASE.jar;C:\Users\ebubekir\.m2\repository\org\springframework\boot\spring-boot-starter-data-rest\2.0.0.RELEASE\spring-boot-starter-data-rest-2.0.0.RELEASE.jar;C:\Users\ebubekir\.m2\repository\org\springframework\data\spring-data-rest-webmvc\3.0.5.RELEASE\spring-data-rest-webmvc-3.0.5.RELEASE.jar;C:\Users\ebubekir\.m2\repository\org\springframework\data\spring-data-rest-core\3.0.5.RELEASE\spring-data-rest-core-3.0.5.RELEASE.jar;C:\Users\ebubekir\.m2\repository\org\atteo\evo-inflector\1.2.2\evo-inflector-1.2.2.jar;C:\Users\ebubekir\.m2\repository\com\fasterxml\jackson\core\jackson-annotations\2.9.0\jackson-annotations-2.9.0.jar;C:\Users\ebubekir\.m2\repository\org\springframework\data\spring-data-rest-hal-browser\3.0.5.RELEASE\spring-data-rest-hal-browser-3.0.5.RELEASE.jar;C:\Users\ebubekir\.m2\repository\org\slf4j\slf4j-api\1.7.25\slf4j-api-1.7.25.jar;C:\Users\ebubekir\.m2\repository\org\springframework\boot\spring-boot-starter-cache\2.0.0.RELEASE\spring-boot-starter-cache-2.0.0.RELEASE.jar;, user.name=ebubekir, java.vm.specification.version=1.8, sun.java.command=C:\Users\ebubekir\AppData\Local\Temp\surefire4611407188192679314\surefirebooter8211244522738317088.jar C:\Users\ebubekir\AppData\Local\Temp\surefire4611407188192679314 2020-07-12T16-32-45_159-jvmRun1 surefire9196578565559498870tmp surefire_02132505559838271253tmp, java.home=C:\Program Files\Java\jdk1.8.0_131\jre, sun.arch.data.model=64, user.language=en, java.specification.vendor=Oracle Corporation, awt.toolkit=sun.awt.windows.WToolkit, java.vm.info=mixed mode, java.version=1.8.0_131, java.ext.dirs=C:\Program Files\Java\jdk1.8.0_131\jre\lib\ext;C:\WINDOWS\Sun\Java\lib\ext, sun.boot.class.path=C:\Program Files\Java\jdk1.8.0_131\jre\lib\resources.jar;C:\Program Files\Java\jdk1.8.0_131\jre\lib\rt.jar;C:\Program Files\Java\jdk1.8.0_131\jre\lib\sunrsasign.jar;C:\Program Files\Java\jdk1.8.0_131\jre\lib\jsse.jar;C:\Program Files\Java\jdk1.8.0_131\jre\lib\jce.jar;C:\Program Files\Java\jdk1.8.0_131\jre\lib\charsets.jar;C:\Program Files\Java\jdk1.8.0_131\jre\lib\jfr.jar;C:\Program Files\Java\jdk1.8.0_131\jre\classes, java.vendor=Oracle Corporation, localRepository=C:\Users\ebubekir\.m2\repository, style.color=always, file.separator=\, java.vendor.url.bug=http://bugreport.sun.com/bugreport/, sun.io.unicode.encoding=UnicodeLittle, sun.cpu.endian=little, sun.desktop=windows, sun.cpu.isalist=amd64}}, SystemEnvironmentPropertySource@1975546571 {name='systemEnvironment', properties={PATH=C:\ProgramData\Oracle\Java\javapath;C:\oraclexe\app\oracle\product\11.2.0\server\bin;C:\Program Files (x86)\Intel\iCLS Client\;C:\Program Files\Intel\iCLS Client\;C:\WINDOWS\system32;C:\WINDOWS;C:\WINDOWS\System32\Wbem;C:\WINDOWS\System32\WindowsPowerShell\v1.0\;C:\Program Files (x86)\Intel\OpenCL SDK\2.0\bin\x86;C:\Program Files (x86)\Intel\OpenCL SDK\2.0\bin\x64;C:\Program Files\Intel\Intel(R) Management Engine Components\DAL;C:\Program Files\Intel\Intel(R) Management Engine Components\IPT;C:\Program Files (x86)\Intel\Intel(R) Management Engine Components\DAL;C:\Program Files (x86)\Intel\Intel(R) Management Engine Components\IPT;C:\Program Files\Java\jdk1.8.0_131\bin;C:\WINDOWS\System32\OpenSSH\;C:\Users\ebubekir\Downloads\sonar-scanner-2.6.1\sonar-scanner-2.6.1\bin;C:\Users\ebubekir\AppData\Local\Microsoft\WindowsApps;;C:\Users\ebubekir\AppData\Local\Programs\Microsoft VS Code\bin, USERDOMAIN_ROAMINGPROFILE=DESKTOP-K5200AJ, LOCALAPPDATA=C:\Users\ebubekir\AppData\Local, PROCESSOR_LEVEL=6, SYSTEMDRIVE=C:, COMMONPROGRAMFILES(X86)=C:\Program Files (x86)\Common Files, USERDOMAIN=DESKTOP-K5200AJ, FPS_BROWSER_APP_PROFILE_STRING=Internet Explorer, LOGONSERVER=\\DESKTOP-K5200AJ, JAVA_HOME=C:\Program Files\Java\jdk1.8.0_131, PROMPT=$P$G, SESSIONNAME=Console, ALLUSERSPROFILE=C:\ProgramData, PROGRAMFILES(X86)=C:\Program Files (x86), PROCESSOR_ARCHITECTURE=AMD64, DRIVERDATA=C:\Windows\System32\Drivers\DriverData, PROGRAMFILES=C:\Program Files, =C:=C:\Users\ebubekir\git\repository\petclinic, APPDATA=C:\Users\ebubekir\AppData\Roaming, PSMODULEPATH=C:\WINDOWS\system32\WindowsPowerShell\v1.0\Modules\, PROGRAMW6432=C:\Program Files, PROGRAMDATA=C:\ProgramData, SYSTEMROOT=C:\WINDOWS, USERNAME=ebubekir, FPS_BROWSER_USER_PROFILE_STRING=Default, ONEDRIVE=C:\Users\ebubekir\OneDrive, PATHEXT=.COM;.EXE;.BAT;.CMD;.VBS;.VBE;.JS;.JSE;.WSF;.WSH;.MSC, OS=Windows_NT, UKI3_CP_GLOBAL="c:\Uyap\Uyap Kelime Islemci\editor_lib2.jar";"c:\Uyap\Uyap Kelime Islemci\editor_lib.jar";"c:\Uyap\Uyap Kelime Islemci\editor_laf.jar";"c:\Uyap\Uyap Kelime Islemci\jai_hvl.jar";"c:\Uyap\Uyap Kelime Islemci\editor_utility.jar";"c:\Uyap\Uyap Kelime Islemci\jdom.jar";"c:\Uyap\Uyap Kelime Islemci\updater.jar", COMMONPROGRAMW6432=C:\Program Files\Common Files, COMPUTERNAME=DESKTOP-K5200AJ, COMMONPROGRAMFILES=C:\Program Files\Common Files, COMSPEC=C:\WINDOWS\system32\cmd.exe, PROCESSOR_REVISION=3a09, WINDIR=C:\WINDOWS, HOMEPATH=\Users\ebubekir, TEMP=C:\Users\ebubekir\AppData\Local\Temp, HOMEDRIVE=C:, PROCESSOR_IDENTIFIER=Intel64 Family 6 Model 58 Stepping 9, GenuineIntel, USERPROFILE=C:\Users\ebubekir, TMP=C:\Users\ebubekir\AppData\Local\Temp, JAVA_OPTIONS=-Dfile.encoding=UTF-8 -Duser.language=en, PUBLIC=C:\Users\Public, NUMBER_OF_PROCESSORS=4, =::=::\}}]
16:32:48.083 [main] DEBUG org.springframework.core.io.support.PathMatchingResourcePatternResolver - Resolved classpath location [com/javaegitimleri/petclinic/dao/] to resources [URL [file:/C:/Users/ebubekir/git/repository/petclinic/target/test-classes/com/javaegitimleri/petclinic/dao/], URL [file:/C:/Users/ebubekir/git/repository/petclinic/target/classes/com/javaegitimleri/petclinic/dao/]]
16:32:48.084 [main] DEBUG org.springframework.core.io.support.PathMatchingResourcePatternResolver - Looking for matching resources in directory tree [C:\Users\ebubekir\git\repository\petclinic\target\test-classes\com\javaegitimleri\petclinic\dao]
16:32:48.085 [main] DEBUG org.springframework.core.io.support.PathMatchingResourcePatternResolver - Searching directory [C:\Users\ebubekir\git\repository\petclinic\target\test-classes\com\javaegitimleri\petclinic\dao] for files matching pattern [C:/Users/ebubekir/git/repository/petclinic/target/test-classes/com/javaegitimleri/petclinic/dao/*.class]
16:32:48.091 [main] DEBUG org.springframework.core.io.support.PathMatchingResourcePatternResolver - Looking for matching resources in directory tree [C:\Users\ebubekir\git\repository\petclinic\target\classes\com\javaegitimleri\petclinic\dao]
16:32:48.091 [main] DEBUG org.springframework.core.io.support.PathMatchingResourcePatternResolver - Searching directory [C:\Users\ebubekir\git\repository\petclinic\target\classes\com\javaegitimleri\petclinic\dao] for files matching pattern [C:/Users/ebubekir/git/repository/petclinic/target/classes/com/javaegitimleri/petclinic/dao/*.class]
16:32:48.094 [main] DEBUG org.springframework.core.io.support.PathMatchingResourcePatternResolver - Resolved location pattern [classpath*:com/javaegitimleri/petclinic/dao/*.class] to resources [file [C:\Users\ebubekir\git\repository\petclinic\target\test-classes\com\javaegitimleri\petclinic\dao\OwnerRepositoryTests.class], file [C:\Users\ebubekir\git\repository\petclinic\target\classes\com\javaegitimleri\petclinic\dao\OwnerRepository.class], file [C:\Users\ebubekir\git\repository\petclinic\target\classes\com\javaegitimleri\petclinic\dao\PetRepository.class]]
16:32:48.230 [main] DEBUG org.springframework.core.io.support.PathMatchingResourcePatternResolver - Resolved classpath location [com/javaegitimleri/petclinic/] to resources [URL [file:/C:/Users/ebubekir/git/repository/petclinic/target/test-classes/com/javaegitimleri/petclinic/], URL [file:/C:/Users/ebubekir/git/repository/petclinic/target/classes/com/javaegitimleri/petclinic/]]
16:32:48.230 [main] DEBUG org.springframework.core.io.support.PathMatchingResourcePatternResolver - Looking for matching resources in directory tree [C:\Users\ebubekir\git\repository\petclinic\target\test-classes\com\javaegitimleri\petclinic]
16:32:48.231 [main] DEBUG org.springframework.core.io.support.PathMatchingResourcePatternResolver - Searching directory [C:\Users\ebubekir\git\repository\petclinic\target\test-classes\com\javaegitimleri\petclinic] for files matching pattern [C:/Users/ebubekir/git/repository/petclinic/target/test-classes/com/javaegitimleri/petclinic/*.class]
16:32:48.233 [main] DEBUG org.springframework.core.io.support.PathMatchingResourcePatternResolver - Looking for matching resources in directory tree [C:\Users\ebubekir\git\repository\petclinic\target\classes\com\javaegitimleri\petclinic]
16:32:48.233 [main] DEBUG org.springframework.core.io.support.PathMatchingResourcePatternResolver - Searching directory [C:\Users\ebubekir\git\repository\petclinic\target\classes\com\javaegitimleri\petclinic] for files matching pattern [C:/Users/ebubekir/git/repository/petclinic/target/classes/com/javaegitimleri/petclinic/*.class]
16:32:48.237 [main] DEBUG org.springframework.core.io.support.PathMatchingResourcePatternResolver - Resolved location pattern [classpath*:com/javaegitimleri/petclinic/*.class] to resources [file [C:\Users\ebubekir\git\repository\petclinic\target\test-classes\com\javaegitimleri\petclinic\PasswordEncoderTests.class], file [C:\Users\ebubekir\git\repository\petclinic\target\test-classes\com\javaegitimleri\petclinic\PetClinicIntegrationTests.class], file [C:\Users\ebubekir\git\repository\petclinic\target\classes\com\javaegitimleri\petclinic\AbstractSecurityConfiguration.class], file [C:\Users\ebubekir\git\repository\petclinic\target\classes\com\javaegitimleri\petclinic\H2SecurityConfiguration.class], file [C:\Users\ebubekir\git\repository\petclinic\target\classes\com\javaegitimleri\petclinic\HalBrowserSecurityConfiguration.class], file [C:\Users\ebubekir\git\repository\petclinic\target\classes\com\javaegitimleri\petclinic\PetClinicApplication.class], file [C:\Users\ebubekir\git\repository\petclinic\target\classes\com\javaegitimleri\petclinic\PetClinicConfiguration.class], file [C:\Users\ebubekir\git\repository\petclinic\target\classes\com\javaegitimleri\petclinic\PetClinicProperties.class], file [C:\Users\ebubekir\git\repository\petclinic\target\classes\com\javaegitimleri\petclinic\RestSecurityConfiguration.class], file [C:\Users\ebubekir\git\repository\petclinic\target\classes\com\javaegitimleri\petclinic\SecurityConfiguration.class]]
16:32:48.310 [main] DEBUG org.springframework.context.annotation.ClassPathScanningCandidateComponentProvider - Identified candidate component class: file [C:\Users\ebubekir\git\repository\petclinic\target\classes\com\javaegitimleri\petclinic\PetClinicApplication.class]
16:32:48.328 [main] INFO org.springframework.boot.test.context.SpringBootTestContextBootstrapper - Found @SpringBootConfiguration com.javaegitimleri.petclinic.PetClinicApplication for test class com.javaegitimleri.petclinic.dao.OwnerRepositoryTests
16:32:48.574 [main] DEBUG org.springframework.boot.test.context.SpringBootTestContextBootstrapper - @TestExecutionListeners is not present for class [com.javaegitimleri.petclinic.dao.OwnerRepositoryTests]: using defaults.
16:32:48.575 [main] INFO org.springframework.boot.test.context.SpringBootTestContextBootstrapper - Loaded default TestExecutionListener class names from location [META-INF/spring.factories]: [org.springframework.security.test.context.support.WithSecurityContextTestExecutionListener, org.springframework.security.test.context.support.ReactorContextTestExecutionListener, org.springframework.test.context.web.ServletTestExecutionListener, org.springframework.test.context.support.DirtiesContextBeforeModesTestExecutionListener, org.springframework.test.context.support.DependencyInjectionTestExecutionListener, org.springframework.test.context.support.DirtiesContextTestExecutionListener, org.springframework.test.context.transaction.TransactionalTestExecutionListener, org.springframework.test.context.jdbc.SqlScriptsTestExecutionListener, org.springframework.boot.test.mock.mockito.MockitoTestExecutionListener, org.springframework.boot.test.mock.mockito.ResetMocksTestExecutionListener, org.springframework.boot.test.autoconfigure.restdocs.RestDocsTestExecutionListener, org.springframework.boot.test.autoconfigure.web.client.MockRestServiceServerResetTestExecutionListener, org.springframework.boot.test.autoconfigure.web.servlet.MockMvcPrintOnlyOnFailureTestExecutionListener, org.springframework.boot.test.autoconfigure.web.servlet.WebDriverTestExecutionListener]
16:32:48.642 [main] INFO org.springframework.boot.test.context.SpringBootTestContextBootstrapper - Using TestExecutionListeners: [org.springframework.test.context.web.ServletTestExecutionListener@76f2bbc1, org.springframework.test.context.support.DirtiesContextBeforeModesTestExecutionListener@68e965f5, org.springframework.boot.test.mock.mockito.MockitoTestExecutionListener@6f27a732, org.springframework.boot.test.autoconfigure.SpringBootDependencyInjectionTestExecutionListener@6c779568, org.springframework.test.context.support.DirtiesContextTestExecutionListener@f381794, org.springframework.test.context.transaction.TransactionalTestExecutionListener@2cdd0d4b, org.springframework.test.context.jdbc.SqlScriptsTestExecutionListener@7e9131d5, org.springframework.security.test.context.support.WithSecurityContextTestExecutionListener@2e1d27ba, org.springframework.security.test.context.support.ReactorContextTestExecutionListener@61d6015a, org.springframework.boot.test.mock.mockito.ResetMocksTestExecutionListener@2525ff7e, org.springframework.boot.test.autoconfigure.restdocs.RestDocsTestExecutionListener@524d6d96, org.springframework.boot.test.autoconfigure.web.client.MockRestServiceServerResetTestExecutionListener@152aa092, org.springframework.boot.test.autoconfigure.web.servlet.MockMvcPrintOnlyOnFailureTestExecutionListener@44a7bfbc, org.springframework.boot.test.autoconfigure.web.servlet.WebDriverTestExecutionListener@4ef37659]
16:32:48.647 [main] DEBUG org.springframework.test.annotation.ProfileValueUtils - Retrieved @ProfileValueSourceConfiguration [null] for test class [com.javaegitimleri.petclinic.dao.OwnerRepositoryTests]
16:32:48.649 [main] DEBUG org.springframework.test.annotation.ProfileValueUtils - Retrieved ProfileValueSource type [class org.springframework.test.annotation.SystemProfileValueSource] for class [com.javaegitimleri.petclinic.dao.OwnerRepositoryTests]
16:32:48.650 [main] DEBUG org.springframework.test.annotation.ProfileValueUtils - Retrieved @ProfileValueSourceConfiguration [null] for test class [com.javaegitimleri.petclinic.dao.OwnerRepositoryTests]
16:32:48.650 [main] DEBUG org.springframework.test.annotation.ProfileValueUtils - Retrieved ProfileValueSource type [class org.springframework.test.annotation.SystemProfileValueSource] for class [com.javaegitimleri.petclinic.dao.OwnerRepositoryTests]
16:32:48.652 [main] DEBUG org.springframework.test.annotation.ProfileValueUtils - Retrieved @ProfileValueSourceConfiguration [null] for test class [com.javaegitimleri.petclinic.dao.OwnerRepositoryTests]
16:32:48.653 [main] DEBUG org.springframework.test.annotation.ProfileValueUtils - Retrieved ProfileValueSource type [class org.springframework.test.annotation.SystemProfileValueSource] for class [com.javaegitimleri.petclinic.dao.OwnerRepositoryTests]
16:32:48.663 [main] DEBUG org.springframework.test.context.support.AbstractDirtiesContextTestExecutionListener - Before test class: context [DefaultTestContext@2abf4075 testClass = OwnerRepositoryTests, testInstance = [null], testMethod = [null], testException = [null], mergedContextConfiguration = [WebMergedContextConfiguration@770d3326 testClass = OwnerRepositoryTests, locations = '{}', classes = '{class com.javaegitimleri.petclinic.PetClinicApplication}', contextInitializerClasses = '[]', activeProfiles = '{dev}', propertySourceLocations = '{}', propertySourceProperties = '{org.springframework.boot.test.context.SpringBootTestContextBootstrapper=true}', contextCustomizers = set[org.springframework.boot.test.context.filter.ExcludeFilterContextCustomizer@28c4711c, org.springframework.boot.test.json.DuplicateJsonObjectContextCustomizerFactory$DuplicateJsonObjectContextCustomizer@1e9e725a, org.springframework.boot.test.mock.mockito.MockitoContextCustomizer@0, org.springframework.boot.test.web.client.TestRestTemplateContextCustomizer@6591f517, org.springframework.boot.test.autoconfigure.properties.PropertyMappingContextCustomizer@0, org.springframework.boot.test.autoconfigure.web.servlet.WebDriverContextCustomizerFactory$Customizer@18a70f16], resourceBasePath = 'src/main/webapp', contextLoader = 'org.springframework.boot.test.context.SpringBootContextLoader', parent = [null]], attributes = map['org.springframework.test.context.web.ServletTestExecutionListener.activateListener' -> true]], class annotated with @DirtiesContext [false] with mode [null].
16:32:48.667 [main] DEBUG org.springframework.test.annotation.ProfileValueUtils - Retrieved @ProfileValueSourceConfiguration [null] for test class [com.javaegitimleri.petclinic.dao.OwnerRepositoryTests]
16:32:48.668 [main] DEBUG org.springframework.test.annotation.ProfileValueUtils - Retrieved ProfileValueSource type [class org.springframework.test.annotation.SystemProfileValueSource] for class [com.javaegitimleri.petclinic.dao.OwnerRepositoryTests]
16:32:48.737 [main] DEBUG org.springframework.core.env.StandardEnvironment - Adding PropertySource 'systemProperties' with lowest search precedence
16:32:48.737 [main] DEBUG org.springframework.core.env.StandardEnvironment - Adding PropertySource 'systemEnvironment' with lowest search precedence
16:32:48.742 [main] DEBUG org.springframework.core.env.StandardEnvironment - Initialized StandardEnvironment with PropertySources [MapPropertySource@71706941 {name='systemProperties', properties={java.runtime.name=Java(TM) SE Runtime Environment, sun.boot.library.path=C:\Program Files\Java\jdk1.8.0_131\jre\bin, java.vm.version=25.131-b11, java.vm.vendor=Oracle Corporation, java.vendor.url=http://java.oracle.com/, path.separator=;, java.vm.name=Java HotSpot(TM) 64-Bit Server VM, file.encoding.pkg=sun.io, user.country=US, user.script=, sun.java.launcher=SUN_STANDARD, sun.os.patch.level=, java.vm.specification.name=Java Virtual Machine Specification, user.dir=C:\Users\ebubekir\git\repository\petclinic, java.runtime.version=1.8.0_131-b11, basedir=C:\Users\ebubekir\git\repository\petclinic, java.awt.graphicsenv=sun.awt.Win32GraphicsEnvironment, java.endorsed.dirs=C:\Program Files\Java\jdk1.8.0_131\jre\lib\endorsed, os.arch=amd64, surefire.real.class.path=C:\Users\ebubekir\AppData\Local\Temp\surefire4611407188192679314\surefirebooter8211244522738317088.jar, java.io.tmpdir=C:\Users\ebubekir\AppData\Local\Temp\, line.separator=
, java.vm.specification.vendor=Oracle Corporation, user.variant=, os.name=Windows 10, sun.jnu.encoding=Cp1254, java.library.path=C:\Program Files\Java\jdk1.8.0_131\jre\bin;C:\WINDOWS\Sun\Java\bin;C:\WINDOWS\system32;C:\WINDOWS;C:\ProgramData\Oracle\Java\javapath;C:\oraclexe\app\oracle\product\11.2.0\server\bin;C:\Program Files (x86)\Intel\iCLS Client\;C:\Program Files\Intel\iCLS Client\;C:\WINDOWS\system32;C:\WINDOWS;C:\WINDOWS\System32\Wbem;C:\WINDOWS\System32\WindowsPowerShell\v1.0\;C:\Program Files (x86)\Intel\OpenCL SDK\2.0\bin\x86;C:\Program Files (x86)\Intel\OpenCL SDK\2.0\bin\x64;C:\Program Files\Intel\Intel(R) Management Engine Components\DAL;C:\Program Files\Intel\Intel(R) Management Engine Components\IPT;C:\Program Files (x86)\Intel\Intel(R) Management Engine Components\DAL;C:\Program Files (x86)\Intel\Intel(R) Management Engine Components\IPT;C:\Program Files\Java\jdk1.8.0_131\bin;C:\WINDOWS\System32\OpenSSH\;C:\Users\ebubekir\Downloads\sonar-scanner-2.6.1\sonar-scanner-2.6.1\bin;C:\Users\ebubekir\AppData\Local\Microsoft\WindowsApps;;C:\Users\ebubekir\AppData\Local\Programs\Microsoft VS Code\bin;., surefire.test.class.path=C:\Users\ebubekir\git\repository\petclinic\target\test-classes;C:\Users\ebubekir\git\repository\petclinic\target\classes;C:\Users\ebubekir\.m2\repository\org\springframework\boot\spring-boot-starter-mail\2.0.0.RELEASE\spring-boot-starter-mail-2.0.0.RELEASE.jar;C:\Users\ebubekir\.m2\repository\org\springframework\boot\spring-boot-starter\2.0.0.RELEASE\spring-boot-starter-2.0.0.RELEASE.jar;C:\Users\ebubekir\.m2\repository\org\springframework\boot\spring-boot\2.0.0.RELEASE\spring-boot-2.0.0.RELEASE.jar;C:\Users\ebubekir\.m2\repository\org\springframework\boot\spring-boot-autoconfigure\2.0.0.RELEASE\spring-boot-autoconfigure-2.0.0.RELEASE.jar;C:\Users\ebubekir\.m2\repository\org\springframework\boot\spring-boot-starter-logging\2.0.0.RELEASE\spring-boot-starter-logging-2.0.0.RELEASE.jar;C:\Users\ebubekir\.m2\repository\ch\qos\logback\logback-classic\1.2.3\logback-classic-1.2.3.jar;C:\Users\ebubekir\.m2\repository\ch\qos\logback\logback-core\1.2.3\logback-core-1.2.3.jar;C:\Users\ebubekir\.m2\repository\org\apache\logging\log4j\log4j-to-slf4j\2.10.0\log4j-to-slf4j-2.10.0.jar;C:\Users\ebubekir\.m2\repository\org\apache\logging\log4j\log4j-api\2.10.0\log4j-api-2.10.0.jar;C:\Users\ebubekir\.m2\repository\org\slf4j\jul-to-slf4j\1.7.25\jul-to-slf4j-1.7.25.jar;C:\Users\ebubekir\.m2\repository\javax\annotation\javax.annotation-api\1.3.2\javax.annotation-api-1.3.2.jar;C:\Users\ebubekir\.m2\repository\org\yaml\snakeyaml\1.19\snakeyaml-1.19.jar;C:\Users\ebubekir\.m2\repository\org\springframework\spring-context\5.0.4.RELEASE\spring-context-5.0.4.RELEASE.jar;C:\Users\ebubekir\.m2\repository\org\springframework\spring-beans\5.0.4.RELEASE\spring-beans-5.0.4.RELEASE.jar;C:\Users\ebubekir\.m2\repository\org\springframework\spring-expression\5.0.4.RELEASE\spring-expression-5.0.4.RELEASE.jar;C:\Users\ebubekir\.m2\repository\org\springframework\spring-context-support\5.0.4.RELEASE\spring-context-support-5.0.4.RELEASE.jar;C:\Users\ebubekir\.m2\repository\com\sun\mail\javax.mail\1.6.1\javax.mail-1.6.1.jar;C:\Users\ebubekir\.m2\repository\javax\activation\activation\1.1\activation-1.1.jar;C:\Users\ebubekir\.m2\repository\org\springframework\security\spring-security-test\5.0.3.RELEASE\spring-security-test-5.0.3.RELEASE.jar;C:\Users\ebubekir\.m2\repository\org\springframework\security\spring-security-core\5.0.3.RELEASE\spring-security-core-5.0.3.RELEASE.jar;C:\Users\ebubekir\.m2\repository\org\springframework\security\spring-security-web\5.0.3.RELEASE\spring-security-web-5.0.3.RELEASE.jar;C:\Users\ebubekir\.m2\repository\org\springframework\spring-core\5.0.4.RELEASE\spring-core-5.0.4.RELEASE.jar;C:\Users\ebubekir\.m2\repository\org\springframework\spring-jcl\5.0.4.RELEASE\spring-jcl-5.0.4.RELEASE.jar;C:\Users\ebubekir\.m2\repository\org\springframework\spring-test\5.0.4.RELEASE\spring-test-5.0.4.RELEASE.jar;C:\Users\ebubekir\.m2\repository\org\springframework\boot\spring-boot-starter-test\2.0.0.RELEASE\spring-boot-starter-test-2.0.0.RELEASE.jar;C:\Users\ebubekir\.m2\repository\org\springframework\boot\spring-boot-test\2.0.0.RELEASE\spring-boot-test-2.0.0.RELEASE.jar;C:\Users\ebubekir\.m2\repository\org\springframework\boot\spring-boot-test-autoconfigure\2.0.0.RELEASE\spring-boot-test-autoconfigure-2.0.0.RELEASE.jar;C:\Users\ebubekir\.m2\repository\com\jayway\jsonpath\json-path\2.4.0\json-path-2.4.0.jar;C:\Users\ebubekir\.m2\repository\net\minidev\json-smart\2.3\json-smart-2.3.jar;C:\Users\ebubekir\.m2\repository\net\minidev\accessors-smart\1.2\accessors-smart-1.2.jar;C:\Users\ebubekir\.m2\repository\org\ow2\asm\asm\5.0.4\asm-5.0.4.jar;C:\Users\ebubekir\.m2\repository\junit\junit\4.12\junit-4.12.jar;C:\Users\ebubekir\.m2\repository\org\assertj\assertj-core\3.9.1\assertj-core-3.9.1.jar;C:\Users\ebubekir\.m2\repository\org\mockito\mockito-core\2.15.0\mockito-core-2.15.0.jar;C:\Users\ebubekir\.m2\repository\net\bytebuddy\byte-buddy\1.7.10\byte-buddy-1.7.10.jar;C:\Users\ebubekir\.m2\repository\net\bytebuddy\byte-buddy-agent\1.7.10\byte-buddy-agent-1.7.10.jar;C:\Users\ebubekir\.m2\repository\org\objenesis\objenesis\2.6\objenesis-2.6.jar;C:\Users\ebubekir\.m2\repository\org\hamcrest\hamcrest-core\1.3\hamcrest-core-1.3.jar;C:\Users\ebubekir\.m2\repository\org\hamcrest\hamcrest-library\1.3\hamcrest-library-1.3.jar;C:\Users\ebubekir\.m2\repository\org\skyscreamer\jsonassert\1.5.0\jsonassert-1.5.0.jar;C:\Users\ebubekir\.m2\repository\com\vaadin\external\google\android-json\0.0.20131108.vaadin1\android-json-0.0.20131108.vaadin1.jar;C:\Users\ebubekir\.m2\repository\org\xmlunit\xmlunit-core\2.5.1\xmlunit-core-2.5.1.jar;C:\Users\ebubekir\.m2\repository\org\springframework\boot\spring-boot-starter-security\2.0.0.RELEASE\spring-boot-starter-security-2.0.0.RELEASE.jar;C:\Users\ebubekir\.m2\repository\org\springframework\spring-aop\5.0.4.RELEASE\spring-aop-5.0.4.RELEASE.jar;C:\Users\ebubekir\.m2\repository\org\springframework\security\spring-security-config\5.0.3.RELEASE\spring-security-config-5.0.3.RELEASE.jar;C:\Users\ebubekir\.m2\repository\org\springframework\boot\spring-boot-starter-data-jpa\2.0.0.RELEASE\spring-boot-starter-data-jpa-2.0.0.RELEASE.jar;C:\Users\ebubekir\.m2\repository\org\springframework\boot\spring-boot-starter-aop\2.0.0.RELEASE\spring-boot-starter-aop-2.0.0.RELEASE.jar;C:\Users\ebubekir\.m2\repository\org\aspectj\aspectjweaver\1.8.13\aspectjweaver-1.8.13.jar;C:\Users\ebubekir\.m2\repository\org\hibernate\hibernate-core\5.2.14.Final\hibernate-core-5.2.14.Final.jar;C:\Users\ebubekir\.m2\repository\org\jboss\logging\jboss-logging\3.3.2.Final\jboss-logging-3.3.2.Final.jar;C:\Users\ebubekir\.m2\repository\org\hibernate\javax\persistence\hibernate-jpa-2.1-api\1.0.0.Final\hibernate-jpa-2.1-api-1.0.0.Final.jar;C:\Users\ebubekir\.m2\repository\org\javassist\javassist\3.22.0-GA\javassist-3.22.0-GA.jar;C:\Users\ebubekir\.m2\repository\antlr\antlr\2.7.7\antlr-2.7.7.jar;C:\Users\ebubekir\.m2\repository\org\jboss\jandex\2.0.3.Final\jandex-2.0.3.Final.jar;C:\Users\ebubekir\.m2\repository\com\fasterxml\classmate\1.3.4\classmate-1.3.4.jar;C:\Users\ebubekir\.m2\repository\dom4j\dom4j\1.6.1\dom4j-1.6.1.jar;C:\Users\ebubekir\.m2\repository\org\hibernate\common\hibernate-commons-annotations\5.0.1.Final\hibernate-commons-annotations-5.0.1.Final.jar;C:\Users\ebubekir\.m2\repository\javax\transaction\javax.transaction-api\1.2\javax.transaction-api-1.2.jar;C:\Users\ebubekir\.m2\repository\org\springframework\data\spring-data-jpa\2.0.5.RELEASE\spring-data-jpa-2.0.5.RELEASE.jar;C:\Users\ebubekir\.m2\repository\org\springframework\data\spring-data-commons\2.0.5.RELEASE\spring-data-commons-2.0.5.RELEASE.jar;C:\Users\ebubekir\.m2\repository\org\springframework\spring-orm\5.0.4.RELEASE\spring-orm-5.0.4.RELEASE.jar;C:\Users\ebubekir\.m2\repository\org\springframework\spring-tx\5.0.4.RELEASE\spring-tx-5.0.4.RELEASE.jar;C:\Users\ebubekir\.m2\repository\org\springframework\spring-aspects\5.0.4.RELEASE\spring-aspects-5.0.4.RELEASE.jar;C:\Users\ebubekir\.m2\repository\com\h2database\h2\1.4.196\h2-1.4.196.jar;C:\Users\ebubekir\.m2\repository\org\springframework\boot\spring-boot-starter-jdbc\2.0.0.RELEASE\spring-boot-starter-jdbc-2.0.0.RELEASE.jar;C:\Users\ebubekir\.m2\repository\com\zaxxer\HikariCP\2.7.8\HikariCP-2.7.8.jar;C:\Users\ebubekir\.m2\repository\org\springframework\spring-jdbc\5.0.4.RELEASE\spring-jdbc-5.0.4.RELEASE.jar;C:\Users\ebubekir\.m2\repository\org\springframework\boot\spring-boot-starter-web\2.0.0.RELEASE\spring-boot-starter-web-2.0.0.RELEASE.jar;C:\Users\ebubekir\.m2\repository\org\springframework\boot\spring-boot-starter-json\2.0.0.RELEASE\spring-boot-starter-json-2.0.0.RELEASE.jar;C:\Users\ebubekir\.m2\repository\com\fasterxml\jackson\core\jackson-databind\2.9.4\jackson-databind-2.9.4.jar;C:\Users\ebubekir\.m2\repository\com\fasterxml\jackson\core\jackson-core\2.9.4\jackson-core-2.9.4.jar;C:\Users\ebubekir\.m2\repository\com\fasterxml\jackson\datatype\jackson-datatype-jdk8\2.9.4\jackson-datatype-jdk8-2.9.4.jar;C:\Users\ebubekir\.m2\repository\com\fasterxml\jackson\datatype\jackson-datatype-jsr310\2.9.4\jackson-datatype-jsr310-2.9.4.jar;C:\Users\ebubekir\.m2\repository\com\fasterxml\jackson\module\jackson-module-parameter-names\2.9.4\jackson-module-parameter-names-2.9.4.jar;C:\Users\ebubekir\.m2\repository\org\springframework\boot\spring-boot-starter-tomcat\2.0.0.RELEASE\spring-boot-starter-tomcat-2.0.0.RELEASE.jar;C:\Users\ebubekir\.m2\repository\org\apache\tomcat\embed\tomcat-embed-websocket\8.5.28\tomcat-embed-websocket-8.5.28.jar;C:\Users\ebubekir\.m2\repository\org\hibernate\validator\hibernate-validator\6.0.7.Final\hibernate-validator-6.0.7.Final.jar;C:\Users\ebubekir\.m2\repository\javax\validation\validation-api\2.0.1.Final\validation-api-2.0.1.Final.jar;C:\Users\ebubekir\.m2\repository\org\springframework\spring-web\5.0.4.RELEASE\spring-web-5.0.4.RELEASE.jar;C:\Users\ebubekir\.m2\repository\org\springframework\spring-webmvc\5.0.4.RELEASE\spring-webmvc-5.0.4.RELEASE.jar;C:\Users\ebubekir\.m2\repository\org\springframework\boot\spring-boot-starter-actuator\2.0.0.RELEASE\spring-boot-starter-actuator-2.0.0.RELEASE.jar;C:\Users\ebubekir\.m2\repository\org\springframework\boot\spring-boot-actuator-autoconfigure\2.0.0.RELEASE\spring-boot-actuator-autoconfigure-2.0.0.RELEASE.jar;C:\Users\ebubekir\.m2\repository\org\springframework\boot\spring-boot-actuator\2.0.0.RELEASE\spring-boot-actuator-2.0.0.RELEASE.jar;C:\Users\ebubekir\.m2\repository\io\micrometer\micrometer-core\1.0.1\micrometer-core-1.0.1.jar;C:\Users\ebubekir\.m2\repository\org\hdrhistogram\HdrHistogram\2.1.10\HdrHistogram-2.1.10.jar;C:\Users\ebubekir\.m2\repository\org\latencyutils\LatencyUtils\2.0.3\LatencyUtils-2.0.3.jar;C:\Users\ebubekir\.m2\repository\org\apache\tomcat\embed\tomcat-embed-jasper\8.5.28\tomcat-embed-jasper-8.5.28.jar;C:\Users\ebubekir\.m2\repository\org\apache\tomcat\embed\tomcat-embed-core\8.5.28\tomcat-embed-core-8.5.28.jar;C:\Users\ebubekir\.m2\repository\org\apache\tomcat\tomcat-annotations-api\8.5.28\tomcat-annotations-api-8.5.28.jar;C:\Users\ebubekir\.m2\repository\org\apache\tomcat\embed\tomcat-embed-el\8.5.28\tomcat-embed-el-8.5.28.jar;C:\Users\ebubekir\.m2\repository\org\eclipse\jdt\ecj\3.12.3\ecj-3.12.3.jar;C:\Users\ebubekir\.m2\repository\javax\servlet\jstl\1.2\jstl-1.2.jar;C:\Users\ebubekir\.m2\repository\org\springframework\boot\spring-boot-starter-thymeleaf\2.0.0.RELEASE\spring-boot-starter-thymeleaf-2.0.0.RELEASE.jar;C:\Users\ebubekir\.m2\repository\org\thymeleaf\thymeleaf-spring5\3.0.9.RELEASE\thymeleaf-spring5-3.0.9.RELEASE.jar;C:\Users\ebubekir\.m2\repository\org\thymeleaf\thymeleaf\3.0.9.RELEASE\thymeleaf-3.0.9.RELEASE.jar;C:\Users\ebubekir\.m2\repository\org\attoparser\attoparser\2.0.4.RELEASE\attoparser-2.0.4.RELEASE.jar;C:\Users\ebubekir\.m2\repository\org\unbescape\unbescape\1.1.5.RELEASE\unbescape-1.1.5.RELEASE.jar;C:\Users\ebubekir\.m2\repository\org\thymeleaf\extras\thymeleaf-extras-java8time\3.0.1.RELEASE\thymeleaf-extras-java8time-3.0.1.RELEASE.jar;C:\Users\ebubekir\.m2\repository\org\springframework\boot\spring-boot-starter-hateoas\2.0.0.RELEASE\spring-boot-starter-hateoas-2.0.0.RELEASE.jar;C:\Users\ebubekir\.m2\repository\org\springframework\hateoas\spring-hateoas\0.24.0.RELEASE\spring-hateoas-0.24.0.RELEASE.jar;C:\Users\ebubekir\.m2\repository\org\springframework\plugin\spring-plugin-core\1.2.0.RELEASE\spring-plugin-core-1.2.0.RELEASE.jar;C:\Users\ebubekir\.m2\repository\org\springframework\boot\spring-boot-starter-data-rest\2.0.0.RELEASE\spring-boot-starter-data-rest-2.0.0.RELEASE.jar;C:\Users\ebubekir\.m2\repository\org\springframework\data\spring-data-rest-webmvc\3.0.5.RELEASE\spring-data-rest-webmvc-3.0.5.RELEASE.jar;C:\Users\ebubekir\.m2\repository\org\springframework\data\spring-data-rest-core\3.0.5.RELEASE\spring-data-rest-core-3.0.5.RELEASE.jar;C:\Users\ebubekir\.m2\repository\org\atteo\evo-inflector\1.2.2\evo-inflector-1.2.2.jar;C:\Users\ebubekir\.m2\repository\com\fasterxml\jackson\core\jackson-annotations\2.9.0\jackson-annotations-2.9.0.jar;C:\Users\ebubekir\.m2\repository\org\springframework\data\spring-data-rest-hal-browser\3.0.5.RELEASE\spring-data-rest-hal-browser-3.0.5.RELEASE.jar;C:\Users\ebubekir\.m2\repository\org\slf4j\slf4j-api\1.7.25\slf4j-api-1.7.25.jar;C:\Users\ebubekir\.m2\repository\org\springframework\boot\spring-boot-starter-cache\2.0.0.RELEASE\spring-boot-starter-cache-2.0.0.RELEASE.jar;, java.specification.name=Java Platform API Specification, java.class.version=52.0, sun.management.compiler=HotSpot 64-Bit Tiered Compilers, os.version=10.0, user.home=C:\Users\ebubekir, user.timezone=Europe/Berlin, java.awt.printerjob=sun.awt.windows.WPrinterJob, file.encoding=Cp1254, java.specification.version=1.8, java.class.path=C:\Users\ebubekir\git\repository\petclinic\target\test-classes;C:\Users\ebubekir\git\repository\petclinic\target\classes;C:\Users\ebubekir\.m2\repository\org\springframework\boot\spring-boot-starter-mail\2.0.0.RELEASE\spring-boot-starter-mail-2.0.0.RELEASE.jar;C:\Users\ebubekir\.m2\repository\org\springframework\boot\spring-boot-starter\2.0.0.RELEASE\spring-boot-starter-2.0.0.RELEASE.jar;C:\Users\ebubekir\.m2\repository\org\springframework\boot\spring-boot\2.0.0.RELEASE\spring-boot-2.0.0.RELEASE.jar;C:\Users\ebubekir\.m2\repository\org\springframework\boot\spring-boot-autoconfigure\2.0.0.RELEASE\spring-boot-autoconfigure-2.0.0.RELEASE.jar;C:\Users\ebubekir\.m2\repository\org\springframework\boot\spring-boot-starter-logging\2.0.0.RELEASE\spring-boot-starter-logging-2.0.0.RELEASE.jar;C:\Users\ebubekir\.m2\repository\ch\qos\logback\logback-classic\1.2.3\logback-classic-1.2.3.jar;C:\Users\ebubekir\.m2\repository\ch\qos\logback\logback-core\1.2.3\logback-core-1.2.3.jar;C:\Users\ebubekir\.m2\repository\org\apache\logging\log4j\log4j-to-slf4j\2.10.0\log4j-to-slf4j-2.10.0.jar;C:\Users\ebubekir\.m2\repository\org\apache\logging\log4j\log4j-api\2.10.0\log4j-api-2.10.0.jar;C:\Users\ebubekir\.m2\repository\org\slf4j\jul-to-slf4j\1.7.25\jul-to-slf4j-1.7.25.jar;C:\Users\ebubekir\.m2\repository\javax\annotation\javax.annotation-api\1.3.2\javax.annotation-api-1.3.2.jar;C:\Users\ebubekir\.m2\repository\org\yaml\snakeyaml\1.19\snakeyaml-1.19.jar;C:\Users\ebubekir\.m2\repository\org\springframework\spring-context\5.0.4.RELEASE\spring-context-5.0.4.RELEASE.jar;C:\Users\ebubekir\.m2\repository\org\springframework\spring-beans\5.0.4.RELEASE\spring-beans-5.0.4.RELEASE.jar;C:\Users\ebubekir\.m2\repository\org\springframework\spring-expression\5.0.4.RELEASE\spring-expression-5.0.4.RELEASE.jar;C:\Users\ebubekir\.m2\repository\org\springframework\spring-context-support\5.0.4.RELEASE\spring-context-support-5.0.4.RELEASE.jar;C:\Users\ebubekir\.m2\repository\com\sun\mail\javax.mail\1.6.1\javax.mail-1.6.1.jar;C:\Users\ebubekir\.m2\repository\javax\activation\activation\1.1\activation-1.1.jar;C:\Users\ebubekir\.m2\repository\org\springframework\security\spring-security-test\5.0.3.RELEASE\spring-security-test-5.0.3.RELEASE.jar;C:\Users\ebubekir\.m2\repository\org\springframework\security\spring-security-core\5.0.3.RELEASE\spring-security-core-5.0.3.RELEASE.jar;C:\Users\ebubekir\.m2\repository\org\springframework\security\spring-security-web\5.0.3.RELEASE\spring-security-web-5.0.3.RELEASE.jar;C:\Users\ebubekir\.m2\repository\org\springframework\spring-core\5.0.4.RELEASE\spring-core-5.0.4.RELEASE.jar;C:\Users\ebubekir\.m2\repository\org\springframework\spring-jcl\5.0.4.RELEASE\spring-jcl-5.0.4.RELEASE.jar;C:\Users\ebubekir\.m2\repository\org\springframework\spring-test\5.0.4.RELEASE\spring-test-5.0.4.RELEASE.jar;C:\Users\ebubekir\.m2\repository\org\springframework\boot\spring-boot-starter-test\2.0.0.RELEASE\spring-boot-starter-test-2.0.0.RELEASE.jar;C:\Users\ebubekir\.m2\repository\org\springframework\boot\spring-boot-test\2.0.0.RELEASE\spring-boot-test-2.0.0.RELEASE.jar;C:\Users\ebubekir\.m2\repository\org\springframework\boot\spring-boot-test-autoconfigure\2.0.0.RELEASE\spring-boot-test-autoconfigure-2.0.0.RELEASE.jar;C:\Users\ebubekir\.m2\repository\com\jayway\jsonpath\json-path\2.4.0\json-path-2.4.0.jar;C:\Users\ebubekir\.m2\repository\net\minidev\json-smart\2.3\json-smart-2.3.jar;C:\Users\ebubekir\.m2\repository\net\minidev\accessors-smart\1.2\accessors-smart-1.2.jar;C:\Users\ebubekir\.m2\repository\org\ow2\asm\asm\5.0.4\asm-5.0.4.jar;C:\Users\ebubekir\.m2\repository\junit\junit\4.12\junit-4.12.jar;C:\Users\ebubekir\.m2\repository\org\assertj\assertj-core\3.9.1\assertj-core-3.9.1.jar;C:\Users\ebubekir\.m2\repository\org\mockito\mockito-core\2.15.0\mockito-core-2.15.0.jar;C:\Users\ebubekir\.m2\repository\net\bytebuddy\byte-buddy\1.7.10\byte-buddy-1.7.10.jar;C:\Users\ebubekir\.m2\repository\net\bytebuddy\byte-buddy-agent\1.7.10\byte-buddy-agent-1.7.10.jar;C:\Users\ebubekir\.m2\repository\org\objenesis\objenesis\2.6\objenesis-2.6.jar;C:\Users\ebubekir\.m2\repository\org\hamcrest\hamcrest-core\1.3\hamcrest-core-1.3.jar;C:\Users\ebubekir\.m2\repository\org\hamcrest\hamcrest-library\1.3\hamcrest-library-1.3.jar;C:\Users\ebubekir\.m2\repository\org\skyscreamer\jsonassert\1.5.0\jsonassert-1.5.0.jar;C:\Users\ebubekir\.m2\repository\com\vaadin\external\google\android-json\0.0.20131108.vaadin1\android-json-0.0.20131108.vaadin1.jar;C:\Users\ebubekir\.m2\repository\org\xmlunit\xmlunit-core\2.5.1\xmlunit-core-2.5.1.jar;C:\Users\ebubekir\.m2\repository\org\springframework\boot\spring-boot-starter-security\2.0.0.RELEASE\spring-boot-starter-security-2.0.0.RELEASE.jar;C:\Users\ebubekir\.m2\repository\org\springframework\spring-aop\5.0.4.RELEASE\spring-aop-5.0.4.RELEASE.jar;C:\Users\ebubekir\.m2\repository\org\springframework\security\spring-security-config\5.0.3.RELEASE\spring-security-config-5.0.3.RELEASE.jar;C:\Users\ebubekir\.m2\repository\org\springframework\boot\spring-boot-starter-data-jpa\2.0.0.RELEASE\spring-boot-starter-data-jpa-2.0.0.RELEASE.jar;C:\Users\ebubekir\.m2\repository\org\springframework\boot\spring-boot-starter-aop\2.0.0.RELEASE\spring-boot-starter-aop-2.0.0.RELEASE.jar;C:\Users\ebubekir\.m2\repository\org\aspectj\aspectjweaver\1.8.13\aspectjweaver-1.8.13.jar;C:\Users\ebubekir\.m2\repository\org\hibernate\hibernate-core\5.2.14.Final\hibernate-core-5.2.14.Final.jar;C:\Users\ebubekir\.m2\repository\org\jboss\logging\jboss-logging\3.3.2.Final\jboss-logging-3.3.2.Final.jar;C:\Users\ebubekir\.m2\repository\org\hibernate\javax\persistence\hibernate-jpa-2.1-api\1.0.0.Final\hibernate-jpa-2.1-api-1.0.0.Final.jar;C:\Users\ebubekir\.m2\repository\org\javassist\javassist\3.22.0-GA\javassist-3.22.0-GA.jar;C:\Users\ebubekir\.m2\repository\antlr\antlr\2.7.7\antlr-2.7.7.jar;C:\Users\ebubekir\.m2\repository\org\jboss\jandex\2.0.3.Final\jandex-2.0.3.Final.jar;C:\Users\ebubekir\.m2\repository\com\fasterxml\classmate\1.3.4\classmate-1.3.4.jar;C:\Users\ebubekir\.m2\repository\dom4j\dom4j\1.6.1\dom4j-1.6.1.jar;C:\Users\ebubekir\.m2\repository\org\hibernate\common\hibernate-commons-annotations\5.0.1.Final\hibernate-commons-annotations-5.0.1.Final.jar;C:\Users\ebubekir\.m2\repository\javax\transaction\javax.transaction-api\1.2\javax.transaction-api-1.2.jar;C:\Users\ebubekir\.m2\repository\org\springframework\data\spring-data-jpa\2.0.5.RELEASE\spring-data-jpa-2.0.5.RELEASE.jar;C:\Users\ebubekir\.m2\repository\org\springframework\data\spring-data-commons\2.0.5.RELEASE\spring-data-commons-2.0.5.RELEASE.jar;C:\Users\ebubekir\.m2\repository\org\springframework\spring-orm\5.0.4.RELEASE\spring-orm-5.0.4.RELEASE.jar;C:\Users\ebubekir\.m2\repository\org\springframework\spring-tx\5.0.4.RELEASE\spring-tx-5.0.4.RELEASE.jar;C:\Users\ebubekir\.m2\repository\org\springframework\spring-aspects\5.0.4.RELEASE\spring-aspects-5.0.4.RELEASE.jar;C:\Users\ebubekir\.m2\repository\com\h2database\h2\1.4.196\h2-1.4.196.jar;C:\Users\ebubekir\.m2\repository\org\springframework\boot\spring-boot-starter-jdbc\2.0.0.RELEASE\spring-boot-starter-jdbc-2.0.0.RELEASE.jar;C:\Users\ebubekir\.m2\repository\com\zaxxer\HikariCP\2.7.8\HikariCP-2.7.8.jar;C:\Users\ebubekir\.m2\repository\org\springframework\spring-jdbc\5.0.4.RELEASE\spring-jdbc-5.0.4.RELEASE.jar;C:\Users\ebubekir\.m2\repository\org\springframework\boot\spring-boot-starter-web\2.0.0.RELEASE\spring-boot-starter-web-2.0.0.RELEASE.jar;C:\Users\ebubekir\.m2\repository\org\springframework\boot\spring-boot-starter-json\2.0.0.RELEASE\spring-boot-starter-json-2.0.0.RELEASE.jar;C:\Users\ebubekir\.m2\repository\com\fasterxml\jackson\core\jackson-databind\2.9.4\jackson-databind-2.9.4.jar;C:\Users\ebubekir\.m2\repository\com\fasterxml\jackson\core\jackson-core\2.9.4\jackson-core-2.9.4.jar;C:\Users\ebubekir\.m2\repository\com\fasterxml\jackson\datatype\jackson-datatype-jdk8\2.9.4\jackson-datatype-jdk8-2.9.4.jar;C:\Users\ebubekir\.m2\repository\com\fasterxml\jackson\datatype\jackson-datatype-jsr310\2.9.4\jackson-datatype-jsr310-2.9.4.jar;C:\Users\ebubekir\.m2\repository\com\fasterxml\jackson\module\jackson-module-parameter-names\2.9.4\jackson-module-parameter-names-2.9.4.jar;C:\Users\ebubekir\.m2\repository\org\springframework\boot\spring-boot-starter-tomcat\2.0.0.RELEASE\spring-boot-starter-tomcat-2.0.0.RELEASE.jar;C:\Users\ebubekir\.m2\repository\org\apache\tomcat\embed\tomcat-embed-websocket\8.5.28\tomcat-embed-websocket-8.5.28.jar;C:\Users\ebubekir\.m2\repository\org\hibernate\validator\hibernate-validator\6.0.7.Final\hibernate-validator-6.0.7.Final.jar;C:\Users\ebubekir\.m2\repository\javax\validation\validation-api\2.0.1.Final\validation-api-2.0.1.Final.jar;C:\Users\ebubekir\.m2\repository\org\springframework\spring-web\5.0.4.RELEASE\spring-web-5.0.4.RELEASE.jar;C:\Users\ebubekir\.m2\repository\org\springframework\spring-webmvc\5.0.4.RELEASE\spring-webmvc-5.0.4.RELEASE.jar;C:\Users\ebubekir\.m2\repository\org\springframework\boot\spring-boot-starter-actuator\2.0.0.RELEASE\spring-boot-starter-actuator-2.0.0.RELEASE.jar;C:\Users\ebubekir\.m2\repository\org\springframework\boot\spring-boot-actuator-autoconfigure\2.0.0.RELEASE\spring-boot-actuator-autoconfigure-2.0.0.RELEASE.jar;C:\Users\ebubekir\.m2\repository\org\springframework\boot\spring-boot-actuator\2.0.0.RELEASE\spring-boot-actuator-2.0.0.RELEASE.jar;C:\Users\ebubekir\.m2\repository\io\micrometer\micrometer-core\1.0.1\micrometer-core-1.0.1.jar;C:\Users\ebubekir\.m2\repository\org\hdrhistogram\HdrHistogram\2.1.10\HdrHistogram-2.1.10.jar;C:\Users\ebubekir\.m2\repository\org\latencyutils\LatencyUtils\2.0.3\LatencyUtils-2.0.3.jar;C:\Users\ebubekir\.m2\repository\org\apache\tomcat\embed\tomcat-embed-jasper\8.5.28\tomcat-embed-jasper-8.5.28.jar;C:\Users\ebubekir\.m2\repository\org\apache\tomcat\embed\tomcat-embed-core\8.5.28\tomcat-embed-core-8.5.28.jar;C:\Users\ebubekir\.m2\repository\org\apache\tomcat\tomcat-annotations-api\8.5.28\tomcat-annotations-api-8.5.28.jar;C:\Users\ebubekir\.m2\repository\org\apache\tomcat\embed\tomcat-embed-el\8.5.28\tomcat-embed-el-8.5.28.jar;C:\Users\ebubekir\.m2\repository\org\eclipse\jdt\ecj\3.12.3\ecj-3.12.3.jar;C:\Users\ebubekir\.m2\repository\javax\servlet\jstl\1.2\jstl-1.2.jar;C:\Users\ebubekir\.m2\repository\org\springframework\boot\spring-boot-starter-thymeleaf\2.0.0.RELEASE\spring-boot-starter-thymeleaf-2.0.0.RELEASE.jar;C:\Users\ebubekir\.m2\repository\org\thymeleaf\thymeleaf-spring5\3.0.9.RELEASE\thymeleaf-spring5-3.0.9.RELEASE.jar;C:\Users\ebubekir\.m2\repository\org\thymeleaf\thymeleaf\3.0.9.RELEASE\thymeleaf-3.0.9.RELEASE.jar;C:\Users\ebubekir\.m2\repository\org\attoparser\attoparser\2.0.4.RELEASE\attoparser-2.0.4.RELEASE.jar;C:\Users\ebubekir\.m2\repository\org\unbescape\unbescape\1.1.5.RELEASE\unbescape-1.1.5.RELEASE.jar;C:\Users\ebubekir\.m2\repository\org\thymeleaf\extras\thymeleaf-extras-java8time\3.0.1.RELEASE\thymeleaf-extras-java8time-3.0.1.RELEASE.jar;C:\Users\ebubekir\.m2\repository\org\springframework\boot\spring-boot-starter-hateoas\2.0.0.RELEASE\spring-boot-starter-hateoas-2.0.0.RELEASE.jar;C:\Users\ebubekir\.m2\repository\org\springframework\hateoas\spring-hateoas\0.24.0.RELEASE\spring-hateoas-0.24.0.RELEASE.jar;C:\Users\ebubekir\.m2\repository\org\springframework\plugin\spring-plugin-core\1.2.0.RELEASE\spring-plugin-core-1.2.0.RELEASE.jar;C:\Users\ebubekir\.m2\repository\org\springframework\boot\spring-boot-starter-data-rest\2.0.0.RELEASE\spring-boot-starter-data-rest-2.0.0.RELEASE.jar;C:\Users\ebubekir\.m2\repository\org\springframework\data\spring-data-rest-webmvc\3.0.5.RELEASE\spring-data-rest-webmvc-3.0.5.RELEASE.jar;C:\Users\ebubekir\.m2\repository\org\springframework\data\spring-data-rest-core\3.0.5.RELEASE\spring-data-rest-core-3.0.5.RELEASE.jar;C:\Users\ebubekir\.m2\repository\org\atteo\evo-inflector\1.2.2\evo-inflector-1.2.2.jar;C:\Users\ebubekir\.m2\repository\com\fasterxml\jackson\core\jackson-annotations\2.9.0\jackson-annotations-2.9.0.jar;C:\Users\ebubekir\.m2\repository\org\springframework\data\spring-data-rest-hal-browser\3.0.5.RELEASE\spring-data-rest-hal-browser-3.0.5.RELEASE.jar;C:\Users\ebubekir\.m2\repository\org\slf4j\slf4j-api\1.7.25\slf4j-api-1.7.25.jar;C:\Users\ebubekir\.m2\repository\org\springframework\boot\spring-boot-starter-cache\2.0.0.RELEASE\spring-boot-starter-cache-2.0.0.RELEASE.jar;, user.name=ebubekir, java.vm.specification.version=1.8, sun.java.command=C:\Users\ebubekir\AppData\Local\Temp\surefire4611407188192679314\surefirebooter8211244522738317088.jar C:\Users\ebubekir\AppData\Local\Temp\surefire4611407188192679314 2020-07-12T16-32-45_159-jvmRun1 surefire9196578565559498870tmp surefire_02132505559838271253tmp, java.home=C:\Program Files\Java\jdk1.8.0_131\jre, sun.arch.data.model=64, user.language=en, java.specification.vendor=Oracle Corporation, awt.toolkit=sun.awt.windows.WToolkit, java.vm.info=mixed mode, java.version=1.8.0_131, java.ext.dirs=C:\Program Files\Java\jdk1.8.0_131\jre\lib\ext;C:\WINDOWS\Sun\Java\lib\ext, sun.boot.class.path=C:\Program Files\Java\jdk1.8.0_131\jre\lib\resources.jar;C:\Program Files\Java\jdk1.8.0_131\jre\lib\rt.jar;C:\Program Files\Java\jdk1.8.0_131\jre\lib\sunrsasign.jar;C:\Program Files\Java\jdk1.8.0_131\jre\lib\jsse.jar;C:\Program Files\Java\jdk1.8.0_131\jre\lib\jce.jar;C:\Program Files\Java\jdk1.8.0_131\jre\lib\charsets.jar;C:\Program Files\Java\jdk1.8.0_131\jre\lib\jfr.jar;C:\Program Files\Java\jdk1.8.0_131\jre\classes, java.vendor=Oracle Corporation, localRepository=C:\Users\ebubekir\.m2\repository, style.color=always, file.separator=\, java.vendor.url.bug=http://bugreport.sun.com/bugreport/, sun.io.unicode.encoding=UnicodeLittle, sun.cpu.endian=little, sun.desktop=windows, sun.cpu.isalist=amd64}}, SystemEnvironmentPropertySource@1771667101 {name='systemEnvironment', properties={PATH=C:\ProgramData\Oracle\Java\javapath;C:\oraclexe\app\oracle\product\11.2.0\server\bin;C:\Program Files (x86)\Intel\iCLS Client\;C:\Program Files\Intel\iCLS Client\;C:\WINDOWS\system32;C:\WINDOWS;C:\WINDOWS\System32\Wbem;C:\WINDOWS\System32\WindowsPowerShell\v1.0\;C:\Program Files (x86)\Intel\OpenCL SDK\2.0\bin\x86;C:\Program Files (x86)\Intel\OpenCL SDK\2.0\bin\x64;C:\Program Files\Intel\Intel(R) Management Engine Components\DAL;C:\Program Files\Intel\Intel(R) Management Engine Components\IPT;C:\Program Files (x86)\Intel\Intel(R) Management Engine Components\DAL;C:\Program Files (x86)\Intel\Intel(R) Management Engine Components\IPT;C:\Program Files\Java\jdk1.8.0_131\bin;C:\WINDOWS\System32\OpenSSH\;C:\Users\ebubekir\Downloads\sonar-scanner-2.6.1\sonar-scanner-2.6.1\bin;C:\Users\ebubekir\AppData\Local\Microsoft\WindowsApps;;C:\Users\ebubekir\AppData\Local\Programs\Microsoft VS Code\bin, USERDOMAIN_ROAMINGPROFILE=DESKTOP-K5200AJ, LOCALAPPDATA=C:\Users\ebubekir\AppData\Local, PROCESSOR_LEVEL=6, SYSTEMDRIVE=C:, COMMONPROGRAMFILES(X86)=C:\Program Files (x86)\Common Files, USERDOMAIN=DESKTOP-K5200AJ, FPS_BROWSER_APP_PROFILE_STRING=Internet Explorer, LOGONSERVER=\\DESKTOP-K5200AJ, JAVA_HOME=C:\Program Files\Java\jdk1.8.0_131, PROMPT=$P$G, SESSIONNAME=Console, ALLUSERSPROFILE=C:\ProgramData, PROGRAMFILES(X86)=C:\Program Files (x86), PROCESSOR_ARCHITECTURE=AMD64, DRIVERDATA=C:\Windows\System32\Drivers\DriverData, PROGRAMFILES=C:\Program Files, =C:=C:\Users\ebubekir\git\repository\petclinic, APPDATA=C:\Users\ebubekir\AppData\Roaming, PSMODULEPATH=C:\WINDOWS\system32\WindowsPowerShell\v1.0\Modules\, PROGRAMW6432=C:\Program Files, PROGRAMDATA=C:\ProgramData, SYSTEMROOT=C:\WINDOWS, USERNAME=ebubekir, FPS_BROWSER_USER_PROFILE_STRING=Default, ONEDRIVE=C:\Users\ebubekir\OneDrive, PATHEXT=.COM;.EXE;.BAT;.CMD;.VBS;.VBE;.JS;.JSE;.WSF;.WSH;.MSC, OS=Windows_NT, UKI3_CP_GLOBAL="c:\Uyap\Uyap Kelime Islemci\editor_lib2.jar";"c:\Uyap\Uyap Kelime Islemci\editor_lib.jar";"c:\Uyap\Uyap Kelime Islemci\editor_laf.jar";"c:\Uyap\Uyap Kelime Islemci\jai_hvl.jar";"c:\Uyap\Uyap Kelime Islemci\editor_utility.jar";"c:\Uyap\Uyap Kelime Islemci\jdom.jar";"c:\Uyap\Uyap Kelime Islemci\updater.jar", COMMONPROGRAMW6432=C:\Program Files\Common Files, COMPUTERNAME=DESKTOP-K5200AJ, COMMONPROGRAMFILES=C:\Program Files\Common Files, COMSPEC=C:\WINDOWS\system32\cmd.exe, PROCESSOR_REVISION=3a09, WINDIR=C:\WINDOWS, HOMEPATH=\Users\ebubekir, TEMP=C:\Users\ebubekir\AppData\Local\Temp, HOMEDRIVE=C:, PROCESSOR_IDENTIFIER=Intel64 Family 6 Model 58 Stepping 9, GenuineIntel, USERPROFILE=C:\Users\ebubekir, TMP=C:\Users\ebubekir\AppData\Local\Temp, JAVA_OPTIONS=-Dfile.encoding=UTF-8 -Duser.language=en, PUBLIC=C:\Users\Public, NUMBER_OF_PROCESSORS=4, =::=::\}}]
16:32:48.767 [main] DEBUG org.springframework.core.env.StandardEnvironment - Adding PropertySource 'test' with highest search precedence
16:32:48.772 [main] DEBUG org.springframework.core.env.StandardEnvironment - Adding PropertySource 'configurationProperties' with highest search precedence
16:32:48.777 [main] DEBUG org.springframework.test.context.support.TestPropertySourceUtils - Adding inlined properties to environment: {spring.jmx.enabled=false, org.springframework.boot.test.context.SpringBootTestContextBootstrapper=true, server.port=-1}
16:32:48.777 [main] DEBUG org.springframework.core.env.StandardEnvironment - Adding PropertySource 'Inlined Test Properties' with highest search precedence

  .   ____          _            __ _ _
 /\\ / ___'_ __ _ _(_)_ __  __ _ \ \ \ \
( ( )\___ | '_ | '_| | '_ \/ _` | \ \ \ \
 \\/  ___)| |_)| | | | | || (_| |  ) ) ) )
  '  |____| .__|_| |_|_| |_\__, | / / / /
 =========|_|==============|___/=/_/_/_/
 :: Spring Boot ::        (v2.0.0.RELEASE)

2020-07-12 16:32:49.701 DEBUG 12448 --- [           main] o.s.w.c.s.StandardServletEnvironment     : Adding PropertySource 'servletConfigInitParams' with lowest search precedence
2020-07-12 16:32:49.703 DEBUG 12448 --- [           main] o.s.w.c.s.StandardServletEnvironment     : Adding PropertySource 'servletContextInitParams' with lowest search precedence
2020-07-12 16:32:49.715 DEBUG 12448 --- [           main] o.s.w.c.s.StandardServletEnvironment     : Adding PropertySource 'systemProperties' with lowest search precedence
2020-07-12 16:32:49.716 DEBUG 12448 --- [           main] o.s.w.c.s.StandardServletEnvironment     : Adding PropertySource 'systemEnvironment' with lowest search precedence
2020-07-12 16:32:49.726 DEBUG 12448 --- [           main] o.s.w.c.s.StandardServletEnvironment     : Initialized StandardServletEnvironment with PropertySources [StubPropertySource {name='servletConfigInitParams'}, StubPropertySource {name='servletContextInitParams'}, MapPropertySource {name='systemProperties'}, SystemEnvironmentPropertySource {name='systemEnvironment'}]
2020-07-12 16:32:49.779  INFO 12448 --- [           main] c.j.petclinic.dao.OwnerRepositoryTests   : Starting OwnerRepositoryTests on DESKTOP-K5200AJ with PID 12448 (started by ebubekir in C:\Users\ebubekir\git\repository\petclinic)
2020-07-12 16:32:49.780  INFO 12448 --- [           main] c.j.petclinic.dao.OwnerRepositoryTests   : The following profiles are active: dev
2020-07-12 16:32:49.927  INFO 12448 --- [           main] o.s.w.c.s.GenericWebApplicationContext   : Refreshing org.springframework.web.context.support.GenericWebApplicationContext@3af0a9da: startup date [Sun Jul 12 16:32:49 CEST 2020]; root of context hierarchy
2020-07-12 16:32:49.928 DEBUG 12448 --- [           main] o.s.w.c.s.GenericWebApplicationContext   : Bean factory for org.springframework.web.context.support.GenericWebApplicationContext@3af0a9da: org.springframework.beans.factory.support.DefaultListableBeanFactory@79517588: defining beans [org.springframework.boot.test.mock.mockito.MockitoPostProcessor$SpyPostProcessor,org.springframework.boot.test.mock.mockito.MockitoPostProcessor,org.springframework.context.annotation.internalConfigurationAnnotationProcessor,org.springframework.context.annotation.internalAutowiredAnnotationProcessor,org.springframework.context.annotation.internalRequiredAnnotationProcessor,org.springframework.context.annotation.internalCommonAnnotationProcessor,org.springframework.context.annotation.internalPersistenceAnnotationProcessor,org.springframework.context.event.internalEventListenerProcessor,org.springframework.context.event.internalEventListenerFactory,petClinicApplication]; root of factory hierarchy
2020-07-12 16:32:53.548  INFO 12448 --- [           main] o.s.b.f.s.DefaultListableBeanFactory     : Overriding bean definition for bean 'httpRequestHandlerAdapter' with a different definition: replacing [Root bean: class [null]; scope=; abstract=false; lazyInit=false; autowireMode=3; dependencyCheck=0; autowireCandidate=true; primary=false; factoryBeanName=org.springframework.boot.autoconfigure.web.servlet.WebMvcAutoConfiguration$EnableWebMvcConfiguration; factoryMethodName=httpRequestHandlerAdapter; initMethodName=null; destroyMethodName=(inferred); defined in class path resource [org/springframework/boot/autoconfigure/web/servlet/WebMvcAutoConfiguration$EnableWebMvcConfiguration.class]] with [Root bean: class [null]; scope=; abstract=false; lazyInit=false; autowireMode=3; dependencyCheck=0; autowireCandidate=true; primary=false; factoryBeanName=org.springframework.data.rest.webmvc.config.RepositoryRestMvcConfiguration; factoryMethodName=httpRequestHandlerAdapter; initMethodName=null; destroyMethodName=(inferred); defined in class path resource [org/springframework/data/rest/webmvc/config/RepositoryRestMvcConfiguration.class]]
2020-07-12 16:32:56.081  INFO 12448 --- [           main] trationDelegate$BeanPostProcessorChecker : Bean 'org.springframework.transaction.annotation.ProxyTransactionManagementConfiguration' of type [org.springframework.transaction.annotation.ProxyTransactionManagementConfiguration$$EnhancerBySpringCGLIB$$1c95872e] is not eligible for getting processed by all BeanPostProcessors (for example: not eligible for auto-proxying)
2020-07-12 16:32:56.201  INFO 12448 --- [           main] trationDelegate$BeanPostProcessorChecker : Bean 'org.springframework.cache.annotation.ProxyCachingConfiguration' of type [org.springframework.cache.annotation.ProxyCachingConfiguration$$EnhancerBySpringCGLIB$$65a7bd4c] is not eligible for getting processed by all BeanPostProcessors (for example: not eligible for auto-proxying)
2020-07-12 16:32:56.337  INFO 12448 --- [           main] trationDelegate$BeanPostProcessorChecker : Bean 'org.springframework.boot.autoconfigure.cache.CacheAutoConfiguration' of type [org.springframework.boot.autoconfigure.cache.CacheAutoConfiguration$$EnhancerBySpringCGLIB$$5a1b81f0] is not eligible for getting processed by all BeanPostProcessors (for example: not eligible for auto-proxying)
2020-07-12 16:32:56.408  INFO 12448 --- [           main] trationDelegate$BeanPostProcessorChecker : Bean 'org.springframework.boot.context.properties.ConversionServiceDeducer$Factory' of type [org.springframework.boot.context.properties.ConversionServiceDeducer$Factory] is not eligible for getting processed by all BeanPostProcessors (for example: not eligible for auto-proxying)
2020-07-12 16:32:56.423  INFO 12448 --- [           main] trationDelegate$BeanPostProcessorChecker : Bean 'spring.cache-org.springframework.boot.autoconfigure.cache.CacheProperties' of type [org.springframework.boot.autoconfigure.cache.CacheProperties] is not eligible for getting processed by all BeanPostProcessors (for example: not eligible for auto-proxying)
2020-07-12 16:32:56.467  INFO 12448 --- [           main] trationDelegate$BeanPostProcessorChecker : Bean 'cacheManagerCustomizers' of type [org.springframework.boot.autoconfigure.cache.CacheManagerCustomizers] is not eligible for getting processed by all BeanPostProcessors (for example: not eligible for auto-proxying)
2020-07-12 16:32:56.479  INFO 12448 --- [           main] trationDelegate$BeanPostProcessorChecker : Bean 'org.springframework.boot.autoconfigure.cache.SimpleCacheConfiguration' of type [org.springframework.boot.autoconfigure.cache.SimpleCacheConfiguration$$EnhancerBySpringCGLIB$$fbb6f4d1] is not eligible for getting processed by all BeanPostProcessors (for example: not eligible for auto-proxying)
2020-07-12 16:32:56.530  INFO 12448 --- [           main] trationDelegate$BeanPostProcessorChecker : Bean 'cacheManager' of type [org.springframework.cache.concurrent.ConcurrentMapCacheManager] is not eligible for getting processed by all BeanPostProcessors (for example: not eligible for auto-proxying)
2020-07-12 16:32:56.535  INFO 12448 --- [           main] trationDelegate$BeanPostProcessorChecker : Bean 'cacheAutoConfigurationValidator' of type [org.springframework.boot.autoconfigure.cache.CacheAutoConfiguration$CacheManagerValidator] is not eligible for getting processed by all BeanPostProcessors (for example: not eligible for auto-proxying)
2020-07-12 16:32:56.718  INFO 12448 --- [           main] trationDelegate$BeanPostProcessorChecker : Bean 'org.springframework.security.config.annotation.configuration.ObjectPostProcessorConfiguration' of type [org.springframework.security.config.annotation.configuration.ObjectPostProcessorConfiguration$$EnhancerBySpringCGLIB$$b5434f68] is not eligible for getting processed by all BeanPostProcessors (for example: not eligible for auto-proxying)
2020-07-12 16:32:56.826  INFO 12448 --- [           main] trationDelegate$BeanPostProcessorChecker : Bean 'objectPostProcessor' of type [org.springframework.security.config.annotation.configuration.AutowireBeanFactoryObjectPostProcessor] is not eligible for getting processed by all BeanPostProcessors (for example: not eligible for auto-proxying)
2020-07-12 16:32:56.833  INFO 12448 --- [           main] trationDelegate$BeanPostProcessorChecker : Bean 'org.springframework.security.access.expression.method.DefaultMethodSecurityExpressionHandler@44be69aa' of type [org.springframework.security.access.expression.method.DefaultMethodSecurityExpressionHandler] is not eligible for getting processed by all BeanPostProcessors (for example: not eligible for auto-proxying)
2020-07-12 16:32:56.867  INFO 12448 --- [           main] trationDelegate$BeanPostProcessorChecker : Bean 'org.springframework.security.config.annotation.method.configuration.Jsr250MetadataSourceConfiguration' of type [org.springframework.security.config.annotation.method.configuration.Jsr250MetadataSourceConfiguration$$EnhancerBySpringCGLIB$$ff6d0a30] is not eligible for getting processed by all BeanPostProcessors (for example: not eligible for auto-proxying)
2020-07-12 16:32:56.896  INFO 12448 --- [           main] trationDelegate$BeanPostProcessorChecker : Bean 'jsr250MethodSecurityMetadataSource' of type [org.springframework.security.access.annotation.Jsr250MethodSecurityMetadataSource] is not eligible for getting processed by all BeanPostProcessors (for example: not eligible for auto-proxying)
2020-07-12 16:32:56.903  INFO 12448 --- [           main] trationDelegate$BeanPostProcessorChecker : Bean 'org.springframework.security.config.annotation.method.configuration.GlobalMethodSecurityConfiguration' of type [org.springframework.security.config.annotation.method.configuration.GlobalMethodSecurityConfiguration$$EnhancerBySpringCGLIB$$da17f21a] is not eligible for getting processed by all BeanPostProcessors (for example: not eligible for auto-proxying)
2020-07-12 16:32:57.074  INFO 12448 --- [           main] trationDelegate$BeanPostProcessorChecker : Bean 'methodSecurityMetadataSource' of type [org.springframework.security.access.method.DelegatingMethodSecurityMetadataSource] is not eligible for getting processed by all BeanPostProcessors (for example: not eligible for auto-proxying)
2020-07-12 16:32:57.196 DEBUG 12448 --- [           main] o.s.w.c.s.GenericWebApplicationContext   : Unable to locate MessageSource with name 'messageSource': using default [org.springframework.context.support.DelegatingMessageSource@2489e84a]
2020-07-12 16:32:57.199 DEBUG 12448 --- [           main] o.s.w.c.s.GenericWebApplicationContext   : Unable to locate ApplicationEventMulticaster with name 'applicationEventMulticaster': using default [org.springframework.context.event.SimpleApplicationEventMulticaster@2a39aa2b]
2020-07-12 16:32:57.803  INFO 12448 --- [           main] com.zaxxer.hikari.HikariDataSource       : HikariPool-1 - Starting...
2020-07-12 16:32:58.322  INFO 12448 --- [           main] com.zaxxer.hikari.HikariDataSource       : HikariPool-1 - Start completed.
2020-07-12 16:32:58.362  INFO 12448 --- [           main] o.s.jdbc.datasource.init.ScriptUtils     : Executing SQL script from URL [file:/C:/Users/ebubekir/git/repository/petclinic/target/classes/schema.sql]
2020-07-12 16:32:58.428  INFO 12448 --- [           main] o.s.jdbc.datasource.init.ScriptUtils     : Executed SQL script from URL [file:/C:/Users/ebubekir/git/repository/petclinic/target/classes/schema.sql] in 65 ms.
2020-07-12 16:32:58.453  INFO 12448 --- [           main] o.s.jdbc.datasource.init.ScriptUtils     : Executing SQL script from URL [file:/C:/Users/ebubekir/git/repository/petclinic/target/classes/data.sql]
2020-07-12 16:32:58.480  INFO 12448 --- [           main] o.s.jdbc.datasource.init.ScriptUtils     : Executed SQL script from URL [file:/C:/Users/ebubekir/git/repository/petclinic/target/classes/data.sql] in 27 ms.
2020-07-12 16:32:58.807  INFO 12448 --- [           main] j.LocalContainerEntityManagerFactoryBean : Building JPA container EntityManagerFactory for persistence unit 'default'
2020-07-12 16:32:58.853  INFO 12448 --- [           main] o.hibernate.jpa.internal.util.LogHelper  : HHH000204: Processing PersistenceUnitInfo [
	name: default
	...]
2020-07-12 16:32:59.059  INFO 12448 --- [           main] org.hibernate.Version                    : HHH000412: Hibernate Core {5.2.14.Final}
2020-07-12 16:32:59.063  INFO 12448 --- [           main] org.hibernate.cfg.Environment            : HHH000206: hibernate.properties not found
2020-07-12 16:32:59.179  INFO 12448 --- [           main] o.hibernate.annotations.common.Version   : HCANN000001: Hibernate Commons Annotations {5.0.1.Final}
2020-07-12 16:32:59.665  INFO 12448 --- [           main] org.hibernate.dialect.Dialect            : HHH000400: Using dialect: org.hibernate.dialect.H2Dialect
Hibernate: 
    
    alter table TESTDB.PUBLIC.T_OWNER 
       add column created_by varchar(255)
Hibernate: 
    
    alter table TESTDB.PUBLIC.T_OWNER 
       add column created_date timestamp
Hibernate: 
    
    alter table TESTDB.PUBLIC.T_OWNER 
       add column updated_by varchar(255)
Hibernate: 
    
    alter table TESTDB.PUBLIC.T_OWNER 
       add column updated_date timestamp
Hibernate: 
    
    alter table TESTDB.PUBLIC.T_PET 
       add column created_by varchar(255)
Hibernate: 
    
    alter table TESTDB.PUBLIC.T_PET 
       add column created_date timestamp
Hibernate: 
    
    alter table TESTDB.PUBLIC.T_PET 
       add column updated_by varchar(255)
Hibernate: 
    
    alter table TESTDB.PUBLIC.T_PET 
       add column updated_date timestamp
Hibernate: 
    
    alter table TESTDB.PUBLIC.T_VET 
       add column created_by varchar(255)
Hibernate: 
    
    alter table TESTDB.PUBLIC.T_VET 
       add column created_date timestamp
Hibernate: 
    
    alter table TESTDB.PUBLIC.T_VET 
       add column updated_by varchar(255)
Hibernate: 
    
    alter table TESTDB.PUBLIC.T_VET 
       add column updated_date timestamp
Hibernate: 
    
    alter table t_pet 
       add constraint FKpw0u24hmpxta2o8bhr3kelm1h 
       foreign key (owner_id) 
       references t_owner
2020-07-12 16:33:02.180  INFO 12448 --- [           main] j.LocalContainerEntityManagerFactoryBean : Initialized JPA EntityManagerFactory for persistence unit 'default'
Display owners with pets :true
2020-07-12 16:33:05.428 DEBUG 12448 --- [           main] m.DelegatingMethodSecurityMetadataSource : Caching method [CacheKey[com.javaegitimleri.petclinic.service.PetClinicServiceImpl; public abstract java.util.List com.javaegitimleri.petclinic.service.PetClinicService.findOwners()]] with attributes [ROLE_USER, ROLE_EDITOR]
2020-07-12 16:33:05.480 DEBUG 12448 --- [           main] o.s.s.a.i.a.MethodSecurityInterceptor    : Validated configuration attributes
2020-07-12 16:33:05.495 DEBUG 12448 --- [           main] m.DelegatingMethodSecurityMetadataSource : Caching method [CacheKey[com.javaegitimleri.petclinic.service.PetClinicServiceImpl; public java.util.List com.javaegitimleri.petclinic.service.PetClinicServiceImpl.findOwners()]] with attributes [ROLE_USER, ROLE_EDITOR]
2020-07-12 16:33:08.276  INFO 12448 --- [           main] s.w.s.m.m.a.RequestMappingHandlerAdapter : Looking for @ControllerAdvice: org.springframework.web.context.support.GenericWebApplicationContext@3af0a9da: startup date [Sun Jul 12 16:32:49 CEST 2020]; root of context hierarchy
2020-07-12 16:33:09.221  WARN 12448 --- [           main] aWebConfiguration$JpaWebMvcConfiguration : spring.jpa.open-in-view is enabled by default. Therefore, database queries may be performed during view rendering. Explicitly configure spring.jpa.open-in-view to disable this warning
2020-07-12 16:33:09.357 DEBUG 12448 --- [           main] s.w.s.m.m.a.RequestMappingHandlerMapping : Looking for request mappings in application context: org.springframework.web.context.support.GenericWebApplicationContext@3af0a9da: startup date [Sun Jul 12 16:32:49 CEST 2020]; root of context hierarchy
2020-07-12 16:33:09.393 DEBUG 12448 --- [           main] s.w.s.m.m.a.RequestMappingHandlerMapping : 4 request handler methods found on class com.javaegitimleri.petclinic.web.PetClinicController: {public org.springframework.web.servlet.ModelAndView com.javaegitimleri.petclinic.web.PetClinicController.index()={[/ || /index.html]}, public org.springframework.web.servlet.ModelAndView com.javaegitimleri.petclinic.web.PetClinicController.login()={[/login.html]}, public java.lang.String com.javaegitimleri.petclinic.web.PetClinicController.welcome()={[/pcs]}, public org.springframework.web.servlet.ModelAndView com.javaegitimleri.petclinic.web.PetClinicController.getOwners()={[/owners]}}
2020-07-12 16:33:09.396  INFO 12448 --- [           main] s.w.s.m.m.a.RequestMappingHandlerMapping : Mapped "{[/ || /index.html]}" onto public org.springframework.web.servlet.ModelAndView com.javaegitimleri.petclinic.web.PetClinicController.index()
2020-07-12 16:33:09.399  INFO 12448 --- [           main] s.w.s.m.m.a.RequestMappingHandlerMapping : Mapped "{[/login.html]}" onto public org.springframework.web.servlet.ModelAndView com.javaegitimleri.petclinic.web.PetClinicController.login()
2020-07-12 16:33:09.401  INFO 12448 --- [           main] s.w.s.m.m.a.RequestMappingHandlerMapping : Mapped "{[/pcs]}" onto public java.lang.String com.javaegitimleri.petclinic.web.PetClinicController.welcome()
2020-07-12 16:33:09.402  INFO 12448 --- [           main] s.w.s.m.m.a.RequestMappingHandlerMapping : Mapped "{[/owners]}" onto public org.springframework.web.servlet.ModelAndView com.javaegitimleri.petclinic.web.PetClinicController.getOwners()
2020-07-12 16:33:09.403 DEBUG 12448 --- [           main] s.w.s.m.m.a.RequestMappingHandlerMapping : 2 request handler methods found on class com.javaegitimleri.petclinic.web.PetClinicDeleteOwnerController: {public java.lang.String com.javaegitimleri.petclinic.web.PetClinicDeleteOwnerController.loadOwner(java.lang.Long,org.springframework.ui.ModelMap)={[/owners/delete/{id}],methods=[GET]}, public java.lang.String com.javaegitimleri.petclinic.web.PetClinicDeleteOwnerController.handleFormSubmit(java.lang.Long,org.springframework.web.servlet.mvc.support.RedirectAttributes)={[/owners/delete/{id}],methods=[POST]}}
2020-07-12 16:33:09.407  INFO 12448 --- [           main] s.w.s.m.m.a.RequestMappingHandlerMapping : Mapped "{[/owners/delete/{id}],methods=[GET]}" onto public java.lang.String com.javaegitimleri.petclinic.web.PetClinicDeleteOwnerController.loadOwner(java.lang.Long,org.springframework.ui.ModelMap)
2020-07-12 16:33:09.408  INFO 12448 --- [           main] s.w.s.m.m.a.RequestMappingHandlerMapping : Mapped "{[/owners/delete/{id}],methods=[POST]}" onto public java.lang.String com.javaegitimleri.petclinic.web.PetClinicDeleteOwnerController.handleFormSubmit(java.lang.Long,org.springframework.web.servlet.mvc.support.RedirectAttributes)
2020-07-12 16:33:09.417 DEBUG 12448 --- [           main] s.w.s.m.m.a.RequestMappingHandlerMapping : 2 request handler methods found on class com.javaegitimleri.petclinic.web.PetClinicEditOwnerController: {public java.lang.String com.javaegitimleri.petclinic.web.PetClinicEditOwnerController.loadOwner(java.lang.Long,org.springframework.ui.ModelMap)={[/owners/update/{id}],methods=[GET]}, public java.lang.String com.javaegitimleri.petclinic.web.PetClinicEditOwnerController.handleFormSubmit(com.javaegitimleri.petclinic.model.Owner,org.springframework.validation.BindingResult,org.springframework.web.servlet.mvc.support.RedirectAttributes)={[/owners/update/{id}],methods=[POST]}}
2020-07-12 16:33:09.419  INFO 12448 --- [           main] s.w.s.m.m.a.RequestMappingHandlerMapping : Mapped "{[/owners/update/{id}],methods=[GET]}" onto public java.lang.String com.javaegitimleri.petclinic.web.PetClinicEditOwnerController.loadOwner(java.lang.Long,org.springframework.ui.ModelMap)
2020-07-12 16:33:09.420  INFO 12448 --- [           main] s.w.s.m.m.a.RequestMappingHandlerMapping : Mapped "{[/owners/update/{id}],methods=[POST]}" onto public java.lang.String com.javaegitimleri.petclinic.web.PetClinicEditOwnerController.handleFormSubmit(com.javaegitimleri.petclinic.model.Owner,org.springframework.validation.BindingResult,org.springframework.web.servlet.mvc.support.RedirectAttributes)
2020-07-12 16:33:09.434 DEBUG 12448 --- [           main] s.w.s.m.m.a.RequestMappingHandlerMapping : 2 request handler methods found on class com.javaegitimleri.petclinic.web.PetClinicNewOwnerController: {public java.lang.String com.javaegitimleri.petclinic.web.PetClinicNewOwnerController.handleFormSubmit(com.javaegitimleri.petclinic.model.Owner,org.springframework.validation.BindingResult,org.springframework.web.servlet.mvc.support.RedirectAttributes)={[/owners/new],methods=[POST]}, public java.lang.String com.javaegitimleri.petclinic.web.PetClinicNewOwnerController.newOwner()={[/owners/new],methods=[GET]}}
2020-07-12 16:33:09.436  INFO 12448 --- [           main] s.w.s.m.m.a.RequestMappingHandlerMapping : Mapped "{[/owners/new],methods=[POST]}" onto public java.lang.String com.javaegitimleri.petclinic.web.PetClinicNewOwnerController.handleFormSubmit(com.javaegitimleri.petclinic.model.Owner,org.springframework.validation.BindingResult,org.springframework.web.servlet.mvc.support.RedirectAttributes)
2020-07-12 16:33:09.440  INFO 12448 --- [           main] s.w.s.m.m.a.RequestMappingHandlerMapping : Mapped "{[/owners/new],methods=[GET]}" onto public java.lang.String com.javaegitimleri.petclinic.web.PetClinicNewOwnerController.newOwner()
2020-07-12 16:33:09.456 DEBUG 12448 --- [           main] s.w.s.m.m.a.RequestMappingHandlerMapping : 7 request handler methods found on class com.javaegitimleri.petclinic.web.PetClinicRestController: {public org.springframework.http.ResponseEntity com.javaegitimleri.petclinic.web.PetClinicRestController.getOwner(java.lang.Long)={[/rest/owner/{id}],methods=[GET]}, public void com.javaegitimleri.petclinic.web.PetClinicRestController.deleteOwner(java.lang.Long)={[/rest/owner/{id}],methods=[DELETE]}, public org.springframework.http.ResponseEntity com.javaegitimleri.petclinic.web.PetClinicRestController.createOwner(com.javaegitimleri.petclinic.model.Owner)={[/rest/owner],methods=[POST]}, public org.springframework.http.ResponseEntity com.javaegitimleri.petclinic.web.PetClinicRestController.updateOwner(java.lang.Long,com.javaegitimleri.petclinic.model.Owner)={[/rest/owner/{id}],methods=[PUT]}, public org.springframework.http.ResponseEntity com.javaegitimleri.petclinic.web.PetClinicRestController.getOwners(java.lang.String)={[/rest/owner],methods=[GET]}, public org.springframework.http.ResponseEntity com.javaegitimleri.petclinic.web.PetClinicRestController.getOwners()={[/rest/owners],methods=[GET]}, public org.springframework.http.ResponseEntity com.javaegitimleri.petclinic.web.PetClinicRestController.getOwnerAsHateoesResource(java.lang.Long)={[/rest/owner/{id}],methods=[GET],produces=[application/json]}}
2020-07-12 16:33:09.457  INFO 12448 --- [           main] s.w.s.m.m.a.RequestMappingHandlerMapping : Mapped "{[/rest/owner/{id}],methods=[GET]}" onto public org.springframework.http.ResponseEntity<com.javaegitimleri.petclinic.model.Owner> com.javaegitimleri.petclinic.web.PetClinicRestController.getOwner(java.lang.Long)
2020-07-12 16:33:09.469  INFO 12448 --- [           main] s.w.s.m.m.a.RequestMappingHandlerMapping : Mapped "{[/rest/owner/{id}],methods=[DELETE]}" onto public void com.javaegitimleri.petclinic.web.PetClinicRestController.deleteOwner(java.lang.Long)
2020-07-12 16:33:09.475  INFO 12448 --- [           main] s.w.s.m.m.a.RequestMappingHandlerMapping : Mapped "{[/rest/owner],methods=[POST]}" onto public org.springframework.http.ResponseEntity<java.net.URI> com.javaegitimleri.petclinic.web.PetClinicRestController.createOwner(com.javaegitimleri.petclinic.model.Owner)
2020-07-12 16:33:09.491  INFO 12448 --- [           main] s.w.s.m.m.a.RequestMappingHandlerMapping : Mapped "{[/rest/owner/{id}],methods=[PUT]}" onto public org.springframework.http.ResponseEntity<?> com.javaegitimleri.petclinic.web.PetClinicRestController.updateOwner(java.lang.Long,com.javaegitimleri.petclinic.model.Owner)
2020-07-12 16:33:09.492  INFO 12448 --- [           main] s.w.s.m.m.a.RequestMappingHandlerMapping : Mapped "{[/rest/owner],methods=[GET]}" onto public org.springframework.http.ResponseEntity<java.util.List<com.javaegitimleri.petclinic.model.Owner>> com.javaegitimleri.petclinic.web.PetClinicRestController.getOwners(java.lang.String)
2020-07-12 16:33:09.493  INFO 12448 --- [           main] s.w.s.m.m.a.RequestMappingHandlerMapping : Mapped "{[/rest/owners],methods=[GET]}" onto public org.springframework.http.ResponseEntity<java.util.List<com.javaegitimleri.petclinic.model.Owner>> com.javaegitimleri.petclinic.web.PetClinicRestController.getOwners()
2020-07-12 16:33:09.500  INFO 12448 --- [           main] s.w.s.m.m.a.RequestMappingHandlerMapping : Mapped "{[/rest/owner/{id}],methods=[GET],produces=[application/json]}" onto public org.springframework.http.ResponseEntity<?> com.javaegitimleri.petclinic.web.PetClinicRestController.getOwnerAsHateoesResource(java.lang.Long)
2020-07-12 16:33:09.518 DEBUG 12448 --- [           main] s.w.s.m.m.a.RequestMappingHandlerMapping : 2 request handler methods found on class org.springframework.boot.autoconfigure.web.servlet.error.BasicErrorController: {public org.springframework.http.ResponseEntity org.springframework.boot.autoconfigure.web.servlet.error.BasicErrorController.error(javax.servlet.http.HttpServletRequest)={[/error]}, public org.springframework.web.servlet.ModelAndView org.springframework.boot.autoconfigure.web.servlet.error.BasicErrorController.errorHtml(javax.servlet.http.HttpServletRequest,javax.servlet.http.HttpServletResponse)={[/error],produces=[text/html]}}
2020-07-12 16:33:09.519  INFO 12448 --- [           main] s.w.s.m.m.a.RequestMappingHandlerMapping : Mapped "{[/error]}" onto public org.springframework.http.ResponseEntity<java.util.Map<java.lang.String, java.lang.Object>> org.springframework.boot.autoconfigure.web.servlet.error.BasicErrorController.error(javax.servlet.http.HttpServletRequest)
2020-07-12 16:33:09.521  INFO 12448 --- [           main] s.w.s.m.m.a.RequestMappingHandlerMapping : Mapped "{[/error],produces=[text/html]}" onto public org.springframework.web.servlet.ModelAndView org.springframework.boot.autoconfigure.web.servlet.error.BasicErrorController.errorHtml(javax.servlet.http.HttpServletRequest,javax.servlet.http.HttpServletResponse)
2020-07-12 16:33:09.998 DEBUG 12448 --- [           main] o.s.w.s.h.BeanNameUrlHandlerMapping      : Looking for URL mappings in application context: org.springframework.web.context.support.GenericWebApplicationContext@3af0a9da: startup date [Sun Jul 12 16:32:49 CEST 2020]; root of context hierarchy
2020-07-12 16:33:10.000 DEBUG 12448 --- [           main] o.s.w.s.h.BeanNameUrlHandlerMapping      : Rejected bean name 'org.springframework.boot.test.mock.mockito.MockitoPostProcessor$SpyPostProcessor': no URL paths identified
2020-07-12 16:33:10.002 DEBUG 12448 --- [           main] o.s.w.s.h.BeanNameUrlHandlerMapping      : Rejected bean name 'org.springframework.boot.test.mock.mockito.MockitoPostProcessor': no URL paths identified
2020-07-12 16:33:10.003 DEBUG 12448 --- [           main] o.s.w.s.h.BeanNameUrlHandlerMapping      : Rejected bean name 'org.springframework.context.annotation.internalConfigurationAnnotationProcessor': no URL paths identified
2020-07-12 16:33:10.005 DEBUG 12448 --- [           main] o.s.w.s.h.BeanNameUrlHandlerMapping      : Rejected bean name 'org.springframework.context.annotation.internalAutowiredAnnotationProcessor': no URL paths identified
2020-07-12 16:33:10.012 DEBUG 12448 --- [           main] o.s.w.s.h.BeanNameUrlHandlerMapping      : Rejected bean name 'org.springframework.context.annotation.internalRequiredAnnotationProcessor': no URL paths identified
2020-07-12 16:33:10.012 DEBUG 12448 --- [           main] o.s.w.s.h.BeanNameUrlHandlerMapping      : Rejected bean name 'org.springframework.context.annotation.internalCommonAnnotationProcessor': no URL paths identified
2020-07-12 16:33:10.014 DEBUG 12448 --- [           main] o.s.w.s.h.BeanNameUrlHandlerMapping      : Rejected bean name 'org.springframework.context.annotation.internalPersistenceAnnotationProcessor': no URL paths identified
2020-07-12 16:33:10.017 DEBUG 12448 --- [           main] o.s.w.s.h.BeanNameUrlHandlerMapping      : Rejected bean name 'org.springframework.context.event.internalEventListenerProcessor': no URL paths identified
2020-07-12 16:33:10.018 DEBUG 12448 --- [           main] o.s.w.s.h.BeanNameUrlHandlerMapping      : Rejected bean name 'org.springframework.context.event.internalEventListenerFactory': no URL paths identified
2020-07-12 16:33:10.019 DEBUG 12448 --- [           main] o.s.w.s.h.BeanNameUrlHandlerMapping      : Rejected bean name 'petClinicApplication': no URL paths identified
2020-07-12 16:33:10.019 DEBUG 12448 --- [           main] o.s.w.s.h.BeanNameUrlHandlerMapping      : Rejected bean name 'org.springframework.boot.autoconfigure.internalCachingMetadataReaderFactory': no URL paths identified
2020-07-12 16:33:10.019 DEBUG 12448 --- [           main] o.s.w.s.h.BeanNameUrlHandlerMapping      : Rejected bean name 'ownerRepositoryJdbcImpl': no URL paths identified
2020-07-12 16:33:10.022 DEBUG 12448 --- [           main] o.s.w.s.h.BeanNameUrlHandlerMapping      : Rejected bean name 'petRepositoryJdbcImpl': no URL paths identified
2020-07-12 16:33:10.022 DEBUG 12448 --- [           main] o.s.w.s.h.BeanNameUrlHandlerMapping      : Rejected bean name 'ownerRepository': no URL paths identified
2020-07-12 16:33:10.023 DEBUG 12448 --- [           main] o.s.w.s.h.BeanNameUrlHandlerMapping      : Rejected bean name 'petRepository': no URL paths identified
2020-07-12 16:33:10.023 DEBUG 12448 --- [           main] o.s.w.s.h.BeanNameUrlHandlerMapping      : Rejected bean name 'ownerRepositoryInMemoryImpl': no URL paths identified
2020-07-12 16:33:10.023 DEBUG 12448 --- [           main] o.s.w.s.h.BeanNameUrlHandlerMapping      : Rejected bean name 'h2SecurityConfiguration': no URL paths identified
2020-07-12 16:33:10.025 DEBUG 12448 --- [           main] o.s.w.s.h.BeanNameUrlHandlerMapping      : Rejected bean name 'halBrowserSecurityConfiguration': no URL paths identified
2020-07-12 16:33:10.025 DEBUG 12448 --- [           main] o.s.w.s.h.BeanNameUrlHandlerMapping      : Rejected bean name 'petClinicConfiguration': no URL paths identified
2020-07-12 16:33:10.026 DEBUG 12448 --- [           main] o.s.w.s.h.BeanNameUrlHandlerMapping      : Rejected bean name 'restSecurityConfiguration': no URL paths identified
2020-07-12 16:33:10.027 DEBUG 12448 --- [           main] o.s.w.s.h.BeanNameUrlHandlerMapping      : Rejected bean name 'petClinicAuditorAware': no URL paths identified
2020-07-12 16:33:10.027 DEBUG 12448 --- [           main] o.s.w.s.h.BeanNameUrlHandlerMapping      : Rejected bean name 'securityConfiguration': no URL paths identified
2020-07-12 16:33:10.028 DEBUG 12448 --- [           main] o.s.w.s.h.BeanNameUrlHandlerMapping      : Rejected bean name 'petClinicServiceImpl': no URL paths identified
2020-07-12 16:33:10.032 DEBUG 12448 --- [           main] o.s.w.s.h.BeanNameUrlHandlerMapping      : Rejected bean name 'petClinicController': no URL paths identified
2020-07-12 16:33:10.032 DEBUG 12448 --- [           main] o.s.w.s.h.BeanNameUrlHandlerMapping      : Rejected bean name 'petClinicDeleteOwnerController': no URL paths identified
2020-07-12 16:33:10.033 DEBUG 12448 --- [           main] o.s.w.s.h.BeanNameUrlHandlerMapping      : Rejected bean name 'petClinicEditOwnerController': no URL paths identified
2020-07-12 16:33:10.033 DEBUG 12448 --- [           main] o.s.w.s.h.BeanNameUrlHandlerMapping      : Rejected bean name 'petClinicNewOwnerController': no URL paths identified
2020-07-12 16:33:10.034 DEBUG 12448 --- [           main] o.s.w.s.h.BeanNameUrlHandlerMapping      : Rejected bean name 'petClinicRestController': no URL paths identified
2020-07-12 16:33:10.053 DEBUG 12448 --- [           main] o.s.w.s.h.BeanNameUrlHandlerMapping      : Rejected bean name 'repositorySchemaController': no URL paths identified
2020-07-12 16:33:10.054 DEBUG 12448 --- [           main] o.s.w.s.h.BeanNameUrlHandlerMapping      : Rejected bean name 'repositoryEntityController': no URL paths identified
2020-07-12 16:33:10.055 DEBUG 12448 --- [           main] o.s.w.s.h.BeanNameUrlHandlerMapping      : Rejected bean name 'repositoryController': no URL paths identified
2020-07-12 16:33:10.056 DEBUG 12448 --- [           main] o.s.w.s.h.BeanNameUrlHandlerMapping      : Rejected bean name 'profileController': no URL paths identified
2020-07-12 16:33:10.056 DEBUG 12448 --- [           main] o.s.w.s.h.BeanNameUrlHandlerMapping      : Rejected bean name 'repositoryPropertyReferenceController': no URL paths identified
2020-07-12 16:33:10.057 DEBUG 12448 --- [           main] o.s.w.s.h.BeanNameUrlHandlerMapping      : Rejected bean name 'repositorySearchController': no URL paths identified
2020-07-12 16:33:10.057 DEBUG 12448 --- [           main] o.s.w.s.h.BeanNameUrlHandlerMapping      : Rejected bean name 'alpsController': no URL paths identified
2020-07-12 16:33:10.057 DEBUG 12448 --- [           main] o.s.w.s.h.BeanNameUrlHandlerMapping      : Rejected bean name 'halBrowser': no URL paths identified
2020-07-12 16:33:10.057 DEBUG 12448 --- [           main] o.s.w.s.h.BeanNameUrlHandlerMapping      : Rejected bean name 'org.springframework.security.config.annotation.configuration.ObjectPostProcessorConfiguration': no URL paths identified
2020-07-12 16:33:10.057 DEBUG 12448 --- [           main] o.s.w.s.h.BeanNameUrlHandlerMapping      : Rejected bean name 'objectPostProcessor': no URL paths identified
2020-07-12 16:33:10.058 DEBUG 12448 --- [           main] o.s.w.s.h.BeanNameUrlHandlerMapping      : Rejected bean name 'org.springframework.security.config.annotation.authentication.configuration.AuthenticationConfiguration': no URL paths identified
2020-07-12 16:33:10.059 DEBUG 12448 --- [           main] o.s.w.s.h.BeanNameUrlHandlerMapping      : Rejected bean name 'authenticationManagerBuilder': no URL paths identified
2020-07-12 16:33:10.059 DEBUG 12448 --- [           main] o.s.w.s.h.BeanNameUrlHandlerMapping      : Rejected bean name 'enableGlobalAuthenticationAutowiredConfigurer': no URL paths identified
2020-07-12 16:33:10.059 DEBUG 12448 --- [           main] o.s.w.s.h.BeanNameUrlHandlerMapping      : Rejected bean name 'initializeUserDetailsBeanManagerConfigurer': no URL paths identified
2020-07-12 16:33:10.059 DEBUG 12448 --- [           main] o.s.w.s.h.BeanNameUrlHandlerMapping      : Rejected bean name 'initializeAuthenticationProviderBeanManagerConfigurer': no URL paths identified
2020-07-12 16:33:10.061 DEBUG 12448 --- [           main] o.s.w.s.h.BeanNameUrlHandlerMapping      : Rejected bean name 'org.springframework.security.config.annotation.method.configuration.GlobalMethodSecurityConfiguration': no URL paths identified
2020-07-12 16:33:10.061 DEBUG 12448 --- [           main] o.s.w.s.h.BeanNameUrlHandlerMapping      : Rejected bean name 'methodSecurityInterceptor': no URL paths identified
2020-07-12 16:33:10.061 DEBUG 12448 --- [           main] o.s.w.s.h.BeanNameUrlHandlerMapping      : Rejected bean name 'methodSecurityMetadataSource': no URL paths identified
2020-07-12 16:33:10.062 DEBUG 12448 --- [           main] o.s.w.s.h.BeanNameUrlHandlerMapping      : Rejected bean name 'preInvocationAuthorizationAdvice': no URL paths identified
2020-07-12 16:33:10.063 DEBUG 12448 --- [           main] o.s.w.s.h.BeanNameUrlHandlerMapping      : Rejected bean name 'org.springframework.security.config.annotation.method.configuration.Jsr250MetadataSourceConfiguration': no URL paths identified
2020-07-12 16:33:10.064 DEBUG 12448 --- [           main] o.s.w.s.h.BeanNameUrlHandlerMapping      : Rejected bean name 'jsr250MethodSecurityMetadataSource': no URL paths identified
2020-07-12 16:33:10.064 DEBUG 12448 --- [           main] o.s.w.s.h.BeanNameUrlHandlerMapping      : Rejected bean name 'metaDataSourceAdvisor': no URL paths identified
2020-07-12 16:33:10.064 DEBUG 12448 --- [           main] o.s.w.s.h.BeanNameUrlHandlerMapping      : Rejected bean name 'org.springframework.aop.config.internalAutoProxyCreator': no URL paths identified
2020-07-12 16:33:10.065 DEBUG 12448 --- [           main] o.s.w.s.h.BeanNameUrlHandlerMapping      : Rejected bean name 'org.springframework.cache.annotation.ProxyCachingConfiguration': no URL paths identified
2020-07-12 16:33:10.065 DEBUG 12448 --- [           main] o.s.w.s.h.BeanNameUrlHandlerMapping      : Rejected bean name 'org.springframework.cache.config.internalCacheAdvisor': no URL paths identified
2020-07-12 16:33:10.066 DEBUG 12448 --- [           main] o.s.w.s.h.BeanNameUrlHandlerMapping      : Rejected bean name 'cacheOperationSource': no URL paths identified
2020-07-12 16:33:10.066 DEBUG 12448 --- [           main] o.s.w.s.h.BeanNameUrlHandlerMapping      : Rejected bean name 'cacheInterceptor': no URL paths identified
2020-07-12 16:33:10.068 DEBUG 12448 --- [           main] o.s.w.s.h.BeanNameUrlHandlerMapping      : Rejected bean name 'org.springframework.context.config.internalBeanConfigurerAspect': no URL paths identified
2020-07-12 16:33:10.069 DEBUG 12448 --- [           main] o.s.w.s.h.BeanNameUrlHandlerMapping      : Rejected bean name 'jpaAuditingHandler': no URL paths identified
2020-07-12 16:33:10.070 DEBUG 12448 --- [           main] o.s.w.s.h.BeanNameUrlHandlerMapping      : Rejected bean name 'jpaMappingContext': no URL paths identified
2020-07-12 16:33:10.073 DEBUG 12448 --- [           main] o.s.w.s.h.BeanNameUrlHandlerMapping      : Rejected bean name 'org.springframework.data.jpa.domain.support.AuditingEntityListener': no URL paths identified
2020-07-12 16:33:10.073 DEBUG 12448 --- [           main] o.s.w.s.h.BeanNameUrlHandlerMapping      : Rejected bean name 'org.springframework.data.jpa.domain.support.AuditingBeanFactoryPostProcessor': no URL paths identified
2020-07-12 16:33:10.074 DEBUG 12448 --- [           main] o.s.w.s.h.BeanNameUrlHandlerMapping      : Rejected bean name 'org.springframework.boot.autoconfigure.AutoConfigurationPackages': no URL paths identified
2020-07-12 16:33:10.101 DEBUG 12448 --- [           main] o.s.w.s.h.BeanNameUrlHandlerMapping      : Rejected bean name 'petclinic-com.javaegitimleri.petclinic.PetClinicProperties': no URL paths identified
2020-07-12 16:33:10.102 DEBUG 12448 --- [           main] o.s.w.s.h.BeanNameUrlHandlerMapping      : Rejected bean name 'org.springframework.boot.context.properties.ConfigurationPropertiesBindingPostProcessor': no URL paths identified
2020-07-12 16:33:10.107 DEBUG 12448 --- [           main] o.s.w.s.h.BeanNameUrlHandlerMapping      : Rejected bean name 'org.springframework.boot.context.properties.ConfigurationBeanFactoryMetadata': no URL paths identified
2020-07-12 16:33:10.107 DEBUG 12448 --- [           main] o.s.w.s.h.BeanNameUrlHandlerMapping      : Rejected bean name 'servletComponentRegisteringPostProcessor': no URL paths identified
2020-07-12 16:33:10.108 DEBUG 12448 --- [           main] o.s.w.s.h.BeanNameUrlHandlerMapping      : Rejected bean name 'org.springframework.boot.autoconfigure.context.PropertyPlaceholderAutoConfiguration': no URL paths identified
2020-07-12 16:33:10.108 DEBUG 12448 --- [           main] o.s.w.s.h.BeanNameUrlHandlerMapping      : Rejected bean name 'org.springframework.boot.autoconfigure.condition.BeanTypeRegistry': no URL paths identified
2020-07-12 16:33:10.108 DEBUG 12448 --- [           main] o.s.w.s.h.BeanNameUrlHandlerMapping      : Rejected bean name 'propertySourcesPlaceholderConfigurer': no URL paths identified
2020-07-12 16:33:10.119 DEBUG 12448 --- [           main] o.s.w.s.h.BeanNameUrlHandlerMapping      : Rejected bean name 'org.springframework.boot.autoconfigure.jackson.JacksonAutoConfiguration$Jackson2ObjectMapperBuilderCustomizerConfiguration': no URL paths identified
2020-07-12 16:33:10.120 DEBUG 12448 --- [           main] o.s.w.s.h.BeanNameUrlHandlerMapping      : Rejected bean name 'standardJacksonObjectMapperBuilderCustomizer': no URL paths identified
2020-07-12 16:33:10.121 DEBUG 12448 --- [           main] o.s.w.s.h.BeanNameUrlHandlerMapping      : Rejected bean name 'spring.jackson-org.springframework.boot.autoconfigure.jackson.JacksonProperties': no URL paths identified
2020-07-12 16:33:10.121 DEBUG 12448 --- [           main] o.s.w.s.h.BeanNameUrlHandlerMapping      : Rejected bean name 'org.springframework.boot.autoconfigure.jackson.JacksonAutoConfiguration$JacksonObjectMapperBuilderConfiguration': no URL paths identified
2020-07-12 16:33:10.121 DEBUG 12448 --- [           main] o.s.w.s.h.BeanNameUrlHandlerMapping      : Rejected bean name 'jacksonObjectMapperBuilder': no URL paths identified
2020-07-12 16:33:10.121 DEBUG 12448 --- [           main] o.s.w.s.h.BeanNameUrlHandlerMapping      : Rejected bean name 'org.springframework.boot.autoconfigure.jackson.JacksonAutoConfiguration$ParameterNamesModuleConfiguration': no URL paths identified
2020-07-12 16:33:10.121 DEBUG 12448 --- [           main] o.s.w.s.h.BeanNameUrlHandlerMapping      : Rejected bean name 'parameterNamesModule': no URL paths identified
2020-07-12 16:33:10.122 DEBUG 12448 --- [           main] o.s.w.s.h.BeanNameUrlHandlerMapping      : Rejected bean name 'org.springframework.boot.autoconfigure.jackson.JacksonAutoConfiguration$JacksonObjectMapperConfiguration': no URL paths identified
2020-07-12 16:33:10.122 DEBUG 12448 --- [           main] o.s.w.s.h.BeanNameUrlHandlerMapping      : Rejected bean name 'jacksonObjectMapper': no URL paths identified
2020-07-12 16:33:10.122 DEBUG 12448 --- [           main] o.s.w.s.h.BeanNameUrlHandlerMapping      : Rejected bean name 'org.springframework.boot.autoconfigure.jackson.JacksonAutoConfiguration': no URL paths identified
2020-07-12 16:33:10.123 DEBUG 12448 --- [           main] o.s.w.s.h.BeanNameUrlHandlerMapping      : Rejected bean name 'jsonComponentModule': no URL paths identified
2020-07-12 16:33:10.123 DEBUG 12448 --- [           main] o.s.w.s.h.BeanNameUrlHandlerMapping      : Rejected bean name 'org.springframework.boot.autoconfigure.websocket.servlet.WebSocketServletAutoConfiguration$TomcatWebSocketConfiguration': no URL paths identified
2020-07-12 16:33:10.123 DEBUG 12448 --- [           main] o.s.w.s.h.BeanNameUrlHandlerMapping      : Rejected bean name 'websocketContainerCustomizer': no URL paths identified
2020-07-12 16:33:10.124 DEBUG 12448 --- [           main] o.s.w.s.h.BeanNameUrlHandlerMapping      : Rejected bean name 'org.springframework.boot.autoconfigure.websocket.servlet.WebSocketServletAutoConfiguration': no URL paths identified
2020-07-12 16:33:10.124 DEBUG 12448 --- [           main] o.s.w.s.h.BeanNameUrlHandlerMapping      : Rejected bean name 'org.springframework.boot.autoconfigure.web.servlet.ServletWebServerFactoryConfiguration$EmbeddedTomcat': no URL paths identified
2020-07-12 16:33:10.124 DEBUG 12448 --- [           main] o.s.w.s.h.BeanNameUrlHandlerMapping      : Rejected bean name 'tomcatServletWebServerFactory': no URL paths identified
2020-07-12 16:33:10.125 DEBUG 12448 --- [           main] o.s.w.s.h.BeanNameUrlHandlerMapping      : Rejected bean name 'org.springframework.boot.autoconfigure.web.servlet.ServletWebServerFactoryAutoConfiguration': no URL paths identified
2020-07-12 16:33:10.126 DEBUG 12448 --- [           main] o.s.w.s.h.BeanNameUrlHandlerMapping      : Rejected bean name 'servletWebServerFactoryCustomizer': no URL paths identified
2020-07-12 16:33:10.127 DEBUG 12448 --- [           main] o.s.w.s.h.BeanNameUrlHandlerMapping      : Rejected bean name 'tomcatServletWebServerFactoryCustomizer': no URL paths identified
2020-07-12 16:33:10.127 DEBUG 12448 --- [           main] o.s.w.s.h.BeanNameUrlHandlerMapping      : Rejected bean name 'server-org.springframework.boot.autoconfigure.web.ServerProperties': no URL paths identified
2020-07-12 16:33:10.128 DEBUG 12448 --- [           main] o.s.w.s.h.BeanNameUrlHandlerMapping      : Rejected bean name 'webServerFactoryCustomizerBeanPostProcessor': no URL paths identified
2020-07-12 16:33:10.128 DEBUG 12448 --- [           main] o.s.w.s.h.BeanNameUrlHandlerMapping      : Rejected bean name 'errorPageRegistrarBeanPostProcessor': no URL paths identified
2020-07-12 16:33:10.128 DEBUG 12448 --- [           main] o.s.w.s.h.BeanNameUrlHandlerMapping      : Rejected bean name 'org.springframework.boot.autoconfigure.web.servlet.DispatcherServletAutoConfiguration$DispatcherServletConfiguration': no URL paths identified
2020-07-12 16:33:10.130 DEBUG 12448 --- [           main] o.s.w.s.h.BeanNameUrlHandlerMapping      : Rejected bean name 'dispatcherServlet': no URL paths identified
2020-07-12 16:33:10.130 DEBUG 12448 --- [           main] o.s.w.s.h.BeanNameUrlHandlerMapping      : Rejected bean name 'spring.mvc-org.springframework.boot.autoconfigure.web.servlet.WebMvcProperties': no URL paths identified
2020-07-12 16:33:10.131 DEBUG 12448 --- [           main] o.s.w.s.h.BeanNameUrlHandlerMapping      : Rejected bean name 'org.springframework.boot.autoconfigure.web.servlet.DispatcherServletAutoConfiguration$DispatcherServletRegistrationConfiguration': no URL paths identified
2020-07-12 16:33:10.131 DEBUG 12448 --- [           main] o.s.w.s.h.BeanNameUrlHandlerMapping      : Rejected bean name 'dispatcherServletRegistration': no URL paths identified
2020-07-12 16:33:10.131 DEBUG 12448 --- [           main] o.s.w.s.h.BeanNameUrlHandlerMapping      : Rejected bean name 'org.springframework.boot.autoconfigure.web.servlet.DispatcherServletAutoConfiguration': no URL paths identified
2020-07-12 16:33:10.131 DEBUG 12448 --- [           main] o.s.w.s.h.BeanNameUrlHandlerMapping      : Rejected bean name 'org.springframework.boot.autoconfigure.http.codec.CodecsAutoConfiguration$JacksonCodecConfiguration': no URL paths identified
2020-07-12 16:33:10.132 DEBUG 12448 --- [           main] o.s.w.s.h.BeanNameUrlHandlerMapping      : Rejected bean name 'jacksonCodecCustomizer': no URL paths identified
2020-07-12 16:33:10.132 DEBUG 12448 --- [           main] o.s.w.s.h.BeanNameUrlHandlerMapping      : Rejected bean name 'org.springframework.boot.autoconfigure.http.codec.CodecsAutoConfiguration': no URL paths identified
2020-07-12 16:33:10.132 DEBUG 12448 --- [           main] o.s.w.s.h.BeanNameUrlHandlerMapping      : Rejected bean name 'org.springframework.boot.autoconfigure.validation.ValidationAutoConfiguration': no URL paths identified
2020-07-12 16:33:10.133 DEBUG 12448 --- [           main] o.s.w.s.h.BeanNameUrlHandlerMapping      : Rejected bean name 'defaultValidator': no URL paths identified
2020-07-12 16:33:10.133 DEBUG 12448 --- [           main] o.s.w.s.h.BeanNameUrlHandlerMapping      : Rejected bean name 'methodValidationPostProcessor': no URL paths identified
2020-07-12 16:33:10.133 DEBUG 12448 --- [           main] o.s.w.s.h.BeanNameUrlHandlerMapping      : Rejected bean name 'org.springframework.boot.autoconfigure.transaction.jta.JtaAutoConfiguration': no URL paths identified
2020-07-12 16:33:10.133 DEBUG 12448 --- [           main] o.s.w.s.h.BeanNameUrlHandlerMapping      : Rejected bean name 'spring.jta-org.springframework.boot.autoconfigure.transaction.jta.JtaProperties': no URL paths identified
2020-07-12 16:33:10.134 DEBUG 12448 --- [           main] o.s.w.s.h.BeanNameUrlHandlerMapping      : Rejected bean name 'org.springframework.boot.autoconfigure.jdbc.DataSourceConfiguration$Hikari': no URL paths identified
2020-07-12 16:33:10.134 DEBUG 12448 --- [           main] o.s.w.s.h.BeanNameUrlHandlerMapping      : Rejected bean name 'dataSource': no URL paths identified
2020-07-12 16:33:10.134 DEBUG 12448 --- [           main] o.s.w.s.h.BeanNameUrlHandlerMapping      : Rejected bean name 'org.springframework.boot.autoconfigure.jdbc.DataSourceAutoConfiguration$PooledDataSourceConfiguration': no URL paths identified
2020-07-12 16:33:10.134 DEBUG 12448 --- [           main] o.s.w.s.h.BeanNameUrlHandlerMapping      : Rejected bean name 'org.springframework.boot.autoconfigure.jdbc.metadata.DataSourcePoolMetadataProvidersConfiguration$HikariPoolDataSourceMetadataProviderConfiguration': no URL paths identified
2020-07-12 16:33:10.134 DEBUG 12448 --- [           main] o.s.w.s.h.BeanNameUrlHandlerMapping      : Rejected bean name 'hikariPoolDataSourceMetadataProvider': no URL paths identified
2020-07-12 16:33:10.135 DEBUG 12448 --- [           main] o.s.w.s.h.BeanNameUrlHandlerMapping      : Rejected bean name 'org.springframework.boot.autoconfigure.jdbc.metadata.DataSourcePoolMetadataProvidersConfiguration': no URL paths identified
2020-07-12 16:33:10.135 DEBUG 12448 --- [           main] o.s.w.s.h.BeanNameUrlHandlerMapping      : Rejected bean name 'org.springframework.boot.autoconfigure.jdbc.DataSourceInitializerInvoker': no URL paths identified
2020-07-12 16:33:10.135 DEBUG 12448 --- [           main] o.s.w.s.h.BeanNameUrlHandlerMapping      : Rejected bean name 'org.springframework.boot.autoconfigure.jdbc.DataSourceInitializationConfiguration': no URL paths identified
2020-07-12 16:33:10.135 DEBUG 12448 --- [           main] o.s.w.s.h.BeanNameUrlHandlerMapping      : Rejected bean name 'dataSourceInitializerPostProcessor': no URL paths identified
2020-07-12 16:33:10.135 DEBUG 12448 --- [           main] o.s.w.s.h.BeanNameUrlHandlerMapping      : Rejected bean name 'org.springframework.boot.autoconfigure.jdbc.DataSourceAutoConfiguration': no URL paths identified
2020-07-12 16:33:10.136 DEBUG 12448 --- [           main] o.s.w.s.h.BeanNameUrlHandlerMapping      : Rejected bean name 'spring.datasource-org.springframework.boot.autoconfigure.jdbc.DataSourceProperties': no URL paths identified
2020-07-12 16:33:10.136 DEBUG 12448 --- [           main] o.s.w.s.h.BeanNameUrlHandlerMapping      : Rejected bean name 'org.springframework.boot.autoconfigure.jdbc.JdbcTemplateAutoConfiguration$JdbcTemplateConfiguration': no URL paths identified
2020-07-12 16:33:10.136 DEBUG 12448 --- [           main] o.s.w.s.h.BeanNameUrlHandlerMapping      : Rejected bean name 'jdbcTemplate': no URL paths identified
2020-07-12 16:33:10.136 DEBUG 12448 --- [           main] o.s.w.s.h.BeanNameUrlHandlerMapping      : Rejected bean name 'org.springframework.boot.autoconfigure.jdbc.JdbcTemplateAutoConfiguration$NamedParameterJdbcTemplateConfiguration': no URL paths identified
2020-07-12 16:33:10.137 DEBUG 12448 --- [           main] o.s.w.s.h.BeanNameUrlHandlerMapping      : Rejected bean name 'namedParameterJdbcTemplate': no URL paths identified
2020-07-12 16:33:10.138 DEBUG 12448 --- [           main] o.s.w.s.h.BeanNameUrlHandlerMapping      : Rejected bean name 'org.springframework.boot.autoconfigure.jdbc.JdbcTemplateAutoConfiguration': no URL paths identified
2020-07-12 16:33:10.138 DEBUG 12448 --- [           main] o.s.w.s.h.BeanNameUrlHandlerMapping      : Rejected bean name 'spring.jdbc-org.springframework.boot.autoconfigure.jdbc.JdbcProperties': no URL paths identified
2020-07-12 16:33:10.138 DEBUG 12448 --- [           main] o.s.w.s.h.BeanNameUrlHandlerMapping      : Rejected bean name 'org.springframework.boot.autoconfigure.web.servlet.error.ErrorMvcAutoConfiguration$WhitelabelErrorViewConfiguration': no URL paths identified
2020-07-12 16:33:10.139 DEBUG 12448 --- [           main] o.s.w.s.h.BeanNameUrlHandlerMapping      : Rejected bean name 'error': no URL paths identified
2020-07-12 16:33:10.139 DEBUG 12448 --- [           main] o.s.w.s.h.BeanNameUrlHandlerMapping      : Rejected bean name 'beanNameViewResolver': no URL paths identified
2020-07-12 16:33:10.139 DEBUG 12448 --- [           main] o.s.w.s.h.BeanNameUrlHandlerMapping      : Rejected bean name 'org.springframework.boot.autoconfigure.web.servlet.error.ErrorMvcAutoConfiguration$DefaultErrorViewResolverConfiguration': no URL paths identified
2020-07-12 16:33:10.139 DEBUG 12448 --- [           main] o.s.w.s.h.BeanNameUrlHandlerMapping      : Rejected bean name 'conventionErrorViewResolver': no URL paths identified
2020-07-12 16:33:10.139 DEBUG 12448 --- [           main] o.s.w.s.h.BeanNameUrlHandlerMapping      : Rejected bean name 'org.springframework.boot.autoconfigure.web.servlet.error.ErrorMvcAutoConfiguration': no URL paths identified
2020-07-12 16:33:10.140 DEBUG 12448 --- [           main] o.s.w.s.h.BeanNameUrlHandlerMapping      : Rejected bean name 'errorAttributes': no URL paths identified
2020-07-12 16:33:10.140 DEBUG 12448 --- [           main] o.s.w.s.h.BeanNameUrlHandlerMapping      : Rejected bean name 'basicErrorController': no URL paths identified
2020-07-12 16:33:10.141 DEBUG 12448 --- [           main] o.s.w.s.h.BeanNameUrlHandlerMapping      : Rejected bean name 'errorPageCustomizer': no URL paths identified
2020-07-12 16:33:10.141 DEBUG 12448 --- [           main] o.s.w.s.h.BeanNameUrlHandlerMapping      : Rejected bean name 'preserveErrorControllerTargetClassPostProcessor': no URL paths identified
2020-07-12 16:33:10.141 DEBUG 12448 --- [           main] o.s.w.s.h.BeanNameUrlHandlerMapping      : Rejected bean name 'spring.resources-org.springframework.boot.autoconfigure.web.ResourceProperties': no URL paths identified
2020-07-12 16:33:10.141 DEBUG 12448 --- [           main] o.s.w.s.h.BeanNameUrlHandlerMapping      : Rejected bean name 'org.springframework.boot.autoconfigure.web.servlet.WebMvcAutoConfiguration$ResourceChainCustomizerConfiguration': no URL paths identified
2020-07-12 16:33:10.141 DEBUG 12448 --- [           main] o.s.w.s.h.BeanNameUrlHandlerMapping      : Rejected bean name 'resourceHandlerRegistrationCustomizer': no URL paths identified
2020-07-12 16:33:10.142 DEBUG 12448 --- [           main] o.s.w.s.h.BeanNameUrlHandlerMapping      : Rejected bean name 'org.springframework.boot.autoconfigure.web.servlet.WebMvcAutoConfiguration$EnableWebMvcConfiguration': no URL paths identified
2020-07-12 16:33:10.142 DEBUG 12448 --- [           main] o.s.w.s.h.BeanNameUrlHandlerMapping      : Rejected bean name 'requestMappingHandlerAdapter': no URL paths identified
2020-07-12 16:33:10.142 DEBUG 12448 --- [           main] o.s.w.s.h.BeanNameUrlHandlerMapping      : Rejected bean name 'requestMappingHandlerMapping': no URL paths identified
2020-07-12 16:33:10.142 DEBUG 12448 --- [           main] o.s.w.s.h.BeanNameUrlHandlerMapping      : Rejected bean name 'mvcConversionService': no URL paths identified
2020-07-12 16:33:10.142 DEBUG 12448 --- [           main] o.s.w.s.h.BeanNameUrlHandlerMapping      : Rejected bean name 'mvcValidator': no URL paths identified
2020-07-12 16:33:10.143 DEBUG 12448 --- [           main] o.s.w.s.h.BeanNameUrlHandlerMapping      : Rejected bean name 'mvcContentNegotiationManager': no URL paths identified
2020-07-12 16:33:10.143 DEBUG 12448 --- [           main] o.s.w.s.h.BeanNameUrlHandlerMapping      : Rejected bean name 'mvcPathMatcher': no URL paths identified
2020-07-12 16:33:10.144 DEBUG 12448 --- [           main] o.s.w.s.h.BeanNameUrlHandlerMapping      : Rejected bean name 'mvcUrlPathHelper': no URL paths identified
2020-07-12 16:33:10.144 DEBUG 12448 --- [           main] o.s.w.s.h.BeanNameUrlHandlerMapping      : Rejected bean name 'viewControllerHandlerMapping': no URL paths identified
2020-07-12 16:33:10.144 DEBUG 12448 --- [           main] o.s.w.s.h.BeanNameUrlHandlerMapping      : Rejected bean name 'beanNameHandlerMapping': no URL paths identified
2020-07-12 16:33:10.144 DEBUG 12448 --- [           main] o.s.w.s.h.BeanNameUrlHandlerMapping      : Rejected bean name 'resourceHandlerMapping': no URL paths identified
2020-07-12 16:33:10.145 DEBUG 12448 --- [           main] o.s.w.s.h.BeanNameUrlHandlerMapping      : Rejected bean name 'mvcResourceUrlProvider': no URL paths identified
2020-07-12 16:33:10.145 DEBUG 12448 --- [           main] o.s.w.s.h.BeanNameUrlHandlerMapping      : Rejected bean name 'defaultServletHandlerMapping': no URL paths identified
2020-07-12 16:33:10.146 DEBUG 12448 --- [           main] o.s.w.s.h.BeanNameUrlHandlerMapping      : Rejected bean name 'mvcUriComponentsContributor': no URL paths identified
2020-07-12 16:33:10.146 DEBUG 12448 --- [           main] o.s.w.s.h.BeanNameUrlHandlerMapping      : Rejected bean name 'httpRequestHandlerAdapter': no URL paths identified
2020-07-12 16:33:10.146 DEBUG 12448 --- [           main] o.s.w.s.h.BeanNameUrlHandlerMapping      : Rejected bean name 'simpleControllerHandlerAdapter': no URL paths identified
2020-07-12 16:33:10.146 DEBUG 12448 --- [           main] o.s.w.s.h.BeanNameUrlHandlerMapping      : Rejected bean name 'handlerExceptionResolver': no URL paths identified
2020-07-12 16:33:10.146 DEBUG 12448 --- [           main] o.s.w.s.h.BeanNameUrlHandlerMapping      : Rejected bean name 'mvcViewResolver': no URL paths identified
2020-07-12 16:33:10.146 DEBUG 12448 --- [           main] o.s.w.s.h.BeanNameUrlHandlerMapping      : Rejected bean name 'mvcHandlerMappingIntrospector': no URL paths identified
2020-07-12 16:33:10.146 DEBUG 12448 --- [           main] o.s.w.s.h.BeanNameUrlHandlerMapping      : Rejected bean name 'org.springframework.boot.autoconfigure.web.servlet.WebMvcAutoConfiguration$WebMvcAutoConfigurationAdapter$FaviconConfiguration': no URL paths identified
2020-07-12 16:33:10.146 DEBUG 12448 --- [           main] o.s.w.s.h.BeanNameUrlHandlerMapping      : Rejected bean name 'faviconHandlerMapping': no URL paths identified
2020-07-12 16:33:10.147 DEBUG 12448 --- [           main] o.s.w.s.h.BeanNameUrlHandlerMapping      : Rejected bean name 'faviconRequestHandler': no URL paths identified
2020-07-12 16:33:10.147 DEBUG 12448 --- [           main] o.s.w.s.h.BeanNameUrlHandlerMapping      : Rejected bean name 'org.springframework.boot.autoconfigure.web.servlet.WebMvcAutoConfiguration$WebMvcAutoConfigurationAdapter': no URL paths identified
2020-07-12 16:33:10.147 DEBUG 12448 --- [           main] o.s.w.s.h.BeanNameUrlHandlerMapping      : Rejected bean name 'defaultViewResolver': no URL paths identified
2020-07-12 16:33:10.147 DEBUG 12448 --- [           main] o.s.w.s.h.BeanNameUrlHandlerMapping      : Rejected bean name 'viewResolver': no URL paths identified
2020-07-12 16:33:10.147 DEBUG 12448 --- [           main] o.s.w.s.h.BeanNameUrlHandlerMapping      : Rejected bean name 'welcomePageHandlerMapping': no URL paths identified
2020-07-12 16:33:10.148 DEBUG 12448 --- [           main] o.s.w.s.h.BeanNameUrlHandlerMapping      : Rejected bean name 'requestContextFilter': no URL paths identified
2020-07-12 16:33:10.148 DEBUG 12448 --- [           main] o.s.w.s.h.BeanNameUrlHandlerMapping      : Rejected bean name 'org.springframework.boot.autoconfigure.web.servlet.WebMvcAutoConfiguration': no URL paths identified
2020-07-12 16:33:10.148 DEBUG 12448 --- [           main] o.s.w.s.h.BeanNameUrlHandlerMapping      : Rejected bean name 'hiddenHttpMethodFilter': no URL paths identified
2020-07-12 16:33:10.148 DEBUG 12448 --- [           main] o.s.w.s.h.BeanNameUrlHandlerMapping      : Rejected bean name 'httpPutFormContentFilter': no URL paths identified
2020-07-12 16:33:10.148 DEBUG 12448 --- [           main] o.s.w.s.h.BeanNameUrlHandlerMapping      : Rejected bean name 'org.springframework.boot.actuate.autoconfigure.audit.AuditAutoConfiguration$AuditEventRepositoryConfiguration': no URL paths identified
2020-07-12 16:33:10.149 DEBUG 12448 --- [           main] o.s.w.s.h.BeanNameUrlHandlerMapping      : Rejected bean name 'auditEventRepository': no URL paths identified
2020-07-12 16:33:10.149 DEBUG 12448 --- [           main] o.s.w.s.h.BeanNameUrlHandlerMapping      : Rejected bean name 'org.springframework.boot.actuate.autoconfigure.audit.AuditAutoConfiguration': no URL paths identified
2020-07-12 16:33:10.149 DEBUG 12448 --- [           main] o.s.w.s.h.BeanNameUrlHandlerMapping      : Rejected bean name 'auditListener': no URL paths identified
2020-07-12 16:33:10.149 DEBUG 12448 --- [           main] o.s.w.s.h.BeanNameUrlHandlerMapping      : Rejected bean name 'authenticationAuditListener': no URL paths identified
2020-07-12 16:33:10.149 DEBUG 12448 --- [           main] o.s.w.s.h.BeanNameUrlHandlerMapping      : Rejected bean name 'authorizationAuditListener': no URL paths identified
2020-07-12 16:33:10.150 DEBUG 12448 --- [           main] o.s.w.s.h.BeanNameUrlHandlerMapping      : Rejected bean name 'org.springframework.boot.actuate.autoconfigure.audit.AuditEventsEndpointAutoConfiguration': no URL paths identified
2020-07-12 16:33:10.150 DEBUG 12448 --- [           main] o.s.w.s.h.BeanNameUrlHandlerMapping      : Rejected bean name 'auditEventsEndpoint': no URL paths identified
2020-07-12 16:33:10.150 DEBUG 12448 --- [           main] o.s.w.s.h.BeanNameUrlHandlerMapping      : Rejected bean name 'org.springframework.boot.actuate.autoconfigure.beans.BeansEndpointAutoConfiguration': no URL paths identified
2020-07-12 16:33:10.150 DEBUG 12448 --- [           main] o.s.w.s.h.BeanNameUrlHandlerMapping      : Rejected bean name 'beansEndpoint': no URL paths identified
2020-07-12 16:33:10.150 DEBUG 12448 --- [           main] o.s.w.s.h.BeanNameUrlHandlerMapping      : Rejected bean name 'org.springframework.boot.actuate.autoconfigure.system.DiskSpaceHealthIndicatorAutoConfiguration': no URL paths identified
2020-07-12 16:33:10.151 DEBUG 12448 --- [           main] o.s.w.s.h.BeanNameUrlHandlerMapping      : Rejected bean name 'diskSpaceHealthIndicator': no URL paths identified
2020-07-12 16:33:10.151 DEBUG 12448 --- [           main] o.s.w.s.h.BeanNameUrlHandlerMapping      : Rejected bean name 'diskSpaceHealthIndicatorProperties': no URL paths identified
2020-07-12 16:33:10.151 DEBUG 12448 --- [           main] o.s.w.s.h.BeanNameUrlHandlerMapping      : Rejected bean name 'org.springframework.boot.actuate.autoconfigure.mongo.MongoHealthIndicatorAutoConfiguration': no URL paths identified
2020-07-12 16:33:10.151 DEBUG 12448 --- [           main] o.s.w.s.h.BeanNameUrlHandlerMapping      : Rejected bean name 'org.springframework.boot.actuate.autoconfigure.redis.RedisHealthIndicatorAutoConfiguration': no URL paths identified
2020-07-12 16:33:10.151 DEBUG 12448 --- [           main] o.s.w.s.h.BeanNameUrlHandlerMapping      : Rejected bean name 'org.springframework.boot.actuate.autoconfigure.jdbc.DataSourceHealthIndicatorAutoConfiguration': no URL paths identified
2020-07-12 16:33:10.152 DEBUG 12448 --- [           main] o.s.w.s.h.BeanNameUrlHandlerMapping      : Rejected bean name 'dbHealthIndicator': no URL paths identified
2020-07-12 16:33:10.152 DEBUG 12448 --- [           main] o.s.w.s.h.BeanNameUrlHandlerMapping      : Rejected bean name 'org.springframework.boot.autoconfigure.mail.MailSenderAutoConfiguration': no URL paths identified
2020-07-12 16:33:10.152 DEBUG 12448 --- [           main] o.s.w.s.h.BeanNameUrlHandlerMapping      : Rejected bean name 'mailSender': no URL paths identified
2020-07-12 16:33:10.154 DEBUG 12448 --- [           main] o.s.w.s.h.BeanNameUrlHandlerMapping      : Rejected bean name 'spring.mail-org.springframework.boot.autoconfigure.mail.MailProperties': no URL paths identified
2020-07-12 16:33:10.154 DEBUG 12448 --- [           main] o.s.w.s.h.BeanNameUrlHandlerMapping      : Rejected bean name 'org.springframework.boot.actuate.autoconfigure.mail.MailHealthIndicatorAutoConfiguration': no URL paths identified
2020-07-12 16:33:10.155 DEBUG 12448 --- [           main] o.s.w.s.h.BeanNameUrlHandlerMapping      : Rejected bean name 'mailHealthIndicator': no URL paths identified
2020-07-12 16:33:10.155 DEBUG 12448 --- [           main] o.s.w.s.h.BeanNameUrlHandlerMapping      : Rejected bean name 'org.springframework.boot.actuate.autoconfigure.elasticsearch.ElasticsearchHealthIndicatorAutoConfiguration': no URL paths identified
2020-07-12 16:33:10.155 DEBUG 12448 --- [           main] o.s.w.s.h.BeanNameUrlHandlerMapping      : Rejected bean name 'org.springframework.boot.actuate.autoconfigure.health.HealthIndicatorAutoConfiguration': no URL paths identified
2020-07-12 16:33:10.155 DEBUG 12448 --- [           main] o.s.w.s.h.BeanNameUrlHandlerMapping      : Rejected bean name 'healthAggregator': no URL paths identified
2020-07-12 16:33:10.156 DEBUG 12448 --- [           main] o.s.w.s.h.BeanNameUrlHandlerMapping      : Rejected bean name 'management.health.status-org.springframework.boot.actuate.autoconfigure.health.HealthIndicatorProperties': no URL paths identified
2020-07-12 16:33:10.156 DEBUG 12448 --- [           main] o.s.w.s.h.BeanNameUrlHandlerMapping      : Rejected bean name 'org.springframework.boot.actuate.autoconfigure.health.HealthEndpointConfiguration': no URL paths identified
2020-07-12 16:33:10.156 DEBUG 12448 --- [           main] o.s.w.s.h.BeanNameUrlHandlerMapping      : Rejected bean name 'healthEndpoint': no URL paths identified
2020-07-12 16:33:10.156 DEBUG 12448 --- [           main] o.s.w.s.h.BeanNameUrlHandlerMapping      : Rejected bean name 'org.springframework.boot.actuate.autoconfigure.health.HealthEndpointWebExtensionConfiguration$ServletWebHealthConfiguration': no URL paths identified
2020-07-12 16:33:10.156 DEBUG 12448 --- [           main] o.s.w.s.h.BeanNameUrlHandlerMapping      : Rejected bean name 'healthEndpointWebExtension': no URL paths identified
2020-07-12 16:33:10.157 DEBUG 12448 --- [           main] o.s.w.s.h.BeanNameUrlHandlerMapping      : Rejected bean name 'org.springframework.boot.actuate.autoconfigure.health.HealthEndpointWebExtensionConfiguration': no URL paths identified
2020-07-12 16:33:10.157 DEBUG 12448 --- [           main] o.s.w.s.h.BeanNameUrlHandlerMapping      : Rejected bean name 'createHealthStatusHttpMapper': no URL paths identified
2020-07-12 16:33:10.157 DEBUG 12448 --- [           main] o.s.w.s.h.BeanNameUrlHandlerMapping      : Rejected bean name 'healthWebEndpointResponseMapper': no URL paths identified
2020-07-12 16:33:10.157 DEBUG 12448 --- [           main] o.s.w.s.h.BeanNameUrlHandlerMapping      : Rejected bean name 'org.springframework.boot.actuate.autoconfigure.health.HealthEndpointAutoConfiguration': no URL paths identified
2020-07-12 16:33:10.157 DEBUG 12448 --- [           main] o.s.w.s.h.BeanNameUrlHandlerMapping      : Rejected bean name 'management.endpoint.health-org.springframework.boot.actuate.autoconfigure.health.HealthEndpointProperties': no URL paths identified
2020-07-12 16:33:10.158 DEBUG 12448 --- [           main] o.s.w.s.h.BeanNameUrlHandlerMapping      : Rejected bean name 'org.springframework.boot.actuate.autoconfigure.web.servlet.ServletManagementContextAutoConfiguration': no URL paths identified
2020-07-12 16:33:10.164 DEBUG 12448 --- [           main] o.s.w.s.h.BeanNameUrlHandlerMapping      : Rejected bean name 'servletWebChildContextFactory': no URL paths identified
2020-07-12 16:33:10.165 DEBUG 12448 --- [           main] o.s.w.s.h.BeanNameUrlHandlerMapping      : Rejected bean name 'managementServletContext': no URL paths identified
2020-07-12 16:33:10.166 DEBUG 12448 --- [           main] o.s.w.s.h.BeanNameUrlHandlerMapping      : Rejected bean name 'org.springframework.boot.actuate.autoconfigure.condition.ConditionsReportEndpointAutoConfiguration': no URL paths identified
2020-07-12 16:33:10.166 DEBUG 12448 --- [           main] o.s.w.s.h.BeanNameUrlHandlerMapping      : Rejected bean name 'conditionsReportEndpoint': no URL paths identified
2020-07-12 16:33:10.166 DEBUG 12448 --- [           main] o.s.w.s.h.BeanNameUrlHandlerMapping      : Rejected bean name 'org.springframework.boot.actuate.autoconfigure.context.ShutdownEndpointAutoConfiguration': no URL paths identified
2020-07-12 16:33:10.166 DEBUG 12448 --- [           main] o.s.w.s.h.BeanNameUrlHandlerMapping      : Rejected bean name 'shutdownEndpoint': no URL paths identified
2020-07-12 16:33:10.167 DEBUG 12448 --- [           main] o.s.w.s.h.BeanNameUrlHandlerMapping      : Rejected bean name 'org.springframework.boot.actuate.autoconfigure.context.properties.ConfigurationPropertiesReportEndpointAutoConfiguration': no URL paths identified
2020-07-12 16:33:10.167 DEBUG 12448 --- [           main] o.s.w.s.h.BeanNameUrlHandlerMapping      : Rejected bean name 'configurationPropertiesReportEndpoint': no URL paths identified
2020-07-12 16:33:10.167 DEBUG 12448 --- [           main] o.s.w.s.h.BeanNameUrlHandlerMapping      : Rejected bean name 'management.endpoint.configprops-org.springframework.boot.actuate.autoconfigure.context.properties.ConfigurationPropertiesReportEndpointProperties': no URL paths identified
2020-07-12 16:33:10.167 DEBUG 12448 --- [           main] o.s.w.s.h.BeanNameUrlHandlerMapping      : Rejected bean name 'org.springframework.boot.actuate.autoconfigure.endpoint.EndpointAutoConfiguration': no URL paths identified
2020-07-12 16:33:10.168 DEBUG 12448 --- [           main] o.s.w.s.h.BeanNameUrlHandlerMapping      : Rejected bean name 'endpointOperationParameterMapper': no URL paths identified
2020-07-12 16:33:10.168 DEBUG 12448 --- [           main] o.s.w.s.h.BeanNameUrlHandlerMapping      : Rejected bean name 'endpointCachingOperationInvokerAdvisor': no URL paths identified
2020-07-12 16:33:10.168 DEBUG 12448 --- [           main] o.s.w.s.h.BeanNameUrlHandlerMapping      : Rejected bean name 'org.springframework.boot.actuate.autoconfigure.endpoint.jmx.JmxEndpointAutoConfiguration': no URL paths identified
2020-07-12 16:33:10.168 DEBUG 12448 --- [           main] o.s.w.s.h.BeanNameUrlHandlerMapping      : Rejected bean name 'jmxAnnotationEndpointDiscoverer': no URL paths identified
2020-07-12 16:33:10.168 DEBUG 12448 --- [           main] o.s.w.s.h.BeanNameUrlHandlerMapping      : Rejected bean name 'jmxIncludeExcludePropertyEndpointFilter': no URL paths identified
2020-07-12 16:33:10.169 DEBUG 12448 --- [           main] o.s.w.s.h.BeanNameUrlHandlerMapping      : Rejected bean name 'management.endpoints.jmx-org.springframework.boot.actuate.autoconfigure.endpoint.jmx.JmxEndpointProperties': no URL paths identified
2020-07-12 16:33:10.170 DEBUG 12448 --- [           main] o.s.w.s.h.BeanNameUrlHandlerMapping      : Rejected bean name 'org.springframework.boot.actuate.autoconfigure.endpoint.web.WebEndpointAutoConfiguration$WebEndpointServletAutoConfiguration': no URL paths identified
2020-07-12 16:33:10.171 DEBUG 12448 --- [           main] o.s.w.s.h.BeanNameUrlHandlerMapping      : Rejected bean name 'servletEndpointDiscoverer': no URL paths identified
2020-07-12 16:33:10.172 DEBUG 12448 --- [           main] o.s.w.s.h.BeanNameUrlHandlerMapping      : Rejected bean name 'org.springframework.boot.actuate.autoconfigure.endpoint.web.WebEndpointAutoConfiguration': no URL paths identified
2020-07-12 16:33:10.173 DEBUG 12448 --- [           main] o.s.w.s.h.BeanNameUrlHandlerMapping      : Rejected bean name 'webEndpointPathMapper': no URL paths identified
2020-07-12 16:33:10.173 DEBUG 12448 --- [           main] o.s.w.s.h.BeanNameUrlHandlerMapping      : Rejected bean name 'endpointMediaTypes': no URL paths identified
2020-07-12 16:33:10.173 DEBUG 12448 --- [           main] o.s.w.s.h.BeanNameUrlHandlerMapping      : Rejected bean name 'webEndpointDiscoverer': no URL paths identified
2020-07-12 16:33:10.174 DEBUG 12448 --- [           main] o.s.w.s.h.BeanNameUrlHandlerMapping      : Rejected bean name 'controllerEndpointDiscoverer': no URL paths identified
2020-07-12 16:33:10.175 DEBUG 12448 --- [           main] o.s.w.s.h.BeanNameUrlHandlerMapping      : Rejected bean name 'pathMappedEndpoints': no URL paths identified
2020-07-12 16:33:10.175 DEBUG 12448 --- [           main] o.s.w.s.h.BeanNameUrlHandlerMapping      : Rejected bean name 'webExposeExcludePropertyEndpointFilter': no URL paths identified
2020-07-12 16:33:10.185 DEBUG 12448 --- [           main] o.s.w.s.h.BeanNameUrlHandlerMapping      : Rejected bean name 'controllerExposeExcludePropertyEndpointFilter': no URL paths identified
2020-07-12 16:33:10.186 DEBUG 12448 --- [           main] o.s.w.s.h.BeanNameUrlHandlerMapping      : Rejected bean name 'management.endpoints.web-org.springframework.boot.actuate.autoconfigure.endpoint.web.WebEndpointProperties': no URL paths identified
2020-07-12 16:33:10.186 DEBUG 12448 --- [           main] o.s.w.s.h.BeanNameUrlHandlerMapping      : Rejected bean name 'org.springframework.boot.actuate.autoconfigure.env.EnvironmentEndpointAutoConfiguration': no URL paths identified
2020-07-12 16:33:10.186 DEBUG 12448 --- [           main] o.s.w.s.h.BeanNameUrlHandlerMapping      : Rejected bean name 'environmentEndpoint': no URL paths identified
2020-07-12 16:33:10.186 DEBUG 12448 --- [           main] o.s.w.s.h.BeanNameUrlHandlerMapping      : Rejected bean name 'environmentWebEndpointExtension': no URL paths identified
2020-07-12 16:33:10.186 DEBUG 12448 --- [           main] o.s.w.s.h.BeanNameUrlHandlerMapping      : Rejected bean name 'management.endpoint.env-org.springframework.boot.actuate.autoconfigure.env.EnvironmentEndpointProperties': no URL paths identified
2020-07-12 16:33:10.186 DEBUG 12448 --- [           main] o.s.w.s.h.BeanNameUrlHandlerMapping      : Rejected bean name 'org.springframework.boot.autoconfigure.cache.SimpleCacheConfiguration': no URL paths identified
2020-07-12 16:33:10.186 DEBUG 12448 --- [           main] o.s.w.s.h.BeanNameUrlHandlerMapping      : Rejected bean name 'cacheManager': no URL paths identified
2020-07-12 16:33:10.186 DEBUG 12448 --- [           main] o.s.w.s.h.BeanNameUrlHandlerMapping      : Rejected bean name 'org.springframework.boot.autoconfigure.cache.CacheAutoConfiguration': no URL paths identified
2020-07-12 16:33:10.186 DEBUG 12448 --- [           main] o.s.w.s.h.BeanNameUrlHandlerMapping      : Rejected bean name 'cacheManagerCustomizers': no URL paths identified
2020-07-12 16:33:10.186 DEBUG 12448 --- [           main] o.s.w.s.h.BeanNameUrlHandlerMapping      : Rejected bean name 'cacheAutoConfigurationValidatorPostProcessor': no URL paths identified
2020-07-12 16:33:10.186 DEBUG 12448 --- [           main] o.s.w.s.h.BeanNameUrlHandlerMapping      : Rejected bean name 'cacheAutoConfigurationValidator': no URL paths identified
2020-07-12 16:33:10.187 DEBUG 12448 --- [           main] o.s.w.s.h.BeanNameUrlHandlerMapping      : Rejected bean name 'spring.cache-org.springframework.boot.autoconfigure.cache.CacheProperties': no URL paths identified
2020-07-12 16:33:10.187 DEBUG 12448 --- [           main] o.s.w.s.h.BeanNameUrlHandlerMapping      : Rejected bean name 'org.springframework.boot.autoconfigure.orm.jpa.JpaBaseConfiguration$JpaWebConfiguration$JpaWebMvcConfiguration': no URL paths identified
2020-07-12 16:33:10.187 DEBUG 12448 --- [           main] o.s.w.s.h.BeanNameUrlHandlerMapping      : Rejected bean name 'openEntityManagerInViewInterceptor': no URL paths identified
2020-07-12 16:33:10.187 DEBUG 12448 --- [           main] o.s.w.s.h.BeanNameUrlHandlerMapping      : Rejected bean name 'org.springframework.boot.autoconfigure.orm.jpa.JpaBaseConfiguration$JpaWebConfiguration': no URL paths identified
2020-07-12 16:33:10.187 DEBUG 12448 --- [           main] o.s.w.s.h.BeanNameUrlHandlerMapping      : Rejected bean name 'org.springframework.boot.autoconfigure.orm.jpa.HibernateJpaConfiguration': no URL paths identified
2020-07-12 16:33:10.187 DEBUG 12448 --- [           main] o.s.w.s.h.BeanNameUrlHandlerMapping      : Rejected bean name 'transactionManager': no URL paths identified
2020-07-12 16:33:10.187 DEBUG 12448 --- [           main] o.s.w.s.h.BeanNameUrlHandlerMapping      : Rejected bean name 'jpaVendorAdapter': no URL paths identified
2020-07-12 16:33:10.187 DEBUG 12448 --- [           main] o.s.w.s.h.BeanNameUrlHandlerMapping      : Rejected bean name 'entityManagerFactoryBuilder': no URL paths identified
2020-07-12 16:33:10.187 DEBUG 12448 --- [           main] o.s.w.s.h.BeanNameUrlHandlerMapping      : Rejected bean name 'entityManagerFactory': no URL paths identified
2020-07-12 16:33:10.187 DEBUG 12448 --- [           main] o.s.w.s.h.BeanNameUrlHandlerMapping      : Rejected bean name 'spring.jpa-org.springframework.boot.autoconfigure.orm.jpa.JpaProperties': no URL paths identified
2020-07-12 16:33:10.187 DEBUG 12448 --- [           main] o.s.w.s.h.BeanNameUrlHandlerMapping      : Rejected bean name 'dataSourceInitializedPublisher': no URL paths identified
2020-07-12 16:33:10.188 DEBUG 12448 --- [           main] o.s.w.s.h.BeanNameUrlHandlerMapping      : Rejected bean name 'org.springframework.boot.autoconfigure.orm.jpa.HibernateJpaAutoConfiguration': no URL paths identified
2020-07-12 16:33:10.188 DEBUG 12448 --- [           main] o.s.w.s.h.BeanNameUrlHandlerMapping      : Rejected bean name 'org.springframework.boot.autoconfigure.info.ProjectInfoAutoConfiguration': no URL paths identified
2020-07-12 16:33:10.188 DEBUG 12448 --- [           main] o.s.w.s.h.BeanNameUrlHandlerMapping      : Rejected bean name 'spring.info-org.springframework.boot.autoconfigure.info.ProjectInfoProperties': no URL paths identified
2020-07-12 16:33:10.188 DEBUG 12448 --- [           main] o.s.w.s.h.BeanNameUrlHandlerMapping      : Rejected bean name 'org.springframework.boot.actuate.autoconfigure.info.InfoContributorAutoConfiguration': no URL paths identified
2020-07-12 16:33:10.188 DEBUG 12448 --- [           main] o.s.w.s.h.BeanNameUrlHandlerMapping      : Rejected bean name 'envInfoContributor': no URL paths identified
2020-07-12 16:33:10.188 DEBUG 12448 --- [           main] o.s.w.s.h.BeanNameUrlHandlerMapping      : Rejected bean name 'management.info-org.springframework.boot.actuate.autoconfigure.info.InfoContributorProperties': no URL paths identified
2020-07-12 16:33:10.188 DEBUG 12448 --- [           main] o.s.w.s.h.BeanNameUrlHandlerMapping      : Rejected bean name 'org.springframework.boot.actuate.autoconfigure.info.InfoEndpointAutoConfiguration': no URL paths identified
2020-07-12 16:33:10.189 DEBUG 12448 --- [           main] o.s.w.s.h.BeanNameUrlHandlerMapping      : Rejected bean name 'infoEndpoint': no URL paths identified
2020-07-12 16:33:10.189 DEBUG 12448 --- [           main] o.s.w.s.h.BeanNameUrlHandlerMapping      : Rejected bean name 'org.springframework.boot.actuate.autoconfigure.logging.LogFileWebEndpointAutoConfiguration': no URL paths identified
2020-07-12 16:33:10.189 DEBUG 12448 --- [           main] o.s.w.s.h.BeanNameUrlHandlerMapping      : Rejected bean name 'logFileWebEndpoint': no URL paths identified
2020-07-12 16:33:10.189 DEBUG 12448 --- [           main] o.s.w.s.h.BeanNameUrlHandlerMapping      : Rejected bean name 'management.endpoint.logfile-org.springframework.boot.actuate.autoconfigure.logging.LogFileWebEndpointProperties': no URL paths identified
2020-07-12 16:33:10.189 DEBUG 12448 --- [           main] o.s.w.s.h.BeanNameUrlHandlerMapping      : Rejected bean name 'org.springframework.boot.actuate.autoconfigure.logging.LoggersEndpointAutoConfiguration': no URL paths identified
2020-07-12 16:33:10.189 DEBUG 12448 --- [           main] o.s.w.s.h.BeanNameUrlHandlerMapping      : Rejected bean name 'loggersEndpoint': no URL paths identified
2020-07-12 16:33:10.189 DEBUG 12448 --- [           main] o.s.w.s.h.BeanNameUrlHandlerMapping      : Rejected bean name 'org.springframework.boot.actuate.autoconfigure.management.HeapDumpWebEndpointAutoConfiguration': no URL paths identified
2020-07-12 16:33:10.190 DEBUG 12448 --- [           main] o.s.w.s.h.BeanNameUrlHandlerMapping      : Rejected bean name 'heapDumpWebEndpoint': no URL paths identified
2020-07-12 16:33:10.190 DEBUG 12448 --- [           main] o.s.w.s.h.BeanNameUrlHandlerMapping      : Rejected bean name 'org.springframework.boot.actuate.autoconfigure.management.ThreadDumpEndpointAutoConfiguration': no URL paths identified
2020-07-12 16:33:10.190 DEBUG 12448 --- [           main] o.s.w.s.h.BeanNameUrlHandlerMapping      : Rejected bean name 'dumpEndpoint': no URL paths identified
2020-07-12 16:33:10.190 DEBUG 12448 --- [           main] o.s.w.s.h.BeanNameUrlHandlerMapping      : Rejected bean name 'org.springframework.boot.actuate.autoconfigure.metrics.MetricsAutoConfiguration$MeterBindersConfiguration': no URL paths identified
2020-07-12 16:33:10.190 DEBUG 12448 --- [           main] o.s.w.s.h.BeanNameUrlHandlerMapping      : Rejected bean name 'logbackMetrics': no URL paths identified
2020-07-12 16:33:10.191 DEBUG 12448 --- [           main] o.s.w.s.h.BeanNameUrlHandlerMapping      : Rejected bean name 'uptimeMetrics': no URL paths identified
2020-07-12 16:33:10.192 DEBUG 12448 --- [           main] o.s.w.s.h.BeanNameUrlHandlerMapping      : Rejected bean name 'processorMetrics': no URL paths identified
2020-07-12 16:33:10.192 DEBUG 12448 --- [           main] o.s.w.s.h.BeanNameUrlHandlerMapping      : Rejected bean name 'fileDescriptorMetrics': no URL paths identified
2020-07-12 16:33:10.192 DEBUG 12448 --- [           main] o.s.w.s.h.BeanNameUrlHandlerMapping      : Rejected bean name 'org.springframework.boot.actuate.autoconfigure.metrics.MetricsAutoConfiguration$JvmMeterBindersConfiguration': no URL paths identified
2020-07-12 16:33:10.194 DEBUG 12448 --- [           main] o.s.w.s.h.BeanNameUrlHandlerMapping      : Rejected bean name 'jvmGcMetrics': no URL paths identified
2020-07-12 16:33:10.194 DEBUG 12448 --- [           main] o.s.w.s.h.BeanNameUrlHandlerMapping      : Rejected bean name 'jvmMemoryMetrics': no URL paths identified
2020-07-12 16:33:10.195 DEBUG 12448 --- [           main] o.s.w.s.h.BeanNameUrlHandlerMapping      : Rejected bean name 'jvmThreadMetrics': no URL paths identified
2020-07-12 16:33:10.195 DEBUG 12448 --- [           main] o.s.w.s.h.BeanNameUrlHandlerMapping      : Rejected bean name 'classLoaderMetrics': no URL paths identified
2020-07-12 16:33:10.195 DEBUG 12448 --- [           main] o.s.w.s.h.BeanNameUrlHandlerMapping      : Rejected bean name 'org.springframework.boot.actuate.autoconfigure.metrics.MetricsAutoConfiguration': no URL paths identified
2020-07-12 16:33:10.195 DEBUG 12448 --- [           main] o.s.w.s.h.BeanNameUrlHandlerMapping      : Rejected bean name 'micrometerClock': no URL paths identified
2020-07-12 16:33:10.196 DEBUG 12448 --- [           main] o.s.w.s.h.BeanNameUrlHandlerMapping      : Rejected bean name 'meterRegistryPostProcessor': no URL paths identified
2020-07-12 16:33:10.196 DEBUG 12448 --- [           main] o.s.w.s.h.BeanNameUrlHandlerMapping      : Rejected bean name 'propertiesMeterFilter': no URL paths identified
2020-07-12 16:33:10.196 DEBUG 12448 --- [           main] o.s.w.s.h.BeanNameUrlHandlerMapping      : Rejected bean name 'management.metrics-org.springframework.boot.actuate.autoconfigure.metrics.MetricsProperties': no URL paths identified
2020-07-12 16:33:10.196 DEBUG 12448 --- [           main] o.s.w.s.h.BeanNameUrlHandlerMapping      : Rejected bean name 'org.springframework.boot.actuate.autoconfigure.metrics.export.simple.SimpleMetricsExportAutoConfiguration': no URL paths identified
2020-07-12 16:33:10.196 DEBUG 12448 --- [           main] o.s.w.s.h.BeanNameUrlHandlerMapping      : Rejected bean name 'simpleMeterRegistry': no URL paths identified
2020-07-12 16:33:10.197 DEBUG 12448 --- [           main] o.s.w.s.h.BeanNameUrlHandlerMapping      : Rejected bean name 'simpleConfig': no URL paths identified
2020-07-12 16:33:10.197 DEBUG 12448 --- [           main] o.s.w.s.h.BeanNameUrlHandlerMapping      : Rejected bean name 'management.metrics.export.simple-org.springframework.boot.actuate.autoconfigure.metrics.export.simple.SimpleProperties': no URL paths identified
2020-07-12 16:33:10.197 DEBUG 12448 --- [           main] o.s.w.s.h.BeanNameUrlHandlerMapping      : Rejected bean name 'org.springframework.boot.actuate.autoconfigure.metrics.CompositeMeterRegistryAutoConfiguration': no URL paths identified
2020-07-12 16:33:10.197 DEBUG 12448 --- [           main] o.s.w.s.h.BeanNameUrlHandlerMapping      : Rejected bean name 'org.springframework.boot.actuate.autoconfigure.metrics.MetricsEndpointAutoConfiguration': no URL paths identified
2020-07-12 16:33:10.197 DEBUG 12448 --- [           main] o.s.w.s.h.BeanNameUrlHandlerMapping      : Rejected bean name 'metricsEndpoint': no URL paths identified
2020-07-12 16:33:10.197 DEBUG 12448 --- [           main] o.s.w.s.h.BeanNameUrlHandlerMapping      : Rejected bean name 'org.springframework.boot.actuate.autoconfigure.metrics.cache.CacheMeterBinderProvidersConfiguration': no URL paths identified
2020-07-12 16:33:10.197 DEBUG 12448 --- [           main] o.s.w.s.h.BeanNameUrlHandlerMapping      : Rejected bean name 'org.springframework.boot.actuate.autoconfigure.metrics.cache.CacheMetricsAutoConfiguration': no URL paths identified
2020-07-12 16:33:10.198 DEBUG 12448 --- [           main] o.s.w.s.h.BeanNameUrlHandlerMapping      : Rejected bean name 'org.springframework.boot.actuate.autoconfigure.metrics.jdbc.DataSourcePoolMetricsAutoConfiguration$HikariDataSourceMetricsConfiguration': no URL paths identified
2020-07-12 16:33:10.198 DEBUG 12448 --- [           main] o.s.w.s.h.BeanNameUrlHandlerMapping      : Rejected bean name 'hikariDataSourceMetricsPostProcessor': no URL paths identified
2020-07-12 16:33:10.198 DEBUG 12448 --- [           main] o.s.w.s.h.BeanNameUrlHandlerMapping      : Rejected bean name 'org.springframework.boot.actuate.autoconfigure.metrics.jdbc.DataSourcePoolMetricsAutoConfiguration': no URL paths identified
2020-07-12 16:33:10.198 DEBUG 12448 --- [           main] o.s.w.s.h.BeanNameUrlHandlerMapping      : Rejected bean name 'org.springframework.boot.autoconfigure.http.HttpMessageConvertersAutoConfiguration$StringHttpMessageConverterConfiguration': no URL paths identified
2020-07-12 16:33:10.198 DEBUG 12448 --- [           main] o.s.w.s.h.BeanNameUrlHandlerMapping      : Rejected bean name 'stringHttpMessageConverter': no URL paths identified
2020-07-12 16:33:10.198 DEBUG 12448 --- [           main] o.s.w.s.h.BeanNameUrlHandlerMapping      : Rejected bean name 'spring.http.encoding-org.springframework.boot.autoconfigure.http.HttpEncodingProperties': no URL paths identified
2020-07-12 16:33:10.199 DEBUG 12448 --- [           main] o.s.w.s.h.BeanNameUrlHandlerMapping      : Rejected bean name 'org.springframework.boot.autoconfigure.http.JacksonHttpMessageConvertersConfiguration$MappingJackson2HttpMessageConverterConfiguration': no URL paths identified
2020-07-12 16:33:10.199 DEBUG 12448 --- [           main] o.s.w.s.h.BeanNameUrlHandlerMapping      : Rejected bean name 'mappingJackson2HttpMessageConverter': no URL paths identified
2020-07-12 16:33:10.199 DEBUG 12448 --- [           main] o.s.w.s.h.BeanNameUrlHandlerMapping      : Rejected bean name 'org.springframework.boot.autoconfigure.http.JacksonHttpMessageConvertersConfiguration': no URL paths identified
2020-07-12 16:33:10.199 DEBUG 12448 --- [           main] o.s.w.s.h.BeanNameUrlHandlerMapping      : Rejected bean name 'org.springframework.boot.autoconfigure.http.HttpMessageConvertersAutoConfiguration': no URL paths identified
2020-07-12 16:33:10.199 DEBUG 12448 --- [           main] o.s.w.s.h.BeanNameUrlHandlerMapping      : Rejected bean name 'messageConverters': no URL paths identified
2020-07-12 16:33:10.200 DEBUG 12448 --- [           main] o.s.w.s.h.BeanNameUrlHandlerMapping      : Rejected bean name 'org.springframework.boot.autoconfigure.web.client.RestTemplateAutoConfiguration': no URL paths identified
2020-07-12 16:33:10.200 DEBUG 12448 --- [           main] o.s.w.s.h.BeanNameUrlHandlerMapping      : Rejected bean name 'restTemplateBuilder': no URL paths identified
2020-07-12 16:33:10.200 DEBUG 12448 --- [           main] o.s.w.s.h.BeanNameUrlHandlerMapping      : Rejected bean name 'org.springframework.boot.actuate.autoconfigure.metrics.web.client.RestTemplateMetricsAutoConfiguration': no URL paths identified
2020-07-12 16:33:10.200 DEBUG 12448 --- [           main] o.s.w.s.h.BeanNameUrlHandlerMapping      : Rejected bean name 'restTemplateTagConfigurer': no URL paths identified
2020-07-12 16:33:10.200 DEBUG 12448 --- [           main] o.s.w.s.h.BeanNameUrlHandlerMapping      : Rejected bean name 'metricsRestTemplateCustomizer': no URL paths identified
2020-07-12 16:33:10.201 DEBUG 12448 --- [           main] o.s.w.s.h.BeanNameUrlHandlerMapping      : Rejected bean name 'metricsWebClientUriTagFilter': no URL paths identified
2020-07-12 16:33:10.202 DEBUG 12448 --- [           main] o.s.w.s.h.BeanNameUrlHandlerMapping      : Rejected bean name 'org.springframework.boot.actuate.autoconfigure.metrics.web.servlet.WebMvcMetricsAutoConfiguration': no URL paths identified
2020-07-12 16:33:10.202 DEBUG 12448 --- [           main] o.s.w.s.h.BeanNameUrlHandlerMapping      : Rejected bean name 'webMvcTagsProvider': no URL paths identified
2020-07-12 16:33:10.202 DEBUG 12448 --- [           main] o.s.w.s.h.BeanNameUrlHandlerMapping      : Rejected bean name 'webMvcMetricsFilter': no URL paths identified
2020-07-12 16:33:10.202 DEBUG 12448 --- [           main] o.s.w.s.h.BeanNameUrlHandlerMapping      : Rejected bean name 'org.springframework.boot.actuate.autoconfigure.metrics.web.tomcat.TomcatMetricsAutoConfiguration': no URL paths identified
2020-07-12 16:33:10.202 DEBUG 12448 --- [           main] o.s.w.s.h.BeanNameUrlHandlerMapping      : Rejected bean name 'tomcatMetrics': no URL paths identified
2020-07-12 16:33:10.202 DEBUG 12448 --- [           main] o.s.w.s.h.BeanNameUrlHandlerMapping      : Rejected bean name 'contextCapturingServletTomcatCustomizer': no URL paths identified
2020-07-12 16:33:10.202 DEBUG 12448 --- [           main] o.s.w.s.h.BeanNameUrlHandlerMapping      : Rejected bean name 'org.springframework.boot.actuate.autoconfigure.scheduling.ScheduledTasksEndpointAutoConfiguration': no URL paths identified
2020-07-12 16:33:10.203 DEBUG 12448 --- [           main] o.s.w.s.h.BeanNameUrlHandlerMapping      : Rejected bean name 'scheduledTasksEndpoint': no URL paths identified
2020-07-12 16:33:10.203 DEBUG 12448 --- [           main] o.s.w.s.h.BeanNameUrlHandlerMapping      : Rejected bean name 'org.springframework.boot.actuate.autoconfigure.trace.http.HttpTraceAutoConfiguration$ServletTraceFilterConfiguration': no URL paths identified
2020-07-12 16:33:10.203 DEBUG 12448 --- [           main] o.s.w.s.h.BeanNameUrlHandlerMapping      : Rejected bean name 'httpTraceFilter': no URL paths identified
2020-07-12 16:33:10.203 DEBUG 12448 --- [           main] o.s.w.s.h.BeanNameUrlHandlerMapping      : Rejected bean name 'org.springframework.boot.actuate.autoconfigure.trace.http.HttpTraceAutoConfiguration': no URL paths identified
2020-07-12 16:33:10.203 DEBUG 12448 --- [           main] o.s.w.s.h.BeanNameUrlHandlerMapping      : Rejected bean name 'traceRepository': no URL paths identified
2020-07-12 16:33:10.203 DEBUG 12448 --- [           main] o.s.w.s.h.BeanNameUrlHandlerMapping      : Rejected bean name 'httpExchangeTracer': no URL paths identified
2020-07-12 16:33:10.203 DEBUG 12448 --- [           main] o.s.w.s.h.BeanNameUrlHandlerMapping      : Rejected bean name 'management.trace.http-org.springframework.boot.actuate.autoconfigure.trace.http.HttpTraceProperties': no URL paths identified
2020-07-12 16:33:10.203 DEBUG 12448 --- [           main] o.s.w.s.h.BeanNameUrlHandlerMapping      : Rejected bean name 'org.springframework.boot.actuate.autoconfigure.trace.http.HttpTraceEndpointAutoConfiguration': no URL paths identified
2020-07-12 16:33:10.204 DEBUG 12448 --- [           main] o.s.w.s.h.BeanNameUrlHandlerMapping      : Rejected bean name 'httpTraceEndpoint': no URL paths identified
2020-07-12 16:33:10.204 DEBUG 12448 --- [           main] o.s.w.s.h.BeanNameUrlHandlerMapping      : Rejected bean name 'org.springframework.boot.actuate.autoconfigure.web.mappings.MappingsEndpointAutoConfiguration$ServletWebConfiguration$SpringMvcConfiguration': no URL paths identified
2020-07-12 16:33:10.204 DEBUG 12448 --- [           main] o.s.w.s.h.BeanNameUrlHandlerMapping      : Rejected bean name 'dispatcherServletMappingDescriptionProvider': no URL paths identified
2020-07-12 16:33:10.204 DEBUG 12448 --- [           main] o.s.w.s.h.BeanNameUrlHandlerMapping      : Rejected bean name 'org.springframework.boot.actuate.autoconfigure.web.mappings.MappingsEndpointAutoConfiguration$ServletWebConfiguration': no URL paths identified
2020-07-12 16:33:10.204 DEBUG 12448 --- [           main] o.s.w.s.h.BeanNameUrlHandlerMapping      : Rejected bean name 'servletMappingDescriptionProvider': no URL paths identified
2020-07-12 16:33:10.204 DEBUG 12448 --- [           main] o.s.w.s.h.BeanNameUrlHandlerMapping      : Rejected bean name 'filterMappingDescriptionProvider': no URL paths identified
2020-07-12 16:33:10.204 DEBUG 12448 --- [           main] o.s.w.s.h.BeanNameUrlHandlerMapping      : Rejected bean name 'org.springframework.boot.actuate.autoconfigure.web.mappings.MappingsEndpointAutoConfiguration': no URL paths identified
2020-07-12 16:33:10.205 DEBUG 12448 --- [           main] o.s.w.s.h.BeanNameUrlHandlerMapping      : Rejected bean name 'mappingsEndpoint': no URL paths identified
2020-07-12 16:33:10.205 DEBUG 12448 --- [           main] o.s.w.s.h.BeanNameUrlHandlerMapping      : Rejected bean name 'org.springframework.boot.autoconfigure.aop.AopAutoConfiguration$CglibAutoProxyConfiguration': no URL paths identified
2020-07-12 16:33:10.205 DEBUG 12448 --- [           main] o.s.w.s.h.BeanNameUrlHandlerMapping      : Rejected bean name 'org.springframework.boot.autoconfigure.aop.AopAutoConfiguration': no URL paths identified
2020-07-12 16:33:10.206 DEBUG 12448 --- [           main] o.s.w.s.h.BeanNameUrlHandlerMapping      : Rejected bean name 'org.springframework.boot.autoconfigure.context.ConfigurationPropertiesAutoConfiguration': no URL paths identified
2020-07-12 16:33:10.206 DEBUG 12448 --- [           main] o.s.w.s.h.BeanNameUrlHandlerMapping      : Rejected bean name 'org.springframework.boot.autoconfigure.dao.PersistenceExceptionTranslationAutoConfiguration': no URL paths identified
2020-07-12 16:33:10.206 DEBUG 12448 --- [           main] o.s.w.s.h.BeanNameUrlHandlerMapping      : Rejected bean name 'persistenceExceptionTranslationPostProcessor': no URL paths identified
2020-07-12 16:33:10.206 DEBUG 12448 --- [           main] o.s.w.s.h.BeanNameUrlHandlerMapping      : Rejected bean name 'org.springframework.boot.autoconfigure.data.jpa.JpaRepositoriesAutoConfiguration': no URL paths identified
2020-07-12 16:33:10.206 DEBUG 12448 --- [           main] o.s.w.s.h.BeanNameUrlHandlerMapping      : Rejected bean name 'emBeanDefinitionRegistrarPostProcessor': no URL paths identified
2020-07-12 16:33:10.206 DEBUG 12448 --- [           main] o.s.w.s.h.BeanNameUrlHandlerMapping      : Rejected bean name 'jpaContext': no URL paths identified
2020-07-12 16:33:10.206 DEBUG 12448 --- [           main] o.s.w.s.h.BeanNameUrlHandlerMapping      : Rejected bean name 'vetRepository': no URL paths identified
2020-07-12 16:33:10.206 DEBUG 12448 --- [           main] o.s.w.s.h.BeanNameUrlHandlerMapping      : Rejected bean name 'org.springframework.hateoas.config.HateoasConfiguration': no URL paths identified
2020-07-12 16:33:10.206 DEBUG 12448 --- [           main] o.s.w.s.h.BeanNameUrlHandlerMapping      : Rejected bean name 'linkRelationMessageSource': no URL paths identified
2020-07-12 16:33:10.206 DEBUG 12448 --- [           main] o.s.w.s.h.BeanNameUrlHandlerMapping      : Rejected bean name 'org.springframework.data.web.config.SpringDataJacksonConfiguration': no URL paths identified
2020-07-12 16:33:10.206 DEBUG 12448 --- [           main] o.s.w.s.h.BeanNameUrlHandlerMapping      : Rejected bean name 'jacksonGeoModule': no URL paths identified
2020-07-12 16:33:10.206 DEBUG 12448 --- [           main] o.s.w.s.h.BeanNameUrlHandlerMapping      : Rejected bean name 'org.springframework.data.rest.webmvc.config.RepositoryRestMvcConfiguration': no URL paths identified
2020-07-12 16:33:10.206 DEBUG 12448 --- [           main] o.s.w.s.h.BeanNameUrlHandlerMapping      : Rejected bean name 'repositories': no URL paths identified
2020-07-12 16:33:10.207 DEBUG 12448 --- [           main] o.s.w.s.h.BeanNameUrlHandlerMapping      : Rejected bean name 'repositoryRelProvider': no URL paths identified
2020-07-12 16:33:10.207 DEBUG 12448 --- [           main] o.s.w.s.h.BeanNameUrlHandlerMapping      : Rejected bean name 'persistentEntities': no URL paths identified
2020-07-12 16:33:10.207 DEBUG 12448 --- [           main] o.s.w.s.h.BeanNameUrlHandlerMapping      : Rejected bean name 'defaultConversionService': no URL paths identified
2020-07-12 16:33:10.207 DEBUG 12448 --- [           main] o.s.w.s.h.BeanNameUrlHandlerMapping      : Rejected bean name 'validatingRepositoryEventListener': no URL paths identified
2020-07-12 16:33:10.207 DEBUG 12448 --- [           main] o.s.w.s.h.BeanNameUrlHandlerMapping      : Rejected bean name 'jpaHelper': no URL paths identified
2020-07-12 16:33:10.207 DEBUG 12448 --- [           main] o.s.w.s.h.BeanNameUrlHandlerMapping      : Rejected bean name 'repositoryRestConfiguration': no URL paths identified
2020-07-12 16:33:10.207 DEBUG 12448 --- [           main] o.s.w.s.h.BeanNameUrlHandlerMapping      : Rejected bean name 'projectionDefinitionRegistrar': no URL paths identified
2020-07-12 16:33:10.208 DEBUG 12448 --- [           main] o.s.w.s.h.BeanNameUrlHandlerMapping      : Rejected bean name 'metadataConfiguration': no URL paths identified
2020-07-12 16:33:10.209 DEBUG 12448 --- [           main] o.s.w.s.h.BeanNameUrlHandlerMapping      : Rejected bean name 'baseUri': no URL paths identified
2020-07-12 16:33:10.209 DEBUG 12448 --- [           main] o.s.w.s.h.BeanNameUrlHandlerMapping      : Rejected bean name 'annotatedEventHandlerInvoker': no URL paths identified
2020-07-12 16:33:10.209 DEBUG 12448 --- [           main] o.s.w.s.h.BeanNameUrlHandlerMapping      : Rejected bean name 'domainObjectMerger': no URL paths identified
2020-07-12 16:33:10.209 DEBUG 12448 --- [           main] o.s.w.s.h.BeanNameUrlHandlerMapping      : Rejected bean name 'serverHttpRequestMethodArgumentResolver': no URL paths identified
2020-07-12 16:33:10.210 DEBUG 12448 --- [           main] o.s.w.s.h.BeanNameUrlHandlerMapping      : Rejected bean name 'repoRequestArgumentResolver': no URL paths identified
2020-07-12 16:33:10.210 DEBUG 12448 --- [           main] o.s.w.s.h.BeanNameUrlHandlerMapping      : Rejected bean name 'resourceMetadataHandlerMethodArgumentResolver': no URL paths identified
2020-07-12 16:33:10.210 DEBUG 12448 --- [           main] o.s.w.s.h.BeanNameUrlHandlerMapping      : Rejected bean name 'backendIdHandlerMethodArgumentResolver': no URL paths identified
2020-07-12 16:33:10.210 DEBUG 12448 --- [           main] o.s.w.s.h.BeanNameUrlHandlerMapping      : Rejected bean name 'eTagArgumentResolver': no URL paths identified
2020-07-12 16:33:10.210 DEBUG 12448 --- [           main] o.s.w.s.h.BeanNameUrlHandlerMapping      : Rejected bean name 'entityLinks': no URL paths identified
2020-07-12 16:33:10.210 DEBUG 12448 --- [           main] o.s.w.s.h.BeanNameUrlHandlerMapping      : Rejected bean name 'persistentEntityArgumentResolver': no URL paths identified
2020-07-12 16:33:10.210 DEBUG 12448 --- [           main] o.s.w.s.h.BeanNameUrlHandlerMapping      : Rejected bean name 'jsonSchemaConverter': no URL paths identified
2020-07-12 16:33:10.210 DEBUG 12448 --- [           main] o.s.w.s.h.BeanNameUrlHandlerMapping      : Rejected bean name 'resourceDescriptionMessageSourceAccessor': no URL paths identified
2020-07-12 16:33:10.210 DEBUG 12448 --- [           main] o.s.w.s.h.BeanNameUrlHandlerMapping      : Rejected bean name 'objectMapper': no URL paths identified
2020-07-12 16:33:10.211 DEBUG 12448 --- [           main] o.s.w.s.h.BeanNameUrlHandlerMapping      : Rejected bean name 'jacksonHttpMessageConverter': no URL paths identified
2020-07-12 16:33:10.211 DEBUG 12448 --- [           main] o.s.w.s.h.BeanNameUrlHandlerMapping      : Rejected bean name 'halJacksonHttpMessageConverter': no URL paths identified
2020-07-12 16:33:10.212 DEBUG 12448 --- [           main] o.s.w.s.h.BeanNameUrlHandlerMapping      : Rejected bean name 'halObjectMapper': no URL paths identified
2020-07-12 16:33:10.212 DEBUG 12448 --- [           main] o.s.w.s.h.BeanNameUrlHandlerMapping      : Rejected bean name 'uriListHttpMessageConverter': no URL paths identified
2020-07-12 16:33:10.212 DEBUG 12448 --- [           main] o.s.w.s.h.BeanNameUrlHandlerMapping      : Rejected bean name 'resourceProcessorInvoker': no URL paths identified
2020-07-12 16:33:10.212 DEBUG 12448 --- [           main] o.s.w.s.h.BeanNameUrlHandlerMapping      : Rejected bean name 'repositoryExporterHandlerAdapter': no URL paths identified
2020-07-12 16:33:10.212 DEBUG 12448 --- [           main] o.s.w.s.h.BeanNameUrlHandlerMapping      : Rejected bean name 'restHandlerMapping': no URL paths identified
2020-07-12 16:33:10.212 DEBUG 12448 --- [           main] o.s.w.s.h.BeanNameUrlHandlerMapping      : Rejected bean name 'resourceMappings': no URL paths identified
2020-07-12 16:33:10.212 DEBUG 12448 --- [           main] o.s.w.s.h.BeanNameUrlHandlerMapping      : Rejected bean name 'linkCollector': no URL paths identified
2020-07-12 16:33:10.212 DEBUG 12448 --- [           main] o.s.w.s.h.BeanNameUrlHandlerMapping      : Rejected bean name 'excerptProjector': no URL paths identified
2020-07-12 16:33:10.212 DEBUG 12448 --- [           main] o.s.w.s.h.BeanNameUrlHandlerMapping      : Rejected bean name 'repositoryRestExceptionHandler': no URL paths identified
2020-07-12 16:33:10.212 DEBUG 12448 --- [           main] o.s.w.s.h.BeanNameUrlHandlerMapping      : Rejected bean name 'repositoryInvokerFactory': no URL paths identified
2020-07-12 16:33:10.212 DEBUG 12448 --- [           main] o.s.w.s.h.BeanNameUrlHandlerMapping      : Rejected bean name 'defaultMessageConverters': no URL paths identified
2020-07-12 16:33:10.212 DEBUG 12448 --- [           main] o.s.w.s.h.BeanNameUrlHandlerMapping      : Rejected bean name 'alpsJsonHttpMessageConverter': no URL paths identified
2020-07-12 16:33:10.212 DEBUG 12448 --- [           main] o.s.w.s.h.BeanNameUrlHandlerMapping      : Rejected bean name 'pageableResolver': no URL paths identified
2020-07-12 16:33:10.213 DEBUG 12448 --- [           main] o.s.w.s.h.BeanNameUrlHandlerMapping      : Rejected bean name 'sortResolver': no URL paths identified
2020-07-12 16:33:10.213 DEBUG 12448 --- [           main] o.s.w.s.h.BeanNameUrlHandlerMapping      : Rejected bean name 'backendIdConverterRegistry': no URL paths identified
2020-07-12 16:33:10.213 DEBUG 12448 --- [           main] o.s.w.s.h.BeanNameUrlHandlerMapping      : Rejected bean name 'auditableBeanWrapperFactory': no URL paths identified
2020-07-12 16:33:10.213 DEBUG 12448 --- [           main] o.s.w.s.h.BeanNameUrlHandlerMapping      : Rejected bean name 'httpHeadersPreparer': no URL paths identified
2020-07-12 16:33:10.213 DEBUG 12448 --- [           main] o.s.w.s.h.BeanNameUrlHandlerMapping      : Rejected bean name 'selfLinkProvider': no URL paths identified
2020-07-12 16:33:10.213 DEBUG 12448 --- [           main] o.s.w.s.h.BeanNameUrlHandlerMapping      : Rejected bean name 'associationLinks': no URL paths identified
2020-07-12 16:33:10.213 DEBUG 12448 --- [           main] o.s.w.s.h.BeanNameUrlHandlerMapping      : Rejected bean name 'enumTranslator': no URL paths identified
2020-07-12 16:33:10.213 DEBUG 12448 --- [           main] o.s.w.s.h.BeanNameUrlHandlerMapping      : Rejected bean name 'alpsConverter': no URL paths identified
2020-07-12 16:33:10.214 DEBUG 12448 --- [           main] o.s.w.s.h.BeanNameUrlHandlerMapping      : Rejected bean name 'profileResourceProcessor': no URL paths identified
2020-07-12 16:33:10.214 DEBUG 12448 --- [           main] o.s.w.s.h.BeanNameUrlHandlerMapping      : Rejected bean name 'pagedResourcesAssembler': no URL paths identified
2020-07-12 16:33:10.214 DEBUG 12448 --- [           main] o.s.w.s.h.BeanNameUrlHandlerMapping      : Rejected bean name 'pagedResourcesAssemblerArgumentResolver': no URL paths identified
2020-07-12 16:33:10.214 DEBUG 12448 --- [           main] o.s.w.s.h.BeanNameUrlHandlerMapping      : Rejected bean name 'entityLinksPluginRegistry': no URL paths identified
2020-07-12 16:33:10.214 DEBUG 12448 --- [           main] o.s.w.s.h.BeanNameUrlHandlerMapping      : Rejected bean name 'controllerEntityLinks': no URL paths identified
2020-07-12 16:33:10.214 DEBUG 12448 --- [           main] o.s.w.s.h.BeanNameUrlHandlerMapping      : Rejected bean name 'delegatingEntityLinks': no URL paths identified
2020-07-12 16:33:10.214 DEBUG 12448 --- [           main] o.s.w.s.h.BeanNameUrlHandlerMapping      : Rejected bean name 'org.springframework.hateoas.hal.HalLinkDiscoverer#0': no URL paths identified
2020-07-12 16:33:10.215 DEBUG 12448 --- [           main] o.s.w.s.h.BeanNameUrlHandlerMapping      : Rejected bean name '_halObjectMapper': no URL paths identified
2020-07-12 16:33:10.216 DEBUG 12448 --- [           main] o.s.w.s.h.BeanNameUrlHandlerMapping      : Rejected bean name 'org.springframework.hateoas.config.HypermediaSupportBeanDefinitionRegistrar$DefaultObjectMapperCustomizer#0': no URL paths identified
2020-07-12 16:33:10.216 DEBUG 12448 --- [           main] o.s.w.s.h.BeanNameUrlHandlerMapping      : Rejected bean name 'org.springframework.hateoas.config.HypermediaSupportBeanDefinitionRegistrar$Jackson2ModuleRegisteringBeanPostProcessor#0': no URL paths identified
2020-07-12 16:33:10.216 DEBUG 12448 --- [           main] o.s.w.s.h.BeanNameUrlHandlerMapping      : Rejected bean name 'org.springframework.hateoas.hal.HalConfiguration#0': no URL paths identified
2020-07-12 16:33:10.216 DEBUG 12448 --- [           main] o.s.w.s.h.BeanNameUrlHandlerMapping      : Rejected bean name '_linkDiscovererRegistry': no URL paths identified
2020-07-12 16:33:10.216 DEBUG 12448 --- [           main] o.s.w.s.h.BeanNameUrlHandlerMapping      : Rejected bean name 'org.springframework.hateoas.LinkDiscoverers#0': no URL paths identified
2020-07-12 16:33:10.216 DEBUG 12448 --- [           main] o.s.w.s.h.BeanNameUrlHandlerMapping      : Rejected bean name 'defaultRelProvider': no URL paths identified
2020-07-12 16:33:10.216 DEBUG 12448 --- [           main] o.s.w.s.h.BeanNameUrlHandlerMapping      : Rejected bean name 'annotationRelProvider': no URL paths identified
2020-07-12 16:33:10.216 DEBUG 12448 --- [           main] o.s.w.s.h.BeanNameUrlHandlerMapping      : Rejected bean name 'relProviderPluginRegistry': no URL paths identified
2020-07-12 16:33:10.217 DEBUG 12448 --- [           main] o.s.w.s.h.BeanNameUrlHandlerMapping      : Rejected bean name '_relProvider': no URL paths identified
2020-07-12 16:33:10.217 DEBUG 12448 --- [           main] o.s.w.s.h.BeanNameUrlHandlerMapping      : Rejected bean name 'org.springframework.boot.autoconfigure.data.rest.RepositoryRestMvcAutoConfiguration': no URL paths identified
2020-07-12 16:33:10.217 DEBUG 12448 --- [           main] o.s.w.s.h.BeanNameUrlHandlerMapping      : Rejected bean name 'springBootRepositoryRestConfigurer': no URL paths identified
2020-07-12 16:33:10.217 DEBUG 12448 --- [           main] o.s.w.s.h.BeanNameUrlHandlerMapping      : Rejected bean name 'spring.data.rest-org.springframework.boot.autoconfigure.data.rest.RepositoryRestProperties': no URL paths identified
2020-07-12 16:33:10.217 DEBUG 12448 --- [           main] o.s.w.s.h.BeanNameUrlHandlerMapping      : Rejected bean name 'org.springframework.boot.autoconfigure.hateoas.HypermediaHttpMessageConverterConfiguration': no URL paths identified
2020-07-12 16:33:10.217 DEBUG 12448 --- [           main] o.s.w.s.h.BeanNameUrlHandlerMapping      : Rejected bean name 'halMessageConverterSupportedMediaTypeCustomizer': no URL paths identified
2020-07-12 16:33:10.217 DEBUG 12448 --- [           main] o.s.w.s.h.BeanNameUrlHandlerMapping      : Rejected bean name 'org.springframework.boot.autoconfigure.hateoas.HypermediaAutoConfiguration': no URL paths identified
2020-07-12 16:33:10.218 DEBUG 12448 --- [           main] o.s.w.s.h.BeanNameUrlHandlerMapping      : Rejected bean name 'spring.hateoas-org.springframework.boot.autoconfigure.hateoas.HateoasProperties': no URL paths identified
2020-07-12 16:33:10.218 DEBUG 12448 --- [           main] o.s.w.s.h.BeanNameUrlHandlerMapping      : Rejected bean name 'org.springframework.boot.autoconfigure.jdbc.DataSourceTransactionManagerAutoConfiguration$DataSourceTransactionManagerConfiguration': no URL paths identified
2020-07-12 16:33:10.218 DEBUG 12448 --- [           main] o.s.w.s.h.BeanNameUrlHandlerMapping      : Rejected bean name 'org.springframework.boot.autoconfigure.jdbc.DataSourceTransactionManagerAutoConfiguration': no URL paths identified
2020-07-12 16:33:10.218 DEBUG 12448 --- [           main] o.s.w.s.h.BeanNameUrlHandlerMapping      : Rejected bean name 'org.springframework.transaction.annotation.ProxyTransactionManagementConfiguration': no URL paths identified
2020-07-12 16:33:10.218 DEBUG 12448 --- [           main] o.s.w.s.h.BeanNameUrlHandlerMapping      : Rejected bean name 'org.springframework.transaction.config.internalTransactionAdvisor': no URL paths identified
2020-07-12 16:33:10.218 DEBUG 12448 --- [           main] o.s.w.s.h.BeanNameUrlHandlerMapping      : Rejected bean name 'transactionAttributeSource': no URL paths identified
2020-07-12 16:33:10.218 DEBUG 12448 --- [           main] o.s.w.s.h.BeanNameUrlHandlerMapping      : Rejected bean name 'transactionInterceptor': no URL paths identified
2020-07-12 16:33:10.218 DEBUG 12448 --- [           main] o.s.w.s.h.BeanNameUrlHandlerMapping      : Rejected bean name 'org.springframework.transaction.config.internalTransactionalEventListenerFactory': no URL paths identified
2020-07-12 16:33:10.218 DEBUG 12448 --- [           main] o.s.w.s.h.BeanNameUrlHandlerMapping      : Rejected bean name 'org.springframework.boot.autoconfigure.transaction.TransactionAutoConfiguration$EnableTransactionManagementConfiguration$CglibAutoProxyConfiguration': no URL paths identified
2020-07-12 16:33:10.219 DEBUG 12448 --- [           main] o.s.w.s.h.BeanNameUrlHandlerMapping      : Rejected bean name 'org.springframework.boot.autoconfigure.transaction.TransactionAutoConfiguration$EnableTransactionManagementConfiguration': no URL paths identified
2020-07-12 16:33:10.219 DEBUG 12448 --- [           main] o.s.w.s.h.BeanNameUrlHandlerMapping      : Rejected bean name 'org.springframework.boot.autoconfigure.transaction.TransactionAutoConfiguration$TransactionTemplateConfiguration': no URL paths identified
2020-07-12 16:33:10.219 DEBUG 12448 --- [           main] o.s.w.s.h.BeanNameUrlHandlerMapping      : Rejected bean name 'transactionTemplate': no URL paths identified
2020-07-12 16:33:10.219 DEBUG 12448 --- [           main] o.s.w.s.h.BeanNameUrlHandlerMapping      : Rejected bean name 'org.springframework.boot.autoconfigure.transaction.TransactionAutoConfiguration': no URL paths identified
2020-07-12 16:33:10.219 DEBUG 12448 --- [           main] o.s.w.s.h.BeanNameUrlHandlerMapping      : Rejected bean name 'platformTransactionManagerCustomizers': no URL paths identified
2020-07-12 16:33:10.219 DEBUG 12448 --- [           main] o.s.w.s.h.BeanNameUrlHandlerMapping      : Rejected bean name 'spring.transaction-org.springframework.boot.autoconfigure.transaction.TransactionProperties': no URL paths identified
2020-07-12 16:33:10.219 DEBUG 12448 --- [           main] o.s.w.s.h.BeanNameUrlHandlerMapping      : Rejected bean name 'org.springframework.boot.autoconfigure.security.reactive.ReactiveSecurityAutoConfiguration': no URL paths identified
2020-07-12 16:33:10.219 DEBUG 12448 --- [           main] o.s.w.s.h.BeanNameUrlHandlerMapping      : Rejected bean name 'spring.security-org.springframework.boot.autoconfigure.security.SecurityProperties': no URL paths identified
2020-07-12 16:33:10.219 DEBUG 12448 --- [           main] o.s.w.s.h.BeanNameUrlHandlerMapping      : Rejected bean name 'org.springframework.security.config.annotation.web.configuration.WebSecurityConfiguration': no URL paths identified
2020-07-12 16:33:10.219 DEBUG 12448 --- [           main] o.s.w.s.h.BeanNameUrlHandlerMapping      : Rejected bean name 'delegatingApplicationListener': no URL paths identified
2020-07-12 16:33:10.219 DEBUG 12448 --- [           main] o.s.w.s.h.BeanNameUrlHandlerMapping      : Rejected bean name 'webSecurityExpressionHandler': no URL paths identified
2020-07-12 16:33:10.220 DEBUG 12448 --- [           main] o.s.w.s.h.BeanNameUrlHandlerMapping      : Rejected bean name 'springSecurityFilterChain': no URL paths identified
2020-07-12 16:33:10.220 DEBUG 12448 --- [           main] o.s.w.s.h.BeanNameUrlHandlerMapping      : Rejected bean name 'privilegeEvaluator': no URL paths identified
2020-07-12 16:33:10.220 DEBUG 12448 --- [           main] o.s.w.s.h.BeanNameUrlHandlerMapping      : Rejected bean name 'autowiredWebSecurityConfigurersIgnoreParents': no URL paths identified
2020-07-12 16:33:10.220 DEBUG 12448 --- [           main] o.s.w.s.h.BeanNameUrlHandlerMapping      : Rejected bean name 'org.springframework.security.config.annotation.web.configuration.WebMvcSecurityConfiguration': no URL paths identified
2020-07-12 16:33:10.220 DEBUG 12448 --- [           main] o.s.w.s.h.BeanNameUrlHandlerMapping      : Rejected bean name 'requestDataValueProcessor': no URL paths identified
2020-07-12 16:33:10.220 DEBUG 12448 --- [           main] o.s.w.s.h.BeanNameUrlHandlerMapping      : Rejected bean name 'org.springframework.boot.autoconfigure.security.servlet.WebSecurityEnablerConfiguration': no URL paths identified
2020-07-12 16:33:10.221 DEBUG 12448 --- [           main] o.s.w.s.h.BeanNameUrlHandlerMapping      : Rejected bean name 'org.springframework.boot.autoconfigure.security.servlet.SecurityAutoConfiguration': no URL paths identified
2020-07-12 16:33:10.221 DEBUG 12448 --- [           main] o.s.w.s.h.BeanNameUrlHandlerMapping      : Rejected bean name 'authenticationEventPublisher': no URL paths identified
2020-07-12 16:33:10.221 DEBUG 12448 --- [           main] o.s.w.s.h.BeanNameUrlHandlerMapping      : Rejected bean name 'org.springframework.boot.autoconfigure.security.servlet.SecurityFilterAutoConfiguration': no URL paths identified
2020-07-12 16:33:10.221 DEBUG 12448 --- [           main] o.s.w.s.h.BeanNameUrlHandlerMapping      : Rejected bean name 'securityFilterChainRegistration': no URL paths identified
2020-07-12 16:33:10.222 DEBUG 12448 --- [           main] o.s.w.s.h.BeanNameUrlHandlerMapping      : Rejected bean name 'org.springframework.boot.autoconfigure.security.servlet.UserDetailsServiceAutoConfiguration': no URL paths identified
2020-07-12 16:33:10.222 DEBUG 12448 --- [           main] o.s.w.s.h.BeanNameUrlHandlerMapping      : Rejected bean name 'inMemoryUserDetailsManager': no URL paths identified
2020-07-12 16:33:10.222 DEBUG 12448 --- [           main] o.s.w.s.h.BeanNameUrlHandlerMapping      : Rejected bean name 'org.springframework.boot.autoconfigure.thymeleaf.ThymeleafAutoConfiguration$ThymeleafJava8TimeDialect': no URL paths identified
2020-07-12 16:33:10.222 DEBUG 12448 --- [           main] o.s.w.s.h.BeanNameUrlHandlerMapping      : Rejected bean name 'java8TimeDialect': no URL paths identified
2020-07-12 16:33:10.222 DEBUG 12448 --- [           main] o.s.w.s.h.BeanNameUrlHandlerMapping      : Rejected bean name 'org.springframework.boot.autoconfigure.thymeleaf.ThymeleafAutoConfiguration$ThymeleafDefaultConfiguration': no URL paths identified
2020-07-12 16:33:10.222 DEBUG 12448 --- [           main] o.s.w.s.h.BeanNameUrlHandlerMapping      : Rejected bean name 'templateEngine': no URL paths identified
2020-07-12 16:33:10.222 DEBUG 12448 --- [           main] o.s.w.s.h.BeanNameUrlHandlerMapping      : Rejected bean name 'org.springframework.boot.autoconfigure.thymeleaf.ThymeleafAutoConfiguration$DefaultTemplateResolverConfiguration': no URL paths identified
2020-07-12 16:33:10.222 DEBUG 12448 --- [           main] o.s.w.s.h.BeanNameUrlHandlerMapping      : Rejected bean name 'defaultTemplateResolver': no URL paths identified
2020-07-12 16:33:10.222 DEBUG 12448 --- [           main] o.s.w.s.h.BeanNameUrlHandlerMapping      : Rejected bean name 'org.springframework.boot.autoconfigure.thymeleaf.ThymeleafAutoConfiguration': no URL paths identified
2020-07-12 16:33:10.222 DEBUG 12448 --- [           main] o.s.w.s.h.BeanNameUrlHandlerMapping      : Rejected bean name 'spring.thymeleaf-org.springframework.boot.autoconfigure.thymeleaf.ThymeleafProperties': no URL paths identified
2020-07-12 16:33:10.222 DEBUG 12448 --- [           main] o.s.w.s.h.BeanNameUrlHandlerMapping      : Rejected bean name 'org.springframework.boot.autoconfigure.web.embedded.EmbeddedWebServerFactoryCustomizerAutoConfiguration$TomcatWebServerFactoryCustomizerConfiguration': no URL paths identified
2020-07-12 16:33:10.222 DEBUG 12448 --- [           main] o.s.w.s.h.BeanNameUrlHandlerMapping      : Rejected bean name 'tomcatWebServerFactoryCustomizer': no URL paths identified
2020-07-12 16:33:10.222 DEBUG 12448 --- [           main] o.s.w.s.h.BeanNameUrlHandlerMapping      : Rejected bean name 'org.springframework.boot.autoconfigure.web.embedded.EmbeddedWebServerFactoryCustomizerAutoConfiguration': no URL paths identified
2020-07-12 16:33:10.222 DEBUG 12448 --- [           main] o.s.w.s.h.BeanNameUrlHandlerMapping      : Rejected bean name 'org.springframework.boot.autoconfigure.web.servlet.HttpEncodingAutoConfiguration': no URL paths identified
2020-07-12 16:33:10.223 DEBUG 12448 --- [           main] o.s.w.s.h.BeanNameUrlHandlerMapping      : Rejected bean name 'characterEncodingFilter': no URL paths identified
2020-07-12 16:33:10.223 DEBUG 12448 --- [           main] o.s.w.s.h.BeanNameUrlHandlerMapping      : Rejected bean name 'localeCharsetMappingsCustomizer': no URL paths identified
2020-07-12 16:33:10.223 DEBUG 12448 --- [           main] o.s.w.s.h.BeanNameUrlHandlerMapping      : Rejected bean name 'org.springframework.boot.autoconfigure.web.servlet.MultipartAutoConfiguration': no URL paths identified
2020-07-12 16:33:10.223 DEBUG 12448 --- [           main] o.s.w.s.h.BeanNameUrlHandlerMapping      : Rejected bean name 'multipartConfigElement': no URL paths identified
2020-07-12 16:33:10.223 DEBUG 12448 --- [           main] o.s.w.s.h.BeanNameUrlHandlerMapping      : Rejected bean name 'multipartResolver': no URL paths identified
2020-07-12 16:33:10.223 DEBUG 12448 --- [           main] o.s.w.s.h.BeanNameUrlHandlerMapping      : Rejected bean name 'spring.servlet.multipart-org.springframework.boot.autoconfigure.web.servlet.MultipartProperties': no URL paths identified
2020-07-12 16:33:10.223 DEBUG 12448 --- [           main] o.s.w.s.h.BeanNameUrlHandlerMapping      : Rejected bean name 'org.springframework.boot.actuate.autoconfigure.endpoint.web.ServletEndpointManagementContextConfiguration': no URL paths identified
2020-07-12 16:33:10.223 DEBUG 12448 --- [           main] o.s.w.s.h.BeanNameUrlHandlerMapping      : Rejected bean name 'servletEndpointRegistrar': no URL paths identified
2020-07-12 16:33:10.224 DEBUG 12448 --- [           main] o.s.w.s.h.BeanNameUrlHandlerMapping      : Rejected bean name 'servletExposeExcludePropertyEndpointFilter': no URL paths identified
2020-07-12 16:33:10.224 DEBUG 12448 --- [           main] o.s.w.s.h.BeanNameUrlHandlerMapping      : Rejected bean name 'org.springframework.boot.actuate.autoconfigure.endpoint.web.servlet.WebMvcEndpointManagementContextConfiguration': no URL paths identified
2020-07-12 16:33:10.224 DEBUG 12448 --- [           main] o.s.w.s.h.BeanNameUrlHandlerMapping      : Rejected bean name 'webEndpointServletHandlerMapping': no URL paths identified
2020-07-12 16:33:10.224 DEBUG 12448 --- [           main] o.s.w.s.h.BeanNameUrlHandlerMapping      : Rejected bean name 'controllerEndpointHandlerMapping': no URL paths identified
2020-07-12 16:33:10.224 DEBUG 12448 --- [           main] o.s.w.s.h.BeanNameUrlHandlerMapping      : Rejected bean name 'management.endpoints.web.cors-org.springframework.boot.actuate.autoconfigure.endpoint.web.CorsEndpointProperties': no URL paths identified
2020-07-12 16:33:10.224 DEBUG 12448 --- [           main] o.s.w.s.h.BeanNameUrlHandlerMapping      : Rejected bean name 'org.springframework.boot.actuate.autoconfigure.web.server.ManagementContextAutoConfiguration$SameManagementContextConfiguration$EnableSameManagementContextConfiguration': no URL paths identified
2020-07-12 16:33:10.224 DEBUG 12448 --- [           main] o.s.w.s.h.BeanNameUrlHandlerMapping      : Rejected bean name 'org.springframework.boot.actuate.autoconfigure.web.server.ManagementContextAutoConfiguration$SameManagementContextConfiguration': no URL paths identified
2020-07-12 16:33:10.225 DEBUG 12448 --- [           main] o.s.w.s.h.BeanNameUrlHandlerMapping      : Rejected bean name 'org.springframework.boot.actuate.autoconfigure.web.server.ManagementContextAutoConfiguration': no URL paths identified
2020-07-12 16:33:10.225 DEBUG 12448 --- [           main] o.s.w.s.h.BeanNameUrlHandlerMapping      : Rejected bean name 'management.server-org.springframework.boot.actuate.autoconfigure.web.server.ManagementServerProperties': no URL paths identified
2020-07-12 16:33:10.225 DEBUG 12448 --- [           main] o.s.w.s.h.BeanNameUrlHandlerMapping      : Rejected bean name 'org.springframework.orm.jpa.SharedEntityManagerCreator#0': no URL paths identified
2020-07-12 16:33:10.225 DEBUG 12448 --- [           main] o.s.w.s.h.BeanNameUrlHandlerMapping      : Rejected bean name 'autoConfigurationReport': no URL paths identified
2020-07-12 16:33:10.225 DEBUG 12448 --- [           main] o.s.w.s.h.BeanNameUrlHandlerMapping      : Rejected bean name 'org.springframework.boot.context.ContextIdApplicationContextInitializer$ContextId': no URL paths identified
2020-07-12 16:33:10.225 DEBUG 12448 --- [           main] o.s.w.s.h.BeanNameUrlHandlerMapping      : Rejected bean name 'org.springframework.boot.test.context.filter.TestTypeExcludeFilter': no URL paths identified
2020-07-12 16:33:10.225 DEBUG 12448 --- [           main] o.s.w.s.h.BeanNameUrlHandlerMapping      : Rejected bean name 'org.springframework.boot.test.autoconfigure.properties.PropertyMappingContextCustomizer$PropertyMappingCheckBeanPostProcessor': no URL paths identified
2020-07-12 16:33:10.225 DEBUG 12448 --- [           main] o.s.w.s.h.BeanNameUrlHandlerMapping      : Rejected bean name 'springApplicationArguments': no URL paths identified
2020-07-12 16:33:10.225 DEBUG 12448 --- [           main] o.s.w.s.h.BeanNameUrlHandlerMapping      : Rejected bean name 'springBootBanner': no URL paths identified
2020-07-12 16:33:10.225 DEBUG 12448 --- [           main] o.s.w.s.h.BeanNameUrlHandlerMapping      : Rejected bean name 'springBootLoggingSystem': no URL paths identified
2020-07-12 16:33:10.225 DEBUG 12448 --- [           main] o.s.w.s.h.BeanNameUrlHandlerMapping      : Rejected bean name 'environment': no URL paths identified
2020-07-12 16:33:10.225 DEBUG 12448 --- [           main] o.s.w.s.h.BeanNameUrlHandlerMapping      : Rejected bean name 'systemProperties': no URL paths identified
2020-07-12 16:33:10.226 DEBUG 12448 --- [           main] o.s.w.s.h.BeanNameUrlHandlerMapping      : Rejected bean name 'systemEnvironment': no URL paths identified
2020-07-12 16:33:10.226 DEBUG 12448 --- [           main] o.s.w.s.h.BeanNameUrlHandlerMapping      : Rejected bean name 'servletContext': no URL paths identified
2020-07-12 16:33:10.226 DEBUG 12448 --- [           main] o.s.w.s.h.BeanNameUrlHandlerMapping      : Rejected bean name 'contextParameters': no URL paths identified
2020-07-12 16:33:10.226 DEBUG 12448 --- [           main] o.s.w.s.h.BeanNameUrlHandlerMapping      : Rejected bean name 'contextAttributes': no URL paths identified
2020-07-12 16:33:10.226 DEBUG 12448 --- [           main] o.s.w.s.h.BeanNameUrlHandlerMapping      : Rejected bean name 'org.springframework.context.annotation.ConfigurationClassPostProcessor.importRegistry': no URL paths identified
2020-07-12 16:33:10.226 DEBUG 12448 --- [           main] o.s.w.s.h.BeanNameUrlHandlerMapping      : Rejected bean name 'org.springframework.boot.test.mock.mockito.MockitoBeans': no URL paths identified
2020-07-12 16:33:10.226 DEBUG 12448 --- [           main] o.s.w.s.h.BeanNameUrlHandlerMapping      : Rejected bean name 'messageSource': no URL paths identified
2020-07-12 16:33:10.226 DEBUG 12448 --- [           main] o.s.w.s.h.BeanNameUrlHandlerMapping      : Rejected bean name 'applicationEventMulticaster': no URL paths identified
2020-07-12 16:33:10.365  INFO 12448 --- [           main] o.s.w.s.handler.SimpleUrlHandlerMapping  : Mapped URL path [/webjars/**] onto handler of type [class org.springframework.web.servlet.resource.ResourceHttpRequestHandler]
2020-07-12 16:33:10.365  INFO 12448 --- [           main] o.s.w.s.handler.SimpleUrlHandlerMapping  : Mapped URL path [/**] onto handler of type [class org.springframework.web.servlet.resource.ResourceHttpRequestHandler]
2020-07-12 16:33:10.365  INFO 12448 --- [           main] o.s.w.s.handler.SimpleUrlHandlerMapping  : Mapped URL path [/hal/browser/**] onto handler of type [class org.springframework.web.servlet.resource.ResourceHttpRequestHandler]
2020-07-12 16:33:10.486 DEBUG 12448 --- [           main] .m.m.a.ExceptionHandlerExceptionResolver : Looking for exception mappings: org.springframework.web.context.support.GenericWebApplicationContext@3af0a9da: startup date [Sun Jul 12 16:32:49 CEST 2020]; root of context hierarchy
2020-07-12 16:33:10.521  INFO 12448 --- [           main] .m.m.a.ExceptionHandlerExceptionResolver : Detected @ExceptionHandler methods in repositoryRestExceptionHandler
2020-07-12 16:33:11.423  INFO 12448 --- [           main] o.s.w.s.handler.SimpleUrlHandlerMapping  : Mapped URL path [/**/favicon.ico] onto handler of type [class org.springframework.web.servlet.resource.ResourceHttpRequestHandler]
2020-07-12 16:33:11.772  INFO 12448 --- [           main] o.s.b.a.w.s.WelcomePageHandlerMapping    : Adding welcome page template: index
2020-07-12 16:33:15.978  INFO 12448 --- [           main] o.s.d.r.w.RepositoryRestHandlerAdapter   : Looking for @ControllerAdvice: org.springframework.web.context.support.GenericWebApplicationContext@3af0a9da: startup date [Sun Jul 12 16:32:49 CEST 2020]; root of context hierarchy
2020-07-12 16:33:16.562  INFO 12448 --- [           main] o.s.d.r.w.RepositoryRestHandlerMapping   : Mapped "{[/hal/{repository}/{id}],methods=[PUT],produces=[application/hal+json || application/json]}" onto public org.springframework.http.ResponseEntity<? extends org.springframework.hateoas.ResourceSupport> org.springframework.data.rest.webmvc.RepositoryEntityController.putItemResource(org.springframework.data.rest.webmvc.RootResourceInformation,org.springframework.data.rest.webmvc.PersistentEntityResource,java.io.Serializable,org.springframework.data.rest.webmvc.PersistentEntityResourceAssembler,org.springframework.data.rest.webmvc.support.ETag,java.lang.String) throws org.springframework.web.HttpRequestMethodNotSupportedException
2020-07-12 16:33:16.564  INFO 12448 --- [           main] o.s.d.r.w.RepositoryRestHandlerMapping   : Mapped "{[/hal/{repository}/{id}],methods=[GET],produces=[application/hal+json || application/json]}" onto public org.springframework.http.ResponseEntity<org.springframework.hateoas.Resource<?>> org.springframework.data.rest.webmvc.RepositoryEntityController.getItemResource(org.springframework.data.rest.webmvc.RootResourceInformation,java.io.Serializable,org.springframework.data.rest.webmvc.PersistentEntityResourceAssembler,org.springframework.http.HttpHeaders) throws org.springframework.web.HttpRequestMethodNotSupportedException
2020-07-12 16:33:16.565  INFO 12448 --- [           main] o.s.d.r.w.RepositoryRestHandlerMapping   : Mapped "{[/hal/{repository}/{id}],methods=[PATCH],produces=[application/hal+json || application/json]}" onto public org.springframework.http.ResponseEntity<org.springframework.hateoas.ResourceSupport> org.springframework.data.rest.webmvc.RepositoryEntityController.patchItemResource(org.springframework.data.rest.webmvc.RootResourceInformation,org.springframework.data.rest.webmvc.PersistentEntityResource,java.io.Serializable,org.springframework.data.rest.webmvc.PersistentEntityResourceAssembler,org.springframework.data.rest.webmvc.support.ETag,java.lang.String) throws org.springframework.web.HttpRequestMethodNotSupportedException,org.springframework.data.rest.webmvc.ResourceNotFoundException
2020-07-12 16:33:16.566  INFO 12448 --- [           main] o.s.d.r.w.RepositoryRestHandlerMapping   : Mapped "{[/hal/{repository}],methods=[OPTIONS],produces=[application/hal+json || application/json]}" onto public org.springframework.http.ResponseEntity<?> org.springframework.data.rest.webmvc.RepositoryEntityController.optionsForCollectionResource(org.springframework.data.rest.webmvc.RootResourceInformation)
2020-07-12 16:33:16.566  INFO 12448 --- [           main] o.s.d.r.w.RepositoryRestHandlerMapping   : Mapped "{[/hal/{repository}],methods=[GET],produces=[application/hal+json || application/json]}" onto public org.springframework.hateoas.Resources<?> org.springframework.data.rest.webmvc.RepositoryEntityController.getCollectionResource(org.springframework.data.rest.webmvc.RootResourceInformation,org.springframework.data.rest.webmvc.support.DefaultedPageable,org.springframework.data.domain.Sort,org.springframework.data.rest.webmvc.PersistentEntityResourceAssembler) throws org.springframework.data.rest.webmvc.ResourceNotFoundException,org.springframework.web.HttpRequestMethodNotSupportedException
2020-07-12 16:33:16.567  INFO 12448 --- [           main] o.s.d.r.w.RepositoryRestHandlerMapping   : Mapped "{[/hal/{repository}],methods=[HEAD],produces=[application/hal+json || application/json]}" onto public org.springframework.http.ResponseEntity<?> org.springframework.data.rest.webmvc.RepositoryEntityController.headCollectionResource(org.springframework.data.rest.webmvc.RootResourceInformation,org.springframework.data.rest.webmvc.support.DefaultedPageable) throws org.springframework.web.HttpRequestMethodNotSupportedException
2020-07-12 16:33:16.568  INFO 12448 --- [           main] o.s.d.r.w.RepositoryRestHandlerMapping   : Mapped "{[/hal/{repository}],methods=[GET],produces=[application/x-spring-data-compact+json || text/uri-list]}" onto public org.springframework.hateoas.Resources<?> org.springframework.data.rest.webmvc.RepositoryEntityController.getCollectionResourceCompact(org.springframework.data.rest.webmvc.RootResourceInformation,org.springframework.data.rest.webmvc.support.DefaultedPageable,org.springframework.data.domain.Sort,org.springframework.data.rest.webmvc.PersistentEntityResourceAssembler) throws org.springframework.data.rest.webmvc.ResourceNotFoundException,org.springframework.web.HttpRequestMethodNotSupportedException
2020-07-12 16:33:16.569  INFO 12448 --- [           main] o.s.d.r.w.RepositoryRestHandlerMapping   : Mapped "{[/hal/{repository}],methods=[POST],produces=[application/hal+json || application/json]}" onto public org.springframework.http.ResponseEntity<org.springframework.hateoas.ResourceSupport> org.springframework.data.rest.webmvc.RepositoryEntityController.postCollectionResource(org.springframework.data.rest.webmvc.RootResourceInformation,org.springframework.data.rest.webmvc.PersistentEntityResource,org.springframework.data.rest.webmvc.PersistentEntityResourceAssembler,java.lang.String) throws org.springframework.web.HttpRequestMethodNotSupportedException
2020-07-12 16:33:16.570  INFO 12448 --- [           main] o.s.d.r.w.RepositoryRestHandlerMapping   : Mapped "{[/hal/{repository}/{id}],methods=[HEAD],produces=[application/hal+json || application/json]}" onto public org.springframework.http.ResponseEntity<?> org.springframework.data.rest.webmvc.RepositoryEntityController.headForItemResource(org.springframework.data.rest.webmvc.RootResourceInformation,java.io.Serializable,org.springframework.data.rest.webmvc.PersistentEntityResourceAssembler) throws org.springframework.web.HttpRequestMethodNotSupportedException
2020-07-12 16:33:16.573  INFO 12448 --- [           main] o.s.d.r.w.RepositoryRestHandlerMapping   : Mapped "{[/hal/{repository}/{id}],methods=[OPTIONS],produces=[application/hal+json || application/json]}" onto public org.springframework.http.ResponseEntity<?> org.springframework.data.rest.webmvc.RepositoryEntityController.optionsForItemResource(org.springframework.data.rest.webmvc.RootResourceInformation)
2020-07-12 16:33:16.575  INFO 12448 --- [           main] o.s.d.r.w.RepositoryRestHandlerMapping   : Mapped "{[/hal/{repository}/{id}],methods=[DELETE],produces=[application/hal+json || application/json]}" onto public org.springframework.http.ResponseEntity<?> org.springframework.data.rest.webmvc.RepositoryEntityController.deleteItemResource(org.springframework.data.rest.webmvc.RootResourceInformation,java.io.Serializable,org.springframework.data.rest.webmvc.support.ETag) throws org.springframework.data.rest.webmvc.ResourceNotFoundException,org.springframework.web.HttpRequestMethodNotSupportedException
2020-07-12 16:33:16.577  INFO 12448 --- [           main] o.s.d.r.w.RepositoryRestHandlerMapping   : Mapped "{[/hal/ || /hal],methods=[GET],produces=[application/hal+json || application/json]}" onto public org.springframework.http.HttpEntity<org.springframework.data.rest.webmvc.RepositoryLinksResource> org.springframework.data.rest.webmvc.RepositoryController.listRepositories()
2020-07-12 16:33:16.577  INFO 12448 --- [           main] o.s.d.r.w.RepositoryRestHandlerMapping   : Mapped "{[/hal/ || /hal],methods=[HEAD],produces=[application/hal+json || application/json]}" onto public org.springframework.http.ResponseEntity<?> org.springframework.data.rest.webmvc.RepositoryController.headForRepositories()
2020-07-12 16:33:16.578  INFO 12448 --- [           main] o.s.d.r.w.RepositoryRestHandlerMapping   : Mapped "{[/hal/ || /hal],methods=[OPTIONS],produces=[application/hal+json || application/json]}" onto public org.springframework.http.HttpEntity<?> org.springframework.data.rest.webmvc.RepositoryController.optionsForRepositories()
2020-07-12 16:33:16.583  INFO 12448 --- [           main] o.s.d.r.w.RepositoryRestHandlerMapping   : Mapped "{[/hal/{repository}/{id}/{property}],methods=[GET],produces=[application/x-spring-data-compact+json || text/uri-list]}" onto public org.springframework.http.ResponseEntity<org.springframework.hateoas.ResourceSupport> org.springframework.data.rest.webmvc.RepositoryPropertyReferenceController.followPropertyReferenceCompact(org.springframework.data.rest.webmvc.RootResourceInformation,java.io.Serializable,java.lang.String,org.springframework.data.rest.webmvc.PersistentEntityResourceAssembler) throws java.lang.Exception
2020-07-12 16:33:16.593  INFO 12448 --- [           main] o.s.d.r.w.RepositoryRestHandlerMapping   : Mapped "{[/hal/{repository}/{id}/{property}/{propertyId}],methods=[GET],produces=[application/hal+json || application/json]}" onto public org.springframework.http.ResponseEntity<org.springframework.hateoas.ResourceSupport> org.springframework.data.rest.webmvc.RepositoryPropertyReferenceController.followPropertyReference(org.springframework.data.rest.webmvc.RootResourceInformation,java.io.Serializable,java.lang.String,java.lang.String,org.springframework.data.rest.webmvc.PersistentEntityResourceAssembler) throws java.lang.Exception
2020-07-12 16:33:16.594  INFO 12448 --- [           main] o.s.d.r.w.RepositoryRestHandlerMapping   : Mapped "{[/hal/{repository}/{id}/{property}],methods=[GET],produces=[application/hal+json || application/json]}" onto public org.springframework.http.ResponseEntity<org.springframework.hateoas.ResourceSupport> org.springframework.data.rest.webmvc.RepositoryPropertyReferenceController.followPropertyReference(org.springframework.data.rest.webmvc.RootResourceInformation,java.io.Serializable,java.lang.String,org.springframework.data.rest.webmvc.PersistentEntityResourceAssembler) throws java.lang.Exception
2020-07-12 16:33:16.594  INFO 12448 --- [           main] o.s.d.r.w.RepositoryRestHandlerMapping   : Mapped "{[/hal/{repository}/{id}/{property}],methods=[DELETE],produces=[application/hal+json || application/json]}" onto public org.springframework.http.ResponseEntity<? extends org.springframework.hateoas.ResourceSupport> org.springframework.data.rest.webmvc.RepositoryPropertyReferenceController.deletePropertyReference(org.springframework.data.rest.webmvc.RootResourceInformation,java.io.Serializable,java.lang.String) throws java.lang.Exception
2020-07-12 16:33:16.595  INFO 12448 --- [           main] o.s.d.r.w.RepositoryRestHandlerMapping   : Mapped "{[/hal/{repository}/{id}/{property}/{propertyId}],methods=[DELETE],produces=[application/hal+json || application/json]}" onto public org.springframework.http.ResponseEntity<org.springframework.hateoas.ResourceSupport> org.springframework.data.rest.webmvc.RepositoryPropertyReferenceController.deletePropertyReferenceId(org.springframework.data.rest.webmvc.RootResourceInformation,java.io.Serializable,java.lang.String,java.lang.String) throws java.lang.Exception
2020-07-12 16:33:16.596  INFO 12448 --- [           main] o.s.d.r.w.RepositoryRestHandlerMapping   : Mapped "{[/hal/{repository}/{id}/{property}],methods=[PATCH || PUT || POST],consumes=[application/json || application/x-spring-data-compact+json || text/uri-list],produces=[application/hal+json || application/json]}" onto public org.springframework.http.ResponseEntity<? extends org.springframework.hateoas.ResourceSupport> org.springframework.data.rest.webmvc.RepositoryPropertyReferenceController.createPropertyReference(org.springframework.data.rest.webmvc.RootResourceInformation,org.springframework.http.HttpMethod,org.springframework.hateoas.Resources<java.lang.Object>,java.io.Serializable,java.lang.String) throws java.lang.Exception
2020-07-12 16:33:16.599  INFO 12448 --- [           main] o.s.d.r.w.RepositoryRestHandlerMapping   : Mapped "{[/hal/{repository}/search/{search}],methods=[GET],produces=[application/x-spring-data-compact+json]}" onto public org.springframework.hateoas.ResourceSupport org.springframework.data.rest.webmvc.RepositorySearchController.executeSearchCompact(org.springframework.data.rest.webmvc.RootResourceInformation,org.springframework.http.HttpHeaders,org.springframework.util.MultiValueMap<java.lang.String, java.lang.Object>,java.lang.String,java.lang.String,org.springframework.data.rest.webmvc.support.DefaultedPageable,org.springframework.data.domain.Sort,org.springframework.data.rest.webmvc.PersistentEntityResourceAssembler)
2020-07-12 16:33:16.600  INFO 12448 --- [           main] o.s.d.r.w.RepositoryRestHandlerMapping   : Mapped "{[/hal/{repository}/search],methods=[OPTIONS],produces=[application/hal+json || application/json]}" onto public org.springframework.http.HttpEntity<?> org.springframework.data.rest.webmvc.RepositorySearchController.optionsForSearches(org.springframework.data.rest.webmvc.RootResourceInformation)
2020-07-12 16:33:16.600  INFO 12448 --- [           main] o.s.d.r.w.RepositoryRestHandlerMapping   : Mapped "{[/hal/{repository}/search],methods=[HEAD],produces=[application/hal+json || application/json]}" onto public org.springframework.http.HttpEntity<?> org.springframework.data.rest.webmvc.RepositorySearchController.headForSearches(org.springframework.data.rest.webmvc.RootResourceInformation)
2020-07-12 16:33:16.601  INFO 12448 --- [           main] o.s.d.r.w.RepositoryRestHandlerMapping   : Mapped "{[/hal/{repository}/search],methods=[GET],produces=[application/hal+json || application/json]}" onto public org.springframework.data.rest.webmvc.RepositorySearchesResource org.springframework.data.rest.webmvc.RepositorySearchController.listSearches(org.springframework.data.rest.webmvc.RootResourceInformation)
2020-07-12 16:33:16.603  INFO 12448 --- [           main] o.s.d.r.w.RepositoryRestHandlerMapping   : Mapped "{[/hal/{repository}/search/{search}],methods=[GET],produces=[application/hal+json || application/json]}" onto public org.springframework.http.ResponseEntity<?> org.springframework.data.rest.webmvc.RepositorySearchController.executeSearch(org.springframework.data.rest.webmvc.RootResourceInformation,org.springframework.util.MultiValueMap<java.lang.String, java.lang.Object>,java.lang.String,org.springframework.data.rest.webmvc.support.DefaultedPageable,org.springframework.data.domain.Sort,org.springframework.data.rest.webmvc.PersistentEntityResourceAssembler,org.springframework.http.HttpHeaders)
2020-07-12 16:33:16.643  INFO 12448 --- [           main] o.s.d.r.w.RepositoryRestHandlerMapping   : Mapped "{[/hal/{repository}/search/{search}],methods=[OPTIONS],produces=[application/hal+json || application/json]}" onto public org.springframework.http.ResponseEntity<java.lang.Object> org.springframework.data.rest.webmvc.RepositorySearchController.optionsForSearch(org.springframework.data.rest.webmvc.RootResourceInformation,java.lang.String)
2020-07-12 16:33:16.644  INFO 12448 --- [           main] o.s.d.r.w.RepositoryRestHandlerMapping   : Mapped "{[/hal/{repository}/search/{search}],methods=[HEAD],produces=[application/hal+json || application/json]}" onto public org.springframework.http.ResponseEntity<java.lang.Object> org.springframework.data.rest.webmvc.RepositorySearchController.headForSearch(org.springframework.data.rest.webmvc.RootResourceInformation,java.lang.String)
2020-07-12 16:33:16.660  INFO 12448 --- [           main] o.s.d.r.w.BasePathAwareHandlerMapping    : Mapped "{[/hal/profile/{repository}],methods=[GET],produces=[application/schema+json]}" onto public org.springframework.http.HttpEntity<org.springframework.data.rest.webmvc.json.JsonSchema> org.springframework.data.rest.webmvc.RepositorySchemaController.schema(org.springframework.data.rest.webmvc.RootResourceInformation)
2020-07-12 16:33:16.661  INFO 12448 --- [           main] o.s.d.r.w.BasePathAwareHandlerMapping    : Mapped "{[/hal/profile],methods=[OPTIONS]}" onto public org.springframework.http.HttpEntity<?> org.springframework.data.rest.webmvc.ProfileController.profileOptions()
2020-07-12 16:33:16.662  INFO 12448 --- [           main] o.s.d.r.w.BasePathAwareHandlerMapping    : Mapped "{[/hal/profile],methods=[GET]}" onto org.springframework.http.HttpEntity<org.springframework.hateoas.ResourceSupport> org.springframework.data.rest.webmvc.ProfileController.listAllFormsOfMetadata()
2020-07-12 16:33:16.664  INFO 12448 --- [           main] o.s.d.r.w.BasePathAwareHandlerMapping    : Mapped "{[/hal/profile/{repository}],methods=[GET],produces=[application/alps+json || */*]}" onto org.springframework.http.HttpEntity<org.springframework.data.rest.webmvc.RootResourceInformation> org.springframework.data.rest.webmvc.alps.AlpsController.descriptor(org.springframework.data.rest.webmvc.RootResourceInformation)
2020-07-12 16:33:16.664  INFO 12448 --- [           main] o.s.d.r.w.BasePathAwareHandlerMapping    : Mapped "{[/hal/profile/{repository}],methods=[OPTIONS],produces=[application/alps+json]}" onto org.springframework.http.HttpEntity<?> org.springframework.data.rest.webmvc.alps.AlpsController.alpsOptions()
2020-07-12 16:33:16.666  INFO 12448 --- [           main] o.s.d.r.w.BasePathAwareHandlerMapping    : Mapped "{[/hal/ || /hal],methods=[GET],produces=[text/html]}" onto public org.springframework.web.servlet.View org.springframework.data.rest.webmvc.halbrowser.HalBrowser.index(javax.servlet.http.HttpServletRequest)
2020-07-12 16:33:16.667  INFO 12448 --- [           main] o.s.d.r.w.BasePathAwareHandlerMapping    : Mapped "{[/hal/browser],methods=[GET]}" onto public org.springframework.web.servlet.View org.springframework.data.rest.webmvc.halbrowser.HalBrowser.browser(javax.servlet.http.HttpServletRequest)
2020-07-12 16:33:17.450 DEBUG 12448 --- [           main] eGlobalAuthenticationAutowiredConfigurer : Eagerly initializing {securityConfiguration=com.javaegitimleri.petclinic.SecurityConfiguration$$EnhancerBySpringCGLIB$$120a8724@5e541ef9, org.springframework.boot.autoconfigure.security.servlet.WebSecurityEnablerConfiguration=org.springframework.boot.autoconfigure.security.servlet.WebSecurityEnablerConfiguration$$EnhancerBySpringCGLIB$$3a24b163@6032622}
2020-07-12 16:33:18.268 DEBUG 12448 --- [           main] edFilterInvocationSecurityMetadataSource : Adding web access control expression 'permitAll', for org.springframework.security.web.util.matcher.AnyRequestMatcher@1
2020-07-12 16:33:18.295 DEBUG 12448 --- [           main] o.s.s.w.a.i.FilterSecurityInterceptor    : Validated configuration attributes
2020-07-12 16:33:18.297 DEBUG 12448 --- [           main] o.s.s.w.a.i.FilterSecurityInterceptor    : Validated configuration attributes
2020-07-12 16:33:18.497  INFO 12448 --- [           main] o.s.s.web.DefaultSecurityFilterChain     : Creating filter chain: Ant [pattern='/hal/**'], [org.springframework.security.web.context.request.async.WebAsyncManagerIntegrationFilter@13ddaffb, org.springframework.security.web.context.SecurityContextPersistenceFilter@68550d86, org.springframework.security.web.header.HeaderWriterFilter@3d405fe5, org.springframework.security.web.authentication.logout.LogoutFilter@5dc9d25a, org.springframework.security.web.savedrequest.RequestCacheAwareFilter@484876a1, org.springframework.security.web.servletapi.SecurityContextHolderAwareRequestFilter@2e47a71e, org.springframework.security.web.authentication.AnonymousAuthenticationFilter@5a31abe9, org.springframework.security.web.session.SessionManagementFilter@4b475742, org.springframework.security.web.access.ExceptionTranslationFilter@282c5075, org.springframework.security.web.access.intercept.FilterSecurityInterceptor@5c5c784c]
2020-07-12 16:33:18.516 DEBUG 12448 --- [           main] edFilterInvocationSecurityMetadataSource : Adding web access control expression 'permitAll', for org.springframework.security.web.util.matcher.AnyRequestMatcher@1
2020-07-12 16:33:18.517 DEBUG 12448 --- [           main] o.s.s.w.a.i.FilterSecurityInterceptor    : Validated configuration attributes
2020-07-12 16:33:18.529 DEBUG 12448 --- [           main] o.s.s.w.a.i.FilterSecurityInterceptor    : Validated configuration attributes
2020-07-12 16:33:18.530  INFO 12448 --- [           main] o.s.s.web.DefaultSecurityFilterChain     : Creating filter chain: Ant [pattern='/h2-console/**'], [org.springframework.security.web.context.request.async.WebAsyncManagerIntegrationFilter@2f4545c6, org.springframework.security.web.context.SecurityContextPersistenceFilter@13cc31df, org.springframework.security.web.header.HeaderWriterFilter@bcd9ed6, org.springframework.security.web.authentication.logout.LogoutFilter@2c978637, org.springframework.security.web.savedrequest.RequestCacheAwareFilter@24a7d3d3, org.springframework.security.web.servletapi.SecurityContextHolderAwareRequestFilter@43fbc2bf, org.springframework.security.web.authentication.AnonymousAuthenticationFilter@482942d8, org.springframework.security.web.session.SessionManagementFilter@3ffa0f38, org.springframework.security.web.access.ExceptionTranslationFilter@40fee459, org.springframework.security.web.access.intercept.FilterSecurityInterceptor@49c13ecd]
2020-07-12 16:33:18.581 DEBUG 12448 --- [           main] edFilterInvocationSecurityMetadataSource : Adding web access control expression 'hasRole('EDITOR')', for Ant [pattern='/rest/**']
2020-07-12 16:33:18.712 DEBUG 12448 --- [           main] o.s.s.w.a.i.FilterSecurityInterceptor    : Validated configuration attributes
2020-07-12 16:33:18.714 DEBUG 12448 --- [           main] o.s.s.w.a.i.FilterSecurityInterceptor    : Validated configuration attributes
2020-07-12 16:33:18.799  INFO 12448 --- [           main] o.s.s.web.DefaultSecurityFilterChain     : Creating filter chain: Ant [pattern='/rest/**'], [org.springframework.security.web.context.request.async.WebAsyncManagerIntegrationFilter@e97f51c, org.springframework.security.web.context.SecurityContextPersistenceFilter@5c316230, org.springframework.security.web.header.HeaderWriterFilter@65b680b4, org.springframework.security.web.authentication.logout.LogoutFilter@352ce817, org.springframework.security.web.authentication.www.BasicAuthenticationFilter@6da9541c, org.springframework.security.web.savedrequest.RequestCacheAwareFilter@41581c3f, org.springframework.security.web.servletapi.SecurityContextHolderAwareRequestFilter@10ba9780, org.springframework.security.web.authentication.AnonymousAuthenticationFilter@29394966, org.springframework.security.web.session.SessionManagementFilter@87f6ab5, org.springframework.security.web.access.ExceptionTranslationFilter@7bfcc108, org.springframework.security.web.access.intercept.FilterSecurityInterceptor@4e614370]
2020-07-12 16:33:19.075 DEBUG 12448 --- [           main] edFilterInvocationSecurityMetadataSource : Adding web access control expression 'permitAll', for Ant [pattern='/**/favicon.ico']
2020-07-12 16:33:19.076 DEBUG 12448 --- [           main] edFilterInvocationSecurityMetadataSource : Adding web access control expression 'permitAll', for Ant [pattern='/css/**']
2020-07-12 16:33:19.077 DEBUG 12448 --- [           main] edFilterInvocationSecurityMetadataSource : Adding web access control expression 'permitAll', for Ant [pattern='/js/**']
2020-07-12 16:33:19.077 DEBUG 12448 --- [           main] edFilterInvocationSecurityMetadataSource : Adding web access control expression 'permitAll', for Ant [pattern='images/**']
2020-07-12 16:33:19.077 DEBUG 12448 --- [           main] edFilterInvocationSecurityMetadataSource : Adding web access control expression 'permitAll', for Ant [pattern='/webjars/**']
2020-07-12 16:33:19.078 DEBUG 12448 --- [           main] edFilterInvocationSecurityMetadataSource : Adding web access control expression 'permitAll', for Ant [pattern='/login.html']
2020-07-12 16:33:19.079 DEBUG 12448 --- [           main] edFilterInvocationSecurityMetadataSource : Adding web access control expression 'hasRole('ADMIN')', for Ant [pattern='/actuator/**']
2020-07-12 16:33:19.084 DEBUG 12448 --- [           main] edFilterInvocationSecurityMetadataSource : Adding web access control expression 'authenticated', for org.springframework.security.web.util.matcher.AnyRequestMatcher@1
2020-07-12 16:33:19.085 DEBUG 12448 --- [           main] o.s.s.w.a.i.FilterSecurityInterceptor    : Validated configuration attributes
2020-07-12 16:33:19.092 DEBUG 12448 --- [           main] o.s.s.w.a.i.FilterSecurityInterceptor    : Validated configuration attributes
2020-07-12 16:33:19.348  INFO 12448 --- [           main] o.s.s.web.DefaultSecurityFilterChain     : Creating filter chain: org.springframework.security.web.util.matcher.AnyRequestMatcher@1, [org.springframework.security.web.context.request.async.WebAsyncManagerIntegrationFilter@229514ff, org.springframework.security.web.context.SecurityContextPersistenceFilter@7b1559f1, org.springframework.security.web.header.HeaderWriterFilter@1826475, org.springframework.security.web.csrf.CsrfFilter@75da2db, org.springframework.security.web.authentication.logout.LogoutFilter@8dbf0f2, org.springframework.security.web.authentication.UsernamePasswordAuthenticationFilter@5f9ccd0c, org.springframework.security.web.savedrequest.RequestCacheAwareFilter@6b15e68c, org.springframework.security.web.servletapi.SecurityContextHolderAwareRequestFilter@79a68657, org.springframework.security.web.authentication.rememberme.RememberMeAuthenticationFilter@34647f58, org.springframework.security.web.authentication.AnonymousAuthenticationFilter@664254b6, org.springframework.security.web.session.SessionManagementFilter@6ba355e4, org.springframework.security.web.access.ExceptionTranslationFilter@3ad558bf, org.springframework.security.web.access.intercept.FilterSecurityInterceptor@6371c5ec]
2020-07-12 16:33:21.373  INFO 12448 --- [           main] s.b.a.e.w.s.WebMvcEndpointHandlerMapping : Mapped "{[/actuator/auditevents],methods=[GET],produces=[application/vnd.spring-boot.actuator.v2+json || application/json]}" onto public java.lang.Object org.springframework.boot.actuate.endpoint.web.servlet.AbstractWebMvcEndpointHandlerMapping$OperationHandler.handle(javax.servlet.http.HttpServletRequest,java.util.Map<java.lang.String, java.lang.String>)
2020-07-12 16:33:21.375  INFO 12448 --- [           main] s.b.a.e.w.s.WebMvcEndpointHandlerMapping : Mapped "{[/actuator/beans],methods=[GET],produces=[application/vnd.spring-boot.actuator.v2+json || application/json]}" onto public java.lang.Object org.springframework.boot.actuate.endpoint.web.servlet.AbstractWebMvcEndpointHandlerMapping$OperationHandler.handle(javax.servlet.http.HttpServletRequest,java.util.Map<java.lang.String, java.lang.String>)
2020-07-12 16:33:21.375  INFO 12448 --- [           main] s.b.a.e.w.s.WebMvcEndpointHandlerMapping : Mapped "{[/actuator/health],methods=[GET],produces=[application/vnd.spring-boot.actuator.v2+json || application/json]}" onto public java.lang.Object org.springframework.boot.actuate.endpoint.web.servlet.AbstractWebMvcEndpointHandlerMapping$OperationHandler.handle(javax.servlet.http.HttpServletRequest,java.util.Map<java.lang.String, java.lang.String>)
2020-07-12 16:33:21.375  INFO 12448 --- [           main] s.b.a.e.w.s.WebMvcEndpointHandlerMapping : Mapped "{[/actuator/conditions],methods=[GET],produces=[application/vnd.spring-boot.actuator.v2+json || application/json]}" onto public java.lang.Object org.springframework.boot.actuate.endpoint.web.servlet.AbstractWebMvcEndpointHandlerMapping$OperationHandler.handle(javax.servlet.http.HttpServletRequest,java.util.Map<java.lang.String, java.lang.String>)
2020-07-12 16:33:21.376  INFO 12448 --- [           main] s.b.a.e.w.s.WebMvcEndpointHandlerMapping : Mapped "{[/actuator/shutdown],methods=[POST],produces=[application/vnd.spring-boot.actuator.v2+json || application/json]}" onto public java.lang.Object org.springframework.boot.actuate.endpoint.web.servlet.AbstractWebMvcEndpointHandlerMapping$OperationHandler.handle(javax.servlet.http.HttpServletRequest,java.util.Map<java.lang.String, java.lang.String>)
2020-07-12 16:33:21.376  INFO 12448 --- [           main] s.b.a.e.w.s.WebMvcEndpointHandlerMapping : Mapped "{[/actuator/configprops],methods=[GET],produces=[application/vnd.spring-boot.actuator.v2+json || application/json]}" onto public java.lang.Object org.springframework.boot.actuate.endpoint.web.servlet.AbstractWebMvcEndpointHandlerMapping$OperationHandler.handle(javax.servlet.http.HttpServletRequest,java.util.Map<java.lang.String, java.lang.String>)
2020-07-12 16:33:21.377  INFO 12448 --- [           main] s.b.a.e.w.s.WebMvcEndpointHandlerMapping : Mapped "{[/actuator/env],methods=[GET],produces=[application/vnd.spring-boot.actuator.v2+json || application/json]}" onto public java.lang.Object org.springframework.boot.actuate.endpoint.web.servlet.AbstractWebMvcEndpointHandlerMapping$OperationHandler.handle(javax.servlet.http.HttpServletRequest,java.util.Map<java.lang.String, java.lang.String>)
2020-07-12 16:33:21.377  INFO 12448 --- [           main] s.b.a.e.w.s.WebMvcEndpointHandlerMapping : Mapped "{[/actuator/env/{toMatch}],methods=[GET],produces=[application/vnd.spring-boot.actuator.v2+json || application/json]}" onto public java.lang.Object org.springframework.boot.actuate.endpoint.web.servlet.AbstractWebMvcEndpointHandlerMapping$OperationHandler.handle(javax.servlet.http.HttpServletRequest,java.util.Map<java.lang.String, java.lang.String>)
2020-07-12 16:33:21.378  INFO 12448 --- [           main] s.b.a.e.w.s.WebMvcEndpointHandlerMapping : Mapped "{[/actuator/info],methods=[GET],produces=[application/vnd.spring-boot.actuator.v2+json || application/json]}" onto public java.lang.Object org.springframework.boot.actuate.endpoint.web.servlet.AbstractWebMvcEndpointHandlerMapping$OperationHandler.handle(javax.servlet.http.HttpServletRequest,java.util.Map<java.lang.String, java.lang.String>)
2020-07-12 16:33:21.378  INFO 12448 --- [           main] s.b.a.e.w.s.WebMvcEndpointHandlerMapping : Mapped "{[/actuator/logfile],methods=[GET],produces=[application/octet-stream]}" onto public java.lang.Object org.springframework.boot.actuate.endpoint.web.servlet.AbstractWebMvcEndpointHandlerMapping$OperationHandler.handle(javax.servlet.http.HttpServletRequest,java.util.Map<java.lang.String, java.lang.String>)
2020-07-12 16:33:21.379  INFO 12448 --- [           main] s.b.a.e.w.s.WebMvcEndpointHandlerMapping : Mapped "{[/actuator/loggers],methods=[GET],produces=[application/vnd.spring-boot.actuator.v2+json || application/json]}" onto public java.lang.Object org.springframework.boot.actuate.endpoint.web.servlet.AbstractWebMvcEndpointHandlerMapping$OperationHandler.handle(javax.servlet.http.HttpServletRequest,java.util.Map<java.lang.String, java.lang.String>)
2020-07-12 16:33:21.380  INFO 12448 --- [           main] s.b.a.e.w.s.WebMvcEndpointHandlerMapping : Mapped "{[/actuator/loggers/{name}],methods=[GET],produces=[application/vnd.spring-boot.actuator.v2+json || application/json]}" onto public java.lang.Object org.springframework.boot.actuate.endpoint.web.servlet.AbstractWebMvcEndpointHandlerMapping$OperationHandler.handle(javax.servlet.http.HttpServletRequest,java.util.Map<java.lang.String, java.lang.String>)
2020-07-12 16:33:21.380  INFO 12448 --- [           main] s.b.a.e.w.s.WebMvcEndpointHandlerMapping : Mapped "{[/actuator/loggers/{name}],methods=[POST],consumes=[application/vnd.spring-boot.actuator.v2+json || application/json]}" onto public java.lang.Object org.springframework.boot.actuate.endpoint.web.servlet.AbstractWebMvcEndpointHandlerMapping$OperationHandler.handle(javax.servlet.http.HttpServletRequest,java.util.Map<java.lang.String, java.lang.String>)
2020-07-12 16:33:21.380  INFO 12448 --- [           main] s.b.a.e.w.s.WebMvcEndpointHandlerMapping : Mapped "{[/actuator/heapdump],methods=[GET],produces=[application/octet-stream]}" onto public java.lang.Object org.springframework.boot.actuate.endpoint.web.servlet.AbstractWebMvcEndpointHandlerMapping$OperationHandler.handle(javax.servlet.http.HttpServletRequest,java.util.Map<java.lang.String, java.lang.String>)
2020-07-12 16:33:21.381  INFO 12448 --- [           main] s.b.a.e.w.s.WebMvcEndpointHandlerMapping : Mapped "{[/actuator/threaddump],methods=[GET],produces=[application/vnd.spring-boot.actuator.v2+json || application/json]}" onto public java.lang.Object org.springframework.boot.actuate.endpoint.web.servlet.AbstractWebMvcEndpointHandlerMapping$OperationHandler.handle(javax.servlet.http.HttpServletRequest,java.util.Map<java.lang.String, java.lang.String>)
2020-07-12 16:33:21.382  INFO 12448 --- [           main] s.b.a.e.w.s.WebMvcEndpointHandlerMapping : Mapped "{[/actuator/metrics],methods=[GET],produces=[application/vnd.spring-boot.actuator.v2+json || application/json]}" onto public java.lang.Object org.springframework.boot.actuate.endpoint.web.servlet.AbstractWebMvcEndpointHandlerMapping$OperationHandler.handle(javax.servlet.http.HttpServletRequest,java.util.Map<java.lang.String, java.lang.String>)
2020-07-12 16:33:21.382  INFO 12448 --- [           main] s.b.a.e.w.s.WebMvcEndpointHandlerMapping : Mapped "{[/actuator/metrics/{requiredMetricName}],methods=[GET],produces=[application/vnd.spring-boot.actuator.v2+json || application/json]}" onto public java.lang.Object org.springframework.boot.actuate.endpoint.web.servlet.AbstractWebMvcEndpointHandlerMapping$OperationHandler.handle(javax.servlet.http.HttpServletRequest,java.util.Map<java.lang.String, java.lang.String>)
2020-07-12 16:33:21.383  INFO 12448 --- [           main] s.b.a.e.w.s.WebMvcEndpointHandlerMapping : Mapped "{[/actuator/scheduledtasks],methods=[GET],produces=[application/vnd.spring-boot.actuator.v2+json || application/json]}" onto public java.lang.Object org.springframework.boot.actuate.endpoint.web.servlet.AbstractWebMvcEndpointHandlerMapping$OperationHandler.handle(javax.servlet.http.HttpServletRequest,java.util.Map<java.lang.String, java.lang.String>)
2020-07-12 16:33:21.384  INFO 12448 --- [           main] s.b.a.e.w.s.WebMvcEndpointHandlerMapping : Mapped "{[/actuator/httptrace],methods=[GET],produces=[application/vnd.spring-boot.actuator.v2+json || application/json]}" onto public java.lang.Object org.springframework.boot.actuate.endpoint.web.servlet.AbstractWebMvcEndpointHandlerMapping$OperationHandler.handle(javax.servlet.http.HttpServletRequest,java.util.Map<java.lang.String, java.lang.String>)
2020-07-12 16:33:21.385  INFO 12448 --- [           main] s.b.a.e.w.s.WebMvcEndpointHandlerMapping : Mapped "{[/actuator/mappings],methods=[GET],produces=[application/vnd.spring-boot.actuator.v2+json || application/json]}" onto public java.lang.Object org.springframework.boot.actuate.endpoint.web.servlet.AbstractWebMvcEndpointHandlerMapping$OperationHandler.handle(javax.servlet.http.HttpServletRequest,java.util.Map<java.lang.String, java.lang.String>)
2020-07-12 16:33:21.388  INFO 12448 --- [           main] s.b.a.e.w.s.WebMvcEndpointHandlerMapping : Mapped "{[/actuator],methods=[GET],produces=[application/vnd.spring-boot.actuator.v2+json || application/json]}" onto protected java.util.Map<java.lang.String, java.util.Map<java.lang.String, org.springframework.boot.actuate.endpoint.web.Link>> org.springframework.boot.actuate.endpoint.web.servlet.WebMvcEndpointHandlerMapping.links(javax.servlet.http.HttpServletRequest,javax.servlet.http.HttpServletResponse)
2020-07-12 16:33:22.130 DEBUG 12448 --- [           main] o.s.w.c.s.GenericWebApplicationContext   : Unable to locate LifecycleProcessor with name 'lifecycleProcessor': using default [org.springframework.context.support.DefaultLifecycleProcessor@16f8df70]
2020-07-12 16:33:22.172 DEBUG 12448 --- [           main] o.s.w.s.resource.ResourceUrlProvider     : Looking for resource handler mappings
2020-07-12 16:33:22.176 DEBUG 12448 --- [           main] o.s.w.s.resource.ResourceUrlProvider     : Found resource handler mapping: URL pattern="/**/favicon.ico", locations=[class path resource [META-INF/resources/], class path resource [resources/], class path resource [static/], class path resource [public/], ServletContext resource [/], class path resource []], resolvers=[org.springframework.web.servlet.resource.PathResourceResolver@535be281]
2020-07-12 16:33:22.177 DEBUG 12448 --- [           main] o.s.w.s.resource.ResourceUrlProvider     : Found resource handler mapping: URL pattern="/webjars/**", locations=[class path resource [META-INF/resources/webjars/]], resolvers=[org.springframework.web.servlet.resource.CachingResourceResolver@20db19ff, org.springframework.web.servlet.resource.VersionResourceResolver@5eef8a16, org.springframework.web.servlet.resource.PathResourceResolver@1405aa6a]
2020-07-12 16:33:22.177 DEBUG 12448 --- [           main] o.s.w.s.resource.ResourceUrlProvider     : Found resource handler mapping: URL pattern="/**", locations=[class path resource [META-INF/resources/], class path resource [resources/], class path resource [static/], class path resource [public/], ServletContext resource [/]], resolvers=[org.springframework.web.servlet.resource.CachingResourceResolver@18c60d81, org.springframework.web.servlet.resource.VersionResourceResolver@602aeb87, org.springframework.web.servlet.resource.PathResourceResolver@423762ae]
2020-07-12 16:33:22.177 DEBUG 12448 --- [           main] o.s.w.s.resource.ResourceUrlProvider     : Found resource handler mapping: URL pattern="/hal/browser/**", locations=[class path resource [META-INF/spring-data-rest/hal-browser/]], resolvers=[org.springframework.web.servlet.resource.PathResourceResolver@7b58d678]
2020-07-12 16:33:22.204  INFO 12448 --- [           main] c.j.petclinic.dao.OwnerRepositoryTests   : Started OwnerRepositoryTests in 33.403 seconds (JVM running for 35.952)
2020-07-12 16:33:22.324  INFO 12448 --- [           main] o.s.t.c.transaction.TransactionContext   : Began transaction (1) for test context [DefaultTestContext@2abf4075 testClass = OwnerRepositoryTests, testInstance = com.javaegitimleri.petclinic.dao.OwnerRepositoryTests@15ee8861, testMethod = testCreateOwner@OwnerRepositoryTests, testException = [null], mergedContextConfiguration = [WebMergedContextConfiguration@770d3326 testClass = OwnerRepositoryTests, locations = '{}', classes = '{class com.javaegitimleri.petclinic.PetClinicApplication}', contextInitializerClasses = '[]', activeProfiles = '{dev}', propertySourceLocations = '{}', propertySourceProperties = '{org.springframework.boot.test.context.SpringBootTestContextBootstrapper=true}', contextCustomizers = set[org.springframework.boot.test.context.filter.ExcludeFilterContextCustomizer@28c4711c, org.springframework.boot.test.json.DuplicateJsonObjectContextCustomizerFactory$DuplicateJsonObjectContextCustomizer@1e9e725a, org.springframework.boot.test.mock.mockito.MockitoContextCustomizer@0, org.springframework.boot.test.web.client.TestRestTemplateContextCustomizer@6591f517, org.springframework.boot.test.autoconfigure.properties.PropertyMappingContextCustomizer@0, org.springframework.boot.test.autoconfigure.web.servlet.WebDriverContextCustomizerFactory$Customizer@18a70f16], resourceBasePath = 'src/main/webapp', contextLoader = 'org.springframework.boot.test.context.SpringBootContextLoader', parent = [null]], attributes = map['org.springframework.test.context.web.ServletTestExecutionListener.activateListener' -> true, 'org.springframework.test.context.web.ServletTestExecutionListener.populatedRequestContextHolder' -> true, 'org.springframework.test.context.web.ServletTestExecutionListener.resetRequestContextHolder' -> true]]; transaction manager [org.springframework.orm.jpa.JpaTransactionManager@33f81280]; rollback [true]
Hibernate: 
    call next value for petclinic_sequence
2020-07-12 16:33:22.991  INFO 12448 --- [           main] o.s.t.c.transaction.TransactionContext   : Rolled back transaction for test context [DefaultTestContext@2abf4075 testClass = OwnerRepositoryTests, testInstance = com.javaegitimleri.petclinic.dao.OwnerRepositoryTests@15ee8861, testMethod = testCreateOwner@OwnerRepositoryTests, testException = java.lang.Exception: Unexpected exception, expected<javax.persistence.PersistenceException> but was<javax.validation.ConstraintViolationException>, mergedContextConfiguration = [WebMergedContextConfiguration@770d3326 testClass = OwnerRepositoryTests, locations = '{}', classes = '{class com.javaegitimleri.petclinic.PetClinicApplication}', contextInitializerClasses = '[]', activeProfiles = '{dev}', propertySourceLocations = '{}', propertySourceProperties = '{org.springframework.boot.test.context.SpringBootTestContextBootstrapper=true}', contextCustomizers = set[org.springframework.boot.test.context.filter.ExcludeFilterContextCustomizer@28c4711c, org.springframework.boot.test.json.DuplicateJsonObjectContextCustomizerFactory$DuplicateJsonObjectContextCustomizer@1e9e725a, org.springframework.boot.test.mock.mockito.MockitoContextCustomizer@0, org.springframework.boot.test.web.client.TestRestTemplateContextCustomizer@6591f517, org.springframework.boot.test.autoconfigure.properties.PropertyMappingContextCustomizer@0, org.springframework.boot.test.autoconfigure.web.servlet.WebDriverContextCustomizerFactory$Customizer@18a70f16], resourceBasePath = 'src/main/webapp', contextLoader = 'org.springframework.boot.test.context.SpringBootContextLoader', parent = [null]], attributes = map['org.springframework.test.context.web.ServletTestExecutionListener.activateListener' -> true, 'org.springframework.test.context.web.ServletTestExecutionListener.populatedRequestContextHolder' -> true, 'org.springframework.test.context.web.ServletTestExecutionListener.resetRequestContextHolder' -> true]].
]]></system-out>
  </testcase>
</testsuite>