<?xml version="1.0" encoding="UTF-8"?>
<testsuite xmlns:xsi="http://www.w3.org/2001/XMLSchema-instance" xsi:noNamespaceSchemaLocation="https://maven.apache.org/surefire/maven-surefire-plugin/xsd/surefire-test-report.xsd" name="com.javaegitimleri.petclinic.dao.OwnerRepositoryTests" time="27.832" tests="1" errors="1" skipped="0" failures="0">
  <properties>
    <property name="sun.desktop" value="windows"/>
    <property name="awt.toolkit" value="sun.awt.windows.WToolkit"/>
    <property name="file.encoding.pkg" value="sun.io"/>
    <property name="java.specification.version" value="1.8"/>
    <property name="sun.cpu.isalist" value="amd64"/>
    <property name="sun.jnu.encoding" value="Cp1254"/>
    <property name="java.class.path" value="E:\work\petclinic\target\test-classes;E:\work\petclinic\target\classes;C:\Users\ebubekir\.m2\repository\org\springframework\boot\spring-boot-starter-mail\2.0.0.RELEASE\spring-boot-starter-mail-2.0.0.RELEASE.jar;C:\Users\ebubekir\.m2\repository\org\springframework\boot\spring-boot-starter\2.0.0.RELEASE\spring-boot-starter-2.0.0.RELEASE.jar;C:\Users\ebubekir\.m2\repository\org\springframework\boot\spring-boot\2.0.0.RELEASE\spring-boot-2.0.0.RELEASE.jar;C:\Users\ebubekir\.m2\repository\org\springframework\boot\spring-boot-autoconfigure\2.0.0.RELEASE\spring-boot-autoconfigure-2.0.0.RELEASE.jar;C:\Users\ebubekir\.m2\repository\org\springframework\boot\spring-boot-starter-logging\2.0.0.RELEASE\spring-boot-starter-logging-2.0.0.RELEASE.jar;C:\Users\ebubekir\.m2\repository\ch\qos\logback\logback-classic\1.2.3\logback-classic-1.2.3.jar;C:\Users\ebubekir\.m2\repository\ch\qos\logback\logback-core\1.2.3\logback-core-1.2.3.jar;C:\Users\ebubekir\.m2\repository\org\apache\logging\log4j\log4j-to-slf4j\2.10.0\log4j-to-slf4j-2.10.0.jar;C:\Users\ebubekir\.m2\repository\org\apache\logging\log4j\log4j-api\2.10.0\log4j-api-2.10.0.jar;C:\Users\ebubekir\.m2\repository\org\slf4j\jul-to-slf4j\1.7.25\jul-to-slf4j-1.7.25.jar;C:\Users\ebubekir\.m2\repository\javax\annotation\javax.annotation-api\1.3.2\javax.annotation-api-1.3.2.jar;C:\Users\ebubekir\.m2\repository\org\yaml\snakeyaml\1.19\snakeyaml-1.19.jar;C:\Users\ebubekir\.m2\repository\org\springframework\spring-context\5.0.4.RELEASE\spring-context-5.0.4.RELEASE.jar;C:\Users\ebubekir\.m2\repository\org\springframework\spring-beans\5.0.4.RELEASE\spring-beans-5.0.4.RELEASE.jar;C:\Users\ebubekir\.m2\repository\org\springframework\spring-expression\5.0.4.RELEASE\spring-expression-5.0.4.RELEASE.jar;C:\Users\ebubekir\.m2\repository\org\springframework\spring-context-support\5.0.4.RELEASE\spring-context-support-5.0.4.RELEASE.jar;C:\Users\ebubekir\.m2\repository\com\sun\mail\javax.mail\1.6.1\javax.mail-1.6.1.jar;C:\Users\ebubekir\.m2\repository\javax\activation\activation\1.1\activation-1.1.jar;C:\Users\ebubekir\.m2\repository\org\springframework\security\spring-security-test\5.0.3.RELEASE\spring-security-test-5.0.3.RELEASE.jar;C:\Users\ebubekir\.m2\repository\org\springframework\security\spring-security-core\5.0.3.RELEASE\spring-security-core-5.0.3.RELEASE.jar;C:\Users\ebubekir\.m2\repository\org\springframework\security\spring-security-web\5.0.3.RELEASE\spring-security-web-5.0.3.RELEASE.jar;C:\Users\ebubekir\.m2\repository\org\springframework\spring-core\5.0.4.RELEASE\spring-core-5.0.4.RELEASE.jar;C:\Users\ebubekir\.m2\repository\org\springframework\spring-jcl\5.0.4.RELEASE\spring-jcl-5.0.4.RELEASE.jar;C:\Users\ebubekir\.m2\repository\org\springframework\spring-test\5.0.4.RELEASE\spring-test-5.0.4.RELEASE.jar;C:\Users\ebubekir\.m2\repository\org\springframework\boot\spring-boot-starter-test\2.0.0.RELEASE\spring-boot-starter-test-2.0.0.RELEASE.jar;C:\Users\ebubekir\.m2\repository\org\springframework\boot\spring-boot-test\2.0.0.RELEASE\spring-boot-test-2.0.0.RELEASE.jar;C:\Users\ebubekir\.m2\repository\org\springframework\boot\spring-boot-test-autoconfigure\2.0.0.RELEASE\spring-boot-test-autoconfigure-2.0.0.RELEASE.jar;C:\Users\ebubekir\.m2\repository\com\jayway\jsonpath\json-path\2.4.0\json-path-2.4.0.jar;C:\Users\ebubekir\.m2\repository\net\minidev\json-smart\2.3\json-smart-2.3.jar;C:\Users\ebubekir\.m2\repository\net\minidev\accessors-smart\1.2\accessors-smart-1.2.jar;C:\Users\ebubekir\.m2\repository\org\ow2\asm\asm\5.0.4\asm-5.0.4.jar;C:\Users\ebubekir\.m2\repository\junit\junit\4.12\junit-4.12.jar;C:\Users\ebubekir\.m2\repository\org\assertj\assertj-core\3.9.1\assertj-core-3.9.1.jar;C:\Users\ebubekir\.m2\repository\org\mockito\mockito-core\2.15.0\mockito-core-2.15.0.jar;C:\Users\ebubekir\.m2\repository\net\bytebuddy\byte-buddy\1.7.10\byte-buddy-1.7.10.jar;C:\Users\ebubekir\.m2\repository\net\bytebuddy\byte-buddy-agent\1.7.10\byte-buddy-agent-1.7.10.jar;C:\Users\ebubekir\.m2\repository\org\objenesis\objenesis\2.6\objenesis-2.6.jar;C:\Users\ebubekir\.m2\repository\org\hamcrest\hamcrest-core\1.3\hamcrest-core-1.3.jar;C:\Users\ebubekir\.m2\repository\org\hamcrest\hamcrest-library\1.3\hamcrest-library-1.3.jar;C:\Users\ebubekir\.m2\repository\org\skyscreamer\jsonassert\1.5.0\jsonassert-1.5.0.jar;C:\Users\ebubekir\.m2\repository\com\vaadin\external\google\android-json\0.0.20131108.vaadin1\android-json-0.0.20131108.vaadin1.jar;C:\Users\ebubekir\.m2\repository\org\xmlunit\xmlunit-core\2.5.1\xmlunit-core-2.5.1.jar;C:\Users\ebubekir\.m2\repository\org\springframework\boot\spring-boot-starter-security\2.0.0.RELEASE\spring-boot-starter-security-2.0.0.RELEASE.jar;C:\Users\ebubekir\.m2\repository\org\springframework\spring-aop\5.0.4.RELEASE\spring-aop-5.0.4.RELEASE.jar;C:\Users\ebubekir\.m2\repository\org\springframework\security\spring-security-config\5.0.3.RELEASE\spring-security-config-5.0.3.RELEASE.jar;C:\Users\ebubekir\.m2\repository\org\springframework\boot\spring-boot-starter-data-jpa\2.0.0.RELEASE\spring-boot-starter-data-jpa-2.0.0.RELEASE.jar;C:\Users\ebubekir\.m2\repository\org\springframework\boot\spring-boot-starter-aop\2.0.0.RELEASE\spring-boot-starter-aop-2.0.0.RELEASE.jar;C:\Users\ebubekir\.m2\repository\org\aspectj\aspectjweaver\1.8.13\aspectjweaver-1.8.13.jar;C:\Users\ebubekir\.m2\repository\org\hibernate\hibernate-core\5.2.14.Final\hibernate-core-5.2.14.Final.jar;C:\Users\ebubekir\.m2\repository\org\jboss\logging\jboss-logging\3.3.2.Final\jboss-logging-3.3.2.Final.jar;C:\Users\ebubekir\.m2\repository\org\hibernate\javax\persistence\hibernate-jpa-2.1-api\1.0.0.Final\hibernate-jpa-2.1-api-1.0.0.Final.jar;C:\Users\ebubekir\.m2\repository\org\javassist\javassist\3.22.0-GA\javassist-3.22.0-GA.jar;C:\Users\ebubekir\.m2\repository\antlr\antlr\2.7.7\antlr-2.7.7.jar;C:\Users\ebubekir\.m2\repository\org\jboss\jandex\2.0.3.Final\jandex-2.0.3.Final.jar;C:\Users\ebubekir\.m2\repository\com\fasterxml\classmate\1.3.4\classmate-1.3.4.jar;C:\Users\ebubekir\.m2\repository\dom4j\dom4j\1.6.1\dom4j-1.6.1.jar;C:\Users\ebubekir\.m2\repository\org\hibernate\common\hibernate-commons-annotations\5.0.1.Final\hibernate-commons-annotations-5.0.1.Final.jar;C:\Users\ebubekir\.m2\repository\javax\transaction\javax.transaction-api\1.2\javax.transaction-api-1.2.jar;C:\Users\ebubekir\.m2\repository\org\springframework\data\spring-data-jpa\2.0.5.RELEASE\spring-data-jpa-2.0.5.RELEASE.jar;C:\Users\ebubekir\.m2\repository\org\springframework\data\spring-data-commons\2.0.5.RELEASE\spring-data-commons-2.0.5.RELEASE.jar;C:\Users\ebubekir\.m2\repository\org\springframework\spring-orm\5.0.4.RELEASE\spring-orm-5.0.4.RELEASE.jar;C:\Users\ebubekir\.m2\repository\org\springframework\spring-tx\5.0.4.RELEASE\spring-tx-5.0.4.RELEASE.jar;C:\Users\ebubekir\.m2\repository\org\springframework\spring-aspects\5.0.4.RELEASE\spring-aspects-5.0.4.RELEASE.jar;C:\Users\ebubekir\.m2\repository\com\h2database\h2\1.4.196\h2-1.4.196.jar;C:\Users\ebubekir\.m2\repository\org\springframework\boot\spring-boot-starter-jdbc\2.0.0.RELEASE\spring-boot-starter-jdbc-2.0.0.RELEASE.jar;C:\Users\ebubekir\.m2\repository\com\zaxxer\HikariCP\2.7.8\HikariCP-2.7.8.jar;C:\Users\ebubekir\.m2\repository\org\springframework\spring-jdbc\5.0.4.RELEASE\spring-jdbc-5.0.4.RELEASE.jar;C:\Users\ebubekir\.m2\repository\org\springframework\boot\spring-boot-starter-web\2.0.0.RELEASE\spring-boot-starter-web-2.0.0.RELEASE.jar;C:\Users\ebubekir\.m2\repository\org\springframework\boot\spring-boot-starter-json\2.0.0.RELEASE\spring-boot-starter-json-2.0.0.RELEASE.jar;C:\Users\ebubekir\.m2\repository\com\fasterxml\jackson\core\jackson-databind\2.9.4\jackson-databind-2.9.4.jar;C:\Users\ebubekir\.m2\repository\com\fasterxml\jackson\core\jackson-core\2.9.4\jackson-core-2.9.4.jar;C:\Users\ebubekir\.m2\repository\com\fasterxml\jackson\datatype\jackson-datatype-jdk8\2.9.4\jackson-datatype-jdk8-2.9.4.jar;C:\Users\ebubekir\.m2\repository\com\fasterxml\jackson\datatype\jackson-datatype-jsr310\2.9.4\jackson-datatype-jsr310-2.9.4.jar;C:\Users\ebubekir\.m2\repository\com\fasterxml\jackson\module\jackson-module-parameter-names\2.9.4\jackson-module-parameter-names-2.9.4.jar;C:\Users\ebubekir\.m2\repository\org\springframework\boot\spring-boot-starter-tomcat\2.0.0.RELEASE\spring-boot-starter-tomcat-2.0.0.RELEASE.jar;C:\Users\ebubekir\.m2\repository\org\apache\tomcat\embed\tomcat-embed-websocket\8.5.28\tomcat-embed-websocket-8.5.28.jar;C:\Users\ebubekir\.m2\repository\org\hibernate\validator\hibernate-validator\6.0.7.Final\hibernate-validator-6.0.7.Final.jar;C:\Users\ebubekir\.m2\repository\javax\validation\validation-api\2.0.1.Final\validation-api-2.0.1.Final.jar;C:\Users\ebubekir\.m2\repository\org\springframework\spring-web\5.0.4.RELEASE\spring-web-5.0.4.RELEASE.jar;C:\Users\ebubekir\.m2\repository\org\springframework\spring-webmvc\5.0.4.RELEASE\spring-webmvc-5.0.4.RELEASE.jar;C:\Users\ebubekir\.m2\repository\org\springframework\boot\spring-boot-starter-actuator\2.0.0.RELEASE\spring-boot-starter-actuator-2.0.0.RELEASE.jar;C:\Users\ebubekir\.m2\repository\org\springframework\boot\spring-boot-actuator-autoconfigure\2.0.0.RELEASE\spring-boot-actuator-autoconfigure-2.0.0.RELEASE.jar;C:\Users\ebubekir\.m2\repository\org\springframework\boot\spring-boot-actuator\2.0.0.RELEASE\spring-boot-actuator-2.0.0.RELEASE.jar;C:\Users\ebubekir\.m2\repository\io\micrometer\micrometer-core\1.0.1\micrometer-core-1.0.1.jar;C:\Users\ebubekir\.m2\repository\org\hdrhistogram\HdrHistogram\2.1.10\HdrHistogram-2.1.10.jar;C:\Users\ebubekir\.m2\repository\org\latencyutils\LatencyUtils\2.0.3\LatencyUtils-2.0.3.jar;C:\Users\ebubekir\.m2\repository\org\apache\tomcat\embed\tomcat-embed-jasper\8.5.28\tomcat-embed-jasper-8.5.28.jar;C:\Users\ebubekir\.m2\repository\org\apache\tomcat\embed\tomcat-embed-core\8.5.28\tomcat-embed-core-8.5.28.jar;C:\Users\ebubekir\.m2\repository\org\apache\tomcat\tomcat-annotations-api\8.5.28\tomcat-annotations-api-8.5.28.jar;C:\Users\ebubekir\.m2\repository\org\apache\tomcat\embed\tomcat-embed-el\8.5.28\tomcat-embed-el-8.5.28.jar;C:\Users\ebubekir\.m2\repository\org\eclipse\jdt\ecj\3.12.3\ecj-3.12.3.jar;C:\Users\ebubekir\.m2\repository\javax\servlet\jstl\1.2\jstl-1.2.jar;C:\Users\ebubekir\.m2\repository\org\springframework\boot\spring-boot-starter-thymeleaf\2.0.0.RELEASE\spring-boot-starter-thymeleaf-2.0.0.RELEASE.jar;C:\Users\ebubekir\.m2\repository\org\thymeleaf\thymeleaf-spring5\3.0.9.RELEASE\thymeleaf-spring5-3.0.9.RELEASE.jar;C:\Users\ebubekir\.m2\repository\org\thymeleaf\thymeleaf\3.0.9.RELEASE\thymeleaf-3.0.9.RELEASE.jar;C:\Users\ebubekir\.m2\repository\org\attoparser\attoparser\2.0.4.RELEASE\attoparser-2.0.4.RELEASE.jar;C:\Users\ebubekir\.m2\repository\org\unbescape\unbescape\1.1.5.RELEASE\unbescape-1.1.5.RELEASE.jar;C:\Users\ebubekir\.m2\repository\org\thymeleaf\extras\thymeleaf-extras-java8time\3.0.1.RELEASE\thymeleaf-extras-java8time-3.0.1.RELEASE.jar;C:\Users\ebubekir\.m2\repository\org\springframework\boot\spring-boot-starter-hateoas\2.0.0.RELEASE\spring-boot-starter-hateoas-2.0.0.RELEASE.jar;C:\Users\ebubekir\.m2\repository\org\springframework\hateoas\spring-hateoas\0.24.0.RELEASE\spring-hateoas-0.24.0.RELEASE.jar;C:\Users\ebubekir\.m2\repository\org\springframework\plugin\spring-plugin-core\1.2.0.RELEASE\spring-plugin-core-1.2.0.RELEASE.jar;C:\Users\ebubekir\.m2\repository\org\springframework\boot\spring-boot-starter-data-rest\2.0.0.RELEASE\spring-boot-starter-data-rest-2.0.0.RELEASE.jar;C:\Users\ebubekir\.m2\repository\org\springframework\data\spring-data-rest-webmvc\3.0.5.RELEASE\spring-data-rest-webmvc-3.0.5.RELEASE.jar;C:\Users\ebubekir\.m2\repository\org\springframework\data\spring-data-rest-core\3.0.5.RELEASE\spring-data-rest-core-3.0.5.RELEASE.jar;C:\Users\ebubekir\.m2\repository\org\atteo\evo-inflector\1.2.2\evo-inflector-1.2.2.jar;C:\Users\ebubekir\.m2\repository\com\fasterxml\jackson\core\jackson-annotations\2.9.0\jackson-annotations-2.9.0.jar;C:\Users\ebubekir\.m2\repository\org\springframework\data\spring-data-rest-hal-browser\3.0.5.RELEASE\spring-data-rest-hal-browser-3.0.5.RELEASE.jar;C:\Users\ebubekir\.m2\repository\org\slf4j\slf4j-api\1.7.25\slf4j-api-1.7.25.jar;C:\Users\ebubekir\.m2\repository\org\springframework\boot\spring-boot-starter-cache\2.0.0.RELEASE\spring-boot-starter-cache-2.0.0.RELEASE.jar;C:\Users\ebubekir\.m2\repository\javax\xml\bind\jaxb-api\2.3.1\jaxb-api-2.3.1.jar;C:\Users\ebubekir\.m2\repository\javax\activation\javax.activation-api\1.2.0\javax.activation-api-1.2.0.jar;"/>
    <property name="java.vm.vendor" value="Oracle Corporation"/>
    <property name="sun.arch.data.model" value="64"/>
    <property name="user.variant" value=""/>
    <property name="java.vendor.url" value="http://java.oracle.com/"/>
    <property name="user.timezone" value="GMT+01:00"/>
    <property name="user.country.format" value="TR"/>
    <property name="java.vm.specification.version" value="1.8"/>
    <property name="os.name" value="Windows 8.1"/>
    <property name="user.country" value="US"/>
    <property name="sun.java.launcher" value="SUN_STANDARD"/>
    <property name="sun.boot.library.path" value="C:\Program Files\Java\jdk1.8.0_45\jre\bin"/>
    <property name="sun.java.command" value="C:\Users\ebubekir\AppData\Local\Temp\surefire9192908570003735553\surefirebooter1634350612617553846.jar C:\Users\ebubekir\AppData\Local\Temp\surefire9192908570003735553 2021-02-10T10-53-58_946-jvmRun1 surefire7088374621922605988tmp surefire_0361502839036644265tmp"/>
    <property name="surefire.test.class.path" value="E:\work\petclinic\target\test-classes;E:\work\petclinic\target\classes;C:\Users\ebubekir\.m2\repository\org\springframework\boot\spring-boot-starter-mail\2.0.0.RELEASE\spring-boot-starter-mail-2.0.0.RELEASE.jar;C:\Users\ebubekir\.m2\repository\org\springframework\boot\spring-boot-starter\2.0.0.RELEASE\spring-boot-starter-2.0.0.RELEASE.jar;C:\Users\ebubekir\.m2\repository\org\springframework\boot\spring-boot\2.0.0.RELEASE\spring-boot-2.0.0.RELEASE.jar;C:\Users\ebubekir\.m2\repository\org\springframework\boot\spring-boot-autoconfigure\2.0.0.RELEASE\spring-boot-autoconfigure-2.0.0.RELEASE.jar;C:\Users\ebubekir\.m2\repository\org\springframework\boot\spring-boot-starter-logging\2.0.0.RELEASE\spring-boot-starter-logging-2.0.0.RELEASE.jar;C:\Users\ebubekir\.m2\repository\ch\qos\logback\logback-classic\1.2.3\logback-classic-1.2.3.jar;C:\Users\ebubekir\.m2\repository\ch\qos\logback\logback-core\1.2.3\logback-core-1.2.3.jar;C:\Users\ebubekir\.m2\repository\org\apache\logging\log4j\log4j-to-slf4j\2.10.0\log4j-to-slf4j-2.10.0.jar;C:\Users\ebubekir\.m2\repository\org\apache\logging\log4j\log4j-api\2.10.0\log4j-api-2.10.0.jar;C:\Users\ebubekir\.m2\repository\org\slf4j\jul-to-slf4j\1.7.25\jul-to-slf4j-1.7.25.jar;C:\Users\ebubekir\.m2\repository\javax\annotation\javax.annotation-api\1.3.2\javax.annotation-api-1.3.2.jar;C:\Users\ebubekir\.m2\repository\org\yaml\snakeyaml\1.19\snakeyaml-1.19.jar;C:\Users\ebubekir\.m2\repository\org\springframework\spring-context\5.0.4.RELEASE\spring-context-5.0.4.RELEASE.jar;C:\Users\ebubekir\.m2\repository\org\springframework\spring-beans\5.0.4.RELEASE\spring-beans-5.0.4.RELEASE.jar;C:\Users\ebubekir\.m2\repository\org\springframework\spring-expression\5.0.4.RELEASE\spring-expression-5.0.4.RELEASE.jar;C:\Users\ebubekir\.m2\repository\org\springframework\spring-context-support\5.0.4.RELEASE\spring-context-support-5.0.4.RELEASE.jar;C:\Users\ebubekir\.m2\repository\com\sun\mail\javax.mail\1.6.1\javax.mail-1.6.1.jar;C:\Users\ebubekir\.m2\repository\javax\activation\activation\1.1\activation-1.1.jar;C:\Users\ebubekir\.m2\repository\org\springframework\security\spring-security-test\5.0.3.RELEASE\spring-security-test-5.0.3.RELEASE.jar;C:\Users\ebubekir\.m2\repository\org\springframework\security\spring-security-core\5.0.3.RELEASE\spring-security-core-5.0.3.RELEASE.jar;C:\Users\ebubekir\.m2\repository\org\springframework\security\spring-security-web\5.0.3.RELEASE\spring-security-web-5.0.3.RELEASE.jar;C:\Users\ebubekir\.m2\repository\org\springframework\spring-core\5.0.4.RELEASE\spring-core-5.0.4.RELEASE.jar;C:\Users\ebubekir\.m2\repository\org\springframework\spring-jcl\5.0.4.RELEASE\spring-jcl-5.0.4.RELEASE.jar;C:\Users\ebubekir\.m2\repository\org\springframework\spring-test\5.0.4.RELEASE\spring-test-5.0.4.RELEASE.jar;C:\Users\ebubekir\.m2\repository\org\springframework\boot\spring-boot-starter-test\2.0.0.RELEASE\spring-boot-starter-test-2.0.0.RELEASE.jar;C:\Users\ebubekir\.m2\repository\org\springframework\boot\spring-boot-test\2.0.0.RELEASE\spring-boot-test-2.0.0.RELEASE.jar;C:\Users\ebubekir\.m2\repository\org\springframework\boot\spring-boot-test-autoconfigure\2.0.0.RELEASE\spring-boot-test-autoconfigure-2.0.0.RELEASE.jar;C:\Users\ebubekir\.m2\repository\com\jayway\jsonpath\json-path\2.4.0\json-path-2.4.0.jar;C:\Users\ebubekir\.m2\repository\net\minidev\json-smart\2.3\json-smart-2.3.jar;C:\Users\ebubekir\.m2\repository\net\minidev\accessors-smart\1.2\accessors-smart-1.2.jar;C:\Users\ebubekir\.m2\repository\org\ow2\asm\asm\5.0.4\asm-5.0.4.jar;C:\Users\ebubekir\.m2\repository\junit\junit\4.12\junit-4.12.jar;C:\Users\ebubekir\.m2\repository\org\assertj\assertj-core\3.9.1\assertj-core-3.9.1.jar;C:\Users\ebubekir\.m2\repository\org\mockito\mockito-core\2.15.0\mockito-core-2.15.0.jar;C:\Users\ebubekir\.m2\repository\net\bytebuddy\byte-buddy\1.7.10\byte-buddy-1.7.10.jar;C:\Users\ebubekir\.m2\repository\net\bytebuddy\byte-buddy-agent\1.7.10\byte-buddy-agent-1.7.10.jar;C:\Users\ebubekir\.m2\repository\org\objenesis\objenesis\2.6\objenesis-2.6.jar;C:\Users\ebubekir\.m2\repository\org\hamcrest\hamcrest-core\1.3\hamcrest-core-1.3.jar;C:\Users\ebubekir\.m2\repository\org\hamcrest\hamcrest-library\1.3\hamcrest-library-1.3.jar;C:\Users\ebubekir\.m2\repository\org\skyscreamer\jsonassert\1.5.0\jsonassert-1.5.0.jar;C:\Users\ebubekir\.m2\repository\com\vaadin\external\google\android-json\0.0.20131108.vaadin1\android-json-0.0.20131108.vaadin1.jar;C:\Users\ebubekir\.m2\repository\org\xmlunit\xmlunit-core\2.5.1\xmlunit-core-2.5.1.jar;C:\Users\ebubekir\.m2\repository\org\springframework\boot\spring-boot-starter-security\2.0.0.RELEASE\spring-boot-starter-security-2.0.0.RELEASE.jar;C:\Users\ebubekir\.m2\repository\org\springframework\spring-aop\5.0.4.RELEASE\spring-aop-5.0.4.RELEASE.jar;C:\Users\ebubekir\.m2\repository\org\springframework\security\spring-security-config\5.0.3.RELEASE\spring-security-config-5.0.3.RELEASE.jar;C:\Users\ebubekir\.m2\repository\org\springframework\boot\spring-boot-starter-data-jpa\2.0.0.RELEASE\spring-boot-starter-data-jpa-2.0.0.RELEASE.jar;C:\Users\ebubekir\.m2\repository\org\springframework\boot\spring-boot-starter-aop\2.0.0.RELEASE\spring-boot-starter-aop-2.0.0.RELEASE.jar;C:\Users\ebubekir\.m2\repository\org\aspectj\aspectjweaver\1.8.13\aspectjweaver-1.8.13.jar;C:\Users\ebubekir\.m2\repository\org\hibernate\hibernate-core\5.2.14.Final\hibernate-core-5.2.14.Final.jar;C:\Users\ebubekir\.m2\repository\org\jboss\logging\jboss-logging\3.3.2.Final\jboss-logging-3.3.2.Final.jar;C:\Users\ebubekir\.m2\repository\org\hibernate\javax\persistence\hibernate-jpa-2.1-api\1.0.0.Final\hibernate-jpa-2.1-api-1.0.0.Final.jar;C:\Users\ebubekir\.m2\repository\org\javassist\javassist\3.22.0-GA\javassist-3.22.0-GA.jar;C:\Users\ebubekir\.m2\repository\antlr\antlr\2.7.7\antlr-2.7.7.jar;C:\Users\ebubekir\.m2\repository\org\jboss\jandex\2.0.3.Final\jandex-2.0.3.Final.jar;C:\Users\ebubekir\.m2\repository\com\fasterxml\classmate\1.3.4\classmate-1.3.4.jar;C:\Users\ebubekir\.m2\repository\dom4j\dom4j\1.6.1\dom4j-1.6.1.jar;C:\Users\ebubekir\.m2\repository\org\hibernate\common\hibernate-commons-annotations\5.0.1.Final\hibernate-commons-annotations-5.0.1.Final.jar;C:\Users\ebubekir\.m2\repository\javax\transaction\javax.transaction-api\1.2\javax.transaction-api-1.2.jar;C:\Users\ebubekir\.m2\repository\org\springframework\data\spring-data-jpa\2.0.5.RELEASE\spring-data-jpa-2.0.5.RELEASE.jar;C:\Users\ebubekir\.m2\repository\org\springframework\data\spring-data-commons\2.0.5.RELEASE\spring-data-commons-2.0.5.RELEASE.jar;C:\Users\ebubekir\.m2\repository\org\springframework\spring-orm\5.0.4.RELEASE\spring-orm-5.0.4.RELEASE.jar;C:\Users\ebubekir\.m2\repository\org\springframework\spring-tx\5.0.4.RELEASE\spring-tx-5.0.4.RELEASE.jar;C:\Users\ebubekir\.m2\repository\org\springframework\spring-aspects\5.0.4.RELEASE\spring-aspects-5.0.4.RELEASE.jar;C:\Users\ebubekir\.m2\repository\com\h2database\h2\1.4.196\h2-1.4.196.jar;C:\Users\ebubekir\.m2\repository\org\springframework\boot\spring-boot-starter-jdbc\2.0.0.RELEASE\spring-boot-starter-jdbc-2.0.0.RELEASE.jar;C:\Users\ebubekir\.m2\repository\com\zaxxer\HikariCP\2.7.8\HikariCP-2.7.8.jar;C:\Users\ebubekir\.m2\repository\org\springframework\spring-jdbc\5.0.4.RELEASE\spring-jdbc-5.0.4.RELEASE.jar;C:\Users\ebubekir\.m2\repository\org\springframework\boot\spring-boot-starter-web\2.0.0.RELEASE\spring-boot-starter-web-2.0.0.RELEASE.jar;C:\Users\ebubekir\.m2\repository\org\springframework\boot\spring-boot-starter-json\2.0.0.RELEASE\spring-boot-starter-json-2.0.0.RELEASE.jar;C:\Users\ebubekir\.m2\repository\com\fasterxml\jackson\core\jackson-databind\2.9.4\jackson-databind-2.9.4.jar;C:\Users\ebubekir\.m2\repository\com\fasterxml\jackson\core\jackson-core\2.9.4\jackson-core-2.9.4.jar;C:\Users\ebubekir\.m2\repository\com\fasterxml\jackson\datatype\jackson-datatype-jdk8\2.9.4\jackson-datatype-jdk8-2.9.4.jar;C:\Users\ebubekir\.m2\repository\com\fasterxml\jackson\datatype\jackson-datatype-jsr310\2.9.4\jackson-datatype-jsr310-2.9.4.jar;C:\Users\ebubekir\.m2\repository\com\fasterxml\jackson\module\jackson-module-parameter-names\2.9.4\jackson-module-parameter-names-2.9.4.jar;C:\Users\ebubekir\.m2\repository\org\springframework\boot\spring-boot-starter-tomcat\2.0.0.RELEASE\spring-boot-starter-tomcat-2.0.0.RELEASE.jar;C:\Users\ebubekir\.m2\repository\org\apache\tomcat\embed\tomcat-embed-websocket\8.5.28\tomcat-embed-websocket-8.5.28.jar;C:\Users\ebubekir\.m2\repository\org\hibernate\validator\hibernate-validator\6.0.7.Final\hibernate-validator-6.0.7.Final.jar;C:\Users\ebubekir\.m2\repository\javax\validation\validation-api\2.0.1.Final\validation-api-2.0.1.Final.jar;C:\Users\ebubekir\.m2\repository\org\springframework\spring-web\5.0.4.RELEASE\spring-web-5.0.4.RELEASE.jar;C:\Users\ebubekir\.m2\repository\org\springframework\spring-webmvc\5.0.4.RELEASE\spring-webmvc-5.0.4.RELEASE.jar;C:\Users\ebubekir\.m2\repository\org\springframework\boot\spring-boot-starter-actuator\2.0.0.RELEASE\spring-boot-starter-actuator-2.0.0.RELEASE.jar;C:\Users\ebubekir\.m2\repository\org\springframework\boot\spring-boot-actuator-autoconfigure\2.0.0.RELEASE\spring-boot-actuator-autoconfigure-2.0.0.RELEASE.jar;C:\Users\ebubekir\.m2\repository\org\springframework\boot\spring-boot-actuator\2.0.0.RELEASE\spring-boot-actuator-2.0.0.RELEASE.jar;C:\Users\ebubekir\.m2\repository\io\micrometer\micrometer-core\1.0.1\micrometer-core-1.0.1.jar;C:\Users\ebubekir\.m2\repository\org\hdrhistogram\HdrHistogram\2.1.10\HdrHistogram-2.1.10.jar;C:\Users\ebubekir\.m2\repository\org\latencyutils\LatencyUtils\2.0.3\LatencyUtils-2.0.3.jar;C:\Users\ebubekir\.m2\repository\org\apache\tomcat\embed\tomcat-embed-jasper\8.5.28\tomcat-embed-jasper-8.5.28.jar;C:\Users\ebubekir\.m2\repository\org\apache\tomcat\embed\tomcat-embed-core\8.5.28\tomcat-embed-core-8.5.28.jar;C:\Users\ebubekir\.m2\repository\org\apache\tomcat\tomcat-annotations-api\8.5.28\tomcat-annotations-api-8.5.28.jar;C:\Users\ebubekir\.m2\repository\org\apache\tomcat\embed\tomcat-embed-el\8.5.28\tomcat-embed-el-8.5.28.jar;C:\Users\ebubekir\.m2\repository\org\eclipse\jdt\ecj\3.12.3\ecj-3.12.3.jar;C:\Users\ebubekir\.m2\repository\javax\servlet\jstl\1.2\jstl-1.2.jar;C:\Users\ebubekir\.m2\repository\org\springframework\boot\spring-boot-starter-thymeleaf\2.0.0.RELEASE\spring-boot-starter-thymeleaf-2.0.0.RELEASE.jar;C:\Users\ebubekir\.m2\repository\org\thymeleaf\thymeleaf-spring5\3.0.9.RELEASE\thymeleaf-spring5-3.0.9.RELEASE.jar;C:\Users\ebubekir\.m2\repository\org\thymeleaf\thymeleaf\3.0.9.RELEASE\thymeleaf-3.0.9.RELEASE.jar;C:\Users\ebubekir\.m2\repository\org\attoparser\attoparser\2.0.4.RELEASE\attoparser-2.0.4.RELEASE.jar;C:\Users\ebubekir\.m2\repository\org\unbescape\unbescape\1.1.5.RELEASE\unbescape-1.1.5.RELEASE.jar;C:\Users\ebubekir\.m2\repository\org\thymeleaf\extras\thymeleaf-extras-java8time\3.0.1.RELEASE\thymeleaf-extras-java8time-3.0.1.RELEASE.jar;C:\Users\ebubekir\.m2\repository\org\springframework\boot\spring-boot-starter-hateoas\2.0.0.RELEASE\spring-boot-starter-hateoas-2.0.0.RELEASE.jar;C:\Users\ebubekir\.m2\repository\org\springframework\hateoas\spring-hateoas\0.24.0.RELEASE\spring-hateoas-0.24.0.RELEASE.jar;C:\Users\ebubekir\.m2\repository\org\springframework\plugin\spring-plugin-core\1.2.0.RELEASE\spring-plugin-core-1.2.0.RELEASE.jar;C:\Users\ebubekir\.m2\repository\org\springframework\boot\spring-boot-starter-data-rest\2.0.0.RELEASE\spring-boot-starter-data-rest-2.0.0.RELEASE.jar;C:\Users\ebubekir\.m2\repository\org\springframework\data\spring-data-rest-webmvc\3.0.5.RELEASE\spring-data-rest-webmvc-3.0.5.RELEASE.jar;C:\Users\ebubekir\.m2\repository\org\springframework\data\spring-data-rest-core\3.0.5.RELEASE\spring-data-rest-core-3.0.5.RELEASE.jar;C:\Users\ebubekir\.m2\repository\org\atteo\evo-inflector\1.2.2\evo-inflector-1.2.2.jar;C:\Users\ebubekir\.m2\repository\com\fasterxml\jackson\core\jackson-annotations\2.9.0\jackson-annotations-2.9.0.jar;C:\Users\ebubekir\.m2\repository\org\springframework\data\spring-data-rest-hal-browser\3.0.5.RELEASE\spring-data-rest-hal-browser-3.0.5.RELEASE.jar;C:\Users\ebubekir\.m2\repository\org\slf4j\slf4j-api\1.7.25\slf4j-api-1.7.25.jar;C:\Users\ebubekir\.m2\repository\org\springframework\boot\spring-boot-starter-cache\2.0.0.RELEASE\spring-boot-starter-cache-2.0.0.RELEASE.jar;C:\Users\ebubekir\.m2\repository\javax\xml\bind\jaxb-api\2.3.1\jaxb-api-2.3.1.jar;C:\Users\ebubekir\.m2\repository\javax\activation\javax.activation-api\1.2.0\javax.activation-api-1.2.0.jar;"/>
    <property name="sun.cpu.endian" value="little"/>
    <property name="user.home" value="C:\Users\ebubekir"/>
    <property name="user.language" value="en"/>
    <property name="java.specification.vendor" value="Oracle Corporation"/>
    <property name="java.home" value="C:\Program Files\Java\jdk1.8.0_45\jre"/>
    <property name="basedir" value="E:\work\petclinic"/>
    <property name="file.separator" value="\"/>
    <property name="line.separator" value="&#10;"/>
    <property name="java.vm.specification.vendor" value="Oracle Corporation"/>
    <property name="java.specification.name" value="Java Platform API Specification"/>
    <property name="java.awt.graphicsenv" value="sun.awt.Win32GraphicsEnvironment"/>
    <property name="surefire.real.class.path" value="C:\Users\ebubekir\AppData\Local\Temp\surefire9192908570003735553\surefirebooter1634350612617553846.jar"/>
    <property name="sun.boot.class.path" value="C:\Program Files\Java\jdk1.8.0_45\jre\lib\resources.jar;C:\Program Files\Java\jdk1.8.0_45\jre\lib\rt.jar;C:\Program Files\Java\jdk1.8.0_45\jre\lib\sunrsasign.jar;C:\Program Files\Java\jdk1.8.0_45\jre\lib\jsse.jar;C:\Program Files\Java\jdk1.8.0_45\jre\lib\jce.jar;C:\Program Files\Java\jdk1.8.0_45\jre\lib\charsets.jar;C:\Program Files\Java\jdk1.8.0_45\jre\lib\jfr.jar;C:\Program Files\Java\jdk1.8.0_45\jre\classes"/>
    <property name="user.script" value=""/>
    <property name="sun.management.compiler" value="HotSpot 64-Bit Tiered Compilers"/>
    <property name="java.runtime.version" value="1.8.0_45-b15"/>
    <property name="user.name" value="ebubekir"/>
    <property name="path.separator" value=";"/>
    <property name="os.version" value="6.3"/>
    <property name="java.endorsed.dirs" value="C:\Program Files\Java\jdk1.8.0_45\jre\lib\endorsed"/>
    <property name="java.runtime.name" value="Java(TM) SE Runtime Environment"/>
    <property name="file.encoding" value="Cp1254"/>
    <property name="java.vm.name" value="Java HotSpot(TM) 64-Bit Server VM"/>
    <property name="localRepository" value="C:\Users\ebubekir\.m2\repository"/>
    <property name="java.vendor.url.bug" value="http://bugreport.sun.com/bugreport/"/>
    <property name="java.io.tmpdir" value="C:\Users\ebubekir\AppData\Local\Temp\"/>
    <property name="idea.version" value="2020.3.1"/>
    <property name="java.version" value="1.8.0_45"/>
    <property name="user.dir" value="E:\work\petclinic"/>
    <property name="os.arch" value="amd64"/>
    <property name="java.vm.specification.name" value="Java Virtual Machine Specification"/>
    <property name="java.awt.printerjob" value="sun.awt.windows.WPrinterJob"/>
    <property name="user.language.format" value="tr"/>
    <property name="sun.os.patch.level" value=""/>
    <property name="java.library.path" value="C:\Program Files\Java\jdk1.8.0_45\jre\bin;C:\Windows\Sun\Java\bin;C:\Windows\system32;C:\Windows;C:\ProgramData\Oracle\Java\javapath;C:\oraclexe\app\oracle\product\11.2.0\server\bin;C:\Windows\system32;C:\Windows;C:\Windows\System32\Wbem;C:\Windows\System32\WindowsPowerShell\v1.0\;C:\Program Files\Java\jdk-11.0.9\bin;C:\Program Files\nodejs\;C:\Program Files\Git\cmd;C:\Program Files\apache-maven-3.6.3\bin;C:\Program Files\MySQL\MySQL Shell 8.0\bin\;C:\Users\ebubekir\AppData\Roaming\npm;C:\Users\ebubekir\AppData\Local\Programs\Microsoft VS Code\bin;C:\Program Files\Docker Toolbox;C:\Program Files\heroku\bin;."/>
    <property name="java.vm.info" value="mixed mode"/>
    <property name="java.vendor" value="Oracle Corporation"/>
    <property name="java.vm.version" value="25.45-b02"/>
    <property name="java.ext.dirs" value="C:\Program Files\Java\jdk1.8.0_45\jre\lib\ext;C:\Windows\Sun\Java\lib\ext"/>
    <property name="sun.io.unicode.encoding" value="UnicodeLittle"/>
    <property name="java.class.version" value="52.0"/>
  </properties>
  <testcase name="testCreateOwner" classname="com.javaegitimleri.petclinic.dao.OwnerRepositoryTests" time="0.549">
    <error message="Unexpected exception, expected&lt;javax.persistence.PersistenceException&gt; but was&lt;javax.validation.ConstraintViolationException&gt;" type="java.lang.Exception"><![CDATA[java.lang.Exception: Unexpected exception, expected<javax.persistence.PersistenceException> but was<javax.validation.ConstraintViolationException>
	at com.javaegitimleri.petclinic.dao.OwnerRepositoryTests.testCreateOwner(OwnerRepositoryTests.java:39)
]]></error>
    <system-out><![CDATA[10:54:02.122 [main] DEBUG org.springframework.test.context.junit4.SpringJUnit4ClassRunner - SpringJUnit4ClassRunner constructor called with [class com.javaegitimleri.petclinic.dao.OwnerRepositoryTests]
10:54:02.138 [main] DEBUG org.springframework.test.context.BootstrapUtils - Instantiating CacheAwareContextLoaderDelegate from class [org.springframework.test.context.cache.DefaultCacheAwareContextLoaderDelegate]
10:54:02.157 [main] DEBUG org.springframework.test.context.BootstrapUtils - Instantiating BootstrapContext using constructor [public org.springframework.test.context.support.DefaultBootstrapContext(java.lang.Class,org.springframework.test.context.CacheAwareContextLoaderDelegate)]
10:54:02.217 [main] DEBUG org.springframework.test.context.BootstrapUtils - Instantiating TestContextBootstrapper for test class [com.javaegitimleri.petclinic.dao.OwnerRepositoryTests] from class [org.springframework.boot.test.context.SpringBootTestContextBootstrapper]
10:54:02.273 [main] INFO org.springframework.boot.test.context.SpringBootTestContextBootstrapper - Neither @ContextConfiguration nor @ContextHierarchy found for test class [com.javaegitimleri.petclinic.dao.OwnerRepositoryTests], using SpringBootContextLoader
10:54:02.280 [main] DEBUG org.springframework.test.context.support.AbstractContextLoader - Did not detect default resource location for test class [com.javaegitimleri.petclinic.dao.OwnerRepositoryTests]: class path resource [com/javaegitimleri/petclinic/dao/OwnerRepositoryTests-context.xml] does not exist
10:54:02.280 [main] DEBUG org.springframework.test.context.support.AbstractContextLoader - Did not detect default resource location for test class [com.javaegitimleri.petclinic.dao.OwnerRepositoryTests]: class path resource [com/javaegitimleri/petclinic/dao/OwnerRepositoryTestsContext.groovy] does not exist
10:54:02.280 [main] INFO org.springframework.test.context.support.AbstractContextLoader - Could not detect default resource locations for test class [com.javaegitimleri.petclinic.dao.OwnerRepositoryTests]: no resource found for suffixes {-context.xml, Context.groovy}.
10:54:02.280 [main] INFO org.springframework.test.context.support.AnnotationConfigContextLoaderUtils - Could not detect default configuration classes for test class [com.javaegitimleri.petclinic.dao.OwnerRepositoryTests]: OwnerRepositoryTests does not declare any static, non-private, non-final, nested classes annotated with @Configuration.
10:54:02.516 [main] DEBUG org.springframework.core.env.StandardEnvironment - Adding PropertySource 'systemProperties' with lowest search precedence
10:54:02.516 [main] DEBUG org.springframework.core.env.StandardEnvironment - Adding PropertySource 'systemEnvironment' with lowest search precedence
10:54:02.525 [main] DEBUG org.springframework.core.env.StandardEnvironment - Initialized StandardEnvironment with PropertySources [MapPropertySource@592959754 {name='systemProperties', properties={idea.version=2020.3.1, java.runtime.name=Java(TM) SE Runtime Environment, sun.boot.library.path=C:\Program Files\Java\jdk1.8.0_45\jre\bin, java.vm.version=25.45-b02, user.country.format=TR, java.vm.vendor=Oracle Corporation, java.vendor.url=http://java.oracle.com/, path.separator=;, java.vm.name=Java HotSpot(TM) 64-Bit Server VM, file.encoding.pkg=sun.io, user.country=US, user.script=, sun.java.launcher=SUN_STANDARD, sun.os.patch.level=, java.vm.specification.name=Java Virtual Machine Specification, user.dir=E:\work\petclinic, java.runtime.version=1.8.0_45-b15, basedir=E:\work\petclinic, java.awt.graphicsenv=sun.awt.Win32GraphicsEnvironment, java.endorsed.dirs=C:\Program Files\Java\jdk1.8.0_45\jre\lib\endorsed, os.arch=amd64, surefire.real.class.path=C:\Users\ebubekir\AppData\Local\Temp\surefire9192908570003735553\surefirebooter1634350612617553846.jar, java.io.tmpdir=C:\Users\ebubekir\AppData\Local\Temp\, line.separator=
, java.vm.specification.vendor=Oracle Corporation, user.variant=, os.name=Windows 8.1, sun.jnu.encoding=Cp1254, java.library.path=C:\Program Files\Java\jdk1.8.0_45\jre\bin;C:\Windows\Sun\Java\bin;C:\Windows\system32;C:\Windows;C:\ProgramData\Oracle\Java\javapath;C:\oraclexe\app\oracle\product\11.2.0\server\bin;C:\Windows\system32;C:\Windows;C:\Windows\System32\Wbem;C:\Windows\System32\WindowsPowerShell\v1.0\;C:\Program Files\Java\jdk-11.0.9\bin;C:\Program Files\nodejs\;C:\Program Files\Git\cmd;C:\Program Files\apache-maven-3.6.3\bin;C:\Program Files\MySQL\MySQL Shell 8.0\bin\;C:\Users\ebubekir\AppData\Roaming\npm;C:\Users\ebubekir\AppData\Local\Programs\Microsoft VS Code\bin;C:\Program Files\Docker Toolbox;C:\Program Files\heroku\bin;., surefire.test.class.path=E:\work\petclinic\target\test-classes;E:\work\petclinic\target\classes;C:\Users\ebubekir\.m2\repository\org\springframework\boot\spring-boot-starter-mail\2.0.0.RELEASE\spring-boot-starter-mail-2.0.0.RELEASE.jar;C:\Users\ebubekir\.m2\repository\org\springframework\boot\spring-boot-starter\2.0.0.RELEASE\spring-boot-starter-2.0.0.RELEASE.jar;C:\Users\ebubekir\.m2\repository\org\springframework\boot\spring-boot\2.0.0.RELEASE\spring-boot-2.0.0.RELEASE.jar;C:\Users\ebubekir\.m2\repository\org\springframework\boot\spring-boot-autoconfigure\2.0.0.RELEASE\spring-boot-autoconfigure-2.0.0.RELEASE.jar;C:\Users\ebubekir\.m2\repository\org\springframework\boot\spring-boot-starter-logging\2.0.0.RELEASE\spring-boot-starter-logging-2.0.0.RELEASE.jar;C:\Users\ebubekir\.m2\repository\ch\qos\logback\logback-classic\1.2.3\logback-classic-1.2.3.jar;C:\Users\ebubekir\.m2\repository\ch\qos\logback\logback-core\1.2.3\logback-core-1.2.3.jar;C:\Users\ebubekir\.m2\repository\org\apache\logging\log4j\log4j-to-slf4j\2.10.0\log4j-to-slf4j-2.10.0.jar;C:\Users\ebubekir\.m2\repository\org\apache\logging\log4j\log4j-api\2.10.0\log4j-api-2.10.0.jar;C:\Users\ebubekir\.m2\repository\org\slf4j\jul-to-slf4j\1.7.25\jul-to-slf4j-1.7.25.jar;C:\Users\ebubekir\.m2\repository\javax\annotation\javax.annotation-api\1.3.2\javax.annotation-api-1.3.2.jar;C:\Users\ebubekir\.m2\repository\org\yaml\snakeyaml\1.19\snakeyaml-1.19.jar;C:\Users\ebubekir\.m2\repository\org\springframework\spring-context\5.0.4.RELEASE\spring-context-5.0.4.RELEASE.jar;C:\Users\ebubekir\.m2\repository\org\springframework\spring-beans\5.0.4.RELEASE\spring-beans-5.0.4.RELEASE.jar;C:\Users\ebubekir\.m2\repository\org\springframework\spring-expression\5.0.4.RELEASE\spring-expression-5.0.4.RELEASE.jar;C:\Users\ebubekir\.m2\repository\org\springframework\spring-context-support\5.0.4.RELEASE\spring-context-support-5.0.4.RELEASE.jar;C:\Users\ebubekir\.m2\repository\com\sun\mail\javax.mail\1.6.1\javax.mail-1.6.1.jar;C:\Users\ebubekir\.m2\repository\javax\activation\activation\1.1\activation-1.1.jar;C:\Users\ebubekir\.m2\repository\org\springframework\security\spring-security-test\5.0.3.RELEASE\spring-security-test-5.0.3.RELEASE.jar;C:\Users\ebubekir\.m2\repository\org\springframework\security\spring-security-core\5.0.3.RELEASE\spring-security-core-5.0.3.RELEASE.jar;C:\Users\ebubekir\.m2\repository\org\springframework\security\spring-security-web\5.0.3.RELEASE\spring-security-web-5.0.3.RELEASE.jar;C:\Users\ebubekir\.m2\repository\org\springframework\spring-core\5.0.4.RELEASE\spring-core-5.0.4.RELEASE.jar;C:\Users\ebubekir\.m2\repository\org\springframework\spring-jcl\5.0.4.RELEASE\spring-jcl-5.0.4.RELEASE.jar;C:\Users\ebubekir\.m2\repository\org\springframework\spring-test\5.0.4.RELEASE\spring-test-5.0.4.RELEASE.jar;C:\Users\ebubekir\.m2\repository\org\springframework\boot\spring-boot-starter-test\2.0.0.RELEASE\spring-boot-starter-test-2.0.0.RELEASE.jar;C:\Users\ebubekir\.m2\repository\org\springframework\boot\spring-boot-test\2.0.0.RELEASE\spring-boot-test-2.0.0.RELEASE.jar;C:\Users\ebubekir\.m2\repository\org\springframework\boot\spring-boot-test-autoconfigure\2.0.0.RELEASE\spring-boot-test-autoconfigure-2.0.0.RELEASE.jar;C:\Users\ebubekir\.m2\repository\com\jayway\jsonpath\json-path\2.4.0\json-path-2.4.0.jar;C:\Users\ebubekir\.m2\repository\net\minidev\json-smart\2.3\json-smart-2.3.jar;C:\Users\ebubekir\.m2\repository\net\minidev\accessors-smart\1.2\accessors-smart-1.2.jar;C:\Users\ebubekir\.m2\repository\org\ow2\asm\asm\5.0.4\asm-5.0.4.jar;C:\Users\ebubekir\.m2\repository\junit\junit\4.12\junit-4.12.jar;C:\Users\ebubekir\.m2\repository\org\assertj\assertj-core\3.9.1\assertj-core-3.9.1.jar;C:\Users\ebubekir\.m2\repository\org\mockito\mockito-core\2.15.0\mockito-core-2.15.0.jar;C:\Users\ebubekir\.m2\repository\net\bytebuddy\byte-buddy\1.7.10\byte-buddy-1.7.10.jar;C:\Users\ebubekir\.m2\repository\net\bytebuddy\byte-buddy-agent\1.7.10\byte-buddy-agent-1.7.10.jar;C:\Users\ebubekir\.m2\repository\org\objenesis\objenesis\2.6\objenesis-2.6.jar;C:\Users\ebubekir\.m2\repository\org\hamcrest\hamcrest-core\1.3\hamcrest-core-1.3.jar;C:\Users\ebubekir\.m2\repository\org\hamcrest\hamcrest-library\1.3\hamcrest-library-1.3.jar;C:\Users\ebubekir\.m2\repository\org\skyscreamer\jsonassert\1.5.0\jsonassert-1.5.0.jar;C:\Users\ebubekir\.m2\repository\com\vaadin\external\google\android-json\0.0.20131108.vaadin1\android-json-0.0.20131108.vaadin1.jar;C:\Users\ebubekir\.m2\repository\org\xmlunit\xmlunit-core\2.5.1\xmlunit-core-2.5.1.jar;C:\Users\ebubekir\.m2\repository\org\springframework\boot\spring-boot-starter-security\2.0.0.RELEASE\spring-boot-starter-security-2.0.0.RELEASE.jar;C:\Users\ebubekir\.m2\repository\org\springframework\spring-aop\5.0.4.RELEASE\spring-aop-5.0.4.RELEASE.jar;C:\Users\ebubekir\.m2\repository\org\springframework\security\spring-security-config\5.0.3.RELEASE\spring-security-config-5.0.3.RELEASE.jar;C:\Users\ebubekir\.m2\repository\org\springframework\boot\spring-boot-starter-data-jpa\2.0.0.RELEASE\spring-boot-starter-data-jpa-2.0.0.RELEASE.jar;C:\Users\ebubekir\.m2\repository\org\springframework\boot\spring-boot-starter-aop\2.0.0.RELEASE\spring-boot-starter-aop-2.0.0.RELEASE.jar;C:\Users\ebubekir\.m2\repository\org\aspectj\aspectjweaver\1.8.13\aspectjweaver-1.8.13.jar;C:\Users\ebubekir\.m2\repository\org\hibernate\hibernate-core\5.2.14.Final\hibernate-core-5.2.14.Final.jar;C:\Users\ebubekir\.m2\repository\org\jboss\logging\jboss-logging\3.3.2.Final\jboss-logging-3.3.2.Final.jar;C:\Users\ebubekir\.m2\repository\org\hibernate\javax\persistence\hibernate-jpa-2.1-api\1.0.0.Final\hibernate-jpa-2.1-api-1.0.0.Final.jar;C:\Users\ebubekir\.m2\repository\org\javassist\javassist\3.22.0-GA\javassist-3.22.0-GA.jar;C:\Users\ebubekir\.m2\repository\antlr\antlr\2.7.7\antlr-2.7.7.jar;C:\Users\ebubekir\.m2\repository\org\jboss\jandex\2.0.3.Final\jandex-2.0.3.Final.jar;C:\Users\ebubekir\.m2\repository\com\fasterxml\classmate\1.3.4\classmate-1.3.4.jar;C:\Users\ebubekir\.m2\repository\dom4j\dom4j\1.6.1\dom4j-1.6.1.jar;C:\Users\ebubekir\.m2\repository\org\hibernate\common\hibernate-commons-annotations\5.0.1.Final\hibernate-commons-annotations-5.0.1.Final.jar;C:\Users\ebubekir\.m2\repository\javax\transaction\javax.transaction-api\1.2\javax.transaction-api-1.2.jar;C:\Users\ebubekir\.m2\repository\org\springframework\data\spring-data-jpa\2.0.5.RELEASE\spring-data-jpa-2.0.5.RELEASE.jar;C:\Users\ebubekir\.m2\repository\org\springframework\data\spring-data-commons\2.0.5.RELEASE\spring-data-commons-2.0.5.RELEASE.jar;C:\Users\ebubekir\.m2\repository\org\springframework\spring-orm\5.0.4.RELEASE\spring-orm-5.0.4.RELEASE.jar;C:\Users\ebubekir\.m2\repository\org\springframework\spring-tx\5.0.4.RELEASE\spring-tx-5.0.4.RELEASE.jar;C:\Users\ebubekir\.m2\repository\org\springframework\spring-aspects\5.0.4.RELEASE\spring-aspects-5.0.4.RELEASE.jar;C:\Users\ebubekir\.m2\repository\com\h2database\h2\1.4.196\h2-1.4.196.jar;C:\Users\ebubekir\.m2\repository\org\springframework\boot\spring-boot-starter-jdbc\2.0.0.RELEASE\spring-boot-starter-jdbc-2.0.0.RELEASE.jar;C:\Users\ebubekir\.m2\repository\com\zaxxer\HikariCP\2.7.8\HikariCP-2.7.8.jar;C:\Users\ebubekir\.m2\repository\org\springframework\spring-jdbc\5.0.4.RELEASE\spring-jdbc-5.0.4.RELEASE.jar;C:\Users\ebubekir\.m2\repository\org\springframework\boot\spring-boot-starter-web\2.0.0.RELEASE\spring-boot-starter-web-2.0.0.RELEASE.jar;C:\Users\ebubekir\.m2\repository\org\springframework\boot\spring-boot-starter-json\2.0.0.RELEASE\spring-boot-starter-json-2.0.0.RELEASE.jar;C:\Users\ebubekir\.m2\repository\com\fasterxml\jackson\core\jackson-databind\2.9.4\jackson-databind-2.9.4.jar;C:\Users\ebubekir\.m2\repository\com\fasterxml\jackson\core\jackson-core\2.9.4\jackson-core-2.9.4.jar;C:\Users\ebubekir\.m2\repository\com\fasterxml\jackson\datatype\jackson-datatype-jdk8\2.9.4\jackson-datatype-jdk8-2.9.4.jar;C:\Users\ebubekir\.m2\repository\com\fasterxml\jackson\datatype\jackson-datatype-jsr310\2.9.4\jackson-datatype-jsr310-2.9.4.jar;C:\Users\ebubekir\.m2\repository\com\fasterxml\jackson\module\jackson-module-parameter-names\2.9.4\jackson-module-parameter-names-2.9.4.jar;C:\Users\ebubekir\.m2\repository\org\springframework\boot\spring-boot-starter-tomcat\2.0.0.RELEASE\spring-boot-starter-tomcat-2.0.0.RELEASE.jar;C:\Users\ebubekir\.m2\repository\org\apache\tomcat\embed\tomcat-embed-websocket\8.5.28\tomcat-embed-websocket-8.5.28.jar;C:\Users\ebubekir\.m2\repository\org\hibernate\validator\hibernate-validator\6.0.7.Final\hibernate-validator-6.0.7.Final.jar;C:\Users\ebubekir\.m2\repository\javax\validation\validation-api\2.0.1.Final\validation-api-2.0.1.Final.jar;C:\Users\ebubekir\.m2\repository\org\springframework\spring-web\5.0.4.RELEASE\spring-web-5.0.4.RELEASE.jar;C:\Users\ebubekir\.m2\repository\org\springframework\spring-webmvc\5.0.4.RELEASE\spring-webmvc-5.0.4.RELEASE.jar;C:\Users\ebubekir\.m2\repository\org\springframework\boot\spring-boot-starter-actuator\2.0.0.RELEASE\spring-boot-starter-actuator-2.0.0.RELEASE.jar;C:\Users\ebubekir\.m2\repository\org\springframework\boot\spring-boot-actuator-autoconfigure\2.0.0.RELEASE\spring-boot-actuator-autoconfigure-2.0.0.RELEASE.jar;C:\Users\ebubekir\.m2\repository\org\springframework\boot\spring-boot-actuator\2.0.0.RELEASE\spring-boot-actuator-2.0.0.RELEASE.jar;C:\Users\ebubekir\.m2\repository\io\micrometer\micrometer-core\1.0.1\micrometer-core-1.0.1.jar;C:\Users\ebubekir\.m2\repository\org\hdrhistogram\HdrHistogram\2.1.10\HdrHistogram-2.1.10.jar;C:\Users\ebubekir\.m2\repository\org\latencyutils\LatencyUtils\2.0.3\LatencyUtils-2.0.3.jar;C:\Users\ebubekir\.m2\repository\org\apache\tomcat\embed\tomcat-embed-jasper\8.5.28\tomcat-embed-jasper-8.5.28.jar;C:\Users\ebubekir\.m2\repository\org\apache\tomcat\embed\tomcat-embed-core\8.5.28\tomcat-embed-core-8.5.28.jar;C:\Users\ebubekir\.m2\repository\org\apache\tomcat\tomcat-annotations-api\8.5.28\tomcat-annotations-api-8.5.28.jar;C:\Users\ebubekir\.m2\repository\org\apache\tomcat\embed\tomcat-embed-el\8.5.28\tomcat-embed-el-8.5.28.jar;C:\Users\ebubekir\.m2\repository\org\eclipse\jdt\ecj\3.12.3\ecj-3.12.3.jar;C:\Users\ebubekir\.m2\repository\javax\servlet\jstl\1.2\jstl-1.2.jar;C:\Users\ebubekir\.m2\repository\org\springframework\boot\spring-boot-starter-thymeleaf\2.0.0.RELEASE\spring-boot-starter-thymeleaf-2.0.0.RELEASE.jar;C:\Users\ebubekir\.m2\repository\org\thymeleaf\thymeleaf-spring5\3.0.9.RELEASE\thymeleaf-spring5-3.0.9.RELEASE.jar;C:\Users\ebubekir\.m2\repository\org\thymeleaf\thymeleaf\3.0.9.RELEASE\thymeleaf-3.0.9.RELEASE.jar;C:\Users\ebubekir\.m2\repository\org\attoparser\attoparser\2.0.4.RELEASE\attoparser-2.0.4.RELEASE.jar;C:\Users\ebubekir\.m2\repository\org\unbescape\unbescape\1.1.5.RELEASE\unbescape-1.1.5.RELEASE.jar;C:\Users\ebubekir\.m2\repository\org\thymeleaf\extras\thymeleaf-extras-java8time\3.0.1.RELEASE\thymeleaf-extras-java8time-3.0.1.RELEASE.jar;C:\Users\ebubekir\.m2\repository\org\springframework\boot\spring-boot-starter-hateoas\2.0.0.RELEASE\spring-boot-starter-hateoas-2.0.0.RELEASE.jar;C:\Users\ebubekir\.m2\repository\org\springframework\hateoas\spring-hateoas\0.24.0.RELEASE\spring-hateoas-0.24.0.RELEASE.jar;C:\Users\ebubekir\.m2\repository\org\springframework\plugin\spring-plugin-core\1.2.0.RELEASE\spring-plugin-core-1.2.0.RELEASE.jar;C:\Users\ebubekir\.m2\repository\org\springframework\boot\spring-boot-starter-data-rest\2.0.0.RELEASE\spring-boot-starter-data-rest-2.0.0.RELEASE.jar;C:\Users\ebubekir\.m2\repository\org\springframework\data\spring-data-rest-webmvc\3.0.5.RELEASE\spring-data-rest-webmvc-3.0.5.RELEASE.jar;C:\Users\ebubekir\.m2\repository\org\springframework\data\spring-data-rest-core\3.0.5.RELEASE\spring-data-rest-core-3.0.5.RELEASE.jar;C:\Users\ebubekir\.m2\repository\org\atteo\evo-inflector\1.2.2\evo-inflector-1.2.2.jar;C:\Users\ebubekir\.m2\repository\com\fasterxml\jackson\core\jackson-annotations\2.9.0\jackson-annotations-2.9.0.jar;C:\Users\ebubekir\.m2\repository\org\springframework\data\spring-data-rest-hal-browser\3.0.5.RELEASE\spring-data-rest-hal-browser-3.0.5.RELEASE.jar;C:\Users\ebubekir\.m2\repository\org\slf4j\slf4j-api\1.7.25\slf4j-api-1.7.25.jar;C:\Users\ebubekir\.m2\repository\org\springframework\boot\spring-boot-starter-cache\2.0.0.RELEASE\spring-boot-starter-cache-2.0.0.RELEASE.jar;C:\Users\ebubekir\.m2\repository\javax\xml\bind\jaxb-api\2.3.1\jaxb-api-2.3.1.jar;C:\Users\ebubekir\.m2\repository\javax\activation\javax.activation-api\1.2.0\javax.activation-api-1.2.0.jar;, java.specification.name=Java Platform API Specification, java.class.version=52.0, sun.management.compiler=HotSpot 64-Bit Tiered Compilers, os.version=6.3, user.home=C:\Users\ebubekir, user.timezone=GMT+01:00, java.awt.printerjob=sun.awt.windows.WPrinterJob, file.encoding=Cp1254, java.specification.version=1.8, java.class.path=E:\work\petclinic\target\test-classes;E:\work\petclinic\target\classes;C:\Users\ebubekir\.m2\repository\org\springframework\boot\spring-boot-starter-mail\2.0.0.RELEASE\spring-boot-starter-mail-2.0.0.RELEASE.jar;C:\Users\ebubekir\.m2\repository\org\springframework\boot\spring-boot-starter\2.0.0.RELEASE\spring-boot-starter-2.0.0.RELEASE.jar;C:\Users\ebubekir\.m2\repository\org\springframework\boot\spring-boot\2.0.0.RELEASE\spring-boot-2.0.0.RELEASE.jar;C:\Users\ebubekir\.m2\repository\org\springframework\boot\spring-boot-autoconfigure\2.0.0.RELEASE\spring-boot-autoconfigure-2.0.0.RELEASE.jar;C:\Users\ebubekir\.m2\repository\org\springframework\boot\spring-boot-starter-logging\2.0.0.RELEASE\spring-boot-starter-logging-2.0.0.RELEASE.jar;C:\Users\ebubekir\.m2\repository\ch\qos\logback\logback-classic\1.2.3\logback-classic-1.2.3.jar;C:\Users\ebubekir\.m2\repository\ch\qos\logback\logback-core\1.2.3\logback-core-1.2.3.jar;C:\Users\ebubekir\.m2\repository\org\apache\logging\log4j\log4j-to-slf4j\2.10.0\log4j-to-slf4j-2.10.0.jar;C:\Users\ebubekir\.m2\repository\org\apache\logging\log4j\log4j-api\2.10.0\log4j-api-2.10.0.jar;C:\Users\ebubekir\.m2\repository\org\slf4j\jul-to-slf4j\1.7.25\jul-to-slf4j-1.7.25.jar;C:\Users\ebubekir\.m2\repository\javax\annotation\javax.annotation-api\1.3.2\javax.annotation-api-1.3.2.jar;C:\Users\ebubekir\.m2\repository\org\yaml\snakeyaml\1.19\snakeyaml-1.19.jar;C:\Users\ebubekir\.m2\repository\org\springframework\spring-context\5.0.4.RELEASE\spring-context-5.0.4.RELEASE.jar;C:\Users\ebubekir\.m2\repository\org\springframework\spring-beans\5.0.4.RELEASE\spring-beans-5.0.4.RELEASE.jar;C:\Users\ebubekir\.m2\repository\org\springframework\spring-expression\5.0.4.RELEASE\spring-expression-5.0.4.RELEASE.jar;C:\Users\ebubekir\.m2\repository\org\springframework\spring-context-support\5.0.4.RELEASE\spring-context-support-5.0.4.RELEASE.jar;C:\Users\ebubekir\.m2\repository\com\sun\mail\javax.mail\1.6.1\javax.mail-1.6.1.jar;C:\Users\ebubekir\.m2\repository\javax\activation\activation\1.1\activation-1.1.jar;C:\Users\ebubekir\.m2\repository\org\springframework\security\spring-security-test\5.0.3.RELEASE\spring-security-test-5.0.3.RELEASE.jar;C:\Users\ebubekir\.m2\repository\org\springframework\security\spring-security-core\5.0.3.RELEASE\spring-security-core-5.0.3.RELEASE.jar;C:\Users\ebubekir\.m2\repository\org\springframework\security\spring-security-web\5.0.3.RELEASE\spring-security-web-5.0.3.RELEASE.jar;C:\Users\ebubekir\.m2\repository\org\springframework\spring-core\5.0.4.RELEASE\spring-core-5.0.4.RELEASE.jar;C:\Users\ebubekir\.m2\repository\org\springframework\spring-jcl\5.0.4.RELEASE\spring-jcl-5.0.4.RELEASE.jar;C:\Users\ebubekir\.m2\repository\org\springframework\spring-test\5.0.4.RELEASE\spring-test-5.0.4.RELEASE.jar;C:\Users\ebubekir\.m2\repository\org\springframework\boot\spring-boot-starter-test\2.0.0.RELEASE\spring-boot-starter-test-2.0.0.RELEASE.jar;C:\Users\ebubekir\.m2\repository\org\springframework\boot\spring-boot-test\2.0.0.RELEASE\spring-boot-test-2.0.0.RELEASE.jar;C:\Users\ebubekir\.m2\repository\org\springframework\boot\spring-boot-test-autoconfigure\2.0.0.RELEASE\spring-boot-test-autoconfigure-2.0.0.RELEASE.jar;C:\Users\ebubekir\.m2\repository\com\jayway\jsonpath\json-path\2.4.0\json-path-2.4.0.jar;C:\Users\ebubekir\.m2\repository\net\minidev\json-smart\2.3\json-smart-2.3.jar;C:\Users\ebubekir\.m2\repository\net\minidev\accessors-smart\1.2\accessors-smart-1.2.jar;C:\Users\ebubekir\.m2\repository\org\ow2\asm\asm\5.0.4\asm-5.0.4.jar;C:\Users\ebubekir\.m2\repository\junit\junit\4.12\junit-4.12.jar;C:\Users\ebubekir\.m2\repository\org\assertj\assertj-core\3.9.1\assertj-core-3.9.1.jar;C:\Users\ebubekir\.m2\repository\org\mockito\mockito-core\2.15.0\mockito-core-2.15.0.jar;C:\Users\ebubekir\.m2\repository\net\bytebuddy\byte-buddy\1.7.10\byte-buddy-1.7.10.jar;C:\Users\ebubekir\.m2\repository\net\bytebuddy\byte-buddy-agent\1.7.10\byte-buddy-agent-1.7.10.jar;C:\Users\ebubekir\.m2\repository\org\objenesis\objenesis\2.6\objenesis-2.6.jar;C:\Users\ebubekir\.m2\repository\org\hamcrest\hamcrest-core\1.3\hamcrest-core-1.3.jar;C:\Users\ebubekir\.m2\repository\org\hamcrest\hamcrest-library\1.3\hamcrest-library-1.3.jar;C:\Users\ebubekir\.m2\repository\org\skyscreamer\jsonassert\1.5.0\jsonassert-1.5.0.jar;C:\Users\ebubekir\.m2\repository\com\vaadin\external\google\android-json\0.0.20131108.vaadin1\android-json-0.0.20131108.vaadin1.jar;C:\Users\ebubekir\.m2\repository\org\xmlunit\xmlunit-core\2.5.1\xmlunit-core-2.5.1.jar;C:\Users\ebubekir\.m2\repository\org\springframework\boot\spring-boot-starter-security\2.0.0.RELEASE\spring-boot-starter-security-2.0.0.RELEASE.jar;C:\Users\ebubekir\.m2\repository\org\springframework\spring-aop\5.0.4.RELEASE\spring-aop-5.0.4.RELEASE.jar;C:\Users\ebubekir\.m2\repository\org\springframework\security\spring-security-config\5.0.3.RELEASE\spring-security-config-5.0.3.RELEASE.jar;C:\Users\ebubekir\.m2\repository\org\springframework\boot\spring-boot-starter-data-jpa\2.0.0.RELEASE\spring-boot-starter-data-jpa-2.0.0.RELEASE.jar;C:\Users\ebubekir\.m2\repository\org\springframework\boot\spring-boot-starter-aop\2.0.0.RELEASE\spring-boot-starter-aop-2.0.0.RELEASE.jar;C:\Users\ebubekir\.m2\repository\org\aspectj\aspectjweaver\1.8.13\aspectjweaver-1.8.13.jar;C:\Users\ebubekir\.m2\repository\org\hibernate\hibernate-core\5.2.14.Final\hibernate-core-5.2.14.Final.jar;C:\Users\ebubekir\.m2\repository\org\jboss\logging\jboss-logging\3.3.2.Final\jboss-logging-3.3.2.Final.jar;C:\Users\ebubekir\.m2\repository\org\hibernate\javax\persistence\hibernate-jpa-2.1-api\1.0.0.Final\hibernate-jpa-2.1-api-1.0.0.Final.jar;C:\Users\ebubekir\.m2\repository\org\javassist\javassist\3.22.0-GA\javassist-3.22.0-GA.jar;C:\Users\ebubekir\.m2\repository\antlr\antlr\2.7.7\antlr-2.7.7.jar;C:\Users\ebubekir\.m2\repository\org\jboss\jandex\2.0.3.Final\jandex-2.0.3.Final.jar;C:\Users\ebubekir\.m2\repository\com\fasterxml\classmate\1.3.4\classmate-1.3.4.jar;C:\Users\ebubekir\.m2\repository\dom4j\dom4j\1.6.1\dom4j-1.6.1.jar;C:\Users\ebubekir\.m2\repository\org\hibernate\common\hibernate-commons-annotations\5.0.1.Final\hibernate-commons-annotations-5.0.1.Final.jar;C:\Users\ebubekir\.m2\repository\javax\transaction\javax.transaction-api\1.2\javax.transaction-api-1.2.jar;C:\Users\ebubekir\.m2\repository\org\springframework\data\spring-data-jpa\2.0.5.RELEASE\spring-data-jpa-2.0.5.RELEASE.jar;C:\Users\ebubekir\.m2\repository\org\springframework\data\spring-data-commons\2.0.5.RELEASE\spring-data-commons-2.0.5.RELEASE.jar;C:\Users\ebubekir\.m2\repository\org\springframework\spring-orm\5.0.4.RELEASE\spring-orm-5.0.4.RELEASE.jar;C:\Users\ebubekir\.m2\repository\org\springframework\spring-tx\5.0.4.RELEASE\spring-tx-5.0.4.RELEASE.jar;C:\Users\ebubekir\.m2\repository\org\springframework\spring-aspects\5.0.4.RELEASE\spring-aspects-5.0.4.RELEASE.jar;C:\Users\ebubekir\.m2\repository\com\h2database\h2\1.4.196\h2-1.4.196.jar;C:\Users\ebubekir\.m2\repository\org\springframework\boot\spring-boot-starter-jdbc\2.0.0.RELEASE\spring-boot-starter-jdbc-2.0.0.RELEASE.jar;C:\Users\ebubekir\.m2\repository\com\zaxxer\HikariCP\2.7.8\HikariCP-2.7.8.jar;C:\Users\ebubekir\.m2\repository\org\springframework\spring-jdbc\5.0.4.RELEASE\spring-jdbc-5.0.4.RELEASE.jar;C:\Users\ebubekir\.m2\repository\org\springframework\boot\spring-boot-starter-web\2.0.0.RELEASE\spring-boot-starter-web-2.0.0.RELEASE.jar;C:\Users\ebubekir\.m2\repository\org\springframework\boot\spring-boot-starter-json\2.0.0.RELEASE\spring-boot-starter-json-2.0.0.RELEASE.jar;C:\Users\ebubekir\.m2\repository\com\fasterxml\jackson\core\jackson-databind\2.9.4\jackson-databind-2.9.4.jar;C:\Users\ebubekir\.m2\repository\com\fasterxml\jackson\core\jackson-core\2.9.4\jackson-core-2.9.4.jar;C:\Users\ebubekir\.m2\repository\com\fasterxml\jackson\datatype\jackson-datatype-jdk8\2.9.4\jackson-datatype-jdk8-2.9.4.jar;C:\Users\ebubekir\.m2\repository\com\fasterxml\jackson\datatype\jackson-datatype-jsr310\2.9.4\jackson-datatype-jsr310-2.9.4.jar;C:\Users\ebubekir\.m2\repository\com\fasterxml\jackson\module\jackson-module-parameter-names\2.9.4\jackson-module-parameter-names-2.9.4.jar;C:\Users\ebubekir\.m2\repository\org\springframework\boot\spring-boot-starter-tomcat\2.0.0.RELEASE\spring-boot-starter-tomcat-2.0.0.RELEASE.jar;C:\Users\ebubekir\.m2\repository\org\apache\tomcat\embed\tomcat-embed-websocket\8.5.28\tomcat-embed-websocket-8.5.28.jar;C:\Users\ebubekir\.m2\repository\org\hibernate\validator\hibernate-validator\6.0.7.Final\hibernate-validator-6.0.7.Final.jar;C:\Users\ebubekir\.m2\repository\javax\validation\validation-api\2.0.1.Final\validation-api-2.0.1.Final.jar;C:\Users\ebubekir\.m2\repository\org\springframework\spring-web\5.0.4.RELEASE\spring-web-5.0.4.RELEASE.jar;C:\Users\ebubekir\.m2\repository\org\springframework\spring-webmvc\5.0.4.RELEASE\spring-webmvc-5.0.4.RELEASE.jar;C:\Users\ebubekir\.m2\repository\org\springframework\boot\spring-boot-starter-actuator\2.0.0.RELEASE\spring-boot-starter-actuator-2.0.0.RELEASE.jar;C:\Users\ebubekir\.m2\repository\org\springframework\boot\spring-boot-actuator-autoconfigure\2.0.0.RELEASE\spring-boot-actuator-autoconfigure-2.0.0.RELEASE.jar;C:\Users\ebubekir\.m2\repository\org\springframework\boot\spring-boot-actuator\2.0.0.RELEASE\spring-boot-actuator-2.0.0.RELEASE.jar;C:\Users\ebubekir\.m2\repository\io\micrometer\micrometer-core\1.0.1\micrometer-core-1.0.1.jar;C:\Users\ebubekir\.m2\repository\org\hdrhistogram\HdrHistogram\2.1.10\HdrHistogram-2.1.10.jar;C:\Users\ebubekir\.m2\repository\org\latencyutils\LatencyUtils\2.0.3\LatencyUtils-2.0.3.jar;C:\Users\ebubekir\.m2\repository\org\apache\tomcat\embed\tomcat-embed-jasper\8.5.28\tomcat-embed-jasper-8.5.28.jar;C:\Users\ebubekir\.m2\repository\org\apache\tomcat\embed\tomcat-embed-core\8.5.28\tomcat-embed-core-8.5.28.jar;C:\Users\ebubekir\.m2\repository\org\apache\tomcat\tomcat-annotations-api\8.5.28\tomcat-annotations-api-8.5.28.jar;C:\Users\ebubekir\.m2\repository\org\apache\tomcat\embed\tomcat-embed-el\8.5.28\tomcat-embed-el-8.5.28.jar;C:\Users\ebubekir\.m2\repository\org\eclipse\jdt\ecj\3.12.3\ecj-3.12.3.jar;C:\Users\ebubekir\.m2\repository\javax\servlet\jstl\1.2\jstl-1.2.jar;C:\Users\ebubekir\.m2\repository\org\springframework\boot\spring-boot-starter-thymeleaf\2.0.0.RELEASE\spring-boot-starter-thymeleaf-2.0.0.RELEASE.jar;C:\Users\ebubekir\.m2\repository\org\thymeleaf\thymeleaf-spring5\3.0.9.RELEASE\thymeleaf-spring5-3.0.9.RELEASE.jar;C:\Users\ebubekir\.m2\repository\org\thymeleaf\thymeleaf\3.0.9.RELEASE\thymeleaf-3.0.9.RELEASE.jar;C:\Users\ebubekir\.m2\repository\org\attoparser\attoparser\2.0.4.RELEASE\attoparser-2.0.4.RELEASE.jar;C:\Users\ebubekir\.m2\repository\org\unbescape\unbescape\1.1.5.RELEASE\unbescape-1.1.5.RELEASE.jar;C:\Users\ebubekir\.m2\repository\org\thymeleaf\extras\thymeleaf-extras-java8time\3.0.1.RELEASE\thymeleaf-extras-java8time-3.0.1.RELEASE.jar;C:\Users\ebubekir\.m2\repository\org\springframework\boot\spring-boot-starter-hateoas\2.0.0.RELEASE\spring-boot-starter-hateoas-2.0.0.RELEASE.jar;C:\Users\ebubekir\.m2\repository\org\springframework\hateoas\spring-hateoas\0.24.0.RELEASE\spring-hateoas-0.24.0.RELEASE.jar;C:\Users\ebubekir\.m2\repository\org\springframework\plugin\spring-plugin-core\1.2.0.RELEASE\spring-plugin-core-1.2.0.RELEASE.jar;C:\Users\ebubekir\.m2\repository\org\springframework\boot\spring-boot-starter-data-rest\2.0.0.RELEASE\spring-boot-starter-data-rest-2.0.0.RELEASE.jar;C:\Users\ebubekir\.m2\repository\org\springframework\data\spring-data-rest-webmvc\3.0.5.RELEASE\spring-data-rest-webmvc-3.0.5.RELEASE.jar;C:\Users\ebubekir\.m2\repository\org\springframework\data\spring-data-rest-core\3.0.5.RELEASE\spring-data-rest-core-3.0.5.RELEASE.jar;C:\Users\ebubekir\.m2\repository\org\atteo\evo-inflector\1.2.2\evo-inflector-1.2.2.jar;C:\Users\ebubekir\.m2\repository\com\fasterxml\jackson\core\jackson-annotations\2.9.0\jackson-annotations-2.9.0.jar;C:\Users\ebubekir\.m2\repository\org\springframework\data\spring-data-rest-hal-browser\3.0.5.RELEASE\spring-data-rest-hal-browser-3.0.5.RELEASE.jar;C:\Users\ebubekir\.m2\repository\org\slf4j\slf4j-api\1.7.25\slf4j-api-1.7.25.jar;C:\Users\ebubekir\.m2\repository\org\springframework\boot\spring-boot-starter-cache\2.0.0.RELEASE\spring-boot-starter-cache-2.0.0.RELEASE.jar;C:\Users\ebubekir\.m2\repository\javax\xml\bind\jaxb-api\2.3.1\jaxb-api-2.3.1.jar;C:\Users\ebubekir\.m2\repository\javax\activation\javax.activation-api\1.2.0\javax.activation-api-1.2.0.jar;, user.name=ebubekir, java.vm.specification.version=1.8, sun.java.command=C:\Users\ebubekir\AppData\Local\Temp\surefire9192908570003735553\surefirebooter1634350612617553846.jar C:\Users\ebubekir\AppData\Local\Temp\surefire9192908570003735553 2021-02-10T10-53-58_946-jvmRun1 surefire7088374621922605988tmp surefire_0361502839036644265tmp, java.home=C:\Program Files\Java\jdk1.8.0_45\jre, sun.arch.data.model=64, user.language=en, java.specification.vendor=Oracle Corporation, user.language.format=tr, awt.toolkit=sun.awt.windows.WToolkit, java.vm.info=mixed mode, java.version=1.8.0_45, java.ext.dirs=C:\Program Files\Java\jdk1.8.0_45\jre\lib\ext;C:\Windows\Sun\Java\lib\ext, sun.boot.class.path=C:\Program Files\Java\jdk1.8.0_45\jre\lib\resources.jar;C:\Program Files\Java\jdk1.8.0_45\jre\lib\rt.jar;C:\Program Files\Java\jdk1.8.0_45\jre\lib\sunrsasign.jar;C:\Program Files\Java\jdk1.8.0_45\jre\lib\jsse.jar;C:\Program Files\Java\jdk1.8.0_45\jre\lib\jce.jar;C:\Program Files\Java\jdk1.8.0_45\jre\lib\charsets.jar;C:\Program Files\Java\jdk1.8.0_45\jre\lib\jfr.jar;C:\Program Files\Java\jdk1.8.0_45\jre\classes, java.vendor=Oracle Corporation, localRepository=C:\Users\ebubekir\.m2\repository, file.separator=\, java.vendor.url.bug=http://bugreport.sun.com/bugreport/, sun.io.unicode.encoding=UnicodeLittle, sun.cpu.endian=little, sun.desktop=windows, sun.cpu.isalist=amd64}}, SystemEnvironmentPropertySource@1663619914 {name='systemEnvironment', properties={PATH=C:\ProgramData\Oracle\Java\javapath;C:\oraclexe\app\oracle\product\11.2.0\server\bin;C:\Windows\system32;C:\Windows;C:\Windows\System32\Wbem;C:\Windows\System32\WindowsPowerShell\v1.0\;C:\Program Files\Java\jdk-11.0.9\bin;C:\Program Files\nodejs\;C:\Program Files\Git\cmd;C:\Program Files\apache-maven-3.6.3\bin;C:\Program Files\MySQL\MySQL Shell 8.0\bin\;C:\Users\ebubekir\AppData\Roaming\npm;C:\Users\ebubekir\AppData\Local\Programs\Microsoft VS Code\bin;C:\Program Files\Docker Toolbox;C:\Program Files\heroku\bin, USERDOMAIN_ROAMINGPROFILE=DESKTOP-DL2IOOE, NO_PROXY=192.168.99.100, PROCESSOR_LEVEL=6, SYSTEMDRIVE=C:, SESSIONNAME=Console, ALLUSERSPROFILE=C:\ProgramData, PROCESSOR_ARCHITECTURE=AMD64, =E:=E:\work\petclinic, PROGRAMFILES=C:\Program Files, PSMODULEPATH=C:\Windows\system32\WindowsPowerShell\v1.0\Modules\, PROGRAMDATA=C:\ProgramData, USERNAME=ebubekir, FPS_BROWSER_USER_PROFILE_STRING=Default, ONEDRIVE=C:\Users\ebubekir\OneDrive, PATHEXT=.COM;.EXE;.BAT;.CMD;.VBS;.VBE;.JS;.JSE;.WSF;.WSH;.MSC, COMPOSE_CONVERT_WINDOWS_PATHS=true, WINDIR=C:\Windows, HOMEPATH=\Users\ebubekir, PROCESSOR_IDENTIFIER=Intel64 Family 6 Model 58 Stepping 9, GenuineIntel, JAVA_OPTIONS=-Dfile.encoding=UTF-8 -Duser.language=en, PUBLIC=C:\Users\Public, =::=::\, LOCALAPPDATA=C:\Users\ebubekir\AppData\Local, COMMONPROGRAMFILES(X86)=C:\Program Files (x86)\Common Files, DOCKER_HOST=tcp://192.168.99.100:2376, USERDOMAIN=DESKTOP-DL2IOOE, FPS_BROWSER_APP_PROFILE_STRING=Internet Explorer, LOGONSERVER=\\DESKTOP-DL2IOOE, JAVA_HOME=C:\Program Files\Java\jdk-11.0.9, PROMPT=$P$G, PROGRAMFILES(X86)=C:\Program Files (x86), APPDATA=C:\Users\ebubekir\AppData\Roaming, DOCKER_MACHINE_NAME=default, DOCKER_CERT_PATH=C:\Users\ebubekir\.docker\machine\machines\default, PROGRAMW6432=C:\Program Files, SYSTEMROOT=C:\Windows, VBOX_MSI_INSTALL_PATH=C:\Program Files\Oracle\VirtualBox\, OS=Windows_NT, COMMONPROGRAMW6432=C:\Program Files\Common Files, COMPUTERNAME=DESKTOP-DL2IOOE, COMMONPROGRAMFILES=C:\Program Files\Common Files, COMSPEC=C:\Windows\system32\cmd.exe, PROCESSOR_REVISION=3a09, DOCKER_TLS_VERIFY=1, TEMP=C:\Users\ebubekir\AppData\Local\Temp, HOMEDRIVE=C:, USERPROFILE=C:\Users\ebubekir, TMP=C:\Users\ebubekir\AppData\Local\Temp, NUMBER_OF_PROCESSORS=4, DOCKER_TOOLBOX_INSTALL_PATH=C:\Program Files\Docker Toolbox, IDEA_INITIAL_DIRECTORY=C:\Program Files\JetBrains\IntelliJ IDEA Community Edition 2020.3.1\bin}}]
10:54:02.556 [main] DEBUG org.springframework.core.io.support.PathMatchingResourcePatternResolver - Resolved classpath location [com/javaegitimleri/petclinic/dao/] to resources [URL [file:/E:/work/petclinic/target/test-classes/com/javaegitimleri/petclinic/dao/], URL [file:/E:/work/petclinic/target/classes/com/javaegitimleri/petclinic/dao/]]
10:54:02.556 [main] DEBUG org.springframework.core.io.support.PathMatchingResourcePatternResolver - Looking for matching resources in directory tree [E:\work\petclinic\target\test-classes\com\javaegitimleri\petclinic\dao]
10:54:02.557 [main] DEBUG org.springframework.core.io.support.PathMatchingResourcePatternResolver - Searching directory [E:\work\petclinic\target\test-classes\com\javaegitimleri\petclinic\dao] for files matching pattern [E:/work/petclinic/target/test-classes/com/javaegitimleri/petclinic/dao/*.class]
10:54:02.571 [main] DEBUG org.springframework.core.io.support.PathMatchingResourcePatternResolver - Looking for matching resources in directory tree [E:\work\petclinic\target\classes\com\javaegitimleri\petclinic\dao]
10:54:02.571 [main] DEBUG org.springframework.core.io.support.PathMatchingResourcePatternResolver - Searching directory [E:\work\petclinic\target\classes\com\javaegitimleri\petclinic\dao] for files matching pattern [E:/work/petclinic/target/classes/com/javaegitimleri/petclinic/dao/*.class]
10:54:02.577 [main] DEBUG org.springframework.core.io.support.PathMatchingResourcePatternResolver - Resolved location pattern [classpath*:com/javaegitimleri/petclinic/dao/*.class] to resources [file [E:\work\petclinic\target\test-classes\com\javaegitimleri\petclinic\dao\OwnerRepositoryTests.class], file [E:\work\petclinic\target\classes\com\javaegitimleri\petclinic\dao\OwnerRepository.class], file [E:\work\petclinic\target\classes\com\javaegitimleri\petclinic\dao\PetRepository.class]]
10:54:02.668 [main] DEBUG org.springframework.core.io.support.PathMatchingResourcePatternResolver - Resolved classpath location [com/javaegitimleri/petclinic/] to resources [URL [file:/E:/work/petclinic/target/test-classes/com/javaegitimleri/petclinic/], URL [file:/E:/work/petclinic/target/classes/com/javaegitimleri/petclinic/]]
10:54:02.669 [main] DEBUG org.springframework.core.io.support.PathMatchingResourcePatternResolver - Looking for matching resources in directory tree [E:\work\petclinic\target\test-classes\com\javaegitimleri\petclinic]
10:54:02.669 [main] DEBUG org.springframework.core.io.support.PathMatchingResourcePatternResolver - Searching directory [E:\work\petclinic\target\test-classes\com\javaegitimleri\petclinic] for files matching pattern [E:/work/petclinic/target/test-classes/com/javaegitimleri/petclinic/*.class]
10:54:02.691 [main] DEBUG org.springframework.core.io.support.PathMatchingResourcePatternResolver - Looking for matching resources in directory tree [E:\work\petclinic\target\classes\com\javaegitimleri\petclinic]
10:54:02.692 [main] DEBUG org.springframework.core.io.support.PathMatchingResourcePatternResolver - Searching directory [E:\work\petclinic\target\classes\com\javaegitimleri\petclinic] for files matching pattern [E:/work/petclinic/target/classes/com/javaegitimleri/petclinic/*.class]
10:54:02.696 [main] DEBUG org.springframework.core.io.support.PathMatchingResourcePatternResolver - Resolved location pattern [classpath*:com/javaegitimleri/petclinic/*.class] to resources [file [E:\work\petclinic\target\test-classes\com\javaegitimleri\petclinic\PasswordEncoderTests.class], file [E:\work\petclinic\target\test-classes\com\javaegitimleri\petclinic\PetClinicIntegrationTests.class], file [E:\work\petclinic\target\classes\com\javaegitimleri\petclinic\AbstractSecurityConfiguration.class], file [E:\work\petclinic\target\classes\com\javaegitimleri\petclinic\H2SecurityConfiguration.class], file [E:\work\petclinic\target\classes\com\javaegitimleri\petclinic\HalBrowserSecurityConfiguration.class], file [E:\work\petclinic\target\classes\com\javaegitimleri\petclinic\PetClinicApplication.class], file [E:\work\petclinic\target\classes\com\javaegitimleri\petclinic\PetClinicConfiguration.class], file [E:\work\petclinic\target\classes\com\javaegitimleri\petclinic\PetClinicProperties.class], file [E:\work\petclinic\target\classes\com\javaegitimleri\petclinic\RestSecurityConfiguration.class], file [E:\work\petclinic\target\classes\com\javaegitimleri\petclinic\SecurityConfiguration.class]]
10:54:02.849 [main] DEBUG org.springframework.context.annotation.ClassPathScanningCandidateComponentProvider - Identified candidate component class: file [E:\work\petclinic\target\classes\com\javaegitimleri\petclinic\PetClinicApplication.class]
10:54:02.869 [main] INFO org.springframework.boot.test.context.SpringBootTestContextBootstrapper - Found @SpringBootConfiguration com.javaegitimleri.petclinic.PetClinicApplication for test class com.javaegitimleri.petclinic.dao.OwnerRepositoryTests
10:54:03.720 [main] DEBUG org.springframework.boot.test.context.SpringBootTestContextBootstrapper - @TestExecutionListeners is not present for class [com.javaegitimleri.petclinic.dao.OwnerRepositoryTests]: using defaults.
10:54:03.720 [main] INFO org.springframework.boot.test.context.SpringBootTestContextBootstrapper - Loaded default TestExecutionListener class names from location [META-INF/spring.factories]: [org.springframework.security.test.context.support.WithSecurityContextTestExecutionListener, org.springframework.security.test.context.support.ReactorContextTestExecutionListener, org.springframework.test.context.web.ServletTestExecutionListener, org.springframework.test.context.support.DirtiesContextBeforeModesTestExecutionListener, org.springframework.test.context.support.DependencyInjectionTestExecutionListener, org.springframework.test.context.support.DirtiesContextTestExecutionListener, org.springframework.test.context.transaction.TransactionalTestExecutionListener, org.springframework.test.context.jdbc.SqlScriptsTestExecutionListener, org.springframework.boot.test.mock.mockito.MockitoTestExecutionListener, org.springframework.boot.test.mock.mockito.ResetMocksTestExecutionListener, org.springframework.boot.test.autoconfigure.restdocs.RestDocsTestExecutionListener, org.springframework.boot.test.autoconfigure.web.client.MockRestServiceServerResetTestExecutionListener, org.springframework.boot.test.autoconfigure.web.servlet.MockMvcPrintOnlyOnFailureTestExecutionListener, org.springframework.boot.test.autoconfigure.web.servlet.WebDriverTestExecutionListener]
10:54:03.766 [main] INFO org.springframework.boot.test.context.SpringBootTestContextBootstrapper - Using TestExecutionListeners: [org.springframework.test.context.web.ServletTestExecutionListener@55740540, org.springframework.test.context.support.DirtiesContextBeforeModesTestExecutionListener@60015ef5, org.springframework.boot.test.mock.mockito.MockitoTestExecutionListener@2f54a33d, org.springframework.boot.test.autoconfigure.SpringBootDependencyInjectionTestExecutionListener@1018bde2, org.springframework.test.context.support.DirtiesContextTestExecutionListener@65b3f4a4, org.springframework.test.context.transaction.TransactionalTestExecutionListener@f2ff811, org.springframework.test.context.jdbc.SqlScriptsTestExecutionListener@568ff82, org.springframework.security.test.context.support.WithSecurityContextTestExecutionListener@50caa560, org.springframework.security.test.context.support.ReactorContextTestExecutionListener@2a266d09, org.springframework.boot.test.mock.mockito.ResetMocksTestExecutionListener@5ab9e72c, org.springframework.boot.test.autoconfigure.restdocs.RestDocsTestExecutionListener@186f8716, org.springframework.boot.test.autoconfigure.web.client.MockRestServiceServerResetTestExecutionListener@1d8bd0de, org.springframework.boot.test.autoconfigure.web.servlet.MockMvcPrintOnlyOnFailureTestExecutionListener@45ca843, org.springframework.boot.test.autoconfigure.web.servlet.WebDriverTestExecutionListener@11c9af63]
10:54:03.782 [main] DEBUG org.springframework.test.annotation.ProfileValueUtils - Retrieved @ProfileValueSourceConfiguration [null] for test class [com.javaegitimleri.petclinic.dao.OwnerRepositoryTests]
10:54:03.782 [main] DEBUG org.springframework.test.annotation.ProfileValueUtils - Retrieved ProfileValueSource type [class org.springframework.test.annotation.SystemProfileValueSource] for class [com.javaegitimleri.petclinic.dao.OwnerRepositoryTests]
10:54:03.782 [main] DEBUG org.springframework.test.annotation.ProfileValueUtils - Retrieved @ProfileValueSourceConfiguration [null] for test class [com.javaegitimleri.petclinic.dao.OwnerRepositoryTests]
10:54:03.782 [main] DEBUG org.springframework.test.annotation.ProfileValueUtils - Retrieved ProfileValueSource type [class org.springframework.test.annotation.SystemProfileValueSource] for class [com.javaegitimleri.petclinic.dao.OwnerRepositoryTests]
10:54:03.782 [main] DEBUG org.springframework.test.annotation.ProfileValueUtils - Retrieved @ProfileValueSourceConfiguration [null] for test class [com.javaegitimleri.petclinic.dao.OwnerRepositoryTests]
10:54:03.782 [main] DEBUG org.springframework.test.annotation.ProfileValueUtils - Retrieved ProfileValueSource type [class org.springframework.test.annotation.SystemProfileValueSource] for class [com.javaegitimleri.petclinic.dao.OwnerRepositoryTests]
10:54:03.782 [main] DEBUG org.springframework.test.context.support.AbstractDirtiesContextTestExecutionListener - Before test class: context [DefaultTestContext@4a668b6e testClass = OwnerRepositoryTests, testInstance = [null], testMethod = [null], testException = [null], mergedContextConfiguration = [WebMergedContextConfiguration@5f683daf testClass = OwnerRepositoryTests, locations = '{}', classes = '{class com.javaegitimleri.petclinic.PetClinicApplication}', contextInitializerClasses = '[]', activeProfiles = '{dev}', propertySourceLocations = '{}', propertySourceProperties = '{org.springframework.boot.test.context.SpringBootTestContextBootstrapper=true}', contextCustomizers = set[org.springframework.boot.test.context.filter.ExcludeFilterContextCustomizer@4148db48, org.springframework.boot.test.json.DuplicateJsonObjectContextCustomizerFactory$DuplicateJsonObjectContextCustomizer@71a794e5, org.springframework.boot.test.mock.mockito.MockitoContextCustomizer@0, org.springframework.boot.test.web.client.TestRestTemplateContextCustomizer@49e202ad, org.springframework.boot.test.autoconfigure.properties.PropertyMappingContextCustomizer@0, org.springframework.boot.test.autoconfigure.web.servlet.WebDriverContextCustomizerFactory$Customizer@551bdc27], resourceBasePath = 'src/main/webapp', contextLoader = 'org.springframework.boot.test.context.SpringBootContextLoader', parent = [null]], attributes = map['org.springframework.test.context.web.ServletTestExecutionListener.activateListener' -> true]], class annotated with @DirtiesContext [false] with mode [null].
10:54:03.782 [main] DEBUG org.springframework.test.annotation.ProfileValueUtils - Retrieved @ProfileValueSourceConfiguration [null] for test class [com.javaegitimleri.petclinic.dao.OwnerRepositoryTests]
10:54:03.782 [main] DEBUG org.springframework.test.annotation.ProfileValueUtils - Retrieved ProfileValueSource type [class org.springframework.test.annotation.SystemProfileValueSource] for class [com.javaegitimleri.petclinic.dao.OwnerRepositoryTests]
10:54:03.829 [main] DEBUG org.springframework.core.env.StandardEnvironment - Adding PropertySource 'systemProperties' with lowest search precedence
10:54:03.829 [main] DEBUG org.springframework.core.env.StandardEnvironment - Adding PropertySource 'systemEnvironment' with lowest search precedence
10:54:03.845 [main] DEBUG org.springframework.core.env.StandardEnvironment - Initialized StandardEnvironment with PropertySources [MapPropertySource@657381435 {name='systemProperties', properties={idea.version=2020.3.1, java.runtime.name=Java(TM) SE Runtime Environment, sun.boot.library.path=C:\Program Files\Java\jdk1.8.0_45\jre\bin, java.vm.version=25.45-b02, user.country.format=TR, java.vm.vendor=Oracle Corporation, java.vendor.url=http://java.oracle.com/, path.separator=;, java.vm.name=Java HotSpot(TM) 64-Bit Server VM, file.encoding.pkg=sun.io, user.country=US, user.script=, sun.java.launcher=SUN_STANDARD, sun.os.patch.level=, java.vm.specification.name=Java Virtual Machine Specification, user.dir=E:\work\petclinic, java.runtime.version=1.8.0_45-b15, basedir=E:\work\petclinic, java.awt.graphicsenv=sun.awt.Win32GraphicsEnvironment, java.endorsed.dirs=C:\Program Files\Java\jdk1.8.0_45\jre\lib\endorsed, os.arch=amd64, surefire.real.class.path=C:\Users\ebubekir\AppData\Local\Temp\surefire9192908570003735553\surefirebooter1634350612617553846.jar, java.io.tmpdir=C:\Users\ebubekir\AppData\Local\Temp\, line.separator=
, java.vm.specification.vendor=Oracle Corporation, user.variant=, os.name=Windows 8.1, sun.jnu.encoding=Cp1254, java.library.path=C:\Program Files\Java\jdk1.8.0_45\jre\bin;C:\Windows\Sun\Java\bin;C:\Windows\system32;C:\Windows;C:\ProgramData\Oracle\Java\javapath;C:\oraclexe\app\oracle\product\11.2.0\server\bin;C:\Windows\system32;C:\Windows;C:\Windows\System32\Wbem;C:\Windows\System32\WindowsPowerShell\v1.0\;C:\Program Files\Java\jdk-11.0.9\bin;C:\Program Files\nodejs\;C:\Program Files\Git\cmd;C:\Program Files\apache-maven-3.6.3\bin;C:\Program Files\MySQL\MySQL Shell 8.0\bin\;C:\Users\ebubekir\AppData\Roaming\npm;C:\Users\ebubekir\AppData\Local\Programs\Microsoft VS Code\bin;C:\Program Files\Docker Toolbox;C:\Program Files\heroku\bin;., surefire.test.class.path=E:\work\petclinic\target\test-classes;E:\work\petclinic\target\classes;C:\Users\ebubekir\.m2\repository\org\springframework\boot\spring-boot-starter-mail\2.0.0.RELEASE\spring-boot-starter-mail-2.0.0.RELEASE.jar;C:\Users\ebubekir\.m2\repository\org\springframework\boot\spring-boot-starter\2.0.0.RELEASE\spring-boot-starter-2.0.0.RELEASE.jar;C:\Users\ebubekir\.m2\repository\org\springframework\boot\spring-boot\2.0.0.RELEASE\spring-boot-2.0.0.RELEASE.jar;C:\Users\ebubekir\.m2\repository\org\springframework\boot\spring-boot-autoconfigure\2.0.0.RELEASE\spring-boot-autoconfigure-2.0.0.RELEASE.jar;C:\Users\ebubekir\.m2\repository\org\springframework\boot\spring-boot-starter-logging\2.0.0.RELEASE\spring-boot-starter-logging-2.0.0.RELEASE.jar;C:\Users\ebubekir\.m2\repository\ch\qos\logback\logback-classic\1.2.3\logback-classic-1.2.3.jar;C:\Users\ebubekir\.m2\repository\ch\qos\logback\logback-core\1.2.3\logback-core-1.2.3.jar;C:\Users\ebubekir\.m2\repository\org\apache\logging\log4j\log4j-to-slf4j\2.10.0\log4j-to-slf4j-2.10.0.jar;C:\Users\ebubekir\.m2\repository\org\apache\logging\log4j\log4j-api\2.10.0\log4j-api-2.10.0.jar;C:\Users\ebubekir\.m2\repository\org\slf4j\jul-to-slf4j\1.7.25\jul-to-slf4j-1.7.25.jar;C:\Users\ebubekir\.m2\repository\javax\annotation\javax.annotation-api\1.3.2\javax.annotation-api-1.3.2.jar;C:\Users\ebubekir\.m2\repository\org\yaml\snakeyaml\1.19\snakeyaml-1.19.jar;C:\Users\ebubekir\.m2\repository\org\springframework\spring-context\5.0.4.RELEASE\spring-context-5.0.4.RELEASE.jar;C:\Users\ebubekir\.m2\repository\org\springframework\spring-beans\5.0.4.RELEASE\spring-beans-5.0.4.RELEASE.jar;C:\Users\ebubekir\.m2\repository\org\springframework\spring-expression\5.0.4.RELEASE\spring-expression-5.0.4.RELEASE.jar;C:\Users\ebubekir\.m2\repository\org\springframework\spring-context-support\5.0.4.RELEASE\spring-context-support-5.0.4.RELEASE.jar;C:\Users\ebubekir\.m2\repository\com\sun\mail\javax.mail\1.6.1\javax.mail-1.6.1.jar;C:\Users\ebubekir\.m2\repository\javax\activation\activation\1.1\activation-1.1.jar;C:\Users\ebubekir\.m2\repository\org\springframework\security\spring-security-test\5.0.3.RELEASE\spring-security-test-5.0.3.RELEASE.jar;C:\Users\ebubekir\.m2\repository\org\springframework\security\spring-security-core\5.0.3.RELEASE\spring-security-core-5.0.3.RELEASE.jar;C:\Users\ebubekir\.m2\repository\org\springframework\security\spring-security-web\5.0.3.RELEASE\spring-security-web-5.0.3.RELEASE.jar;C:\Users\ebubekir\.m2\repository\org\springframework\spring-core\5.0.4.RELEASE\spring-core-5.0.4.RELEASE.jar;C:\Users\ebubekir\.m2\repository\org\springframework\spring-jcl\5.0.4.RELEASE\spring-jcl-5.0.4.RELEASE.jar;C:\Users\ebubekir\.m2\repository\org\springframework\spring-test\5.0.4.RELEASE\spring-test-5.0.4.RELEASE.jar;C:\Users\ebubekir\.m2\repository\org\springframework\boot\spring-boot-starter-test\2.0.0.RELEASE\spring-boot-starter-test-2.0.0.RELEASE.jar;C:\Users\ebubekir\.m2\repository\org\springframework\boot\spring-boot-test\2.0.0.RELEASE\spring-boot-test-2.0.0.RELEASE.jar;C:\Users\ebubekir\.m2\repository\org\springframework\boot\spring-boot-test-autoconfigure\2.0.0.RELEASE\spring-boot-test-autoconfigure-2.0.0.RELEASE.jar;C:\Users\ebubekir\.m2\repository\com\jayway\jsonpath\json-path\2.4.0\json-path-2.4.0.jar;C:\Users\ebubekir\.m2\repository\net\minidev\json-smart\2.3\json-smart-2.3.jar;C:\Users\ebubekir\.m2\repository\net\minidev\accessors-smart\1.2\accessors-smart-1.2.jar;C:\Users\ebubekir\.m2\repository\org\ow2\asm\asm\5.0.4\asm-5.0.4.jar;C:\Users\ebubekir\.m2\repository\junit\junit\4.12\junit-4.12.jar;C:\Users\ebubekir\.m2\repository\org\assertj\assertj-core\3.9.1\assertj-core-3.9.1.jar;C:\Users\ebubekir\.m2\repository\org\mockito\mockito-core\2.15.0\mockito-core-2.15.0.jar;C:\Users\ebubekir\.m2\repository\net\bytebuddy\byte-buddy\1.7.10\byte-buddy-1.7.10.jar;C:\Users\ebubekir\.m2\repository\net\bytebuddy\byte-buddy-agent\1.7.10\byte-buddy-agent-1.7.10.jar;C:\Users\ebubekir\.m2\repository\org\objenesis\objenesis\2.6\objenesis-2.6.jar;C:\Users\ebubekir\.m2\repository\org\hamcrest\hamcrest-core\1.3\hamcrest-core-1.3.jar;C:\Users\ebubekir\.m2\repository\org\hamcrest\hamcrest-library\1.3\hamcrest-library-1.3.jar;C:\Users\ebubekir\.m2\repository\org\skyscreamer\jsonassert\1.5.0\jsonassert-1.5.0.jar;C:\Users\ebubekir\.m2\repository\com\vaadin\external\google\android-json\0.0.20131108.vaadin1\android-json-0.0.20131108.vaadin1.jar;C:\Users\ebubekir\.m2\repository\org\xmlunit\xmlunit-core\2.5.1\xmlunit-core-2.5.1.jar;C:\Users\ebubekir\.m2\repository\org\springframework\boot\spring-boot-starter-security\2.0.0.RELEASE\spring-boot-starter-security-2.0.0.RELEASE.jar;C:\Users\ebubekir\.m2\repository\org\springframework\spring-aop\5.0.4.RELEASE\spring-aop-5.0.4.RELEASE.jar;C:\Users\ebubekir\.m2\repository\org\springframework\security\spring-security-config\5.0.3.RELEASE\spring-security-config-5.0.3.RELEASE.jar;C:\Users\ebubekir\.m2\repository\org\springframework\boot\spring-boot-starter-data-jpa\2.0.0.RELEASE\spring-boot-starter-data-jpa-2.0.0.RELEASE.jar;C:\Users\ebubekir\.m2\repository\org\springframework\boot\spring-boot-starter-aop\2.0.0.RELEASE\spring-boot-starter-aop-2.0.0.RELEASE.jar;C:\Users\ebubekir\.m2\repository\org\aspectj\aspectjweaver\1.8.13\aspectjweaver-1.8.13.jar;C:\Users\ebubekir\.m2\repository\org\hibernate\hibernate-core\5.2.14.Final\hibernate-core-5.2.14.Final.jar;C:\Users\ebubekir\.m2\repository\org\jboss\logging\jboss-logging\3.3.2.Final\jboss-logging-3.3.2.Final.jar;C:\Users\ebubekir\.m2\repository\org\hibernate\javax\persistence\hibernate-jpa-2.1-api\1.0.0.Final\hibernate-jpa-2.1-api-1.0.0.Final.jar;C:\Users\ebubekir\.m2\repository\org\javassist\javassist\3.22.0-GA\javassist-3.22.0-GA.jar;C:\Users\ebubekir\.m2\repository\antlr\antlr\2.7.7\antlr-2.7.7.jar;C:\Users\ebubekir\.m2\repository\org\jboss\jandex\2.0.3.Final\jandex-2.0.3.Final.jar;C:\Users\ebubekir\.m2\repository\com\fasterxml\classmate\1.3.4\classmate-1.3.4.jar;C:\Users\ebubekir\.m2\repository\dom4j\dom4j\1.6.1\dom4j-1.6.1.jar;C:\Users\ebubekir\.m2\repository\org\hibernate\common\hibernate-commons-annotations\5.0.1.Final\hibernate-commons-annotations-5.0.1.Final.jar;C:\Users\ebubekir\.m2\repository\javax\transaction\javax.transaction-api\1.2\javax.transaction-api-1.2.jar;C:\Users\ebubekir\.m2\repository\org\springframework\data\spring-data-jpa\2.0.5.RELEASE\spring-data-jpa-2.0.5.RELEASE.jar;C:\Users\ebubekir\.m2\repository\org\springframework\data\spring-data-commons\2.0.5.RELEASE\spring-data-commons-2.0.5.RELEASE.jar;C:\Users\ebubekir\.m2\repository\org\springframework\spring-orm\5.0.4.RELEASE\spring-orm-5.0.4.RELEASE.jar;C:\Users\ebubekir\.m2\repository\org\springframework\spring-tx\5.0.4.RELEASE\spring-tx-5.0.4.RELEASE.jar;C:\Users\ebubekir\.m2\repository\org\springframework\spring-aspects\5.0.4.RELEASE\spring-aspects-5.0.4.RELEASE.jar;C:\Users\ebubekir\.m2\repository\com\h2database\h2\1.4.196\h2-1.4.196.jar;C:\Users\ebubekir\.m2\repository\org\springframework\boot\spring-boot-starter-jdbc\2.0.0.RELEASE\spring-boot-starter-jdbc-2.0.0.RELEASE.jar;C:\Users\ebubekir\.m2\repository\com\zaxxer\HikariCP\2.7.8\HikariCP-2.7.8.jar;C:\Users\ebubekir\.m2\repository\org\springframework\spring-jdbc\5.0.4.RELEASE\spring-jdbc-5.0.4.RELEASE.jar;C:\Users\ebubekir\.m2\repository\org\springframework\boot\spring-boot-starter-web\2.0.0.RELEASE\spring-boot-starter-web-2.0.0.RELEASE.jar;C:\Users\ebubekir\.m2\repository\org\springframework\boot\spring-boot-starter-json\2.0.0.RELEASE\spring-boot-starter-json-2.0.0.RELEASE.jar;C:\Users\ebubekir\.m2\repository\com\fasterxml\jackson\core\jackson-databind\2.9.4\jackson-databind-2.9.4.jar;C:\Users\ebubekir\.m2\repository\com\fasterxml\jackson\core\jackson-core\2.9.4\jackson-core-2.9.4.jar;C:\Users\ebubekir\.m2\repository\com\fasterxml\jackson\datatype\jackson-datatype-jdk8\2.9.4\jackson-datatype-jdk8-2.9.4.jar;C:\Users\ebubekir\.m2\repository\com\fasterxml\jackson\datatype\jackson-datatype-jsr310\2.9.4\jackson-datatype-jsr310-2.9.4.jar;C:\Users\ebubekir\.m2\repository\com\fasterxml\jackson\module\jackson-module-parameter-names\2.9.4\jackson-module-parameter-names-2.9.4.jar;C:\Users\ebubekir\.m2\repository\org\springframework\boot\spring-boot-starter-tomcat\2.0.0.RELEASE\spring-boot-starter-tomcat-2.0.0.RELEASE.jar;C:\Users\ebubekir\.m2\repository\org\apache\tomcat\embed\tomcat-embed-websocket\8.5.28\tomcat-embed-websocket-8.5.28.jar;C:\Users\ebubekir\.m2\repository\org\hibernate\validator\hibernate-validator\6.0.7.Final\hibernate-validator-6.0.7.Final.jar;C:\Users\ebubekir\.m2\repository\javax\validation\validation-api\2.0.1.Final\validation-api-2.0.1.Final.jar;C:\Users\ebubekir\.m2\repository\org\springframework\spring-web\5.0.4.RELEASE\spring-web-5.0.4.RELEASE.jar;C:\Users\ebubekir\.m2\repository\org\springframework\spring-webmvc\5.0.4.RELEASE\spring-webmvc-5.0.4.RELEASE.jar;C:\Users\ebubekir\.m2\repository\org\springframework\boot\spring-boot-starter-actuator\2.0.0.RELEASE\spring-boot-starter-actuator-2.0.0.RELEASE.jar;C:\Users\ebubekir\.m2\repository\org\springframework\boot\spring-boot-actuator-autoconfigure\2.0.0.RELEASE\spring-boot-actuator-autoconfigure-2.0.0.RELEASE.jar;C:\Users\ebubekir\.m2\repository\org\springframework\boot\spring-boot-actuator\2.0.0.RELEASE\spring-boot-actuator-2.0.0.RELEASE.jar;C:\Users\ebubekir\.m2\repository\io\micrometer\micrometer-core\1.0.1\micrometer-core-1.0.1.jar;C:\Users\ebubekir\.m2\repository\org\hdrhistogram\HdrHistogram\2.1.10\HdrHistogram-2.1.10.jar;C:\Users\ebubekir\.m2\repository\org\latencyutils\LatencyUtils\2.0.3\LatencyUtils-2.0.3.jar;C:\Users\ebubekir\.m2\repository\org\apache\tomcat\embed\tomcat-embed-jasper\8.5.28\tomcat-embed-jasper-8.5.28.jar;C:\Users\ebubekir\.m2\repository\org\apache\tomcat\embed\tomcat-embed-core\8.5.28\tomcat-embed-core-8.5.28.jar;C:\Users\ebubekir\.m2\repository\org\apache\tomcat\tomcat-annotations-api\8.5.28\tomcat-annotations-api-8.5.28.jar;C:\Users\ebubekir\.m2\repository\org\apache\tomcat\embed\tomcat-embed-el\8.5.28\tomcat-embed-el-8.5.28.jar;C:\Users\ebubekir\.m2\repository\org\eclipse\jdt\ecj\3.12.3\ecj-3.12.3.jar;C:\Users\ebubekir\.m2\repository\javax\servlet\jstl\1.2\jstl-1.2.jar;C:\Users\ebubekir\.m2\repository\org\springframework\boot\spring-boot-starter-thymeleaf\2.0.0.RELEASE\spring-boot-starter-thymeleaf-2.0.0.RELEASE.jar;C:\Users\ebubekir\.m2\repository\org\thymeleaf\thymeleaf-spring5\3.0.9.RELEASE\thymeleaf-spring5-3.0.9.RELEASE.jar;C:\Users\ebubekir\.m2\repository\org\thymeleaf\thymeleaf\3.0.9.RELEASE\thymeleaf-3.0.9.RELEASE.jar;C:\Users\ebubekir\.m2\repository\org\attoparser\attoparser\2.0.4.RELEASE\attoparser-2.0.4.RELEASE.jar;C:\Users\ebubekir\.m2\repository\org\unbescape\unbescape\1.1.5.RELEASE\unbescape-1.1.5.RELEASE.jar;C:\Users\ebubekir\.m2\repository\org\thymeleaf\extras\thymeleaf-extras-java8time\3.0.1.RELEASE\thymeleaf-extras-java8time-3.0.1.RELEASE.jar;C:\Users\ebubekir\.m2\repository\org\springframework\boot\spring-boot-starter-hateoas\2.0.0.RELEASE\spring-boot-starter-hateoas-2.0.0.RELEASE.jar;C:\Users\ebubekir\.m2\repository\org\springframework\hateoas\spring-hateoas\0.24.0.RELEASE\spring-hateoas-0.24.0.RELEASE.jar;C:\Users\ebubekir\.m2\repository\org\springframework\plugin\spring-plugin-core\1.2.0.RELEASE\spring-plugin-core-1.2.0.RELEASE.jar;C:\Users\ebubekir\.m2\repository\org\springframework\boot\spring-boot-starter-data-rest\2.0.0.RELEASE\spring-boot-starter-data-rest-2.0.0.RELEASE.jar;C:\Users\ebubekir\.m2\repository\org\springframework\data\spring-data-rest-webmvc\3.0.5.RELEASE\spring-data-rest-webmvc-3.0.5.RELEASE.jar;C:\Users\ebubekir\.m2\repository\org\springframework\data\spring-data-rest-core\3.0.5.RELEASE\spring-data-rest-core-3.0.5.RELEASE.jar;C:\Users\ebubekir\.m2\repository\org\atteo\evo-inflector\1.2.2\evo-inflector-1.2.2.jar;C:\Users\ebubekir\.m2\repository\com\fasterxml\jackson\core\jackson-annotations\2.9.0\jackson-annotations-2.9.0.jar;C:\Users\ebubekir\.m2\repository\org\springframework\data\spring-data-rest-hal-browser\3.0.5.RELEASE\spring-data-rest-hal-browser-3.0.5.RELEASE.jar;C:\Users\ebubekir\.m2\repository\org\slf4j\slf4j-api\1.7.25\slf4j-api-1.7.25.jar;C:\Users\ebubekir\.m2\repository\org\springframework\boot\spring-boot-starter-cache\2.0.0.RELEASE\spring-boot-starter-cache-2.0.0.RELEASE.jar;C:\Users\ebubekir\.m2\repository\javax\xml\bind\jaxb-api\2.3.1\jaxb-api-2.3.1.jar;C:\Users\ebubekir\.m2\repository\javax\activation\javax.activation-api\1.2.0\javax.activation-api-1.2.0.jar;, java.specification.name=Java Platform API Specification, java.class.version=52.0, sun.management.compiler=HotSpot 64-Bit Tiered Compilers, os.version=6.3, user.home=C:\Users\ebubekir, user.timezone=GMT+01:00, java.awt.printerjob=sun.awt.windows.WPrinterJob, file.encoding=Cp1254, java.specification.version=1.8, java.class.path=E:\work\petclinic\target\test-classes;E:\work\petclinic\target\classes;C:\Users\ebubekir\.m2\repository\org\springframework\boot\spring-boot-starter-mail\2.0.0.RELEASE\spring-boot-starter-mail-2.0.0.RELEASE.jar;C:\Users\ebubekir\.m2\repository\org\springframework\boot\spring-boot-starter\2.0.0.RELEASE\spring-boot-starter-2.0.0.RELEASE.jar;C:\Users\ebubekir\.m2\repository\org\springframework\boot\spring-boot\2.0.0.RELEASE\spring-boot-2.0.0.RELEASE.jar;C:\Users\ebubekir\.m2\repository\org\springframework\boot\spring-boot-autoconfigure\2.0.0.RELEASE\spring-boot-autoconfigure-2.0.0.RELEASE.jar;C:\Users\ebubekir\.m2\repository\org\springframework\boot\spring-boot-starter-logging\2.0.0.RELEASE\spring-boot-starter-logging-2.0.0.RELEASE.jar;C:\Users\ebubekir\.m2\repository\ch\qos\logback\logback-classic\1.2.3\logback-classic-1.2.3.jar;C:\Users\ebubekir\.m2\repository\ch\qos\logback\logback-core\1.2.3\logback-core-1.2.3.jar;C:\Users\ebubekir\.m2\repository\org\apache\logging\log4j\log4j-to-slf4j\2.10.0\log4j-to-slf4j-2.10.0.jar;C:\Users\ebubekir\.m2\repository\org\apache\logging\log4j\log4j-api\2.10.0\log4j-api-2.10.0.jar;C:\Users\ebubekir\.m2\repository\org\slf4j\jul-to-slf4j\1.7.25\jul-to-slf4j-1.7.25.jar;C:\Users\ebubekir\.m2\repository\javax\annotation\javax.annotation-api\1.3.2\javax.annotation-api-1.3.2.jar;C:\Users\ebubekir\.m2\repository\org\yaml\snakeyaml\1.19\snakeyaml-1.19.jar;C:\Users\ebubekir\.m2\repository\org\springframework\spring-context\5.0.4.RELEASE\spring-context-5.0.4.RELEASE.jar;C:\Users\ebubekir\.m2\repository\org\springframework\spring-beans\5.0.4.RELEASE\spring-beans-5.0.4.RELEASE.jar;C:\Users\ebubekir\.m2\repository\org\springframework\spring-expression\5.0.4.RELEASE\spring-expression-5.0.4.RELEASE.jar;C:\Users\ebubekir\.m2\repository\org\springframework\spring-context-support\5.0.4.RELEASE\spring-context-support-5.0.4.RELEASE.jar;C:\Users\ebubekir\.m2\repository\com\sun\mail\javax.mail\1.6.1\javax.mail-1.6.1.jar;C:\Users\ebubekir\.m2\repository\javax\activation\activation\1.1\activation-1.1.jar;C:\Users\ebubekir\.m2\repository\org\springframework\security\spring-security-test\5.0.3.RELEASE\spring-security-test-5.0.3.RELEASE.jar;C:\Users\ebubekir\.m2\repository\org\springframework\security\spring-security-core\5.0.3.RELEASE\spring-security-core-5.0.3.RELEASE.jar;C:\Users\ebubekir\.m2\repository\org\springframework\security\spring-security-web\5.0.3.RELEASE\spring-security-web-5.0.3.RELEASE.jar;C:\Users\ebubekir\.m2\repository\org\springframework\spring-core\5.0.4.RELEASE\spring-core-5.0.4.RELEASE.jar;C:\Users\ebubekir\.m2\repository\org\springframework\spring-jcl\5.0.4.RELEASE\spring-jcl-5.0.4.RELEASE.jar;C:\Users\ebubekir\.m2\repository\org\springframework\spring-test\5.0.4.RELEASE\spring-test-5.0.4.RELEASE.jar;C:\Users\ebubekir\.m2\repository\org\springframework\boot\spring-boot-starter-test\2.0.0.RELEASE\spring-boot-starter-test-2.0.0.RELEASE.jar;C:\Users\ebubekir\.m2\repository\org\springframework\boot\spring-boot-test\2.0.0.RELEASE\spring-boot-test-2.0.0.RELEASE.jar;C:\Users\ebubekir\.m2\repository\org\springframework\boot\spring-boot-test-autoconfigure\2.0.0.RELEASE\spring-boot-test-autoconfigure-2.0.0.RELEASE.jar;C:\Users\ebubekir\.m2\repository\com\jayway\jsonpath\json-path\2.4.0\json-path-2.4.0.jar;C:\Users\ebubekir\.m2\repository\net\minidev\json-smart\2.3\json-smart-2.3.jar;C:\Users\ebubekir\.m2\repository\net\minidev\accessors-smart\1.2\accessors-smart-1.2.jar;C:\Users\ebubekir\.m2\repository\org\ow2\asm\asm\5.0.4\asm-5.0.4.jar;C:\Users\ebubekir\.m2\repository\junit\junit\4.12\junit-4.12.jar;C:\Users\ebubekir\.m2\repository\org\assertj\assertj-core\3.9.1\assertj-core-3.9.1.jar;C:\Users\ebubekir\.m2\repository\org\mockito\mockito-core\2.15.0\mockito-core-2.15.0.jar;C:\Users\ebubekir\.m2\repository\net\bytebuddy\byte-buddy\1.7.10\byte-buddy-1.7.10.jar;C:\Users\ebubekir\.m2\repository\net\bytebuddy\byte-buddy-agent\1.7.10\byte-buddy-agent-1.7.10.jar;C:\Users\ebubekir\.m2\repository\org\objenesis\objenesis\2.6\objenesis-2.6.jar;C:\Users\ebubekir\.m2\repository\org\hamcrest\hamcrest-core\1.3\hamcrest-core-1.3.jar;C:\Users\ebubekir\.m2\repository\org\hamcrest\hamcrest-library\1.3\hamcrest-library-1.3.jar;C:\Users\ebubekir\.m2\repository\org\skyscreamer\jsonassert\1.5.0\jsonassert-1.5.0.jar;C:\Users\ebubekir\.m2\repository\com\vaadin\external\google\android-json\0.0.20131108.vaadin1\android-json-0.0.20131108.vaadin1.jar;C:\Users\ebubekir\.m2\repository\org\xmlunit\xmlunit-core\2.5.1\xmlunit-core-2.5.1.jar;C:\Users\ebubekir\.m2\repository\org\springframework\boot\spring-boot-starter-security\2.0.0.RELEASE\spring-boot-starter-security-2.0.0.RELEASE.jar;C:\Users\ebubekir\.m2\repository\org\springframework\spring-aop\5.0.4.RELEASE\spring-aop-5.0.4.RELEASE.jar;C:\Users\ebubekir\.m2\repository\org\springframework\security\spring-security-config\5.0.3.RELEASE\spring-security-config-5.0.3.RELEASE.jar;C:\Users\ebubekir\.m2\repository\org\springframework\boot\spring-boot-starter-data-jpa\2.0.0.RELEASE\spring-boot-starter-data-jpa-2.0.0.RELEASE.jar;C:\Users\ebubekir\.m2\repository\org\springframework\boot\spring-boot-starter-aop\2.0.0.RELEASE\spring-boot-starter-aop-2.0.0.RELEASE.jar;C:\Users\ebubekir\.m2\repository\org\aspectj\aspectjweaver\1.8.13\aspectjweaver-1.8.13.jar;C:\Users\ebubekir\.m2\repository\org\hibernate\hibernate-core\5.2.14.Final\hibernate-core-5.2.14.Final.jar;C:\Users\ebubekir\.m2\repository\org\jboss\logging\jboss-logging\3.3.2.Final\jboss-logging-3.3.2.Final.jar;C:\Users\ebubekir\.m2\repository\org\hibernate\javax\persistence\hibernate-jpa-2.1-api\1.0.0.Final\hibernate-jpa-2.1-api-1.0.0.Final.jar;C:\Users\ebubekir\.m2\repository\org\javassist\javassist\3.22.0-GA\javassist-3.22.0-GA.jar;C:\Users\ebubekir\.m2\repository\antlr\antlr\2.7.7\antlr-2.7.7.jar;C:\Users\ebubekir\.m2\repository\org\jboss\jandex\2.0.3.Final\jandex-2.0.3.Final.jar;C:\Users\ebubekir\.m2\repository\com\fasterxml\classmate\1.3.4\classmate-1.3.4.jar;C:\Users\ebubekir\.m2\repository\dom4j\dom4j\1.6.1\dom4j-1.6.1.jar;C:\Users\ebubekir\.m2\repository\org\hibernate\common\hibernate-commons-annotations\5.0.1.Final\hibernate-commons-annotations-5.0.1.Final.jar;C:\Users\ebubekir\.m2\repository\javax\transaction\javax.transaction-api\1.2\javax.transaction-api-1.2.jar;C:\Users\ebubekir\.m2\repository\org\springframework\data\spring-data-jpa\2.0.5.RELEASE\spring-data-jpa-2.0.5.RELEASE.jar;C:\Users\ebubekir\.m2\repository\org\springframework\data\spring-data-commons\2.0.5.RELEASE\spring-data-commons-2.0.5.RELEASE.jar;C:\Users\ebubekir\.m2\repository\org\springframework\spring-orm\5.0.4.RELEASE\spring-orm-5.0.4.RELEASE.jar;C:\Users\ebubekir\.m2\repository\org\springframework\spring-tx\5.0.4.RELEASE\spring-tx-5.0.4.RELEASE.jar;C:\Users\ebubekir\.m2\repository\org\springframework\spring-aspects\5.0.4.RELEASE\spring-aspects-5.0.4.RELEASE.jar;C:\Users\ebubekir\.m2\repository\com\h2database\h2\1.4.196\h2-1.4.196.jar;C:\Users\ebubekir\.m2\repository\org\springframework\boot\spring-boot-starter-jdbc\2.0.0.RELEASE\spring-boot-starter-jdbc-2.0.0.RELEASE.jar;C:\Users\ebubekir\.m2\repository\com\zaxxer\HikariCP\2.7.8\HikariCP-2.7.8.jar;C:\Users\ebubekir\.m2\repository\org\springframework\spring-jdbc\5.0.4.RELEASE\spring-jdbc-5.0.4.RELEASE.jar;C:\Users\ebubekir\.m2\repository\org\springframework\boot\spring-boot-starter-web\2.0.0.RELEASE\spring-boot-starter-web-2.0.0.RELEASE.jar;C:\Users\ebubekir\.m2\repository\org\springframework\boot\spring-boot-starter-json\2.0.0.RELEASE\spring-boot-starter-json-2.0.0.RELEASE.jar;C:\Users\ebubekir\.m2\repository\com\fasterxml\jackson\core\jackson-databind\2.9.4\jackson-databind-2.9.4.jar;C:\Users\ebubekir\.m2\repository\com\fasterxml\jackson\core\jackson-core\2.9.4\jackson-core-2.9.4.jar;C:\Users\ebubekir\.m2\repository\com\fasterxml\jackson\datatype\jackson-datatype-jdk8\2.9.4\jackson-datatype-jdk8-2.9.4.jar;C:\Users\ebubekir\.m2\repository\com\fasterxml\jackson\datatype\jackson-datatype-jsr310\2.9.4\jackson-datatype-jsr310-2.9.4.jar;C:\Users\ebubekir\.m2\repository\com\fasterxml\jackson\module\jackson-module-parameter-names\2.9.4\jackson-module-parameter-names-2.9.4.jar;C:\Users\ebubekir\.m2\repository\org\springframework\boot\spring-boot-starter-tomcat\2.0.0.RELEASE\spring-boot-starter-tomcat-2.0.0.RELEASE.jar;C:\Users\ebubekir\.m2\repository\org\apache\tomcat\embed\tomcat-embed-websocket\8.5.28\tomcat-embed-websocket-8.5.28.jar;C:\Users\ebubekir\.m2\repository\org\hibernate\validator\hibernate-validator\6.0.7.Final\hibernate-validator-6.0.7.Final.jar;C:\Users\ebubekir\.m2\repository\javax\validation\validation-api\2.0.1.Final\validation-api-2.0.1.Final.jar;C:\Users\ebubekir\.m2\repository\org\springframework\spring-web\5.0.4.RELEASE\spring-web-5.0.4.RELEASE.jar;C:\Users\ebubekir\.m2\repository\org\springframework\spring-webmvc\5.0.4.RELEASE\spring-webmvc-5.0.4.RELEASE.jar;C:\Users\ebubekir\.m2\repository\org\springframework\boot\spring-boot-starter-actuator\2.0.0.RELEASE\spring-boot-starter-actuator-2.0.0.RELEASE.jar;C:\Users\ebubekir\.m2\repository\org\springframework\boot\spring-boot-actuator-autoconfigure\2.0.0.RELEASE\spring-boot-actuator-autoconfigure-2.0.0.RELEASE.jar;C:\Users\ebubekir\.m2\repository\org\springframework\boot\spring-boot-actuator\2.0.0.RELEASE\spring-boot-actuator-2.0.0.RELEASE.jar;C:\Users\ebubekir\.m2\repository\io\micrometer\micrometer-core\1.0.1\micrometer-core-1.0.1.jar;C:\Users\ebubekir\.m2\repository\org\hdrhistogram\HdrHistogram\2.1.10\HdrHistogram-2.1.10.jar;C:\Users\ebubekir\.m2\repository\org\latencyutils\LatencyUtils\2.0.3\LatencyUtils-2.0.3.jar;C:\Users\ebubekir\.m2\repository\org\apache\tomcat\embed\tomcat-embed-jasper\8.5.28\tomcat-embed-jasper-8.5.28.jar;C:\Users\ebubekir\.m2\repository\org\apache\tomcat\embed\tomcat-embed-core\8.5.28\tomcat-embed-core-8.5.28.jar;C:\Users\ebubekir\.m2\repository\org\apache\tomcat\tomcat-annotations-api\8.5.28\tomcat-annotations-api-8.5.28.jar;C:\Users\ebubekir\.m2\repository\org\apache\tomcat\embed\tomcat-embed-el\8.5.28\tomcat-embed-el-8.5.28.jar;C:\Users\ebubekir\.m2\repository\org\eclipse\jdt\ecj\3.12.3\ecj-3.12.3.jar;C:\Users\ebubekir\.m2\repository\javax\servlet\jstl\1.2\jstl-1.2.jar;C:\Users\ebubekir\.m2\repository\org\springframework\boot\spring-boot-starter-thymeleaf\2.0.0.RELEASE\spring-boot-starter-thymeleaf-2.0.0.RELEASE.jar;C:\Users\ebubekir\.m2\repository\org\thymeleaf\thymeleaf-spring5\3.0.9.RELEASE\thymeleaf-spring5-3.0.9.RELEASE.jar;C:\Users\ebubekir\.m2\repository\org\thymeleaf\thymeleaf\3.0.9.RELEASE\thymeleaf-3.0.9.RELEASE.jar;C:\Users\ebubekir\.m2\repository\org\attoparser\attoparser\2.0.4.RELEASE\attoparser-2.0.4.RELEASE.jar;C:\Users\ebubekir\.m2\repository\org\unbescape\unbescape\1.1.5.RELEASE\unbescape-1.1.5.RELEASE.jar;C:\Users\ebubekir\.m2\repository\org\thymeleaf\extras\thymeleaf-extras-java8time\3.0.1.RELEASE\thymeleaf-extras-java8time-3.0.1.RELEASE.jar;C:\Users\ebubekir\.m2\repository\org\springframework\boot\spring-boot-starter-hateoas\2.0.0.RELEASE\spring-boot-starter-hateoas-2.0.0.RELEASE.jar;C:\Users\ebubekir\.m2\repository\org\springframework\hateoas\spring-hateoas\0.24.0.RELEASE\spring-hateoas-0.24.0.RELEASE.jar;C:\Users\ebubekir\.m2\repository\org\springframework\plugin\spring-plugin-core\1.2.0.RELEASE\spring-plugin-core-1.2.0.RELEASE.jar;C:\Users\ebubekir\.m2\repository\org\springframework\boot\spring-boot-starter-data-rest\2.0.0.RELEASE\spring-boot-starter-data-rest-2.0.0.RELEASE.jar;C:\Users\ebubekir\.m2\repository\org\springframework\data\spring-data-rest-webmvc\3.0.5.RELEASE\spring-data-rest-webmvc-3.0.5.RELEASE.jar;C:\Users\ebubekir\.m2\repository\org\springframework\data\spring-data-rest-core\3.0.5.RELEASE\spring-data-rest-core-3.0.5.RELEASE.jar;C:\Users\ebubekir\.m2\repository\org\atteo\evo-inflector\1.2.2\evo-inflector-1.2.2.jar;C:\Users\ebubekir\.m2\repository\com\fasterxml\jackson\core\jackson-annotations\2.9.0\jackson-annotations-2.9.0.jar;C:\Users\ebubekir\.m2\repository\org\springframework\data\spring-data-rest-hal-browser\3.0.5.RELEASE\spring-data-rest-hal-browser-3.0.5.RELEASE.jar;C:\Users\ebubekir\.m2\repository\org\slf4j\slf4j-api\1.7.25\slf4j-api-1.7.25.jar;C:\Users\ebubekir\.m2\repository\org\springframework\boot\spring-boot-starter-cache\2.0.0.RELEASE\spring-boot-starter-cache-2.0.0.RELEASE.jar;C:\Users\ebubekir\.m2\repository\javax\xml\bind\jaxb-api\2.3.1\jaxb-api-2.3.1.jar;C:\Users\ebubekir\.m2\repository\javax\activation\javax.activation-api\1.2.0\javax.activation-api-1.2.0.jar;, user.name=ebubekir, java.vm.specification.version=1.8, sun.java.command=C:\Users\ebubekir\AppData\Local\Temp\surefire9192908570003735553\surefirebooter1634350612617553846.jar C:\Users\ebubekir\AppData\Local\Temp\surefire9192908570003735553 2021-02-10T10-53-58_946-jvmRun1 surefire7088374621922605988tmp surefire_0361502839036644265tmp, java.home=C:\Program Files\Java\jdk1.8.0_45\jre, sun.arch.data.model=64, user.language=en, java.specification.vendor=Oracle Corporation, user.language.format=tr, awt.toolkit=sun.awt.windows.WToolkit, java.vm.info=mixed mode, java.version=1.8.0_45, java.ext.dirs=C:\Program Files\Java\jdk1.8.0_45\jre\lib\ext;C:\Windows\Sun\Java\lib\ext, sun.boot.class.path=C:\Program Files\Java\jdk1.8.0_45\jre\lib\resources.jar;C:\Program Files\Java\jdk1.8.0_45\jre\lib\rt.jar;C:\Program Files\Java\jdk1.8.0_45\jre\lib\sunrsasign.jar;C:\Program Files\Java\jdk1.8.0_45\jre\lib\jsse.jar;C:\Program Files\Java\jdk1.8.0_45\jre\lib\jce.jar;C:\Program Files\Java\jdk1.8.0_45\jre\lib\charsets.jar;C:\Program Files\Java\jdk1.8.0_45\jre\lib\jfr.jar;C:\Program Files\Java\jdk1.8.0_45\jre\classes, java.vendor=Oracle Corporation, localRepository=C:\Users\ebubekir\.m2\repository, file.separator=\, java.vendor.url.bug=http://bugreport.sun.com/bugreport/, sun.io.unicode.encoding=UnicodeLittle, sun.cpu.endian=little, sun.desktop=windows, sun.cpu.isalist=amd64}}, SystemEnvironmentPropertySource@1107217291 {name='systemEnvironment', properties={PATH=C:\ProgramData\Oracle\Java\javapath;C:\oraclexe\app\oracle\product\11.2.0\server\bin;C:\Windows\system32;C:\Windows;C:\Windows\System32\Wbem;C:\Windows\System32\WindowsPowerShell\v1.0\;C:\Program Files\Java\jdk-11.0.9\bin;C:\Program Files\nodejs\;C:\Program Files\Git\cmd;C:\Program Files\apache-maven-3.6.3\bin;C:\Program Files\MySQL\MySQL Shell 8.0\bin\;C:\Users\ebubekir\AppData\Roaming\npm;C:\Users\ebubekir\AppData\Local\Programs\Microsoft VS Code\bin;C:\Program Files\Docker Toolbox;C:\Program Files\heroku\bin, USERDOMAIN_ROAMINGPROFILE=DESKTOP-DL2IOOE, NO_PROXY=192.168.99.100, PROCESSOR_LEVEL=6, SYSTEMDRIVE=C:, SESSIONNAME=Console, ALLUSERSPROFILE=C:\ProgramData, PROCESSOR_ARCHITECTURE=AMD64, =E:=E:\work\petclinic, PROGRAMFILES=C:\Program Files, PSMODULEPATH=C:\Windows\system32\WindowsPowerShell\v1.0\Modules\, PROGRAMDATA=C:\ProgramData, USERNAME=ebubekir, FPS_BROWSER_USER_PROFILE_STRING=Default, ONEDRIVE=C:\Users\ebubekir\OneDrive, PATHEXT=.COM;.EXE;.BAT;.CMD;.VBS;.VBE;.JS;.JSE;.WSF;.WSH;.MSC, COMPOSE_CONVERT_WINDOWS_PATHS=true, WINDIR=C:\Windows, HOMEPATH=\Users\ebubekir, PROCESSOR_IDENTIFIER=Intel64 Family 6 Model 58 Stepping 9, GenuineIntel, JAVA_OPTIONS=-Dfile.encoding=UTF-8 -Duser.language=en, PUBLIC=C:\Users\Public, =::=::\, LOCALAPPDATA=C:\Users\ebubekir\AppData\Local, COMMONPROGRAMFILES(X86)=C:\Program Files (x86)\Common Files, DOCKER_HOST=tcp://192.168.99.100:2376, USERDOMAIN=DESKTOP-DL2IOOE, FPS_BROWSER_APP_PROFILE_STRING=Internet Explorer, LOGONSERVER=\\DESKTOP-DL2IOOE, JAVA_HOME=C:\Program Files\Java\jdk-11.0.9, PROMPT=$P$G, PROGRAMFILES(X86)=C:\Program Files (x86), APPDATA=C:\Users\ebubekir\AppData\Roaming, DOCKER_MACHINE_NAME=default, DOCKER_CERT_PATH=C:\Users\ebubekir\.docker\machine\machines\default, PROGRAMW6432=C:\Program Files, SYSTEMROOT=C:\Windows, VBOX_MSI_INSTALL_PATH=C:\Program Files\Oracle\VirtualBox\, OS=Windows_NT, COMMONPROGRAMW6432=C:\Program Files\Common Files, COMPUTERNAME=DESKTOP-DL2IOOE, COMMONPROGRAMFILES=C:\Program Files\Common Files, COMSPEC=C:\Windows\system32\cmd.exe, PROCESSOR_REVISION=3a09, DOCKER_TLS_VERIFY=1, TEMP=C:\Users\ebubekir\AppData\Local\Temp, HOMEDRIVE=C:, USERPROFILE=C:\Users\ebubekir, TMP=C:\Users\ebubekir\AppData\Local\Temp, NUMBER_OF_PROCESSORS=4, DOCKER_TOOLBOX_INSTALL_PATH=C:\Program Files\Docker Toolbox, IDEA_INITIAL_DIRECTORY=C:\Program Files\JetBrains\IntelliJ IDEA Community Edition 2020.3.1\bin}}]
10:54:03.845 [main] DEBUG org.springframework.core.env.StandardEnvironment - Adding PropertySource 'test' with highest search precedence
10:54:03.845 [main] DEBUG org.springframework.core.env.StandardEnvironment - Adding PropertySource 'configurationProperties' with highest search precedence
10:54:03.860 [main] DEBUG org.springframework.test.context.support.TestPropertySourceUtils - Adding inlined properties to environment: {spring.jmx.enabled=false, org.springframework.boot.test.context.SpringBootTestContextBootstrapper=true, server.port=-1}
10:54:03.860 [main] DEBUG org.springframework.core.env.StandardEnvironment - Adding PropertySource 'Inlined Test Properties' with highest search precedence

  .   ____          _            __ _ _
 /\\ / ___'_ __ _ _(_)_ __  __ _ \ \ \ \
( ( )\___ | '_ | '_| | '_ \/ _` | \ \ \ \
 \\/  ___)| |_)| | | | | || (_| |  ) ) ) )
  '  |____| .__|_| |_|_| |_\__, | / / / /
 =========|_|==============|___/=/_/_/_/
 :: Spring Boot ::        (v2.0.0.RELEASE)

2021-02-10 10:54:05.374 DEBUG 6596 --- [           main] o.s.w.c.s.StandardServletEnvironment     : Adding PropertySource 'servletConfigInitParams' with lowest search precedence
2021-02-10 10:54:05.382 DEBUG 6596 --- [           main] o.s.w.c.s.StandardServletEnvironment     : Adding PropertySource 'servletContextInitParams' with lowest search precedence
2021-02-10 10:54:05.392 DEBUG 6596 --- [           main] o.s.w.c.s.StandardServletEnvironment     : Adding PropertySource 'systemProperties' with lowest search precedence
2021-02-10 10:54:05.392 DEBUG 6596 --- [           main] o.s.w.c.s.StandardServletEnvironment     : Adding PropertySource 'systemEnvironment' with lowest search precedence
2021-02-10 10:54:05.393 DEBUG 6596 --- [           main] o.s.w.c.s.StandardServletEnvironment     : Initialized StandardServletEnvironment with PropertySources [StubPropertySource {name='servletConfigInitParams'}, StubPropertySource {name='servletContextInitParams'}, MapPropertySource {name='systemProperties'}, SystemEnvironmentPropertySource {name='systemEnvironment'}]
2021-02-10 10:54:05.433  INFO 6596 --- [           main] c.j.petclinic.dao.OwnerRepositoryTests   : Starting OwnerRepositoryTests on DESKTOP-DL2IOOE with PID 6596 (started by ebubekir in E:\work\petclinic)
2021-02-10 10:54:05.433  INFO 6596 --- [           main] c.j.petclinic.dao.OwnerRepositoryTests   : The following profiles are active: dev
2021-02-10 10:54:05.561  INFO 6596 --- [           main] o.s.w.c.s.GenericWebApplicationContext   : Refreshing org.springframework.web.context.support.GenericWebApplicationContext@2141a12: startup date [Wed Feb 10 10:54:05 GMT+01:00 2021]; root of context hierarchy
2021-02-10 10:54:05.562 DEBUG 6596 --- [           main] o.s.w.c.s.GenericWebApplicationContext   : Bean factory for org.springframework.web.context.support.GenericWebApplicationContext@2141a12: org.springframework.beans.factory.support.DefaultListableBeanFactory@648c94da: defining beans [org.springframework.boot.test.mock.mockito.MockitoPostProcessor$SpyPostProcessor,org.springframework.boot.test.mock.mockito.MockitoPostProcessor,org.springframework.context.annotation.internalConfigurationAnnotationProcessor,org.springframework.context.annotation.internalAutowiredAnnotationProcessor,org.springframework.context.annotation.internalRequiredAnnotationProcessor,org.springframework.context.annotation.internalCommonAnnotationProcessor,org.springframework.context.annotation.internalPersistenceAnnotationProcessor,org.springframework.context.event.internalEventListenerProcessor,org.springframework.context.event.internalEventListenerFactory,petClinicApplication]; root of factory hierarchy
2021-02-10 10:54:08.876  INFO 6596 --- [           main] o.s.b.f.s.DefaultListableBeanFactory     : Overriding bean definition for bean 'httpRequestHandlerAdapter' with a different definition: replacing [Root bean: class [null]; scope=; abstract=false; lazyInit=false; autowireMode=3; dependencyCheck=0; autowireCandidate=true; primary=false; factoryBeanName=org.springframework.boot.autoconfigure.web.servlet.WebMvcAutoConfiguration$EnableWebMvcConfiguration; factoryMethodName=httpRequestHandlerAdapter; initMethodName=null; destroyMethodName=(inferred); defined in class path resource [org/springframework/boot/autoconfigure/web/servlet/WebMvcAutoConfiguration$EnableWebMvcConfiguration.class]] with [Root bean: class [null]; scope=; abstract=false; lazyInit=false; autowireMode=3; dependencyCheck=0; autowireCandidate=true; primary=false; factoryBeanName=org.springframework.data.rest.webmvc.config.RepositoryRestMvcConfiguration; factoryMethodName=httpRequestHandlerAdapter; initMethodName=null; destroyMethodName=(inferred); defined in class path resource [org/springframework/data/rest/webmvc/config/RepositoryRestMvcConfiguration.class]]
2021-02-10 10:54:10.417  INFO 6596 --- [           main] trationDelegate$BeanPostProcessorChecker : Bean 'org.springframework.transaction.annotation.ProxyTransactionManagementConfiguration' of type [org.springframework.transaction.annotation.ProxyTransactionManagementConfiguration$$EnhancerBySpringCGLIB$$d18241bd] is not eligible for getting processed by all BeanPostProcessors (for example: not eligible for auto-proxying)
2021-02-10 10:54:10.608  INFO 6596 --- [           main] trationDelegate$BeanPostProcessorChecker : Bean 'org.springframework.cache.annotation.ProxyCachingConfiguration' of type [org.springframework.cache.annotation.ProxyCachingConfiguration$$EnhancerBySpringCGLIB$$1a9477db] is not eligible for getting processed by all BeanPostProcessors (for example: not eligible for auto-proxying)
2021-02-10 10:54:10.671  INFO 6596 --- [           main] trationDelegate$BeanPostProcessorChecker : Bean 'org.springframework.boot.autoconfigure.cache.CacheAutoConfiguration' of type [org.springframework.boot.autoconfigure.cache.CacheAutoConfiguration$$EnhancerBySpringCGLIB$$f083c7f] is not eligible for getting processed by all BeanPostProcessors (for example: not eligible for auto-proxying)
2021-02-10 10:54:10.749  INFO 6596 --- [           main] trationDelegate$BeanPostProcessorChecker : Bean 'org.springframework.boot.context.properties.ConversionServiceDeducer$Factory' of type [org.springframework.boot.context.properties.ConversionServiceDeducer$Factory] is not eligible for getting processed by all BeanPostProcessors (for example: not eligible for auto-proxying)
2021-02-10 10:54:10.764  INFO 6596 --- [           main] trationDelegate$BeanPostProcessorChecker : Bean 'spring.cache-org.springframework.boot.autoconfigure.cache.CacheProperties' of type [org.springframework.boot.autoconfigure.cache.CacheProperties] is not eligible for getting processed by all BeanPostProcessors (for example: not eligible for auto-proxying)
2021-02-10 10:54:10.809  INFO 6596 --- [           main] trationDelegate$BeanPostProcessorChecker : Bean 'cacheManagerCustomizers' of type [org.springframework.boot.autoconfigure.cache.CacheManagerCustomizers] is not eligible for getting processed by all BeanPostProcessors (for example: not eligible for auto-proxying)
2021-02-10 10:54:10.818  INFO 6596 --- [           main] trationDelegate$BeanPostProcessorChecker : Bean 'org.springframework.boot.autoconfigure.cache.SimpleCacheConfiguration' of type [org.springframework.boot.autoconfigure.cache.SimpleCacheConfiguration$$EnhancerBySpringCGLIB$$b0a3af60] is not eligible for getting processed by all BeanPostProcessors (for example: not eligible for auto-proxying)
2021-02-10 10:54:10.853  INFO 6596 --- [           main] trationDelegate$BeanPostProcessorChecker : Bean 'cacheManager' of type [org.springframework.cache.concurrent.ConcurrentMapCacheManager] is not eligible for getting processed by all BeanPostProcessors (for example: not eligible for auto-proxying)
2021-02-10 10:54:10.856  INFO 6596 --- [           main] trationDelegate$BeanPostProcessorChecker : Bean 'cacheAutoConfigurationValidator' of type [org.springframework.boot.autoconfigure.cache.CacheAutoConfiguration$CacheManagerValidator] is not eligible for getting processed by all BeanPostProcessors (for example: not eligible for auto-proxying)
2021-02-10 10:54:11.068  INFO 6596 --- [           main] trationDelegate$BeanPostProcessorChecker : Bean 'org.springframework.security.config.annotation.configuration.ObjectPostProcessorConfiguration' of type [org.springframework.security.config.annotation.configuration.ObjectPostProcessorConfiguration$$EnhancerBySpringCGLIB$$6a3009f7] is not eligible for getting processed by all BeanPostProcessors (for example: not eligible for auto-proxying)
2021-02-10 10:54:11.114  INFO 6596 --- [           main] trationDelegate$BeanPostProcessorChecker : Bean 'objectPostProcessor' of type [org.springframework.security.config.annotation.configuration.AutowireBeanFactoryObjectPostProcessor] is not eligible for getting processed by all BeanPostProcessors (for example: not eligible for auto-proxying)
2021-02-10 10:54:11.132  INFO 6596 --- [           main] trationDelegate$BeanPostProcessorChecker : Bean 'org.springframework.security.access.expression.method.DefaultMethodSecurityExpressionHandler@44a085e5' of type [org.springframework.security.access.expression.method.DefaultMethodSecurityExpressionHandler] is not eligible for getting processed by all BeanPostProcessors (for example: not eligible for auto-proxying)
2021-02-10 10:54:11.164  INFO 6596 --- [           main] trationDelegate$BeanPostProcessorChecker : Bean 'org.springframework.security.config.annotation.method.configuration.Jsr250MetadataSourceConfiguration' of type [org.springframework.security.config.annotation.method.configuration.Jsr250MetadataSourceConfiguration$$EnhancerBySpringCGLIB$$b459c4bf] is not eligible for getting processed by all BeanPostProcessors (for example: not eligible for auto-proxying)
2021-02-10 10:54:11.182  INFO 6596 --- [           main] trationDelegate$BeanPostProcessorChecker : Bean 'jsr250MethodSecurityMetadataSource' of type [org.springframework.security.access.annotation.Jsr250MethodSecurityMetadataSource] is not eligible for getting processed by all BeanPostProcessors (for example: not eligible for auto-proxying)
2021-02-10 10:54:11.188  INFO 6596 --- [           main] trationDelegate$BeanPostProcessorChecker : Bean 'org.springframework.security.config.annotation.method.configuration.GlobalMethodSecurityConfiguration' of type [org.springframework.security.config.annotation.method.configuration.GlobalMethodSecurityConfiguration$$EnhancerBySpringCGLIB$$8f04aca9] is not eligible for getting processed by all BeanPostProcessors (for example: not eligible for auto-proxying)
2021-02-10 10:54:11.224  INFO 6596 --- [           main] trationDelegate$BeanPostProcessorChecker : Bean 'methodSecurityMetadataSource' of type [org.springframework.security.access.method.DelegatingMethodSecurityMetadataSource] is not eligible for getting processed by all BeanPostProcessors (for example: not eligible for auto-proxying)
2021-02-10 10:54:11.394 DEBUG 6596 --- [           main] o.s.w.c.s.GenericWebApplicationContext   : Unable to locate MessageSource with name 'messageSource': using default [org.springframework.context.support.DelegatingMessageSource@ceddaf8]
2021-02-10 10:54:11.396 DEBUG 6596 --- [           main] o.s.w.c.s.GenericWebApplicationContext   : Unable to locate ApplicationEventMulticaster with name 'applicationEventMulticaster': using default [org.springframework.context.event.SimpleApplicationEventMulticaster@3d90eeb3]
2021-02-10 10:54:12.140  INFO 6596 --- [           main] com.zaxxer.hikari.HikariDataSource       : HikariPool-1 - Starting...
2021-02-10 10:54:12.642  INFO 6596 --- [           main] com.zaxxer.hikari.HikariDataSource       : HikariPool-1 - Start completed.
2021-02-10 10:54:12.689  INFO 6596 --- [           main] o.s.jdbc.datasource.init.ScriptUtils     : Executing SQL script from URL [file:/E:/work/petclinic/target/classes/schema.sql]
2021-02-10 10:54:12.773  INFO 6596 --- [           main] o.s.jdbc.datasource.init.ScriptUtils     : Executed SQL script from URL [file:/E:/work/petclinic/target/classes/schema.sql] in 78 ms.
2021-02-10 10:54:12.797  INFO 6596 --- [           main] o.s.jdbc.datasource.init.ScriptUtils     : Executing SQL script from URL [file:/E:/work/petclinic/target/classes/data.sql]
2021-02-10 10:54:12.834  INFO 6596 --- [           main] o.s.jdbc.datasource.init.ScriptUtils     : Executed SQL script from URL [file:/E:/work/petclinic/target/classes/data.sql] in 34 ms.
2021-02-10 10:54:13.223  INFO 6596 --- [           main] j.LocalContainerEntityManagerFactoryBean : Building JPA container EntityManagerFactory for persistence unit 'default'
2021-02-10 10:54:13.254  INFO 6596 --- [           main] o.hibernate.jpa.internal.util.LogHelper  : HHH000204: Processing PersistenceUnitInfo [
	name: default
	...]
2021-02-10 10:54:13.488  INFO 6596 --- [           main] org.hibernate.Version                    : HHH000412: Hibernate Core {5.2.14.Final}
2021-02-10 10:54:13.488  INFO 6596 --- [           main] org.hibernate.cfg.Environment            : HHH000206: hibernate.properties not found
2021-02-10 10:54:13.616  INFO 6596 --- [           main] o.hibernate.annotations.common.Version   : HCANN000001: Hibernate Commons Annotations {5.0.1.Final}
2021-02-10 10:54:14.046  INFO 6596 --- [           main] org.hibernate.dialect.Dialect            : HHH000400: Using dialect: org.hibernate.dialect.H2Dialect
Hibernate: 
    
    alter table TESTDB.PUBLIC.T_OWNER 
       add column created_by varchar(255)
Hibernate: 
    
    alter table TESTDB.PUBLIC.T_OWNER 
       add column created_date timestamp
Hibernate: 
    
    alter table TESTDB.PUBLIC.T_OWNER 
       add column updated_by varchar(255)
Hibernate: 
    
    alter table TESTDB.PUBLIC.T_OWNER 
       add column updated_date timestamp
Hibernate: 
    
    alter table TESTDB.PUBLIC.T_PET 
       add column created_by varchar(255)
Hibernate: 
    
    alter table TESTDB.PUBLIC.T_PET 
       add column created_date timestamp
Hibernate: 
    
    alter table TESTDB.PUBLIC.T_PET 
       add column updated_by varchar(255)
Hibernate: 
    
    alter table TESTDB.PUBLIC.T_PET 
       add column updated_date timestamp
Hibernate: 
    
    alter table TESTDB.PUBLIC.T_VET 
       add column created_by varchar(255)
Hibernate: 
    
    alter table TESTDB.PUBLIC.T_VET 
       add column created_date timestamp
Hibernate: 
    
    alter table TESTDB.PUBLIC.T_VET 
       add column updated_by varchar(255)
Hibernate: 
    
    alter table TESTDB.PUBLIC.T_VET 
       add column updated_date timestamp
Hibernate: 
    
    alter table t_pet 
       add constraint FKpw0u24hmpxta2o8bhr3kelm1h 
       foreign key (owner_id) 
       references t_owner
2021-02-10 10:54:16.030  INFO 6596 --- [           main] j.LocalContainerEntityManagerFactoryBean : Initialized JPA EntityManagerFactory for persistence unit 'default'
Display owners with pets :true
2021-02-10 10:54:18.575 DEBUG 6596 --- [           main] m.DelegatingMethodSecurityMetadataSource : Caching method [CacheKey[com.javaegitimleri.petclinic.service.PetClinicServiceImpl; public abstract java.util.List com.javaegitimleri.petclinic.service.PetClinicService.findOwners()]] with attributes [ROLE_USER, ROLE_EDITOR]
2021-02-10 10:54:18.629 DEBUG 6596 --- [           main] o.s.s.a.i.a.MethodSecurityInterceptor    : Validated configuration attributes
2021-02-10 10:54:18.642 DEBUG 6596 --- [           main] m.DelegatingMethodSecurityMetadataSource : Caching method [CacheKey[com.javaegitimleri.petclinic.service.PetClinicServiceImpl; public java.util.List com.javaegitimleri.petclinic.service.PetClinicServiceImpl.findOwners()]] with attributes [ROLE_USER, ROLE_EDITOR]
2021-02-10 10:54:21.399  INFO 6596 --- [           main] s.w.s.m.m.a.RequestMappingHandlerAdapter : Looking for @ControllerAdvice: org.springframework.web.context.support.GenericWebApplicationContext@2141a12: startup date [Wed Feb 10 10:54:05 GMT+01:00 2021]; root of context hierarchy
2021-02-10 10:54:21.581  WARN 6596 --- [           main] aWebConfiguration$JpaWebMvcConfiguration : spring.jpa.open-in-view is enabled by default. Therefore, database queries may be performed during view rendering. Explicitly configure spring.jpa.open-in-view to disable this warning
2021-02-10 10:54:21.651 DEBUG 6596 --- [           main] s.w.s.m.m.a.RequestMappingHandlerMapping : Looking for request mappings in application context: org.springframework.web.context.support.GenericWebApplicationContext@2141a12: startup date [Wed Feb 10 10:54:05 GMT+01:00 2021]; root of context hierarchy
2021-02-10 10:54:21.670 DEBUG 6596 --- [           main] s.w.s.m.m.a.RequestMappingHandlerMapping : 4 request handler methods found on class com.javaegitimleri.petclinic.web.PetClinicController: {public org.springframework.web.servlet.ModelAndView com.javaegitimleri.petclinic.web.PetClinicController.index()={[/ || /index.html]}, public org.springframework.web.servlet.ModelAndView com.javaegitimleri.petclinic.web.PetClinicController.login()={[/login.html]}, public org.springframework.web.servlet.ModelAndView com.javaegitimleri.petclinic.web.PetClinicController.getOwners()={[/owners]}, public java.lang.String com.javaegitimleri.petclinic.web.PetClinicController.welcome()={[/pcs]}}
2021-02-10 10:54:21.671  INFO 6596 --- [           main] s.w.s.m.m.a.RequestMappingHandlerMapping : Mapped "{[/ || /index.html]}" onto public org.springframework.web.servlet.ModelAndView com.javaegitimleri.petclinic.web.PetClinicController.index()
2021-02-10 10:54:21.673  INFO 6596 --- [           main] s.w.s.m.m.a.RequestMappingHandlerMapping : Mapped "{[/login.html]}" onto public org.springframework.web.servlet.ModelAndView com.javaegitimleri.petclinic.web.PetClinicController.login()
2021-02-10 10:54:21.674  INFO 6596 --- [           main] s.w.s.m.m.a.RequestMappingHandlerMapping : Mapped "{[/owners]}" onto public org.springframework.web.servlet.ModelAndView com.javaegitimleri.petclinic.web.PetClinicController.getOwners()
2021-02-10 10:54:21.674  INFO 6596 --- [           main] s.w.s.m.m.a.RequestMappingHandlerMapping : Mapped "{[/pcs]}" onto public java.lang.String com.javaegitimleri.petclinic.web.PetClinicController.welcome()
2021-02-10 10:54:21.675 DEBUG 6596 --- [           main] s.w.s.m.m.a.RequestMappingHandlerMapping : 2 request handler methods found on class com.javaegitimleri.petclinic.web.PetClinicDeleteOwnerController: {public java.lang.String com.javaegitimleri.petclinic.web.PetClinicDeleteOwnerController.handleFormSubmit(java.lang.Long,org.springframework.web.servlet.mvc.support.RedirectAttributes)={[/owners/delete/{id}],methods=[POST]}, public java.lang.String com.javaegitimleri.petclinic.web.PetClinicDeleteOwnerController.loadOwner(java.lang.Long,org.springframework.ui.ModelMap)={[/owners/delete/{id}],methods=[GET]}}
2021-02-10 10:54:21.676  INFO 6596 --- [           main] s.w.s.m.m.a.RequestMappingHandlerMapping : Mapped "{[/owners/delete/{id}],methods=[POST]}" onto public java.lang.String com.javaegitimleri.petclinic.web.PetClinicDeleteOwnerController.handleFormSubmit(java.lang.Long,org.springframework.web.servlet.mvc.support.RedirectAttributes)
2021-02-10 10:54:21.677  INFO 6596 --- [           main] s.w.s.m.m.a.RequestMappingHandlerMapping : Mapped "{[/owners/delete/{id}],methods=[GET]}" onto public java.lang.String com.javaegitimleri.petclinic.web.PetClinicDeleteOwnerController.loadOwner(java.lang.Long,org.springframework.ui.ModelMap)
2021-02-10 10:54:21.678 DEBUG 6596 --- [           main] s.w.s.m.m.a.RequestMappingHandlerMapping : 2 request handler methods found on class com.javaegitimleri.petclinic.web.PetClinicEditOwnerController: {public java.lang.String com.javaegitimleri.petclinic.web.PetClinicEditOwnerController.handleFormSubmit(com.javaegitimleri.petclinic.model.Owner,org.springframework.validation.BindingResult,org.springframework.web.servlet.mvc.support.RedirectAttributes)={[/owners/update/{id}],methods=[POST]}, public java.lang.String com.javaegitimleri.petclinic.web.PetClinicEditOwnerController.loadOwner(java.lang.Long,org.springframework.ui.ModelMap)={[/owners/update/{id}],methods=[GET]}}
2021-02-10 10:54:21.678  INFO 6596 --- [           main] s.w.s.m.m.a.RequestMappingHandlerMapping : Mapped "{[/owners/update/{id}],methods=[POST]}" onto public java.lang.String com.javaegitimleri.petclinic.web.PetClinicEditOwnerController.handleFormSubmit(com.javaegitimleri.petclinic.model.Owner,org.springframework.validation.BindingResult,org.springframework.web.servlet.mvc.support.RedirectAttributes)
2021-02-10 10:54:21.679  INFO 6596 --- [           main] s.w.s.m.m.a.RequestMappingHandlerMapping : Mapped "{[/owners/update/{id}],methods=[GET]}" onto public java.lang.String com.javaegitimleri.petclinic.web.PetClinicEditOwnerController.loadOwner(java.lang.Long,org.springframework.ui.ModelMap)
2021-02-10 10:54:21.680 DEBUG 6596 --- [           main] s.w.s.m.m.a.RequestMappingHandlerMapping : 2 request handler methods found on class com.javaegitimleri.petclinic.web.PetClinicNewOwnerController: {public java.lang.String com.javaegitimleri.petclinic.web.PetClinicNewOwnerController.handleFormSubmit(com.javaegitimleri.petclinic.model.Owner,org.springframework.validation.BindingResult,org.springframework.web.servlet.mvc.support.RedirectAttributes)={[/owners/new],methods=[POST]}, public java.lang.String com.javaegitimleri.petclinic.web.PetClinicNewOwnerController.newOwner()={[/owners/new],methods=[GET]}}
2021-02-10 10:54:21.680  INFO 6596 --- [           main] s.w.s.m.m.a.RequestMappingHandlerMapping : Mapped "{[/owners/new],methods=[POST]}" onto public java.lang.String com.javaegitimleri.petclinic.web.PetClinicNewOwnerController.handleFormSubmit(com.javaegitimleri.petclinic.model.Owner,org.springframework.validation.BindingResult,org.springframework.web.servlet.mvc.support.RedirectAttributes)
2021-02-10 10:54:21.681  INFO 6596 --- [           main] s.w.s.m.m.a.RequestMappingHandlerMapping : Mapped "{[/owners/new],methods=[GET]}" onto public java.lang.String com.javaegitimleri.petclinic.web.PetClinicNewOwnerController.newOwner()
2021-02-10 10:54:21.688 DEBUG 6596 --- [           main] s.w.s.m.m.a.RequestMappingHandlerMapping : 7 request handler methods found on class com.javaegitimleri.petclinic.web.PetClinicRestController: {public org.springframework.http.ResponseEntity com.javaegitimleri.petclinic.web.PetClinicRestController.getOwner(java.lang.Long)={[/rest/owner/{id}],methods=[GET]}, public org.springframework.http.ResponseEntity com.javaegitimleri.petclinic.web.PetClinicRestController.createOwner(com.javaegitimleri.petclinic.model.Owner)={[/rest/owner],methods=[POST]}, public org.springframework.http.ResponseEntity com.javaegitimleri.petclinic.web.PetClinicRestController.updateOwner(java.lang.Long,com.javaegitimleri.petclinic.model.Owner)={[/rest/owner/{id}],methods=[PUT]}, public void com.javaegitimleri.petclinic.web.PetClinicRestController.deleteOwner(java.lang.Long)={[/rest/owner/{id}],methods=[DELETE]}, public org.springframework.http.ResponseEntity com.javaegitimleri.petclinic.web.PetClinicRestController.getOwners()={[/rest/owners],methods=[GET]}, public org.springframework.http.ResponseEntity com.javaegitimleri.petclinic.web.PetClinicRestController.getOwners(java.lang.String)={[/rest/owner],methods=[GET]}, public org.springframework.http.ResponseEntity com.javaegitimleri.petclinic.web.PetClinicRestController.getOwnerAsHateoesResource(java.lang.Long)={[/rest/owner/{id}],methods=[GET],produces=[application/json]}}
2021-02-10 10:54:21.689  INFO 6596 --- [           main] s.w.s.m.m.a.RequestMappingHandlerMapping : Mapped "{[/rest/owner/{id}],methods=[GET]}" onto public org.springframework.http.ResponseEntity<com.javaegitimleri.petclinic.model.Owner> com.javaegitimleri.petclinic.web.PetClinicRestController.getOwner(java.lang.Long)
2021-02-10 10:54:21.690  INFO 6596 --- [           main] s.w.s.m.m.a.RequestMappingHandlerMapping : Mapped "{[/rest/owner],methods=[POST]}" onto public org.springframework.http.ResponseEntity<java.net.URI> com.javaegitimleri.petclinic.web.PetClinicRestController.createOwner(com.javaegitimleri.petclinic.model.Owner)
2021-02-10 10:54:21.690  INFO 6596 --- [           main] s.w.s.m.m.a.RequestMappingHandlerMapping : Mapped "{[/rest/owner/{id}],methods=[PUT]}" onto public org.springframework.http.ResponseEntity<?> com.javaegitimleri.petclinic.web.PetClinicRestController.updateOwner(java.lang.Long,com.javaegitimleri.petclinic.model.Owner)
2021-02-10 10:54:21.691  INFO 6596 --- [           main] s.w.s.m.m.a.RequestMappingHandlerMapping : Mapped "{[/rest/owner/{id}],methods=[DELETE]}" onto public void com.javaegitimleri.petclinic.web.PetClinicRestController.deleteOwner(java.lang.Long)
2021-02-10 10:54:21.692  INFO 6596 --- [           main] s.w.s.m.m.a.RequestMappingHandlerMapping : Mapped "{[/rest/owners],methods=[GET]}" onto public org.springframework.http.ResponseEntity<java.util.List<com.javaegitimleri.petclinic.model.Owner>> com.javaegitimleri.petclinic.web.PetClinicRestController.getOwners()
2021-02-10 10:54:21.710  INFO 6596 --- [           main] s.w.s.m.m.a.RequestMappingHandlerMapping : Mapped "{[/rest/owner],methods=[GET]}" onto public org.springframework.http.ResponseEntity<java.util.List<com.javaegitimleri.petclinic.model.Owner>> com.javaegitimleri.petclinic.web.PetClinicRestController.getOwners(java.lang.String)
2021-02-10 10:54:21.813  INFO 6596 --- [           main] s.w.s.m.m.a.RequestMappingHandlerMapping : Mapped "{[/rest/owner/{id}],methods=[GET],produces=[application/json]}" onto public org.springframework.http.ResponseEntity<?> com.javaegitimleri.petclinic.web.PetClinicRestController.getOwnerAsHateoesResource(java.lang.Long)
2021-02-10 10:54:21.831 DEBUG 6596 --- [           main] s.w.s.m.m.a.RequestMappingHandlerMapping : 2 request handler methods found on class org.springframework.boot.autoconfigure.web.servlet.error.BasicErrorController: {public org.springframework.http.ResponseEntity org.springframework.boot.autoconfigure.web.servlet.error.BasicErrorController.error(javax.servlet.http.HttpServletRequest)={[/error]}, public org.springframework.web.servlet.ModelAndView org.springframework.boot.autoconfigure.web.servlet.error.BasicErrorController.errorHtml(javax.servlet.http.HttpServletRequest,javax.servlet.http.HttpServletResponse)={[/error],produces=[text/html]}}
2021-02-10 10:54:21.832  INFO 6596 --- [           main] s.w.s.m.m.a.RequestMappingHandlerMapping : Mapped "{[/error]}" onto public org.springframework.http.ResponseEntity<java.util.Map<java.lang.String, java.lang.Object>> org.springframework.boot.autoconfigure.web.servlet.error.BasicErrorController.error(javax.servlet.http.HttpServletRequest)
2021-02-10 10:54:21.833  INFO 6596 --- [           main] s.w.s.m.m.a.RequestMappingHandlerMapping : Mapped "{[/error],produces=[text/html]}" onto public org.springframework.web.servlet.ModelAndView org.springframework.boot.autoconfigure.web.servlet.error.BasicErrorController.errorHtml(javax.servlet.http.HttpServletRequest,javax.servlet.http.HttpServletResponse)
2021-02-10 10:54:22.277 DEBUG 6596 --- [           main] o.s.w.s.h.BeanNameUrlHandlerMapping      : Looking for URL mappings in application context: org.springframework.web.context.support.GenericWebApplicationContext@2141a12: startup date [Wed Feb 10 10:54:05 GMT+01:00 2021]; root of context hierarchy
2021-02-10 10:54:22.289 DEBUG 6596 --- [           main] o.s.w.s.h.BeanNameUrlHandlerMapping      : Rejected bean name 'org.springframework.boot.test.mock.mockito.MockitoPostProcessor$SpyPostProcessor': no URL paths identified
2021-02-10 10:54:22.311 DEBUG 6596 --- [           main] o.s.w.s.h.BeanNameUrlHandlerMapping      : Rejected bean name 'org.springframework.boot.test.mock.mockito.MockitoPostProcessor': no URL paths identified
2021-02-10 10:54:22.319 DEBUG 6596 --- [           main] o.s.w.s.h.BeanNameUrlHandlerMapping      : Rejected bean name 'org.springframework.context.annotation.internalConfigurationAnnotationProcessor': no URL paths identified
2021-02-10 10:54:22.321 DEBUG 6596 --- [           main] o.s.w.s.h.BeanNameUrlHandlerMapping      : Rejected bean name 'org.springframework.context.annotation.internalAutowiredAnnotationProcessor': no URL paths identified
2021-02-10 10:54:22.329 DEBUG 6596 --- [           main] o.s.w.s.h.BeanNameUrlHandlerMapping      : Rejected bean name 'org.springframework.context.annotation.internalRequiredAnnotationProcessor': no URL paths identified
2021-02-10 10:54:22.331 DEBUG 6596 --- [           main] o.s.w.s.h.BeanNameUrlHandlerMapping      : Rejected bean name 'org.springframework.context.annotation.internalCommonAnnotationProcessor': no URL paths identified
2021-02-10 10:54:22.331 DEBUG 6596 --- [           main] o.s.w.s.h.BeanNameUrlHandlerMapping      : Rejected bean name 'org.springframework.context.annotation.internalPersistenceAnnotationProcessor': no URL paths identified
2021-02-10 10:54:22.331 DEBUG 6596 --- [           main] o.s.w.s.h.BeanNameUrlHandlerMapping      : Rejected bean name 'org.springframework.context.event.internalEventListenerProcessor': no URL paths identified
2021-02-10 10:54:22.332 DEBUG 6596 --- [           main] o.s.w.s.h.BeanNameUrlHandlerMapping      : Rejected bean name 'org.springframework.context.event.internalEventListenerFactory': no URL paths identified
2021-02-10 10:54:22.332 DEBUG 6596 --- [           main] o.s.w.s.h.BeanNameUrlHandlerMapping      : Rejected bean name 'petClinicApplication': no URL paths identified
2021-02-10 10:54:22.332 DEBUG 6596 --- [           main] o.s.w.s.h.BeanNameUrlHandlerMapping      : Rejected bean name 'org.springframework.boot.autoconfigure.internalCachingMetadataReaderFactory': no URL paths identified
2021-02-10 10:54:22.332 DEBUG 6596 --- [           main] o.s.w.s.h.BeanNameUrlHandlerMapping      : Rejected bean name 'ownerRepositoryJdbcImpl': no URL paths identified
2021-02-10 10:54:22.332 DEBUG 6596 --- [           main] o.s.w.s.h.BeanNameUrlHandlerMapping      : Rejected bean name 'petRepositoryJdbcImpl': no URL paths identified
2021-02-10 10:54:22.333 DEBUG 6596 --- [           main] o.s.w.s.h.BeanNameUrlHandlerMapping      : Rejected bean name 'ownerRepository': no URL paths identified
2021-02-10 10:54:22.333 DEBUG 6596 --- [           main] o.s.w.s.h.BeanNameUrlHandlerMapping      : Rejected bean name 'petRepository': no URL paths identified
2021-02-10 10:54:22.335 DEBUG 6596 --- [           main] o.s.w.s.h.BeanNameUrlHandlerMapping      : Rejected bean name 'ownerRepositoryInMemoryImpl': no URL paths identified
2021-02-10 10:54:22.336 DEBUG 6596 --- [           main] o.s.w.s.h.BeanNameUrlHandlerMapping      : Rejected bean name 'h2SecurityConfiguration': no URL paths identified
2021-02-10 10:54:22.338 DEBUG 6596 --- [           main] o.s.w.s.h.BeanNameUrlHandlerMapping      : Rejected bean name 'halBrowserSecurityConfiguration': no URL paths identified
2021-02-10 10:54:22.339 DEBUG 6596 --- [           main] o.s.w.s.h.BeanNameUrlHandlerMapping      : Rejected bean name 'petClinicConfiguration': no URL paths identified
2021-02-10 10:54:22.339 DEBUG 6596 --- [           main] o.s.w.s.h.BeanNameUrlHandlerMapping      : Rejected bean name 'restSecurityConfiguration': no URL paths identified
2021-02-10 10:54:22.339 DEBUG 6596 --- [           main] o.s.w.s.h.BeanNameUrlHandlerMapping      : Rejected bean name 'petClinicAuditorAware': no URL paths identified
2021-02-10 10:54:22.339 DEBUG 6596 --- [           main] o.s.w.s.h.BeanNameUrlHandlerMapping      : Rejected bean name 'securityConfiguration': no URL paths identified
2021-02-10 10:54:22.340 DEBUG 6596 --- [           main] o.s.w.s.h.BeanNameUrlHandlerMapping      : Rejected bean name 'petClinicServiceImpl': no URL paths identified
2021-02-10 10:54:22.341 DEBUG 6596 --- [           main] o.s.w.s.h.BeanNameUrlHandlerMapping      : Rejected bean name 'petClinicController': no URL paths identified
2021-02-10 10:54:22.341 DEBUG 6596 --- [           main] o.s.w.s.h.BeanNameUrlHandlerMapping      : Rejected bean name 'petClinicDeleteOwnerController': no URL paths identified
2021-02-10 10:54:22.341 DEBUG 6596 --- [           main] o.s.w.s.h.BeanNameUrlHandlerMapping      : Rejected bean name 'petClinicEditOwnerController': no URL paths identified
2021-02-10 10:54:22.341 DEBUG 6596 --- [           main] o.s.w.s.h.BeanNameUrlHandlerMapping      : Rejected bean name 'petClinicNewOwnerController': no URL paths identified
2021-02-10 10:54:22.342 DEBUG 6596 --- [           main] o.s.w.s.h.BeanNameUrlHandlerMapping      : Rejected bean name 'petClinicRestController': no URL paths identified
2021-02-10 10:54:22.342 DEBUG 6596 --- [           main] o.s.w.s.h.BeanNameUrlHandlerMapping      : Rejected bean name 'repositorySchemaController': no URL paths identified
2021-02-10 10:54:22.342 DEBUG 6596 --- [           main] o.s.w.s.h.BeanNameUrlHandlerMapping      : Rejected bean name 'repositoryEntityController': no URL paths identified
2021-02-10 10:54:22.343 DEBUG 6596 --- [           main] o.s.w.s.h.BeanNameUrlHandlerMapping      : Rejected bean name 'repositoryController': no URL paths identified
2021-02-10 10:54:22.343 DEBUG 6596 --- [           main] o.s.w.s.h.BeanNameUrlHandlerMapping      : Rejected bean name 'profileController': no URL paths identified
2021-02-10 10:54:22.343 DEBUG 6596 --- [           main] o.s.w.s.h.BeanNameUrlHandlerMapping      : Rejected bean name 'repositoryPropertyReferenceController': no URL paths identified
2021-02-10 10:54:22.343 DEBUG 6596 --- [           main] o.s.w.s.h.BeanNameUrlHandlerMapping      : Rejected bean name 'repositorySearchController': no URL paths identified
2021-02-10 10:54:22.344 DEBUG 6596 --- [           main] o.s.w.s.h.BeanNameUrlHandlerMapping      : Rejected bean name 'alpsController': no URL paths identified
2021-02-10 10:54:22.345 DEBUG 6596 --- [           main] o.s.w.s.h.BeanNameUrlHandlerMapping      : Rejected bean name 'halBrowser': no URL paths identified
2021-02-10 10:54:22.345 DEBUG 6596 --- [           main] o.s.w.s.h.BeanNameUrlHandlerMapping      : Rejected bean name 'org.springframework.security.config.annotation.configuration.ObjectPostProcessorConfiguration': no URL paths identified
2021-02-10 10:54:22.345 DEBUG 6596 --- [           main] o.s.w.s.h.BeanNameUrlHandlerMapping      : Rejected bean name 'objectPostProcessor': no URL paths identified
2021-02-10 10:54:22.345 DEBUG 6596 --- [           main] o.s.w.s.h.BeanNameUrlHandlerMapping      : Rejected bean name 'org.springframework.security.config.annotation.authentication.configuration.AuthenticationConfiguration': no URL paths identified
2021-02-10 10:54:22.345 DEBUG 6596 --- [           main] o.s.w.s.h.BeanNameUrlHandlerMapping      : Rejected bean name 'authenticationManagerBuilder': no URL paths identified
2021-02-10 10:54:22.346 DEBUG 6596 --- [           main] o.s.w.s.h.BeanNameUrlHandlerMapping      : Rejected bean name 'enableGlobalAuthenticationAutowiredConfigurer': no URL paths identified
2021-02-10 10:54:22.346 DEBUG 6596 --- [           main] o.s.w.s.h.BeanNameUrlHandlerMapping      : Rejected bean name 'initializeUserDetailsBeanManagerConfigurer': no URL paths identified
2021-02-10 10:54:22.346 DEBUG 6596 --- [           main] o.s.w.s.h.BeanNameUrlHandlerMapping      : Rejected bean name 'initializeAuthenticationProviderBeanManagerConfigurer': no URL paths identified
2021-02-10 10:54:22.346 DEBUG 6596 --- [           main] o.s.w.s.h.BeanNameUrlHandlerMapping      : Rejected bean name 'org.springframework.security.config.annotation.method.configuration.GlobalMethodSecurityConfiguration': no URL paths identified
2021-02-10 10:54:22.346 DEBUG 6596 --- [           main] o.s.w.s.h.BeanNameUrlHandlerMapping      : Rejected bean name 'methodSecurityInterceptor': no URL paths identified
2021-02-10 10:54:22.347 DEBUG 6596 --- [           main] o.s.w.s.h.BeanNameUrlHandlerMapping      : Rejected bean name 'methodSecurityMetadataSource': no URL paths identified
2021-02-10 10:54:22.347 DEBUG 6596 --- [           main] o.s.w.s.h.BeanNameUrlHandlerMapping      : Rejected bean name 'preInvocationAuthorizationAdvice': no URL paths identified
2021-02-10 10:54:22.347 DEBUG 6596 --- [           main] o.s.w.s.h.BeanNameUrlHandlerMapping      : Rejected bean name 'org.springframework.security.config.annotation.method.configuration.Jsr250MetadataSourceConfiguration': no URL paths identified
2021-02-10 10:54:22.347 DEBUG 6596 --- [           main] o.s.w.s.h.BeanNameUrlHandlerMapping      : Rejected bean name 'jsr250MethodSecurityMetadataSource': no URL paths identified
2021-02-10 10:54:22.347 DEBUG 6596 --- [           main] o.s.w.s.h.BeanNameUrlHandlerMapping      : Rejected bean name 'metaDataSourceAdvisor': no URL paths identified
2021-02-10 10:54:22.349 DEBUG 6596 --- [           main] o.s.w.s.h.BeanNameUrlHandlerMapping      : Rejected bean name 'org.springframework.aop.config.internalAutoProxyCreator': no URL paths identified
2021-02-10 10:54:22.350 DEBUG 6596 --- [           main] o.s.w.s.h.BeanNameUrlHandlerMapping      : Rejected bean name 'org.springframework.cache.annotation.ProxyCachingConfiguration': no URL paths identified
2021-02-10 10:54:22.350 DEBUG 6596 --- [           main] o.s.w.s.h.BeanNameUrlHandlerMapping      : Rejected bean name 'org.springframework.cache.config.internalCacheAdvisor': no URL paths identified
2021-02-10 10:54:22.353 DEBUG 6596 --- [           main] o.s.w.s.h.BeanNameUrlHandlerMapping      : Rejected bean name 'cacheOperationSource': no URL paths identified
2021-02-10 10:54:22.354 DEBUG 6596 --- [           main] o.s.w.s.h.BeanNameUrlHandlerMapping      : Rejected bean name 'cacheInterceptor': no URL paths identified
2021-02-10 10:54:22.354 DEBUG 6596 --- [           main] o.s.w.s.h.BeanNameUrlHandlerMapping      : Rejected bean name 'org.springframework.context.config.internalBeanConfigurerAspect': no URL paths identified
2021-02-10 10:54:22.354 DEBUG 6596 --- [           main] o.s.w.s.h.BeanNameUrlHandlerMapping      : Rejected bean name 'jpaAuditingHandler': no URL paths identified
2021-02-10 10:54:22.354 DEBUG 6596 --- [           main] o.s.w.s.h.BeanNameUrlHandlerMapping      : Rejected bean name 'jpaMappingContext': no URL paths identified
2021-02-10 10:54:22.354 DEBUG 6596 --- [           main] o.s.w.s.h.BeanNameUrlHandlerMapping      : Rejected bean name 'org.springframework.data.jpa.domain.support.AuditingEntityListener': no URL paths identified
2021-02-10 10:54:22.355 DEBUG 6596 --- [           main] o.s.w.s.h.BeanNameUrlHandlerMapping      : Rejected bean name 'org.springframework.data.jpa.domain.support.AuditingBeanFactoryPostProcessor': no URL paths identified
2021-02-10 10:54:22.355 DEBUG 6596 --- [           main] o.s.w.s.h.BeanNameUrlHandlerMapping      : Rejected bean name 'org.springframework.boot.autoconfigure.AutoConfigurationPackages': no URL paths identified
2021-02-10 10:54:22.355 DEBUG 6596 --- [           main] o.s.w.s.h.BeanNameUrlHandlerMapping      : Rejected bean name 'petclinic-com.javaegitimleri.petclinic.PetClinicProperties': no URL paths identified
2021-02-10 10:54:22.355 DEBUG 6596 --- [           main] o.s.w.s.h.BeanNameUrlHandlerMapping      : Rejected bean name 'org.springframework.boot.context.properties.ConfigurationPropertiesBindingPostProcessor': no URL paths identified
2021-02-10 10:54:22.355 DEBUG 6596 --- [           main] o.s.w.s.h.BeanNameUrlHandlerMapping      : Rejected bean name 'org.springframework.boot.context.properties.ConfigurationBeanFactoryMetadata': no URL paths identified
2021-02-10 10:54:22.356 DEBUG 6596 --- [           main] o.s.w.s.h.BeanNameUrlHandlerMapping      : Rejected bean name 'servletComponentRegisteringPostProcessor': no URL paths identified
2021-02-10 10:54:22.356 DEBUG 6596 --- [           main] o.s.w.s.h.BeanNameUrlHandlerMapping      : Rejected bean name 'org.springframework.boot.autoconfigure.context.PropertyPlaceholderAutoConfiguration': no URL paths identified
2021-02-10 10:54:22.356 DEBUG 6596 --- [           main] o.s.w.s.h.BeanNameUrlHandlerMapping      : Rejected bean name 'org.springframework.boot.autoconfigure.condition.BeanTypeRegistry': no URL paths identified
2021-02-10 10:54:22.356 DEBUG 6596 --- [           main] o.s.w.s.h.BeanNameUrlHandlerMapping      : Rejected bean name 'propertySourcesPlaceholderConfigurer': no URL paths identified
2021-02-10 10:54:22.358 DEBUG 6596 --- [           main] o.s.w.s.h.BeanNameUrlHandlerMapping      : Rejected bean name 'org.springframework.boot.autoconfigure.jackson.JacksonAutoConfiguration$Jackson2ObjectMapperBuilderCustomizerConfiguration': no URL paths identified
2021-02-10 10:54:22.359 DEBUG 6596 --- [           main] o.s.w.s.h.BeanNameUrlHandlerMapping      : Rejected bean name 'standardJacksonObjectMapperBuilderCustomizer': no URL paths identified
2021-02-10 10:54:22.359 DEBUG 6596 --- [           main] o.s.w.s.h.BeanNameUrlHandlerMapping      : Rejected bean name 'spring.jackson-org.springframework.boot.autoconfigure.jackson.JacksonProperties': no URL paths identified
2021-02-10 10:54:22.359 DEBUG 6596 --- [           main] o.s.w.s.h.BeanNameUrlHandlerMapping      : Rejected bean name 'org.springframework.boot.autoconfigure.jackson.JacksonAutoConfiguration$JacksonObjectMapperBuilderConfiguration': no URL paths identified
2021-02-10 10:54:22.359 DEBUG 6596 --- [           main] o.s.w.s.h.BeanNameUrlHandlerMapping      : Rejected bean name 'jacksonObjectMapperBuilder': no URL paths identified
2021-02-10 10:54:22.360 DEBUG 6596 --- [           main] o.s.w.s.h.BeanNameUrlHandlerMapping      : Rejected bean name 'org.springframework.boot.autoconfigure.jackson.JacksonAutoConfiguration$ParameterNamesModuleConfiguration': no URL paths identified
2021-02-10 10:54:22.360 DEBUG 6596 --- [           main] o.s.w.s.h.BeanNameUrlHandlerMapping      : Rejected bean name 'parameterNamesModule': no URL paths identified
2021-02-10 10:54:22.360 DEBUG 6596 --- [           main] o.s.w.s.h.BeanNameUrlHandlerMapping      : Rejected bean name 'org.springframework.boot.autoconfigure.jackson.JacksonAutoConfiguration$JacksonObjectMapperConfiguration': no URL paths identified
2021-02-10 10:54:22.360 DEBUG 6596 --- [           main] o.s.w.s.h.BeanNameUrlHandlerMapping      : Rejected bean name 'jacksonObjectMapper': no URL paths identified
2021-02-10 10:54:22.360 DEBUG 6596 --- [           main] o.s.w.s.h.BeanNameUrlHandlerMapping      : Rejected bean name 'org.springframework.boot.autoconfigure.jackson.JacksonAutoConfiguration': no URL paths identified
2021-02-10 10:54:22.360 DEBUG 6596 --- [           main] o.s.w.s.h.BeanNameUrlHandlerMapping      : Rejected bean name 'jsonComponentModule': no URL paths identified
2021-02-10 10:54:22.361 DEBUG 6596 --- [           main] o.s.w.s.h.BeanNameUrlHandlerMapping      : Rejected bean name 'org.springframework.boot.autoconfigure.websocket.servlet.WebSocketServletAutoConfiguration$TomcatWebSocketConfiguration': no URL paths identified
2021-02-10 10:54:22.362 DEBUG 6596 --- [           main] o.s.w.s.h.BeanNameUrlHandlerMapping      : Rejected bean name 'websocketContainerCustomizer': no URL paths identified
2021-02-10 10:54:22.364 DEBUG 6596 --- [           main] o.s.w.s.h.BeanNameUrlHandlerMapping      : Rejected bean name 'org.springframework.boot.autoconfigure.websocket.servlet.WebSocketServletAutoConfiguration': no URL paths identified
2021-02-10 10:54:22.365 DEBUG 6596 --- [           main] o.s.w.s.h.BeanNameUrlHandlerMapping      : Rejected bean name 'org.springframework.boot.autoconfigure.web.servlet.ServletWebServerFactoryConfiguration$EmbeddedTomcat': no URL paths identified
2021-02-10 10:54:22.365 DEBUG 6596 --- [           main] o.s.w.s.h.BeanNameUrlHandlerMapping      : Rejected bean name 'tomcatServletWebServerFactory': no URL paths identified
2021-02-10 10:54:22.365 DEBUG 6596 --- [           main] o.s.w.s.h.BeanNameUrlHandlerMapping      : Rejected bean name 'org.springframework.boot.autoconfigure.web.servlet.ServletWebServerFactoryAutoConfiguration': no URL paths identified
2021-02-10 10:54:22.365 DEBUG 6596 --- [           main] o.s.w.s.h.BeanNameUrlHandlerMapping      : Rejected bean name 'servletWebServerFactoryCustomizer': no URL paths identified
2021-02-10 10:54:22.365 DEBUG 6596 --- [           main] o.s.w.s.h.BeanNameUrlHandlerMapping      : Rejected bean name 'tomcatServletWebServerFactoryCustomizer': no URL paths identified
2021-02-10 10:54:22.365 DEBUG 6596 --- [           main] o.s.w.s.h.BeanNameUrlHandlerMapping      : Rejected bean name 'server-org.springframework.boot.autoconfigure.web.ServerProperties': no URL paths identified
2021-02-10 10:54:22.366 DEBUG 6596 --- [           main] o.s.w.s.h.BeanNameUrlHandlerMapping      : Rejected bean name 'webServerFactoryCustomizerBeanPostProcessor': no URL paths identified
2021-02-10 10:54:22.368 DEBUG 6596 --- [           main] o.s.w.s.h.BeanNameUrlHandlerMapping      : Rejected bean name 'errorPageRegistrarBeanPostProcessor': no URL paths identified
2021-02-10 10:54:22.369 DEBUG 6596 --- [           main] o.s.w.s.h.BeanNameUrlHandlerMapping      : Rejected bean name 'org.springframework.boot.autoconfigure.web.servlet.DispatcherServletAutoConfiguration$DispatcherServletConfiguration': no URL paths identified
2021-02-10 10:54:22.369 DEBUG 6596 --- [           main] o.s.w.s.h.BeanNameUrlHandlerMapping      : Rejected bean name 'dispatcherServlet': no URL paths identified
2021-02-10 10:54:22.370 DEBUG 6596 --- [           main] o.s.w.s.h.BeanNameUrlHandlerMapping      : Rejected bean name 'spring.mvc-org.springframework.boot.autoconfigure.web.servlet.WebMvcProperties': no URL paths identified
2021-02-10 10:54:22.370 DEBUG 6596 --- [           main] o.s.w.s.h.BeanNameUrlHandlerMapping      : Rejected bean name 'org.springframework.boot.autoconfigure.web.servlet.DispatcherServletAutoConfiguration$DispatcherServletRegistrationConfiguration': no URL paths identified
2021-02-10 10:54:22.370 DEBUG 6596 --- [           main] o.s.w.s.h.BeanNameUrlHandlerMapping      : Rejected bean name 'dispatcherServletRegistration': no URL paths identified
2021-02-10 10:54:22.370 DEBUG 6596 --- [           main] o.s.w.s.h.BeanNameUrlHandlerMapping      : Rejected bean name 'org.springframework.boot.autoconfigure.web.servlet.DispatcherServletAutoConfiguration': no URL paths identified
2021-02-10 10:54:22.371 DEBUG 6596 --- [           main] o.s.w.s.h.BeanNameUrlHandlerMapping      : Rejected bean name 'org.springframework.boot.autoconfigure.http.codec.CodecsAutoConfiguration$JacksonCodecConfiguration': no URL paths identified
2021-02-10 10:54:22.379 DEBUG 6596 --- [           main] o.s.w.s.h.BeanNameUrlHandlerMapping      : Rejected bean name 'jacksonCodecCustomizer': no URL paths identified
2021-02-10 10:54:22.379 DEBUG 6596 --- [           main] o.s.w.s.h.BeanNameUrlHandlerMapping      : Rejected bean name 'org.springframework.boot.autoconfigure.http.codec.CodecsAutoConfiguration': no URL paths identified
2021-02-10 10:54:22.380 DEBUG 6596 --- [           main] o.s.w.s.h.BeanNameUrlHandlerMapping      : Rejected bean name 'org.springframework.boot.autoconfigure.validation.ValidationAutoConfiguration': no URL paths identified
2021-02-10 10:54:22.380 DEBUG 6596 --- [           main] o.s.w.s.h.BeanNameUrlHandlerMapping      : Rejected bean name 'defaultValidator': no URL paths identified
2021-02-10 10:54:22.380 DEBUG 6596 --- [           main] o.s.w.s.h.BeanNameUrlHandlerMapping      : Rejected bean name 'methodValidationPostProcessor': no URL paths identified
2021-02-10 10:54:22.380 DEBUG 6596 --- [           main] o.s.w.s.h.BeanNameUrlHandlerMapping      : Rejected bean name 'org.springframework.boot.autoconfigure.transaction.jta.JtaAutoConfiguration': no URL paths identified
2021-02-10 10:54:22.380 DEBUG 6596 --- [           main] o.s.w.s.h.BeanNameUrlHandlerMapping      : Rejected bean name 'spring.jta-org.springframework.boot.autoconfigure.transaction.jta.JtaProperties': no URL paths identified
2021-02-10 10:54:22.382 DEBUG 6596 --- [           main] o.s.w.s.h.BeanNameUrlHandlerMapping      : Rejected bean name 'org.springframework.boot.autoconfigure.jdbc.DataSourceConfiguration$Hikari': no URL paths identified
2021-02-10 10:54:22.383 DEBUG 6596 --- [           main] o.s.w.s.h.BeanNameUrlHandlerMapping      : Rejected bean name 'dataSource': no URL paths identified
2021-02-10 10:54:22.383 DEBUG 6596 --- [           main] o.s.w.s.h.BeanNameUrlHandlerMapping      : Rejected bean name 'org.springframework.boot.autoconfigure.jdbc.DataSourceAutoConfiguration$PooledDataSourceConfiguration': no URL paths identified
2021-02-10 10:54:22.383 DEBUG 6596 --- [           main] o.s.w.s.h.BeanNameUrlHandlerMapping      : Rejected bean name 'org.springframework.boot.autoconfigure.jdbc.metadata.DataSourcePoolMetadataProvidersConfiguration$HikariPoolDataSourceMetadataProviderConfiguration': no URL paths identified
2021-02-10 10:54:22.384 DEBUG 6596 --- [           main] o.s.w.s.h.BeanNameUrlHandlerMapping      : Rejected bean name 'hikariPoolDataSourceMetadataProvider': no URL paths identified
2021-02-10 10:54:22.385 DEBUG 6596 --- [           main] o.s.w.s.h.BeanNameUrlHandlerMapping      : Rejected bean name 'org.springframework.boot.autoconfigure.jdbc.metadata.DataSourcePoolMetadataProvidersConfiguration': no URL paths identified
2021-02-10 10:54:22.386 DEBUG 6596 --- [           main] o.s.w.s.h.BeanNameUrlHandlerMapping      : Rejected bean name 'org.springframework.boot.autoconfigure.jdbc.DataSourceInitializerInvoker': no URL paths identified
2021-02-10 10:54:22.387 DEBUG 6596 --- [           main] o.s.w.s.h.BeanNameUrlHandlerMapping      : Rejected bean name 'org.springframework.boot.autoconfigure.jdbc.DataSourceInitializationConfiguration': no URL paths identified
2021-02-10 10:54:22.387 DEBUG 6596 --- [           main] o.s.w.s.h.BeanNameUrlHandlerMapping      : Rejected bean name 'dataSourceInitializerPostProcessor': no URL paths identified
2021-02-10 10:54:22.387 DEBUG 6596 --- [           main] o.s.w.s.h.BeanNameUrlHandlerMapping      : Rejected bean name 'org.springframework.boot.autoconfigure.jdbc.DataSourceAutoConfiguration': no URL paths identified
2021-02-10 10:54:22.387 DEBUG 6596 --- [           main] o.s.w.s.h.BeanNameUrlHandlerMapping      : Rejected bean name 'spring.datasource-org.springframework.boot.autoconfigure.jdbc.DataSourceProperties': no URL paths identified
2021-02-10 10:54:22.387 DEBUG 6596 --- [           main] o.s.w.s.h.BeanNameUrlHandlerMapping      : Rejected bean name 'org.springframework.boot.autoconfigure.jdbc.JdbcTemplateAutoConfiguration$JdbcTemplateConfiguration': no URL paths identified
2021-02-10 10:54:22.388 DEBUG 6596 --- [           main] o.s.w.s.h.BeanNameUrlHandlerMapping      : Rejected bean name 'jdbcTemplate': no URL paths identified
2021-02-10 10:54:22.388 DEBUG 6596 --- [           main] o.s.w.s.h.BeanNameUrlHandlerMapping      : Rejected bean name 'org.springframework.boot.autoconfigure.jdbc.JdbcTemplateAutoConfiguration$NamedParameterJdbcTemplateConfiguration': no URL paths identified
2021-02-10 10:54:22.388 DEBUG 6596 --- [           main] o.s.w.s.h.BeanNameUrlHandlerMapping      : Rejected bean name 'namedParameterJdbcTemplate': no URL paths identified
2021-02-10 10:54:22.388 DEBUG 6596 --- [           main] o.s.w.s.h.BeanNameUrlHandlerMapping      : Rejected bean name 'org.springframework.boot.autoconfigure.jdbc.JdbcTemplateAutoConfiguration': no URL paths identified
2021-02-10 10:54:22.388 DEBUG 6596 --- [           main] o.s.w.s.h.BeanNameUrlHandlerMapping      : Rejected bean name 'spring.jdbc-org.springframework.boot.autoconfigure.jdbc.JdbcProperties': no URL paths identified
2021-02-10 10:54:22.388 DEBUG 6596 --- [           main] o.s.w.s.h.BeanNameUrlHandlerMapping      : Rejected bean name 'org.springframework.boot.autoconfigure.web.servlet.error.ErrorMvcAutoConfiguration$WhitelabelErrorViewConfiguration': no URL paths identified
2021-02-10 10:54:22.389 DEBUG 6596 --- [           main] o.s.w.s.h.BeanNameUrlHandlerMapping      : Rejected bean name 'error': no URL paths identified
2021-02-10 10:54:22.389 DEBUG 6596 --- [           main] o.s.w.s.h.BeanNameUrlHandlerMapping      : Rejected bean name 'beanNameViewResolver': no URL paths identified
2021-02-10 10:54:22.389 DEBUG 6596 --- [           main] o.s.w.s.h.BeanNameUrlHandlerMapping      : Rejected bean name 'org.springframework.boot.autoconfigure.web.servlet.error.ErrorMvcAutoConfiguration$DefaultErrorViewResolverConfiguration': no URL paths identified
2021-02-10 10:54:22.389 DEBUG 6596 --- [           main] o.s.w.s.h.BeanNameUrlHandlerMapping      : Rejected bean name 'conventionErrorViewResolver': no URL paths identified
2021-02-10 10:54:22.389 DEBUG 6596 --- [           main] o.s.w.s.h.BeanNameUrlHandlerMapping      : Rejected bean name 'org.springframework.boot.autoconfigure.web.servlet.error.ErrorMvcAutoConfiguration': no URL paths identified
2021-02-10 10:54:22.389 DEBUG 6596 --- [           main] o.s.w.s.h.BeanNameUrlHandlerMapping      : Rejected bean name 'errorAttributes': no URL paths identified
2021-02-10 10:54:22.389 DEBUG 6596 --- [           main] o.s.w.s.h.BeanNameUrlHandlerMapping      : Rejected bean name 'basicErrorController': no URL paths identified
2021-02-10 10:54:22.389 DEBUG 6596 --- [           main] o.s.w.s.h.BeanNameUrlHandlerMapping      : Rejected bean name 'errorPageCustomizer': no URL paths identified
2021-02-10 10:54:22.390 DEBUG 6596 --- [           main] o.s.w.s.h.BeanNameUrlHandlerMapping      : Rejected bean name 'preserveErrorControllerTargetClassPostProcessor': no URL paths identified
2021-02-10 10:54:22.390 DEBUG 6596 --- [           main] o.s.w.s.h.BeanNameUrlHandlerMapping      : Rejected bean name 'spring.resources-org.springframework.boot.autoconfigure.web.ResourceProperties': no URL paths identified
2021-02-10 10:54:22.390 DEBUG 6596 --- [           main] o.s.w.s.h.BeanNameUrlHandlerMapping      : Rejected bean name 'org.springframework.boot.autoconfigure.web.servlet.WebMvcAutoConfiguration$ResourceChainCustomizerConfiguration': no URL paths identified
2021-02-10 10:54:22.390 DEBUG 6596 --- [           main] o.s.w.s.h.BeanNameUrlHandlerMapping      : Rejected bean name 'resourceHandlerRegistrationCustomizer': no URL paths identified
2021-02-10 10:54:22.390 DEBUG 6596 --- [           main] o.s.w.s.h.BeanNameUrlHandlerMapping      : Rejected bean name 'org.springframework.boot.autoconfigure.web.servlet.WebMvcAutoConfiguration$EnableWebMvcConfiguration': no URL paths identified
2021-02-10 10:54:22.390 DEBUG 6596 --- [           main] o.s.w.s.h.BeanNameUrlHandlerMapping      : Rejected bean name 'requestMappingHandlerAdapter': no URL paths identified
2021-02-10 10:54:22.390 DEBUG 6596 --- [           main] o.s.w.s.h.BeanNameUrlHandlerMapping      : Rejected bean name 'requestMappingHandlerMapping': no URL paths identified
2021-02-10 10:54:22.390 DEBUG 6596 --- [           main] o.s.w.s.h.BeanNameUrlHandlerMapping      : Rejected bean name 'mvcConversionService': no URL paths identified
2021-02-10 10:54:22.391 DEBUG 6596 --- [           main] o.s.w.s.h.BeanNameUrlHandlerMapping      : Rejected bean name 'mvcValidator': no URL paths identified
2021-02-10 10:54:22.391 DEBUG 6596 --- [           main] o.s.w.s.h.BeanNameUrlHandlerMapping      : Rejected bean name 'mvcContentNegotiationManager': no URL paths identified
2021-02-10 10:54:22.391 DEBUG 6596 --- [           main] o.s.w.s.h.BeanNameUrlHandlerMapping      : Rejected bean name 'mvcPathMatcher': no URL paths identified
2021-02-10 10:54:22.391 DEBUG 6596 --- [           main] o.s.w.s.h.BeanNameUrlHandlerMapping      : Rejected bean name 'mvcUrlPathHelper': no URL paths identified
2021-02-10 10:54:22.391 DEBUG 6596 --- [           main] o.s.w.s.h.BeanNameUrlHandlerMapping      : Rejected bean name 'viewControllerHandlerMapping': no URL paths identified
2021-02-10 10:54:22.391 DEBUG 6596 --- [           main] o.s.w.s.h.BeanNameUrlHandlerMapping      : Rejected bean name 'beanNameHandlerMapping': no URL paths identified
2021-02-10 10:54:22.391 DEBUG 6596 --- [           main] o.s.w.s.h.BeanNameUrlHandlerMapping      : Rejected bean name 'resourceHandlerMapping': no URL paths identified
2021-02-10 10:54:22.391 DEBUG 6596 --- [           main] o.s.w.s.h.BeanNameUrlHandlerMapping      : Rejected bean name 'mvcResourceUrlProvider': no URL paths identified
2021-02-10 10:54:22.392 DEBUG 6596 --- [           main] o.s.w.s.h.BeanNameUrlHandlerMapping      : Rejected bean name 'defaultServletHandlerMapping': no URL paths identified
2021-02-10 10:54:22.392 DEBUG 6596 --- [           main] o.s.w.s.h.BeanNameUrlHandlerMapping      : Rejected bean name 'mvcUriComponentsContributor': no URL paths identified
2021-02-10 10:54:22.392 DEBUG 6596 --- [           main] o.s.w.s.h.BeanNameUrlHandlerMapping      : Rejected bean name 'httpRequestHandlerAdapter': no URL paths identified
2021-02-10 10:54:22.392 DEBUG 6596 --- [           main] o.s.w.s.h.BeanNameUrlHandlerMapping      : Rejected bean name 'simpleControllerHandlerAdapter': no URL paths identified
2021-02-10 10:54:22.392 DEBUG 6596 --- [           main] o.s.w.s.h.BeanNameUrlHandlerMapping      : Rejected bean name 'handlerExceptionResolver': no URL paths identified
2021-02-10 10:54:22.392 DEBUG 6596 --- [           main] o.s.w.s.h.BeanNameUrlHandlerMapping      : Rejected bean name 'mvcViewResolver': no URL paths identified
2021-02-10 10:54:22.393 DEBUG 6596 --- [           main] o.s.w.s.h.BeanNameUrlHandlerMapping      : Rejected bean name 'mvcHandlerMappingIntrospector': no URL paths identified
2021-02-10 10:54:22.393 DEBUG 6596 --- [           main] o.s.w.s.h.BeanNameUrlHandlerMapping      : Rejected bean name 'org.springframework.boot.autoconfigure.web.servlet.WebMvcAutoConfiguration$WebMvcAutoConfigurationAdapter$FaviconConfiguration': no URL paths identified
2021-02-10 10:54:22.393 DEBUG 6596 --- [           main] o.s.w.s.h.BeanNameUrlHandlerMapping      : Rejected bean name 'faviconHandlerMapping': no URL paths identified
2021-02-10 10:54:22.393 DEBUG 6596 --- [           main] o.s.w.s.h.BeanNameUrlHandlerMapping      : Rejected bean name 'faviconRequestHandler': no URL paths identified
2021-02-10 10:54:22.393 DEBUG 6596 --- [           main] o.s.w.s.h.BeanNameUrlHandlerMapping      : Rejected bean name 'org.springframework.boot.autoconfigure.web.servlet.WebMvcAutoConfiguration$WebMvcAutoConfigurationAdapter': no URL paths identified
2021-02-10 10:54:22.393 DEBUG 6596 --- [           main] o.s.w.s.h.BeanNameUrlHandlerMapping      : Rejected bean name 'defaultViewResolver': no URL paths identified
2021-02-10 10:54:22.393 DEBUG 6596 --- [           main] o.s.w.s.h.BeanNameUrlHandlerMapping      : Rejected bean name 'viewResolver': no URL paths identified
2021-02-10 10:54:22.393 DEBUG 6596 --- [           main] o.s.w.s.h.BeanNameUrlHandlerMapping      : Rejected bean name 'welcomePageHandlerMapping': no URL paths identified
2021-02-10 10:54:22.477 DEBUG 6596 --- [           main] o.s.w.s.h.BeanNameUrlHandlerMapping      : Rejected bean name 'requestContextFilter': no URL paths identified
2021-02-10 10:54:22.477 DEBUG 6596 --- [           main] o.s.w.s.h.BeanNameUrlHandlerMapping      : Rejected bean name 'org.springframework.boot.autoconfigure.web.servlet.WebMvcAutoConfiguration': no URL paths identified
2021-02-10 10:54:22.478 DEBUG 6596 --- [           main] o.s.w.s.h.BeanNameUrlHandlerMapping      : Rejected bean name 'hiddenHttpMethodFilter': no URL paths identified
2021-02-10 10:54:22.479 DEBUG 6596 --- [           main] o.s.w.s.h.BeanNameUrlHandlerMapping      : Rejected bean name 'httpPutFormContentFilter': no URL paths identified
2021-02-10 10:54:22.479 DEBUG 6596 --- [           main] o.s.w.s.h.BeanNameUrlHandlerMapping      : Rejected bean name 'org.springframework.boot.actuate.autoconfigure.audit.AuditAutoConfiguration$AuditEventRepositoryConfiguration': no URL paths identified
2021-02-10 10:54:22.479 DEBUG 6596 --- [           main] o.s.w.s.h.BeanNameUrlHandlerMapping      : Rejected bean name 'auditEventRepository': no URL paths identified
2021-02-10 10:54:22.479 DEBUG 6596 --- [           main] o.s.w.s.h.BeanNameUrlHandlerMapping      : Rejected bean name 'org.springframework.boot.actuate.autoconfigure.audit.AuditAutoConfiguration': no URL paths identified
2021-02-10 10:54:22.479 DEBUG 6596 --- [           main] o.s.w.s.h.BeanNameUrlHandlerMapping      : Rejected bean name 'auditListener': no URL paths identified
2021-02-10 10:54:22.479 DEBUG 6596 --- [           main] o.s.w.s.h.BeanNameUrlHandlerMapping      : Rejected bean name 'authenticationAuditListener': no URL paths identified
2021-02-10 10:54:22.479 DEBUG 6596 --- [           main] o.s.w.s.h.BeanNameUrlHandlerMapping      : Rejected bean name 'authorizationAuditListener': no URL paths identified
2021-02-10 10:54:22.480 DEBUG 6596 --- [           main] o.s.w.s.h.BeanNameUrlHandlerMapping      : Rejected bean name 'org.springframework.boot.actuate.autoconfigure.audit.AuditEventsEndpointAutoConfiguration': no URL paths identified
2021-02-10 10:54:22.480 DEBUG 6596 --- [           main] o.s.w.s.h.BeanNameUrlHandlerMapping      : Rejected bean name 'auditEventsEndpoint': no URL paths identified
2021-02-10 10:54:22.480 DEBUG 6596 --- [           main] o.s.w.s.h.BeanNameUrlHandlerMapping      : Rejected bean name 'org.springframework.boot.actuate.autoconfigure.beans.BeansEndpointAutoConfiguration': no URL paths identified
2021-02-10 10:54:22.480 DEBUG 6596 --- [           main] o.s.w.s.h.BeanNameUrlHandlerMapping      : Rejected bean name 'beansEndpoint': no URL paths identified
2021-02-10 10:54:22.480 DEBUG 6596 --- [           main] o.s.w.s.h.BeanNameUrlHandlerMapping      : Rejected bean name 'org.springframework.boot.actuate.autoconfigure.system.DiskSpaceHealthIndicatorAutoConfiguration': no URL paths identified
2021-02-10 10:54:22.480 DEBUG 6596 --- [           main] o.s.w.s.h.BeanNameUrlHandlerMapping      : Rejected bean name 'diskSpaceHealthIndicator': no URL paths identified
2021-02-10 10:54:22.480 DEBUG 6596 --- [           main] o.s.w.s.h.BeanNameUrlHandlerMapping      : Rejected bean name 'diskSpaceHealthIndicatorProperties': no URL paths identified
2021-02-10 10:54:22.480 DEBUG 6596 --- [           main] o.s.w.s.h.BeanNameUrlHandlerMapping      : Rejected bean name 'org.springframework.boot.actuate.autoconfigure.mongo.MongoHealthIndicatorAutoConfiguration': no URL paths identified
2021-02-10 10:54:22.481 DEBUG 6596 --- [           main] o.s.w.s.h.BeanNameUrlHandlerMapping      : Rejected bean name 'org.springframework.boot.actuate.autoconfigure.redis.RedisHealthIndicatorAutoConfiguration': no URL paths identified
2021-02-10 10:54:22.481 DEBUG 6596 --- [           main] o.s.w.s.h.BeanNameUrlHandlerMapping      : Rejected bean name 'org.springframework.boot.actuate.autoconfigure.jdbc.DataSourceHealthIndicatorAutoConfiguration': no URL paths identified
2021-02-10 10:54:22.481 DEBUG 6596 --- [           main] o.s.w.s.h.BeanNameUrlHandlerMapping      : Rejected bean name 'dbHealthIndicator': no URL paths identified
2021-02-10 10:54:22.483 DEBUG 6596 --- [           main] o.s.w.s.h.BeanNameUrlHandlerMapping      : Rejected bean name 'org.springframework.boot.autoconfigure.mail.MailSenderAutoConfiguration': no URL paths identified
2021-02-10 10:54:22.484 DEBUG 6596 --- [           main] o.s.w.s.h.BeanNameUrlHandlerMapping      : Rejected bean name 'mailSender': no URL paths identified
2021-02-10 10:54:22.491 DEBUG 6596 --- [           main] o.s.w.s.h.BeanNameUrlHandlerMapping      : Rejected bean name 'spring.mail-org.springframework.boot.autoconfigure.mail.MailProperties': no URL paths identified
2021-02-10 10:54:22.491 DEBUG 6596 --- [           main] o.s.w.s.h.BeanNameUrlHandlerMapping      : Rejected bean name 'org.springframework.boot.actuate.autoconfigure.mail.MailHealthIndicatorAutoConfiguration': no URL paths identified
2021-02-10 10:54:22.491 DEBUG 6596 --- [           main] o.s.w.s.h.BeanNameUrlHandlerMapping      : Rejected bean name 'mailHealthIndicator': no URL paths identified
2021-02-10 10:54:22.492 DEBUG 6596 --- [           main] o.s.w.s.h.BeanNameUrlHandlerMapping      : Rejected bean name 'org.springframework.boot.actuate.autoconfigure.elasticsearch.ElasticsearchHealthIndicatorAutoConfiguration': no URL paths identified
2021-02-10 10:54:22.492 DEBUG 6596 --- [           main] o.s.w.s.h.BeanNameUrlHandlerMapping      : Rejected bean name 'org.springframework.boot.actuate.autoconfigure.health.HealthIndicatorAutoConfiguration': no URL paths identified
2021-02-10 10:54:22.492 DEBUG 6596 --- [           main] o.s.w.s.h.BeanNameUrlHandlerMapping      : Rejected bean name 'healthAggregator': no URL paths identified
2021-02-10 10:54:22.492 DEBUG 6596 --- [           main] o.s.w.s.h.BeanNameUrlHandlerMapping      : Rejected bean name 'management.health.status-org.springframework.boot.actuate.autoconfigure.health.HealthIndicatorProperties': no URL paths identified
2021-02-10 10:54:22.492 DEBUG 6596 --- [           main] o.s.w.s.h.BeanNameUrlHandlerMapping      : Rejected bean name 'org.springframework.boot.actuate.autoconfigure.health.HealthEndpointConfiguration': no URL paths identified
2021-02-10 10:54:22.492 DEBUG 6596 --- [           main] o.s.w.s.h.BeanNameUrlHandlerMapping      : Rejected bean name 'healthEndpoint': no URL paths identified
2021-02-10 10:54:22.492 DEBUG 6596 --- [           main] o.s.w.s.h.BeanNameUrlHandlerMapping      : Rejected bean name 'org.springframework.boot.actuate.autoconfigure.health.HealthEndpointWebExtensionConfiguration$ServletWebHealthConfiguration': no URL paths identified
2021-02-10 10:54:22.493 DEBUG 6596 --- [           main] o.s.w.s.h.BeanNameUrlHandlerMapping      : Rejected bean name 'healthEndpointWebExtension': no URL paths identified
2021-02-10 10:54:22.493 DEBUG 6596 --- [           main] o.s.w.s.h.BeanNameUrlHandlerMapping      : Rejected bean name 'org.springframework.boot.actuate.autoconfigure.health.HealthEndpointWebExtensionConfiguration': no URL paths identified
2021-02-10 10:54:22.493 DEBUG 6596 --- [           main] o.s.w.s.h.BeanNameUrlHandlerMapping      : Rejected bean name 'createHealthStatusHttpMapper': no URL paths identified
2021-02-10 10:54:22.493 DEBUG 6596 --- [           main] o.s.w.s.h.BeanNameUrlHandlerMapping      : Rejected bean name 'healthWebEndpointResponseMapper': no URL paths identified
2021-02-10 10:54:22.493 DEBUG 6596 --- [           main] o.s.w.s.h.BeanNameUrlHandlerMapping      : Rejected bean name 'org.springframework.boot.actuate.autoconfigure.health.HealthEndpointAutoConfiguration': no URL paths identified
2021-02-10 10:54:22.493 DEBUG 6596 --- [           main] o.s.w.s.h.BeanNameUrlHandlerMapping      : Rejected bean name 'management.endpoint.health-org.springframework.boot.actuate.autoconfigure.health.HealthEndpointProperties': no URL paths identified
2021-02-10 10:54:22.493 DEBUG 6596 --- [           main] o.s.w.s.h.BeanNameUrlHandlerMapping      : Rejected bean name 'org.springframework.boot.actuate.autoconfigure.web.servlet.ServletManagementContextAutoConfiguration': no URL paths identified
2021-02-10 10:54:22.493 DEBUG 6596 --- [           main] o.s.w.s.h.BeanNameUrlHandlerMapping      : Rejected bean name 'servletWebChildContextFactory': no URL paths identified
2021-02-10 10:54:22.494 DEBUG 6596 --- [           main] o.s.w.s.h.BeanNameUrlHandlerMapping      : Rejected bean name 'managementServletContext': no URL paths identified
2021-02-10 10:54:22.494 DEBUG 6596 --- [           main] o.s.w.s.h.BeanNameUrlHandlerMapping      : Rejected bean name 'org.springframework.boot.actuate.autoconfigure.condition.ConditionsReportEndpointAutoConfiguration': no URL paths identified
2021-02-10 10:54:22.494 DEBUG 6596 --- [           main] o.s.w.s.h.BeanNameUrlHandlerMapping      : Rejected bean name 'conditionsReportEndpoint': no URL paths identified
2021-02-10 10:54:22.494 DEBUG 6596 --- [           main] o.s.w.s.h.BeanNameUrlHandlerMapping      : Rejected bean name 'org.springframework.boot.actuate.autoconfigure.context.ShutdownEndpointAutoConfiguration': no URL paths identified
2021-02-10 10:54:22.494 DEBUG 6596 --- [           main] o.s.w.s.h.BeanNameUrlHandlerMapping      : Rejected bean name 'shutdownEndpoint': no URL paths identified
2021-02-10 10:54:22.494 DEBUG 6596 --- [           main] o.s.w.s.h.BeanNameUrlHandlerMapping      : Rejected bean name 'org.springframework.boot.actuate.autoconfigure.context.properties.ConfigurationPropertiesReportEndpointAutoConfiguration': no URL paths identified
2021-02-10 10:54:22.495 DEBUG 6596 --- [           main] o.s.w.s.h.BeanNameUrlHandlerMapping      : Rejected bean name 'configurationPropertiesReportEndpoint': no URL paths identified
2021-02-10 10:54:22.495 DEBUG 6596 --- [           main] o.s.w.s.h.BeanNameUrlHandlerMapping      : Rejected bean name 'management.endpoint.configprops-org.springframework.boot.actuate.autoconfigure.context.properties.ConfigurationPropertiesReportEndpointProperties': no URL paths identified
2021-02-10 10:54:22.495 DEBUG 6596 --- [           main] o.s.w.s.h.BeanNameUrlHandlerMapping      : Rejected bean name 'org.springframework.boot.actuate.autoconfigure.endpoint.EndpointAutoConfiguration': no URL paths identified
2021-02-10 10:54:22.495 DEBUG 6596 --- [           main] o.s.w.s.h.BeanNameUrlHandlerMapping      : Rejected bean name 'endpointOperationParameterMapper': no URL paths identified
2021-02-10 10:54:22.495 DEBUG 6596 --- [           main] o.s.w.s.h.BeanNameUrlHandlerMapping      : Rejected bean name 'endpointCachingOperationInvokerAdvisor': no URL paths identified
2021-02-10 10:54:22.496 DEBUG 6596 --- [           main] o.s.w.s.h.BeanNameUrlHandlerMapping      : Rejected bean name 'org.springframework.boot.actuate.autoconfigure.endpoint.jmx.JmxEndpointAutoConfiguration': no URL paths identified
2021-02-10 10:54:22.496 DEBUG 6596 --- [           main] o.s.w.s.h.BeanNameUrlHandlerMapping      : Rejected bean name 'jmxAnnotationEndpointDiscoverer': no URL paths identified
2021-02-10 10:54:22.496 DEBUG 6596 --- [           main] o.s.w.s.h.BeanNameUrlHandlerMapping      : Rejected bean name 'jmxIncludeExcludePropertyEndpointFilter': no URL paths identified
2021-02-10 10:54:22.496 DEBUG 6596 --- [           main] o.s.w.s.h.BeanNameUrlHandlerMapping      : Rejected bean name 'management.endpoints.jmx-org.springframework.boot.actuate.autoconfigure.endpoint.jmx.JmxEndpointProperties': no URL paths identified
2021-02-10 10:54:22.496 DEBUG 6596 --- [           main] o.s.w.s.h.BeanNameUrlHandlerMapping      : Rejected bean name 'org.springframework.boot.actuate.autoconfigure.endpoint.web.WebEndpointAutoConfiguration$WebEndpointServletAutoConfiguration': no URL paths identified
2021-02-10 10:54:22.496 DEBUG 6596 --- [           main] o.s.w.s.h.BeanNameUrlHandlerMapping      : Rejected bean name 'servletEndpointDiscoverer': no URL paths identified
2021-02-10 10:54:22.502 DEBUG 6596 --- [           main] o.s.w.s.h.BeanNameUrlHandlerMapping      : Rejected bean name 'org.springframework.boot.actuate.autoconfigure.endpoint.web.WebEndpointAutoConfiguration': no URL paths identified
2021-02-10 10:54:22.502 DEBUG 6596 --- [           main] o.s.w.s.h.BeanNameUrlHandlerMapping      : Rejected bean name 'webEndpointPathMapper': no URL paths identified
2021-02-10 10:54:22.502 DEBUG 6596 --- [           main] o.s.w.s.h.BeanNameUrlHandlerMapping      : Rejected bean name 'endpointMediaTypes': no URL paths identified
2021-02-10 10:54:22.502 DEBUG 6596 --- [           main] o.s.w.s.h.BeanNameUrlHandlerMapping      : Rejected bean name 'webEndpointDiscoverer': no URL paths identified
2021-02-10 10:54:22.503 DEBUG 6596 --- [           main] o.s.w.s.h.BeanNameUrlHandlerMapping      : Rejected bean name 'controllerEndpointDiscoverer': no URL paths identified
2021-02-10 10:54:22.503 DEBUG 6596 --- [           main] o.s.w.s.h.BeanNameUrlHandlerMapping      : Rejected bean name 'pathMappedEndpoints': no URL paths identified
2021-02-10 10:54:22.503 DEBUG 6596 --- [           main] o.s.w.s.h.BeanNameUrlHandlerMapping      : Rejected bean name 'webExposeExcludePropertyEndpointFilter': no URL paths identified
2021-02-10 10:54:22.503 DEBUG 6596 --- [           main] o.s.w.s.h.BeanNameUrlHandlerMapping      : Rejected bean name 'controllerExposeExcludePropertyEndpointFilter': no URL paths identified
2021-02-10 10:54:22.503 DEBUG 6596 --- [           main] o.s.w.s.h.BeanNameUrlHandlerMapping      : Rejected bean name 'management.endpoints.web-org.springframework.boot.actuate.autoconfigure.endpoint.web.WebEndpointProperties': no URL paths identified
2021-02-10 10:54:22.503 DEBUG 6596 --- [           main] o.s.w.s.h.BeanNameUrlHandlerMapping      : Rejected bean name 'org.springframework.boot.actuate.autoconfigure.env.EnvironmentEndpointAutoConfiguration': no URL paths identified
2021-02-10 10:54:22.503 DEBUG 6596 --- [           main] o.s.w.s.h.BeanNameUrlHandlerMapping      : Rejected bean name 'environmentEndpoint': no URL paths identified
2021-02-10 10:54:22.503 DEBUG 6596 --- [           main] o.s.w.s.h.BeanNameUrlHandlerMapping      : Rejected bean name 'environmentWebEndpointExtension': no URL paths identified
2021-02-10 10:54:22.504 DEBUG 6596 --- [           main] o.s.w.s.h.BeanNameUrlHandlerMapping      : Rejected bean name 'management.endpoint.env-org.springframework.boot.actuate.autoconfigure.env.EnvironmentEndpointProperties': no URL paths identified
2021-02-10 10:54:22.504 DEBUG 6596 --- [           main] o.s.w.s.h.BeanNameUrlHandlerMapping      : Rejected bean name 'org.springframework.boot.autoconfigure.cache.SimpleCacheConfiguration': no URL paths identified
2021-02-10 10:54:22.504 DEBUG 6596 --- [           main] o.s.w.s.h.BeanNameUrlHandlerMapping      : Rejected bean name 'cacheManager': no URL paths identified
2021-02-10 10:54:22.504 DEBUG 6596 --- [           main] o.s.w.s.h.BeanNameUrlHandlerMapping      : Rejected bean name 'org.springframework.boot.autoconfigure.cache.CacheAutoConfiguration': no URL paths identified
2021-02-10 10:54:22.504 DEBUG 6596 --- [           main] o.s.w.s.h.BeanNameUrlHandlerMapping      : Rejected bean name 'cacheManagerCustomizers': no URL paths identified
2021-02-10 10:54:22.504 DEBUG 6596 --- [           main] o.s.w.s.h.BeanNameUrlHandlerMapping      : Rejected bean name 'cacheAutoConfigurationValidatorPostProcessor': no URL paths identified
2021-02-10 10:54:22.505 DEBUG 6596 --- [           main] o.s.w.s.h.BeanNameUrlHandlerMapping      : Rejected bean name 'cacheAutoConfigurationValidator': no URL paths identified
2021-02-10 10:54:22.505 DEBUG 6596 --- [           main] o.s.w.s.h.BeanNameUrlHandlerMapping      : Rejected bean name 'spring.cache-org.springframework.boot.autoconfigure.cache.CacheProperties': no URL paths identified
2021-02-10 10:54:22.505 DEBUG 6596 --- [           main] o.s.w.s.h.BeanNameUrlHandlerMapping      : Rejected bean name 'org.springframework.boot.autoconfigure.orm.jpa.JpaBaseConfiguration$JpaWebConfiguration$JpaWebMvcConfiguration': no URL paths identified
2021-02-10 10:54:22.505 DEBUG 6596 --- [           main] o.s.w.s.h.BeanNameUrlHandlerMapping      : Rejected bean name 'openEntityManagerInViewInterceptor': no URL paths identified
2021-02-10 10:54:22.505 DEBUG 6596 --- [           main] o.s.w.s.h.BeanNameUrlHandlerMapping      : Rejected bean name 'org.springframework.boot.autoconfigure.orm.jpa.JpaBaseConfiguration$JpaWebConfiguration': no URL paths identified
2021-02-10 10:54:22.505 DEBUG 6596 --- [           main] o.s.w.s.h.BeanNameUrlHandlerMapping      : Rejected bean name 'org.springframework.boot.autoconfigure.orm.jpa.HibernateJpaConfiguration': no URL paths identified
2021-02-10 10:54:22.506 DEBUG 6596 --- [           main] o.s.w.s.h.BeanNameUrlHandlerMapping      : Rejected bean name 'transactionManager': no URL paths identified
2021-02-10 10:54:22.510 DEBUG 6596 --- [           main] o.s.w.s.h.BeanNameUrlHandlerMapping      : Rejected bean name 'jpaVendorAdapter': no URL paths identified
2021-02-10 10:54:22.510 DEBUG 6596 --- [           main] o.s.w.s.h.BeanNameUrlHandlerMapping      : Rejected bean name 'entityManagerFactoryBuilder': no URL paths identified
2021-02-10 10:54:22.510 DEBUG 6596 --- [           main] o.s.w.s.h.BeanNameUrlHandlerMapping      : Rejected bean name 'entityManagerFactory': no URL paths identified
2021-02-10 10:54:22.510 DEBUG 6596 --- [           main] o.s.w.s.h.BeanNameUrlHandlerMapping      : Rejected bean name 'spring.jpa-org.springframework.boot.autoconfigure.orm.jpa.JpaProperties': no URL paths identified
2021-02-10 10:54:22.510 DEBUG 6596 --- [           main] o.s.w.s.h.BeanNameUrlHandlerMapping      : Rejected bean name 'dataSourceInitializedPublisher': no URL paths identified
2021-02-10 10:54:22.510 DEBUG 6596 --- [           main] o.s.w.s.h.BeanNameUrlHandlerMapping      : Rejected bean name 'org.springframework.boot.autoconfigure.orm.jpa.HibernateJpaAutoConfiguration': no URL paths identified
2021-02-10 10:54:22.511 DEBUG 6596 --- [           main] o.s.w.s.h.BeanNameUrlHandlerMapping      : Rejected bean name 'org.springframework.boot.autoconfigure.info.ProjectInfoAutoConfiguration': no URL paths identified
2021-02-10 10:54:22.511 DEBUG 6596 --- [           main] o.s.w.s.h.BeanNameUrlHandlerMapping      : Rejected bean name 'spring.info-org.springframework.boot.autoconfigure.info.ProjectInfoProperties': no URL paths identified
2021-02-10 10:54:22.511 DEBUG 6596 --- [           main] o.s.w.s.h.BeanNameUrlHandlerMapping      : Rejected bean name 'org.springframework.boot.actuate.autoconfigure.info.InfoContributorAutoConfiguration': no URL paths identified
2021-02-10 10:54:22.511 DEBUG 6596 --- [           main] o.s.w.s.h.BeanNameUrlHandlerMapping      : Rejected bean name 'envInfoContributor': no URL paths identified
2021-02-10 10:54:22.525 DEBUG 6596 --- [           main] o.s.w.s.h.BeanNameUrlHandlerMapping      : Rejected bean name 'management.info-org.springframework.boot.actuate.autoconfigure.info.InfoContributorProperties': no URL paths identified
2021-02-10 10:54:22.533 DEBUG 6596 --- [           main] o.s.w.s.h.BeanNameUrlHandlerMapping      : Rejected bean name 'org.springframework.boot.actuate.autoconfigure.info.InfoEndpointAutoConfiguration': no URL paths identified
2021-02-10 10:54:22.537 DEBUG 6596 --- [           main] o.s.w.s.h.BeanNameUrlHandlerMapping      : Rejected bean name 'infoEndpoint': no URL paths identified
2021-02-10 10:54:22.537 DEBUG 6596 --- [           main] o.s.w.s.h.BeanNameUrlHandlerMapping      : Rejected bean name 'org.springframework.boot.actuate.autoconfigure.logging.LogFileWebEndpointAutoConfiguration': no URL paths identified
2021-02-10 10:54:22.545 DEBUG 6596 --- [           main] o.s.w.s.h.BeanNameUrlHandlerMapping      : Rejected bean name 'logFileWebEndpoint': no URL paths identified
2021-02-10 10:54:22.545 DEBUG 6596 --- [           main] o.s.w.s.h.BeanNameUrlHandlerMapping      : Rejected bean name 'management.endpoint.logfile-org.springframework.boot.actuate.autoconfigure.logging.LogFileWebEndpointProperties': no URL paths identified
2021-02-10 10:54:22.545 DEBUG 6596 --- [           main] o.s.w.s.h.BeanNameUrlHandlerMapping      : Rejected bean name 'org.springframework.boot.actuate.autoconfigure.logging.LoggersEndpointAutoConfiguration': no URL paths identified
2021-02-10 10:54:22.546 DEBUG 6596 --- [           main] o.s.w.s.h.BeanNameUrlHandlerMapping      : Rejected bean name 'loggersEndpoint': no URL paths identified
2021-02-10 10:54:22.547 DEBUG 6596 --- [           main] o.s.w.s.h.BeanNameUrlHandlerMapping      : Rejected bean name 'org.springframework.boot.actuate.autoconfigure.management.HeapDumpWebEndpointAutoConfiguration': no URL paths identified
2021-02-10 10:54:22.547 DEBUG 6596 --- [           main] o.s.w.s.h.BeanNameUrlHandlerMapping      : Rejected bean name 'heapDumpWebEndpoint': no URL paths identified
2021-02-10 10:54:22.547 DEBUG 6596 --- [           main] o.s.w.s.h.BeanNameUrlHandlerMapping      : Rejected bean name 'org.springframework.boot.actuate.autoconfigure.management.ThreadDumpEndpointAutoConfiguration': no URL paths identified
2021-02-10 10:54:22.547 DEBUG 6596 --- [           main] o.s.w.s.h.BeanNameUrlHandlerMapping      : Rejected bean name 'dumpEndpoint': no URL paths identified
2021-02-10 10:54:22.547 DEBUG 6596 --- [           main] o.s.w.s.h.BeanNameUrlHandlerMapping      : Rejected bean name 'org.springframework.boot.actuate.autoconfigure.metrics.MetricsAutoConfiguration$MeterBindersConfiguration': no URL paths identified
2021-02-10 10:54:22.548 DEBUG 6596 --- [           main] o.s.w.s.h.BeanNameUrlHandlerMapping      : Rejected bean name 'logbackMetrics': no URL paths identified
2021-02-10 10:54:22.548 DEBUG 6596 --- [           main] o.s.w.s.h.BeanNameUrlHandlerMapping      : Rejected bean name 'uptimeMetrics': no URL paths identified
2021-02-10 10:54:22.548 DEBUG 6596 --- [           main] o.s.w.s.h.BeanNameUrlHandlerMapping      : Rejected bean name 'processorMetrics': no URL paths identified
2021-02-10 10:54:22.549 DEBUG 6596 --- [           main] o.s.w.s.h.BeanNameUrlHandlerMapping      : Rejected bean name 'fileDescriptorMetrics': no URL paths identified
2021-02-10 10:54:22.549 DEBUG 6596 --- [           main] o.s.w.s.h.BeanNameUrlHandlerMapping      : Rejected bean name 'org.springframework.boot.actuate.autoconfigure.metrics.MetricsAutoConfiguration$JvmMeterBindersConfiguration': no URL paths identified
2021-02-10 10:54:22.549 DEBUG 6596 --- [           main] o.s.w.s.h.BeanNameUrlHandlerMapping      : Rejected bean name 'jvmGcMetrics': no URL paths identified
2021-02-10 10:54:22.549 DEBUG 6596 --- [           main] o.s.w.s.h.BeanNameUrlHandlerMapping      : Rejected bean name 'jvmMemoryMetrics': no URL paths identified
2021-02-10 10:54:22.549 DEBUG 6596 --- [           main] o.s.w.s.h.BeanNameUrlHandlerMapping      : Rejected bean name 'jvmThreadMetrics': no URL paths identified
2021-02-10 10:54:22.549 DEBUG 6596 --- [           main] o.s.w.s.h.BeanNameUrlHandlerMapping      : Rejected bean name 'classLoaderMetrics': no URL paths identified
2021-02-10 10:54:22.549 DEBUG 6596 --- [           main] o.s.w.s.h.BeanNameUrlHandlerMapping      : Rejected bean name 'org.springframework.boot.actuate.autoconfigure.metrics.MetricsAutoConfiguration': no URL paths identified
2021-02-10 10:54:22.549 DEBUG 6596 --- [           main] o.s.w.s.h.BeanNameUrlHandlerMapping      : Rejected bean name 'micrometerClock': no URL paths identified
2021-02-10 10:54:22.549 DEBUG 6596 --- [           main] o.s.w.s.h.BeanNameUrlHandlerMapping      : Rejected bean name 'meterRegistryPostProcessor': no URL paths identified
2021-02-10 10:54:22.556 DEBUG 6596 --- [           main] o.s.w.s.h.BeanNameUrlHandlerMapping      : Rejected bean name 'propertiesMeterFilter': no URL paths identified
2021-02-10 10:54:22.557 DEBUG 6596 --- [           main] o.s.w.s.h.BeanNameUrlHandlerMapping      : Rejected bean name 'management.metrics-org.springframework.boot.actuate.autoconfigure.metrics.MetricsProperties': no URL paths identified
2021-02-10 10:54:22.557 DEBUG 6596 --- [           main] o.s.w.s.h.BeanNameUrlHandlerMapping      : Rejected bean name 'org.springframework.boot.actuate.autoconfigure.metrics.export.simple.SimpleMetricsExportAutoConfiguration': no URL paths identified
2021-02-10 10:54:22.557 DEBUG 6596 --- [           main] o.s.w.s.h.BeanNameUrlHandlerMapping      : Rejected bean name 'simpleMeterRegistry': no URL paths identified
2021-02-10 10:54:22.557 DEBUG 6596 --- [           main] o.s.w.s.h.BeanNameUrlHandlerMapping      : Rejected bean name 'simpleConfig': no URL paths identified
2021-02-10 10:54:22.557 DEBUG 6596 --- [           main] o.s.w.s.h.BeanNameUrlHandlerMapping      : Rejected bean name 'management.metrics.export.simple-org.springframework.boot.actuate.autoconfigure.metrics.export.simple.SimpleProperties': no URL paths identified
2021-02-10 10:54:22.557 DEBUG 6596 --- [           main] o.s.w.s.h.BeanNameUrlHandlerMapping      : Rejected bean name 'org.springframework.boot.actuate.autoconfigure.metrics.CompositeMeterRegistryAutoConfiguration': no URL paths identified
2021-02-10 10:54:22.557 DEBUG 6596 --- [           main] o.s.w.s.h.BeanNameUrlHandlerMapping      : Rejected bean name 'org.springframework.boot.actuate.autoconfigure.metrics.MetricsEndpointAutoConfiguration': no URL paths identified
2021-02-10 10:54:22.557 DEBUG 6596 --- [           main] o.s.w.s.h.BeanNameUrlHandlerMapping      : Rejected bean name 'metricsEndpoint': no URL paths identified
2021-02-10 10:54:22.557 DEBUG 6596 --- [           main] o.s.w.s.h.BeanNameUrlHandlerMapping      : Rejected bean name 'org.springframework.boot.actuate.autoconfigure.metrics.cache.CacheMeterBinderProvidersConfiguration': no URL paths identified
2021-02-10 10:54:22.558 DEBUG 6596 --- [           main] o.s.w.s.h.BeanNameUrlHandlerMapping      : Rejected bean name 'org.springframework.boot.actuate.autoconfigure.metrics.cache.CacheMetricsAutoConfiguration': no URL paths identified
2021-02-10 10:54:22.558 DEBUG 6596 --- [           main] o.s.w.s.h.BeanNameUrlHandlerMapping      : Rejected bean name 'org.springframework.boot.actuate.autoconfigure.metrics.jdbc.DataSourcePoolMetricsAutoConfiguration$HikariDataSourceMetricsConfiguration': no URL paths identified
2021-02-10 10:54:22.558 DEBUG 6596 --- [           main] o.s.w.s.h.BeanNameUrlHandlerMapping      : Rejected bean name 'hikariDataSourceMetricsPostProcessor': no URL paths identified
2021-02-10 10:54:22.558 DEBUG 6596 --- [           main] o.s.w.s.h.BeanNameUrlHandlerMapping      : Rejected bean name 'org.springframework.boot.actuate.autoconfigure.metrics.jdbc.DataSourcePoolMetricsAutoConfiguration': no URL paths identified
2021-02-10 10:54:22.559 DEBUG 6596 --- [           main] o.s.w.s.h.BeanNameUrlHandlerMapping      : Rejected bean name 'org.springframework.boot.autoconfigure.http.HttpMessageConvertersAutoConfiguration$StringHttpMessageConverterConfiguration': no URL paths identified
2021-02-10 10:54:22.559 DEBUG 6596 --- [           main] o.s.w.s.h.BeanNameUrlHandlerMapping      : Rejected bean name 'stringHttpMessageConverter': no URL paths identified
2021-02-10 10:54:22.559 DEBUG 6596 --- [           main] o.s.w.s.h.BeanNameUrlHandlerMapping      : Rejected bean name 'spring.http.encoding-org.springframework.boot.autoconfigure.http.HttpEncodingProperties': no URL paths identified
2021-02-10 10:54:22.559 DEBUG 6596 --- [           main] o.s.w.s.h.BeanNameUrlHandlerMapping      : Rejected bean name 'org.springframework.boot.autoconfigure.http.JacksonHttpMessageConvertersConfiguration$MappingJackson2HttpMessageConverterConfiguration': no URL paths identified
2021-02-10 10:54:22.559 DEBUG 6596 --- [           main] o.s.w.s.h.BeanNameUrlHandlerMapping      : Rejected bean name 'mappingJackson2HttpMessageConverter': no URL paths identified
2021-02-10 10:54:22.559 DEBUG 6596 --- [           main] o.s.w.s.h.BeanNameUrlHandlerMapping      : Rejected bean name 'org.springframework.boot.autoconfigure.http.JacksonHttpMessageConvertersConfiguration': no URL paths identified
2021-02-10 10:54:22.559 DEBUG 6596 --- [           main] o.s.w.s.h.BeanNameUrlHandlerMapping      : Rejected bean name 'org.springframework.boot.autoconfigure.http.HttpMessageConvertersAutoConfiguration': no URL paths identified
2021-02-10 10:54:22.559 DEBUG 6596 --- [           main] o.s.w.s.h.BeanNameUrlHandlerMapping      : Rejected bean name 'messageConverters': no URL paths identified
2021-02-10 10:54:22.560 DEBUG 6596 --- [           main] o.s.w.s.h.BeanNameUrlHandlerMapping      : Rejected bean name 'org.springframework.boot.autoconfigure.web.client.RestTemplateAutoConfiguration': no URL paths identified
2021-02-10 10:54:22.560 DEBUG 6596 --- [           main] o.s.w.s.h.BeanNameUrlHandlerMapping      : Rejected bean name 'restTemplateBuilder': no URL paths identified
2021-02-10 10:54:22.560 DEBUG 6596 --- [           main] o.s.w.s.h.BeanNameUrlHandlerMapping      : Rejected bean name 'org.springframework.boot.actuate.autoconfigure.metrics.web.client.RestTemplateMetricsAutoConfiguration': no URL paths identified
2021-02-10 10:54:22.560 DEBUG 6596 --- [           main] o.s.w.s.h.BeanNameUrlHandlerMapping      : Rejected bean name 'restTemplateTagConfigurer': no URL paths identified
2021-02-10 10:54:22.560 DEBUG 6596 --- [           main] o.s.w.s.h.BeanNameUrlHandlerMapping      : Rejected bean name 'metricsRestTemplateCustomizer': no URL paths identified
2021-02-10 10:54:22.560 DEBUG 6596 --- [           main] o.s.w.s.h.BeanNameUrlHandlerMapping      : Rejected bean name 'metricsWebClientUriTagFilter': no URL paths identified
2021-02-10 10:54:22.560 DEBUG 6596 --- [           main] o.s.w.s.h.BeanNameUrlHandlerMapping      : Rejected bean name 'org.springframework.boot.actuate.autoconfigure.metrics.web.servlet.WebMvcMetricsAutoConfiguration': no URL paths identified
2021-02-10 10:54:22.560 DEBUG 6596 --- [           main] o.s.w.s.h.BeanNameUrlHandlerMapping      : Rejected bean name 'webMvcTagsProvider': no URL paths identified
2021-02-10 10:54:22.561 DEBUG 6596 --- [           main] o.s.w.s.h.BeanNameUrlHandlerMapping      : Rejected bean name 'webMvcMetricsFilter': no URL paths identified
2021-02-10 10:54:22.568 DEBUG 6596 --- [           main] o.s.w.s.h.BeanNameUrlHandlerMapping      : Rejected bean name 'org.springframework.boot.actuate.autoconfigure.metrics.web.tomcat.TomcatMetricsAutoConfiguration': no URL paths identified
2021-02-10 10:54:22.570 DEBUG 6596 --- [           main] o.s.w.s.h.BeanNameUrlHandlerMapping      : Rejected bean name 'tomcatMetrics': no URL paths identified
2021-02-10 10:54:22.572 DEBUG 6596 --- [           main] o.s.w.s.h.BeanNameUrlHandlerMapping      : Rejected bean name 'contextCapturingServletTomcatCustomizer': no URL paths identified
2021-02-10 10:54:22.573 DEBUG 6596 --- [           main] o.s.w.s.h.BeanNameUrlHandlerMapping      : Rejected bean name 'org.springframework.boot.actuate.autoconfigure.scheduling.ScheduledTasksEndpointAutoConfiguration': no URL paths identified
2021-02-10 10:54:22.573 DEBUG 6596 --- [           main] o.s.w.s.h.BeanNameUrlHandlerMapping      : Rejected bean name 'scheduledTasksEndpoint': no URL paths identified
2021-02-10 10:54:22.581 DEBUG 6596 --- [           main] o.s.w.s.h.BeanNameUrlHandlerMapping      : Rejected bean name 'org.springframework.boot.actuate.autoconfigure.trace.http.HttpTraceAutoConfiguration$ServletTraceFilterConfiguration': no URL paths identified
2021-02-10 10:54:22.583 DEBUG 6596 --- [           main] o.s.w.s.h.BeanNameUrlHandlerMapping      : Rejected bean name 'httpTraceFilter': no URL paths identified
2021-02-10 10:54:22.604 DEBUG 6596 --- [           main] o.s.w.s.h.BeanNameUrlHandlerMapping      : Rejected bean name 'org.springframework.boot.actuate.autoconfigure.trace.http.HttpTraceAutoConfiguration': no URL paths identified
2021-02-10 10:54:22.605 DEBUG 6596 --- [           main] o.s.w.s.h.BeanNameUrlHandlerMapping      : Rejected bean name 'traceRepository': no URL paths identified
2021-02-10 10:54:22.605 DEBUG 6596 --- [           main] o.s.w.s.h.BeanNameUrlHandlerMapping      : Rejected bean name 'httpExchangeTracer': no URL paths identified
2021-02-10 10:54:22.605 DEBUG 6596 --- [           main] o.s.w.s.h.BeanNameUrlHandlerMapping      : Rejected bean name 'management.trace.http-org.springframework.boot.actuate.autoconfigure.trace.http.HttpTraceProperties': no URL paths identified
2021-02-10 10:54:22.605 DEBUG 6596 --- [           main] o.s.w.s.h.BeanNameUrlHandlerMapping      : Rejected bean name 'org.springframework.boot.actuate.autoconfigure.trace.http.HttpTraceEndpointAutoConfiguration': no URL paths identified
2021-02-10 10:54:22.605 DEBUG 6596 --- [           main] o.s.w.s.h.BeanNameUrlHandlerMapping      : Rejected bean name 'httpTraceEndpoint': no URL paths identified
2021-02-10 10:54:22.605 DEBUG 6596 --- [           main] o.s.w.s.h.BeanNameUrlHandlerMapping      : Rejected bean name 'org.springframework.boot.actuate.autoconfigure.web.mappings.MappingsEndpointAutoConfiguration$ServletWebConfiguration$SpringMvcConfiguration': no URL paths identified
2021-02-10 10:54:22.605 DEBUG 6596 --- [           main] o.s.w.s.h.BeanNameUrlHandlerMapping      : Rejected bean name 'dispatcherServletMappingDescriptionProvider': no URL paths identified
2021-02-10 10:54:22.605 DEBUG 6596 --- [           main] o.s.w.s.h.BeanNameUrlHandlerMapping      : Rejected bean name 'org.springframework.boot.actuate.autoconfigure.web.mappings.MappingsEndpointAutoConfiguration$ServletWebConfiguration': no URL paths identified
2021-02-10 10:54:22.605 DEBUG 6596 --- [           main] o.s.w.s.h.BeanNameUrlHandlerMapping      : Rejected bean name 'servletMappingDescriptionProvider': no URL paths identified
2021-02-10 10:54:22.606 DEBUG 6596 --- [           main] o.s.w.s.h.BeanNameUrlHandlerMapping      : Rejected bean name 'filterMappingDescriptionProvider': no URL paths identified
2021-02-10 10:54:22.606 DEBUG 6596 --- [           main] o.s.w.s.h.BeanNameUrlHandlerMapping      : Rejected bean name 'org.springframework.boot.actuate.autoconfigure.web.mappings.MappingsEndpointAutoConfiguration': no URL paths identified
2021-02-10 10:54:22.606 DEBUG 6596 --- [           main] o.s.w.s.h.BeanNameUrlHandlerMapping      : Rejected bean name 'mappingsEndpoint': no URL paths identified
2021-02-10 10:54:22.606 DEBUG 6596 --- [           main] o.s.w.s.h.BeanNameUrlHandlerMapping      : Rejected bean name 'org.springframework.boot.autoconfigure.aop.AopAutoConfiguration$CglibAutoProxyConfiguration': no URL paths identified
2021-02-10 10:54:22.606 DEBUG 6596 --- [           main] o.s.w.s.h.BeanNameUrlHandlerMapping      : Rejected bean name 'org.springframework.boot.autoconfigure.aop.AopAutoConfiguration': no URL paths identified
2021-02-10 10:54:22.606 DEBUG 6596 --- [           main] o.s.w.s.h.BeanNameUrlHandlerMapping      : Rejected bean name 'org.springframework.boot.autoconfigure.context.ConfigurationPropertiesAutoConfiguration': no URL paths identified
2021-02-10 10:54:22.610 DEBUG 6596 --- [           main] o.s.w.s.h.BeanNameUrlHandlerMapping      : Rejected bean name 'org.springframework.boot.autoconfigure.dao.PersistenceExceptionTranslationAutoConfiguration': no URL paths identified
2021-02-10 10:54:22.616 DEBUG 6596 --- [           main] o.s.w.s.h.BeanNameUrlHandlerMapping      : Rejected bean name 'persistenceExceptionTranslationPostProcessor': no URL paths identified
2021-02-10 10:54:22.617 DEBUG 6596 --- [           main] o.s.w.s.h.BeanNameUrlHandlerMapping      : Rejected bean name 'org.springframework.boot.autoconfigure.data.jpa.JpaRepositoriesAutoConfiguration': no URL paths identified
2021-02-10 10:54:22.619 DEBUG 6596 --- [           main] o.s.w.s.h.BeanNameUrlHandlerMapping      : Rejected bean name 'emBeanDefinitionRegistrarPostProcessor': no URL paths identified
2021-02-10 10:54:22.619 DEBUG 6596 --- [           main] o.s.w.s.h.BeanNameUrlHandlerMapping      : Rejected bean name 'jpaContext': no URL paths identified
2021-02-10 10:54:22.619 DEBUG 6596 --- [           main] o.s.w.s.h.BeanNameUrlHandlerMapping      : Rejected bean name 'vetRepository': no URL paths identified
2021-02-10 10:54:22.623 DEBUG 6596 --- [           main] o.s.w.s.h.BeanNameUrlHandlerMapping      : Rejected bean name 'org.springframework.hateoas.config.HateoasConfiguration': no URL paths identified
2021-02-10 10:54:22.623 DEBUG 6596 --- [           main] o.s.w.s.h.BeanNameUrlHandlerMapping      : Rejected bean name 'linkRelationMessageSource': no URL paths identified
2021-02-10 10:54:22.623 DEBUG 6596 --- [           main] o.s.w.s.h.BeanNameUrlHandlerMapping      : Rejected bean name 'org.springframework.data.web.config.SpringDataJacksonConfiguration': no URL paths identified
2021-02-10 10:54:22.623 DEBUG 6596 --- [           main] o.s.w.s.h.BeanNameUrlHandlerMapping      : Rejected bean name 'jacksonGeoModule': no URL paths identified
2021-02-10 10:54:22.623 DEBUG 6596 --- [           main] o.s.w.s.h.BeanNameUrlHandlerMapping      : Rejected bean name 'org.springframework.data.rest.webmvc.config.RepositoryRestMvcConfiguration': no URL paths identified
2021-02-10 10:54:22.624 DEBUG 6596 --- [           main] o.s.w.s.h.BeanNameUrlHandlerMapping      : Rejected bean name 'repositories': no URL paths identified
2021-02-10 10:54:22.624 DEBUG 6596 --- [           main] o.s.w.s.h.BeanNameUrlHandlerMapping      : Rejected bean name 'repositoryRelProvider': no URL paths identified
2021-02-10 10:54:22.957 DEBUG 6596 --- [           main] o.s.w.s.h.BeanNameUrlHandlerMapping      : Rejected bean name 'persistentEntities': no URL paths identified
2021-02-10 10:54:22.957 DEBUG 6596 --- [           main] o.s.w.s.h.BeanNameUrlHandlerMapping      : Rejected bean name 'defaultConversionService': no URL paths identified
2021-02-10 10:54:22.957 DEBUG 6596 --- [           main] o.s.w.s.h.BeanNameUrlHandlerMapping      : Rejected bean name 'validatingRepositoryEventListener': no URL paths identified
2021-02-10 10:54:22.957 DEBUG 6596 --- [           main] o.s.w.s.h.BeanNameUrlHandlerMapping      : Rejected bean name 'jpaHelper': no URL paths identified
2021-02-10 10:54:22.957 DEBUG 6596 --- [           main] o.s.w.s.h.BeanNameUrlHandlerMapping      : Rejected bean name 'repositoryRestConfiguration': no URL paths identified
2021-02-10 10:54:22.957 DEBUG 6596 --- [           main] o.s.w.s.h.BeanNameUrlHandlerMapping      : Rejected bean name 'projectionDefinitionRegistrar': no URL paths identified
2021-02-10 10:54:22.957 DEBUG 6596 --- [           main] o.s.w.s.h.BeanNameUrlHandlerMapping      : Rejected bean name 'metadataConfiguration': no URL paths identified
2021-02-10 10:54:22.957 DEBUG 6596 --- [           main] o.s.w.s.h.BeanNameUrlHandlerMapping      : Rejected bean name 'baseUri': no URL paths identified
2021-02-10 10:54:22.957 DEBUG 6596 --- [           main] o.s.w.s.h.BeanNameUrlHandlerMapping      : Rejected bean name 'annotatedEventHandlerInvoker': no URL paths identified
2021-02-10 10:54:22.957 DEBUG 6596 --- [           main] o.s.w.s.h.BeanNameUrlHandlerMapping      : Rejected bean name 'domainObjectMerger': no URL paths identified
2021-02-10 10:54:22.957 DEBUG 6596 --- [           main] o.s.w.s.h.BeanNameUrlHandlerMapping      : Rejected bean name 'serverHttpRequestMethodArgumentResolver': no URL paths identified
2021-02-10 10:54:22.957 DEBUG 6596 --- [           main] o.s.w.s.h.BeanNameUrlHandlerMapping      : Rejected bean name 'repoRequestArgumentResolver': no URL paths identified
2021-02-10 10:54:22.957 DEBUG 6596 --- [           main] o.s.w.s.h.BeanNameUrlHandlerMapping      : Rejected bean name 'resourceMetadataHandlerMethodArgumentResolver': no URL paths identified
2021-02-10 10:54:22.957 DEBUG 6596 --- [           main] o.s.w.s.h.BeanNameUrlHandlerMapping      : Rejected bean name 'backendIdHandlerMethodArgumentResolver': no URL paths identified
2021-02-10 10:54:22.958 DEBUG 6596 --- [           main] o.s.w.s.h.BeanNameUrlHandlerMapping      : Rejected bean name 'eTagArgumentResolver': no URL paths identified
2021-02-10 10:54:22.958 DEBUG 6596 --- [           main] o.s.w.s.h.BeanNameUrlHandlerMapping      : Rejected bean name 'entityLinks': no URL paths identified
2021-02-10 10:54:22.958 DEBUG 6596 --- [           main] o.s.w.s.h.BeanNameUrlHandlerMapping      : Rejected bean name 'persistentEntityArgumentResolver': no URL paths identified
2021-02-10 10:54:22.958 DEBUG 6596 --- [           main] o.s.w.s.h.BeanNameUrlHandlerMapping      : Rejected bean name 'jsonSchemaConverter': no URL paths identified
2021-02-10 10:54:22.958 DEBUG 6596 --- [           main] o.s.w.s.h.BeanNameUrlHandlerMapping      : Rejected bean name 'resourceDescriptionMessageSourceAccessor': no URL paths identified
2021-02-10 10:54:22.958 DEBUG 6596 --- [           main] o.s.w.s.h.BeanNameUrlHandlerMapping      : Rejected bean name 'objectMapper': no URL paths identified
2021-02-10 10:54:22.959 DEBUG 6596 --- [           main] o.s.w.s.h.BeanNameUrlHandlerMapping      : Rejected bean name 'jacksonHttpMessageConverter': no URL paths identified
2021-02-10 10:54:22.959 DEBUG 6596 --- [           main] o.s.w.s.h.BeanNameUrlHandlerMapping      : Rejected bean name 'halJacksonHttpMessageConverter': no URL paths identified
2021-02-10 10:54:22.959 DEBUG 6596 --- [           main] o.s.w.s.h.BeanNameUrlHandlerMapping      : Rejected bean name 'halObjectMapper': no URL paths identified
2021-02-10 10:54:23.023 DEBUG 6596 --- [           main] o.s.w.s.h.BeanNameUrlHandlerMapping      : Rejected bean name 'uriListHttpMessageConverter': no URL paths identified
2021-02-10 10:54:23.023 DEBUG 6596 --- [           main] o.s.w.s.h.BeanNameUrlHandlerMapping      : Rejected bean name 'resourceProcessorInvoker': no URL paths identified
2021-02-10 10:54:23.023 DEBUG 6596 --- [           main] o.s.w.s.h.BeanNameUrlHandlerMapping      : Rejected bean name 'repositoryExporterHandlerAdapter': no URL paths identified
2021-02-10 10:54:23.023 DEBUG 6596 --- [           main] o.s.w.s.h.BeanNameUrlHandlerMapping      : Rejected bean name 'restHandlerMapping': no URL paths identified
2021-02-10 10:54:23.023 DEBUG 6596 --- [           main] o.s.w.s.h.BeanNameUrlHandlerMapping      : Rejected bean name 'resourceMappings': no URL paths identified
2021-02-10 10:54:23.023 DEBUG 6596 --- [           main] o.s.w.s.h.BeanNameUrlHandlerMapping      : Rejected bean name 'linkCollector': no URL paths identified
2021-02-10 10:54:23.023 DEBUG 6596 --- [           main] o.s.w.s.h.BeanNameUrlHandlerMapping      : Rejected bean name 'excerptProjector': no URL paths identified
2021-02-10 10:54:23.023 DEBUG 6596 --- [           main] o.s.w.s.h.BeanNameUrlHandlerMapping      : Rejected bean name 'repositoryRestExceptionHandler': no URL paths identified
2021-02-10 10:54:23.023 DEBUG 6596 --- [           main] o.s.w.s.h.BeanNameUrlHandlerMapping      : Rejected bean name 'repositoryInvokerFactory': no URL paths identified
2021-02-10 10:54:23.023 DEBUG 6596 --- [           main] o.s.w.s.h.BeanNameUrlHandlerMapping      : Rejected bean name 'defaultMessageConverters': no URL paths identified
2021-02-10 10:54:23.023 DEBUG 6596 --- [           main] o.s.w.s.h.BeanNameUrlHandlerMapping      : Rejected bean name 'alpsJsonHttpMessageConverter': no URL paths identified
2021-02-10 10:54:23.033 DEBUG 6596 --- [           main] o.s.w.s.h.BeanNameUrlHandlerMapping      : Rejected bean name 'pageableResolver': no URL paths identified
2021-02-10 10:54:23.034 DEBUG 6596 --- [           main] o.s.w.s.h.BeanNameUrlHandlerMapping      : Rejected bean name 'sortResolver': no URL paths identified
2021-02-10 10:54:23.034 DEBUG 6596 --- [           main] o.s.w.s.h.BeanNameUrlHandlerMapping      : Rejected bean name 'backendIdConverterRegistry': no URL paths identified
2021-02-10 10:54:23.037 DEBUG 6596 --- [           main] o.s.w.s.h.BeanNameUrlHandlerMapping      : Rejected bean name 'auditableBeanWrapperFactory': no URL paths identified
2021-02-10 10:54:23.038 DEBUG 6596 --- [           main] o.s.w.s.h.BeanNameUrlHandlerMapping      : Rejected bean name 'httpHeadersPreparer': no URL paths identified
2021-02-10 10:54:23.038 DEBUG 6596 --- [           main] o.s.w.s.h.BeanNameUrlHandlerMapping      : Rejected bean name 'selfLinkProvider': no URL paths identified
2021-02-10 10:54:23.038 DEBUG 6596 --- [           main] o.s.w.s.h.BeanNameUrlHandlerMapping      : Rejected bean name 'associationLinks': no URL paths identified
2021-02-10 10:54:23.038 DEBUG 6596 --- [           main] o.s.w.s.h.BeanNameUrlHandlerMapping      : Rejected bean name 'enumTranslator': no URL paths identified
2021-02-10 10:54:23.038 DEBUG 6596 --- [           main] o.s.w.s.h.BeanNameUrlHandlerMapping      : Rejected bean name 'alpsConverter': no URL paths identified
2021-02-10 10:54:23.038 DEBUG 6596 --- [           main] o.s.w.s.h.BeanNameUrlHandlerMapping      : Rejected bean name 'profileResourceProcessor': no URL paths identified
2021-02-10 10:54:23.038 DEBUG 6596 --- [           main] o.s.w.s.h.BeanNameUrlHandlerMapping      : Rejected bean name 'pagedResourcesAssembler': no URL paths identified
2021-02-10 10:54:23.046 DEBUG 6596 --- [           main] o.s.w.s.h.BeanNameUrlHandlerMapping      : Rejected bean name 'pagedResourcesAssemblerArgumentResolver': no URL paths identified
2021-02-10 10:54:23.046 DEBUG 6596 --- [           main] o.s.w.s.h.BeanNameUrlHandlerMapping      : Rejected bean name 'entityLinksPluginRegistry': no URL paths identified
2021-02-10 10:54:23.047 DEBUG 6596 --- [           main] o.s.w.s.h.BeanNameUrlHandlerMapping      : Rejected bean name 'controllerEntityLinks': no URL paths identified
2021-02-10 10:54:23.047 DEBUG 6596 --- [           main] o.s.w.s.h.BeanNameUrlHandlerMapping      : Rejected bean name 'delegatingEntityLinks': no URL paths identified
2021-02-10 10:54:23.047 DEBUG 6596 --- [           main] o.s.w.s.h.BeanNameUrlHandlerMapping      : Rejected bean name 'org.springframework.hateoas.hal.HalLinkDiscoverer#0': no URL paths identified
2021-02-10 10:54:23.047 DEBUG 6596 --- [           main] o.s.w.s.h.BeanNameUrlHandlerMapping      : Rejected bean name '_halObjectMapper': no URL paths identified
2021-02-10 10:54:23.047 DEBUG 6596 --- [           main] o.s.w.s.h.BeanNameUrlHandlerMapping      : Rejected bean name 'org.springframework.hateoas.config.HypermediaSupportBeanDefinitionRegistrar$DefaultObjectMapperCustomizer#0': no URL paths identified
2021-02-10 10:54:23.047 DEBUG 6596 --- [           main] o.s.w.s.h.BeanNameUrlHandlerMapping      : Rejected bean name 'org.springframework.hateoas.config.HypermediaSupportBeanDefinitionRegistrar$Jackson2ModuleRegisteringBeanPostProcessor#0': no URL paths identified
2021-02-10 10:54:23.047 DEBUG 6596 --- [           main] o.s.w.s.h.BeanNameUrlHandlerMapping      : Rejected bean name 'org.springframework.hateoas.hal.HalConfiguration#0': no URL paths identified
2021-02-10 10:54:23.047 DEBUG 6596 --- [           main] o.s.w.s.h.BeanNameUrlHandlerMapping      : Rejected bean name '_linkDiscovererRegistry': no URL paths identified
2021-02-10 10:54:23.047 DEBUG 6596 --- [           main] o.s.w.s.h.BeanNameUrlHandlerMapping      : Rejected bean name 'org.springframework.hateoas.LinkDiscoverers#0': no URL paths identified
2021-02-10 10:54:23.047 DEBUG 6596 --- [           main] o.s.w.s.h.BeanNameUrlHandlerMapping      : Rejected bean name 'defaultRelProvider': no URL paths identified
2021-02-10 10:54:23.047 DEBUG 6596 --- [           main] o.s.w.s.h.BeanNameUrlHandlerMapping      : Rejected bean name 'annotationRelProvider': no URL paths identified
2021-02-10 10:54:23.047 DEBUG 6596 --- [           main] o.s.w.s.h.BeanNameUrlHandlerMapping      : Rejected bean name 'relProviderPluginRegistry': no URL paths identified
2021-02-10 10:54:23.047 DEBUG 6596 --- [           main] o.s.w.s.h.BeanNameUrlHandlerMapping      : Rejected bean name '_relProvider': no URL paths identified
2021-02-10 10:54:23.047 DEBUG 6596 --- [           main] o.s.w.s.h.BeanNameUrlHandlerMapping      : Rejected bean name 'org.springframework.boot.autoconfigure.data.rest.RepositoryRestMvcAutoConfiguration': no URL paths identified
2021-02-10 10:54:23.047 DEBUG 6596 --- [           main] o.s.w.s.h.BeanNameUrlHandlerMapping      : Rejected bean name 'springBootRepositoryRestConfigurer': no URL paths identified
2021-02-10 10:54:23.047 DEBUG 6596 --- [           main] o.s.w.s.h.BeanNameUrlHandlerMapping      : Rejected bean name 'spring.data.rest-org.springframework.boot.autoconfigure.data.rest.RepositoryRestProperties': no URL paths identified
2021-02-10 10:54:23.048 DEBUG 6596 --- [           main] o.s.w.s.h.BeanNameUrlHandlerMapping      : Rejected bean name 'org.springframework.boot.autoconfigure.hateoas.HypermediaHttpMessageConverterConfiguration': no URL paths identified
2021-02-10 10:54:23.049 DEBUG 6596 --- [           main] o.s.w.s.h.BeanNameUrlHandlerMapping      : Rejected bean name 'halMessageConverterSupportedMediaTypeCustomizer': no URL paths identified
2021-02-10 10:54:23.049 DEBUG 6596 --- [           main] o.s.w.s.h.BeanNameUrlHandlerMapping      : Rejected bean name 'org.springframework.boot.autoconfigure.hateoas.HypermediaAutoConfiguration': no URL paths identified
2021-02-10 10:54:23.049 DEBUG 6596 --- [           main] o.s.w.s.h.BeanNameUrlHandlerMapping      : Rejected bean name 'spring.hateoas-org.springframework.boot.autoconfigure.hateoas.HateoasProperties': no URL paths identified
2021-02-10 10:54:23.049 DEBUG 6596 --- [           main] o.s.w.s.h.BeanNameUrlHandlerMapping      : Rejected bean name 'org.springframework.boot.autoconfigure.jdbc.DataSourceTransactionManagerAutoConfiguration$DataSourceTransactionManagerConfiguration': no URL paths identified
2021-02-10 10:54:23.050 DEBUG 6596 --- [           main] o.s.w.s.h.BeanNameUrlHandlerMapping      : Rejected bean name 'org.springframework.boot.autoconfigure.jdbc.DataSourceTransactionManagerAutoConfiguration': no URL paths identified
2021-02-10 10:54:23.050 DEBUG 6596 --- [           main] o.s.w.s.h.BeanNameUrlHandlerMapping      : Rejected bean name 'org.springframework.transaction.annotation.ProxyTransactionManagementConfiguration': no URL paths identified
2021-02-10 10:54:23.050 DEBUG 6596 --- [           main] o.s.w.s.h.BeanNameUrlHandlerMapping      : Rejected bean name 'org.springframework.transaction.config.internalTransactionAdvisor': no URL paths identified
2021-02-10 10:54:23.050 DEBUG 6596 --- [           main] o.s.w.s.h.BeanNameUrlHandlerMapping      : Rejected bean name 'transactionAttributeSource': no URL paths identified
2021-02-10 10:54:23.050 DEBUG 6596 --- [           main] o.s.w.s.h.BeanNameUrlHandlerMapping      : Rejected bean name 'transactionInterceptor': no URL paths identified
2021-02-10 10:54:23.050 DEBUG 6596 --- [           main] o.s.w.s.h.BeanNameUrlHandlerMapping      : Rejected bean name 'org.springframework.transaction.config.internalTransactionalEventListenerFactory': no URL paths identified
2021-02-10 10:54:23.050 DEBUG 6596 --- [           main] o.s.w.s.h.BeanNameUrlHandlerMapping      : Rejected bean name 'org.springframework.boot.autoconfigure.transaction.TransactionAutoConfiguration$EnableTransactionManagementConfiguration$CglibAutoProxyConfiguration': no URL paths identified
2021-02-10 10:54:23.050 DEBUG 6596 --- [           main] o.s.w.s.h.BeanNameUrlHandlerMapping      : Rejected bean name 'org.springframework.boot.autoconfigure.transaction.TransactionAutoConfiguration$EnableTransactionManagementConfiguration': no URL paths identified
2021-02-10 10:54:23.050 DEBUG 6596 --- [           main] o.s.w.s.h.BeanNameUrlHandlerMapping      : Rejected bean name 'org.springframework.boot.autoconfigure.transaction.TransactionAutoConfiguration$TransactionTemplateConfiguration': no URL paths identified
2021-02-10 10:54:23.050 DEBUG 6596 --- [           main] o.s.w.s.h.BeanNameUrlHandlerMapping      : Rejected bean name 'transactionTemplate': no URL paths identified
2021-02-10 10:54:23.050 DEBUG 6596 --- [           main] o.s.w.s.h.BeanNameUrlHandlerMapping      : Rejected bean name 'org.springframework.boot.autoconfigure.transaction.TransactionAutoConfiguration': no URL paths identified
2021-02-10 10:54:23.050 DEBUG 6596 --- [           main] o.s.w.s.h.BeanNameUrlHandlerMapping      : Rejected bean name 'platformTransactionManagerCustomizers': no URL paths identified
2021-02-10 10:54:23.050 DEBUG 6596 --- [           main] o.s.w.s.h.BeanNameUrlHandlerMapping      : Rejected bean name 'spring.transaction-org.springframework.boot.autoconfigure.transaction.TransactionProperties': no URL paths identified
2021-02-10 10:54:23.051 DEBUG 6596 --- [           main] o.s.w.s.h.BeanNameUrlHandlerMapping      : Rejected bean name 'org.springframework.boot.autoconfigure.security.reactive.ReactiveSecurityAutoConfiguration': no URL paths identified
2021-02-10 10:54:23.052 DEBUG 6596 --- [           main] o.s.w.s.h.BeanNameUrlHandlerMapping      : Rejected bean name 'spring.security-org.springframework.boot.autoconfigure.security.SecurityProperties': no URL paths identified
2021-02-10 10:54:23.052 DEBUG 6596 --- [           main] o.s.w.s.h.BeanNameUrlHandlerMapping      : Rejected bean name 'org.springframework.security.config.annotation.web.configuration.WebSecurityConfiguration': no URL paths identified
2021-02-10 10:54:23.052 DEBUG 6596 --- [           main] o.s.w.s.h.BeanNameUrlHandlerMapping      : Rejected bean name 'delegatingApplicationListener': no URL paths identified
2021-02-10 10:54:23.052 DEBUG 6596 --- [           main] o.s.w.s.h.BeanNameUrlHandlerMapping      : Rejected bean name 'webSecurityExpressionHandler': no URL paths identified
2021-02-10 10:54:23.052 DEBUG 6596 --- [           main] o.s.w.s.h.BeanNameUrlHandlerMapping      : Rejected bean name 'springSecurityFilterChain': no URL paths identified
2021-02-10 10:54:23.052 DEBUG 6596 --- [           main] o.s.w.s.h.BeanNameUrlHandlerMapping      : Rejected bean name 'privilegeEvaluator': no URL paths identified
2021-02-10 10:54:23.052 DEBUG 6596 --- [           main] o.s.w.s.h.BeanNameUrlHandlerMapping      : Rejected bean name 'autowiredWebSecurityConfigurersIgnoreParents': no URL paths identified
2021-02-10 10:54:23.052 DEBUG 6596 --- [           main] o.s.w.s.h.BeanNameUrlHandlerMapping      : Rejected bean name 'org.springframework.security.config.annotation.web.configuration.WebMvcSecurityConfiguration': no URL paths identified
2021-02-10 10:54:23.052 DEBUG 6596 --- [           main] o.s.w.s.h.BeanNameUrlHandlerMapping      : Rejected bean name 'requestDataValueProcessor': no URL paths identified
2021-02-10 10:54:23.052 DEBUG 6596 --- [           main] o.s.w.s.h.BeanNameUrlHandlerMapping      : Rejected bean name 'org.springframework.boot.autoconfigure.security.servlet.WebSecurityEnablerConfiguration': no URL paths identified
2021-02-10 10:54:23.052 DEBUG 6596 --- [           main] o.s.w.s.h.BeanNameUrlHandlerMapping      : Rejected bean name 'org.springframework.boot.autoconfigure.security.servlet.SecurityAutoConfiguration': no URL paths identified
2021-02-10 10:54:23.052 DEBUG 6596 --- [           main] o.s.w.s.h.BeanNameUrlHandlerMapping      : Rejected bean name 'authenticationEventPublisher': no URL paths identified
2021-02-10 10:54:23.052 DEBUG 6596 --- [           main] o.s.w.s.h.BeanNameUrlHandlerMapping      : Rejected bean name 'org.springframework.boot.autoconfigure.security.servlet.SecurityFilterAutoConfiguration': no URL paths identified
2021-02-10 10:54:23.052 DEBUG 6596 --- [           main] o.s.w.s.h.BeanNameUrlHandlerMapping      : Rejected bean name 'securityFilterChainRegistration': no URL paths identified
2021-02-10 10:54:23.052 DEBUG 6596 --- [           main] o.s.w.s.h.BeanNameUrlHandlerMapping      : Rejected bean name 'org.springframework.boot.autoconfigure.security.servlet.UserDetailsServiceAutoConfiguration': no URL paths identified
2021-02-10 10:54:23.052 DEBUG 6596 --- [           main] o.s.w.s.h.BeanNameUrlHandlerMapping      : Rejected bean name 'inMemoryUserDetailsManager': no URL paths identified
2021-02-10 10:54:23.053 DEBUG 6596 --- [           main] o.s.w.s.h.BeanNameUrlHandlerMapping      : Rejected bean name 'org.springframework.boot.autoconfigure.thymeleaf.ThymeleafAutoConfiguration$ThymeleafJava8TimeDialect': no URL paths identified
2021-02-10 10:54:23.053 DEBUG 6596 --- [           main] o.s.w.s.h.BeanNameUrlHandlerMapping      : Rejected bean name 'java8TimeDialect': no URL paths identified
2021-02-10 10:54:23.053 DEBUG 6596 --- [           main] o.s.w.s.h.BeanNameUrlHandlerMapping      : Rejected bean name 'org.springframework.boot.autoconfigure.thymeleaf.ThymeleafAutoConfiguration$ThymeleafDefaultConfiguration': no URL paths identified
2021-02-10 10:54:23.053 DEBUG 6596 --- [           main] o.s.w.s.h.BeanNameUrlHandlerMapping      : Rejected bean name 'templateEngine': no URL paths identified
2021-02-10 10:54:23.053 DEBUG 6596 --- [           main] o.s.w.s.h.BeanNameUrlHandlerMapping      : Rejected bean name 'org.springframework.boot.autoconfigure.thymeleaf.ThymeleafAutoConfiguration$DefaultTemplateResolverConfiguration': no URL paths identified
2021-02-10 10:54:23.053 DEBUG 6596 --- [           main] o.s.w.s.h.BeanNameUrlHandlerMapping      : Rejected bean name 'defaultTemplateResolver': no URL paths identified
2021-02-10 10:54:23.053 DEBUG 6596 --- [           main] o.s.w.s.h.BeanNameUrlHandlerMapping      : Rejected bean name 'org.springframework.boot.autoconfigure.thymeleaf.ThymeleafAutoConfiguration': no URL paths identified
2021-02-10 10:54:23.053 DEBUG 6596 --- [           main] o.s.w.s.h.BeanNameUrlHandlerMapping      : Rejected bean name 'spring.thymeleaf-org.springframework.boot.autoconfigure.thymeleaf.ThymeleafProperties': no URL paths identified
2021-02-10 10:54:23.053 DEBUG 6596 --- [           main] o.s.w.s.h.BeanNameUrlHandlerMapping      : Rejected bean name 'org.springframework.boot.autoconfigure.web.embedded.EmbeddedWebServerFactoryCustomizerAutoConfiguration$TomcatWebServerFactoryCustomizerConfiguration': no URL paths identified
2021-02-10 10:54:23.053 DEBUG 6596 --- [           main] o.s.w.s.h.BeanNameUrlHandlerMapping      : Rejected bean name 'tomcatWebServerFactoryCustomizer': no URL paths identified
2021-02-10 10:54:23.053 DEBUG 6596 --- [           main] o.s.w.s.h.BeanNameUrlHandlerMapping      : Rejected bean name 'org.springframework.boot.autoconfigure.web.embedded.EmbeddedWebServerFactoryCustomizerAutoConfiguration': no URL paths identified
2021-02-10 10:54:23.053 DEBUG 6596 --- [           main] o.s.w.s.h.BeanNameUrlHandlerMapping      : Rejected bean name 'org.springframework.boot.autoconfigure.web.servlet.HttpEncodingAutoConfiguration': no URL paths identified
2021-02-10 10:54:23.053 DEBUG 6596 --- [           main] o.s.w.s.h.BeanNameUrlHandlerMapping      : Rejected bean name 'characterEncodingFilter': no URL paths identified
2021-02-10 10:54:23.053 DEBUG 6596 --- [           main] o.s.w.s.h.BeanNameUrlHandlerMapping      : Rejected bean name 'localeCharsetMappingsCustomizer': no URL paths identified
2021-02-10 10:54:23.053 DEBUG 6596 --- [           main] o.s.w.s.h.BeanNameUrlHandlerMapping      : Rejected bean name 'org.springframework.boot.autoconfigure.web.servlet.MultipartAutoConfiguration': no URL paths identified
2021-02-10 10:54:23.053 DEBUG 6596 --- [           main] o.s.w.s.h.BeanNameUrlHandlerMapping      : Rejected bean name 'multipartConfigElement': no URL paths identified
2021-02-10 10:54:23.053 DEBUG 6596 --- [           main] o.s.w.s.h.BeanNameUrlHandlerMapping      : Rejected bean name 'multipartResolver': no URL paths identified
2021-02-10 10:54:23.054 DEBUG 6596 --- [           main] o.s.w.s.h.BeanNameUrlHandlerMapping      : Rejected bean name 'spring.servlet.multipart-org.springframework.boot.autoconfigure.web.servlet.MultipartProperties': no URL paths identified
2021-02-10 10:54:23.054 DEBUG 6596 --- [           main] o.s.w.s.h.BeanNameUrlHandlerMapping      : Rejected bean name 'org.springframework.boot.actuate.autoconfigure.endpoint.web.ServletEndpointManagementContextConfiguration': no URL paths identified
2021-02-10 10:54:23.054 DEBUG 6596 --- [           main] o.s.w.s.h.BeanNameUrlHandlerMapping      : Rejected bean name 'servletEndpointRegistrar': no URL paths identified
2021-02-10 10:54:23.054 DEBUG 6596 --- [           main] o.s.w.s.h.BeanNameUrlHandlerMapping      : Rejected bean name 'servletExposeExcludePropertyEndpointFilter': no URL paths identified
2021-02-10 10:54:23.054 DEBUG 6596 --- [           main] o.s.w.s.h.BeanNameUrlHandlerMapping      : Rejected bean name 'org.springframework.boot.actuate.autoconfigure.endpoint.web.servlet.WebMvcEndpointManagementContextConfiguration': no URL paths identified
2021-02-10 10:54:23.054 DEBUG 6596 --- [           main] o.s.w.s.h.BeanNameUrlHandlerMapping      : Rejected bean name 'webEndpointServletHandlerMapping': no URL paths identified
2021-02-10 10:54:23.054 DEBUG 6596 --- [           main] o.s.w.s.h.BeanNameUrlHandlerMapping      : Rejected bean name 'controllerEndpointHandlerMapping': no URL paths identified
2021-02-10 10:54:23.054 DEBUG 6596 --- [           main] o.s.w.s.h.BeanNameUrlHandlerMapping      : Rejected bean name 'management.endpoints.web.cors-org.springframework.boot.actuate.autoconfigure.endpoint.web.CorsEndpointProperties': no URL paths identified
2021-02-10 10:54:23.054 DEBUG 6596 --- [           main] o.s.w.s.h.BeanNameUrlHandlerMapping      : Rejected bean name 'org.springframework.boot.actuate.autoconfigure.web.server.ManagementContextAutoConfiguration$SameManagementContextConfiguration$EnableSameManagementContextConfiguration': no URL paths identified
2021-02-10 10:54:23.054 DEBUG 6596 --- [           main] o.s.w.s.h.BeanNameUrlHandlerMapping      : Rejected bean name 'org.springframework.boot.actuate.autoconfigure.web.server.ManagementContextAutoConfiguration$SameManagementContextConfiguration': no URL paths identified
2021-02-10 10:54:23.054 DEBUG 6596 --- [           main] o.s.w.s.h.BeanNameUrlHandlerMapping      : Rejected bean name 'org.springframework.boot.actuate.autoconfigure.web.server.ManagementContextAutoConfiguration': no URL paths identified
2021-02-10 10:54:23.054 DEBUG 6596 --- [           main] o.s.w.s.h.BeanNameUrlHandlerMapping      : Rejected bean name 'management.server-org.springframework.boot.actuate.autoconfigure.web.server.ManagementServerProperties': no URL paths identified
2021-02-10 10:54:23.054 DEBUG 6596 --- [           main] o.s.w.s.h.BeanNameUrlHandlerMapping      : Rejected bean name 'org.springframework.orm.jpa.SharedEntityManagerCreator#0': no URL paths identified
2021-02-10 10:54:23.054 DEBUG 6596 --- [           main] o.s.w.s.h.BeanNameUrlHandlerMapping      : Rejected bean name 'autoConfigurationReport': no URL paths identified
2021-02-10 10:54:23.054 DEBUG 6596 --- [           main] o.s.w.s.h.BeanNameUrlHandlerMapping      : Rejected bean name 'org.springframework.boot.context.ContextIdApplicationContextInitializer$ContextId': no URL paths identified
2021-02-10 10:54:23.054 DEBUG 6596 --- [           main] o.s.w.s.h.BeanNameUrlHandlerMapping      : Rejected bean name 'org.springframework.boot.test.context.filter.TestTypeExcludeFilter': no URL paths identified
2021-02-10 10:54:23.054 DEBUG 6596 --- [           main] o.s.w.s.h.BeanNameUrlHandlerMapping      : Rejected bean name 'org.springframework.boot.test.autoconfigure.properties.PropertyMappingContextCustomizer$PropertyMappingCheckBeanPostProcessor': no URL paths identified
2021-02-10 10:54:23.055 DEBUG 6596 --- [           main] o.s.w.s.h.BeanNameUrlHandlerMapping      : Rejected bean name 'springApplicationArguments': no URL paths identified
2021-02-10 10:54:23.055 DEBUG 6596 --- [           main] o.s.w.s.h.BeanNameUrlHandlerMapping      : Rejected bean name 'springBootBanner': no URL paths identified
2021-02-10 10:54:23.055 DEBUG 6596 --- [           main] o.s.w.s.h.BeanNameUrlHandlerMapping      : Rejected bean name 'springBootLoggingSystem': no URL paths identified
2021-02-10 10:54:23.055 DEBUG 6596 --- [           main] o.s.w.s.h.BeanNameUrlHandlerMapping      : Rejected bean name 'environment': no URL paths identified
2021-02-10 10:54:23.055 DEBUG 6596 --- [           main] o.s.w.s.h.BeanNameUrlHandlerMapping      : Rejected bean name 'systemProperties': no URL paths identified
2021-02-10 10:54:23.055 DEBUG 6596 --- [           main] o.s.w.s.h.BeanNameUrlHandlerMapping      : Rejected bean name 'systemEnvironment': no URL paths identified
2021-02-10 10:54:23.055 DEBUG 6596 --- [           main] o.s.w.s.h.BeanNameUrlHandlerMapping      : Rejected bean name 'servletContext': no URL paths identified
2021-02-10 10:54:23.055 DEBUG 6596 --- [           main] o.s.w.s.h.BeanNameUrlHandlerMapping      : Rejected bean name 'contextParameters': no URL paths identified
2021-02-10 10:54:23.055 DEBUG 6596 --- [           main] o.s.w.s.h.BeanNameUrlHandlerMapping      : Rejected bean name 'contextAttributes': no URL paths identified
2021-02-10 10:54:23.055 DEBUG 6596 --- [           main] o.s.w.s.h.BeanNameUrlHandlerMapping      : Rejected bean name 'org.springframework.context.annotation.ConfigurationClassPostProcessor.importRegistry': no URL paths identified
2021-02-10 10:54:23.055 DEBUG 6596 --- [           main] o.s.w.s.h.BeanNameUrlHandlerMapping      : Rejected bean name 'org.springframework.boot.test.mock.mockito.MockitoBeans': no URL paths identified
2021-02-10 10:54:23.055 DEBUG 6596 --- [           main] o.s.w.s.h.BeanNameUrlHandlerMapping      : Rejected bean name 'messageSource': no URL paths identified
2021-02-10 10:54:23.055 DEBUG 6596 --- [           main] o.s.w.s.h.BeanNameUrlHandlerMapping      : Rejected bean name 'applicationEventMulticaster': no URL paths identified
2021-02-10 10:54:23.223  INFO 6596 --- [           main] o.s.w.s.handler.SimpleUrlHandlerMapping  : Mapped URL path [/webjars/**] onto handler of type [class org.springframework.web.servlet.resource.ResourceHttpRequestHandler]
2021-02-10 10:54:23.224  INFO 6596 --- [           main] o.s.w.s.handler.SimpleUrlHandlerMapping  : Mapped URL path [/**] onto handler of type [class org.springframework.web.servlet.resource.ResourceHttpRequestHandler]
2021-02-10 10:54:23.224  INFO 6596 --- [           main] o.s.w.s.handler.SimpleUrlHandlerMapping  : Mapped URL path [/hal/browser/**] onto handler of type [class org.springframework.web.servlet.resource.ResourceHttpRequestHandler]
2021-02-10 10:54:23.769 DEBUG 6596 --- [           main] .m.m.a.ExceptionHandlerExceptionResolver : Looking for exception mappings: org.springframework.web.context.support.GenericWebApplicationContext@2141a12: startup date [Wed Feb 10 10:54:05 GMT+01:00 2021]; root of context hierarchy
2021-02-10 10:54:23.788  INFO 6596 --- [           main] .m.m.a.ExceptionHandlerExceptionResolver : Detected @ExceptionHandler methods in repositoryRestExceptionHandler
2021-02-10 10:54:24.312  INFO 6596 --- [           main] o.s.w.s.handler.SimpleUrlHandlerMapping  : Mapped URL path [/**/favicon.ico] onto handler of type [class org.springframework.web.servlet.resource.ResourceHttpRequestHandler]
2021-02-10 10:54:24.517  INFO 6596 --- [           main] o.s.b.a.w.s.WelcomePageHandlerMapping    : Adding welcome page template: index
2021-02-10 10:54:26.275  INFO 6596 --- [           main] o.s.d.r.w.RepositoryRestHandlerAdapter   : Looking for @ControllerAdvice: org.springframework.web.context.support.GenericWebApplicationContext@2141a12: startup date [Wed Feb 10 10:54:05 GMT+01:00 2021]; root of context hierarchy
2021-02-10 10:54:26.373  INFO 6596 --- [           main] o.s.d.r.w.RepositoryRestHandlerMapping   : Mapped "{[/hal/{repository}/{id}],methods=[GET],produces=[application/hal+json || application/json]}" onto public org.springframework.http.ResponseEntity<org.springframework.hateoas.Resource<?>> org.springframework.data.rest.webmvc.RepositoryEntityController.getItemResource(org.springframework.data.rest.webmvc.RootResourceInformation,java.io.Serializable,org.springframework.data.rest.webmvc.PersistentEntityResourceAssembler,org.springframework.http.HttpHeaders) throws org.springframework.web.HttpRequestMethodNotSupportedException
2021-02-10 10:54:26.377  INFO 6596 --- [           main] o.s.d.r.w.RepositoryRestHandlerMapping   : Mapped "{[/hal/{repository}/{id}],methods=[PUT],produces=[application/hal+json || application/json]}" onto public org.springframework.http.ResponseEntity<? extends org.springframework.hateoas.ResourceSupport> org.springframework.data.rest.webmvc.RepositoryEntityController.putItemResource(org.springframework.data.rest.webmvc.RootResourceInformation,org.springframework.data.rest.webmvc.PersistentEntityResource,java.io.Serializable,org.springframework.data.rest.webmvc.PersistentEntityResourceAssembler,org.springframework.data.rest.webmvc.support.ETag,java.lang.String) throws org.springframework.web.HttpRequestMethodNotSupportedException
2021-02-10 10:54:26.380  INFO 6596 --- [           main] o.s.d.r.w.RepositoryRestHandlerMapping   : Mapped "{[/hal/{repository}],methods=[GET],produces=[application/hal+json || application/json]}" onto public org.springframework.hateoas.Resources<?> org.springframework.data.rest.webmvc.RepositoryEntityController.getCollectionResource(org.springframework.data.rest.webmvc.RootResourceInformation,org.springframework.data.rest.webmvc.support.DefaultedPageable,org.springframework.data.domain.Sort,org.springframework.data.rest.webmvc.PersistentEntityResourceAssembler) throws org.springframework.data.rest.webmvc.ResourceNotFoundException,org.springframework.web.HttpRequestMethodNotSupportedException
2021-02-10 10:54:26.384  INFO 6596 --- [           main] o.s.d.r.w.RepositoryRestHandlerMapping   : Mapped "{[/hal/{repository}],methods=[GET],produces=[application/x-spring-data-compact+json || text/uri-list]}" onto public org.springframework.hateoas.Resources<?> org.springframework.data.rest.webmvc.RepositoryEntityController.getCollectionResourceCompact(org.springframework.data.rest.webmvc.RootResourceInformation,org.springframework.data.rest.webmvc.support.DefaultedPageable,org.springframework.data.domain.Sort,org.springframework.data.rest.webmvc.PersistentEntityResourceAssembler) throws org.springframework.data.rest.webmvc.ResourceNotFoundException,org.springframework.web.HttpRequestMethodNotSupportedException
2021-02-10 10:54:26.387  INFO 6596 --- [           main] o.s.d.r.w.RepositoryRestHandlerMapping   : Mapped "{[/hal/{repository}/{id}],methods=[OPTIONS],produces=[application/hal+json || application/json]}" onto public org.springframework.http.ResponseEntity<?> org.springframework.data.rest.webmvc.RepositoryEntityController.optionsForItemResource(org.springframework.data.rest.webmvc.RootResourceInformation)
2021-02-10 10:54:26.389  INFO 6596 --- [           main] o.s.d.r.w.RepositoryRestHandlerMapping   : Mapped "{[/hal/{repository}/{id}],methods=[PATCH],produces=[application/hal+json || application/json]}" onto public org.springframework.http.ResponseEntity<org.springframework.hateoas.ResourceSupport> org.springframework.data.rest.webmvc.RepositoryEntityController.patchItemResource(org.springframework.data.rest.webmvc.RootResourceInformation,org.springframework.data.rest.webmvc.PersistentEntityResource,java.io.Serializable,org.springframework.data.rest.webmvc.PersistentEntityResourceAssembler,org.springframework.data.rest.webmvc.support.ETag,java.lang.String) throws org.springframework.web.HttpRequestMethodNotSupportedException,org.springframework.data.rest.webmvc.ResourceNotFoundException
2021-02-10 10:54:26.393  INFO 6596 --- [           main] o.s.d.r.w.RepositoryRestHandlerMapping   : Mapped "{[/hal/{repository}],methods=[HEAD],produces=[application/hal+json || application/json]}" onto public org.springframework.http.ResponseEntity<?> org.springframework.data.rest.webmvc.RepositoryEntityController.headCollectionResource(org.springframework.data.rest.webmvc.RootResourceInformation,org.springframework.data.rest.webmvc.support.DefaultedPageable) throws org.springframework.web.HttpRequestMethodNotSupportedException
2021-02-10 10:54:26.394  INFO 6596 --- [           main] o.s.d.r.w.RepositoryRestHandlerMapping   : Mapped "{[/hal/{repository}],methods=[POST],produces=[application/hal+json || application/json]}" onto public org.springframework.http.ResponseEntity<org.springframework.hateoas.ResourceSupport> org.springframework.data.rest.webmvc.RepositoryEntityController.postCollectionResource(org.springframework.data.rest.webmvc.RootResourceInformation,org.springframework.data.rest.webmvc.PersistentEntityResource,org.springframework.data.rest.webmvc.PersistentEntityResourceAssembler,java.lang.String) throws org.springframework.web.HttpRequestMethodNotSupportedException
2021-02-10 10:54:26.395  INFO 6596 --- [           main] o.s.d.r.w.RepositoryRestHandlerMapping   : Mapped "{[/hal/{repository}/{id}],methods=[HEAD],produces=[application/hal+json || application/json]}" onto public org.springframework.http.ResponseEntity<?> org.springframework.data.rest.webmvc.RepositoryEntityController.headForItemResource(org.springframework.data.rest.webmvc.RootResourceInformation,java.io.Serializable,org.springframework.data.rest.webmvc.PersistentEntityResourceAssembler) throws org.springframework.web.HttpRequestMethodNotSupportedException
2021-02-10 10:54:26.396  INFO 6596 --- [           main] o.s.d.r.w.RepositoryRestHandlerMapping   : Mapped "{[/hal/{repository}],methods=[OPTIONS],produces=[application/hal+json || application/json]}" onto public org.springframework.http.ResponseEntity<?> org.springframework.data.rest.webmvc.RepositoryEntityController.optionsForCollectionResource(org.springframework.data.rest.webmvc.RootResourceInformation)
2021-02-10 10:54:26.397  INFO 6596 --- [           main] o.s.d.r.w.RepositoryRestHandlerMapping   : Mapped "{[/hal/{repository}/{id}],methods=[DELETE],produces=[application/hal+json || application/json]}" onto public org.springframework.http.ResponseEntity<?> org.springframework.data.rest.webmvc.RepositoryEntityController.deleteItemResource(org.springframework.data.rest.webmvc.RootResourceInformation,java.io.Serializable,org.springframework.data.rest.webmvc.support.ETag) throws org.springframework.data.rest.webmvc.ResourceNotFoundException,org.springframework.web.HttpRequestMethodNotSupportedException
2021-02-10 10:54:26.399  INFO 6596 --- [           main] o.s.d.r.w.RepositoryRestHandlerMapping   : Mapped "{[/hal/ || /hal],methods=[HEAD],produces=[application/hal+json || application/json]}" onto public org.springframework.http.ResponseEntity<?> org.springframework.data.rest.webmvc.RepositoryController.headForRepositories()
2021-02-10 10:54:26.399  INFO 6596 --- [           main] o.s.d.r.w.RepositoryRestHandlerMapping   : Mapped "{[/hal/ || /hal],methods=[OPTIONS],produces=[application/hal+json || application/json]}" onto public org.springframework.http.HttpEntity<?> org.springframework.data.rest.webmvc.RepositoryController.optionsForRepositories()
2021-02-10 10:54:26.400  INFO 6596 --- [           main] o.s.d.r.w.RepositoryRestHandlerMapping   : Mapped "{[/hal/ || /hal],methods=[GET],produces=[application/hal+json || application/json]}" onto public org.springframework.http.HttpEntity<org.springframework.data.rest.webmvc.RepositoryLinksResource> org.springframework.data.rest.webmvc.RepositoryController.listRepositories()
2021-02-10 10:54:26.404  INFO 6596 --- [           main] o.s.d.r.w.RepositoryRestHandlerMapping   : Mapped "{[/hal/{repository}/{id}/{property}],methods=[DELETE],produces=[application/hal+json || application/json]}" onto public org.springframework.http.ResponseEntity<? extends org.springframework.hateoas.ResourceSupport> org.springframework.data.rest.webmvc.RepositoryPropertyReferenceController.deletePropertyReference(org.springframework.data.rest.webmvc.RootResourceInformation,java.io.Serializable,java.lang.String) throws java.lang.Exception
2021-02-10 10:54:26.404  INFO 6596 --- [           main] o.s.d.r.w.RepositoryRestHandlerMapping   : Mapped "{[/hal/{repository}/{id}/{property}],methods=[GET],produces=[application/hal+json || application/json]}" onto public org.springframework.http.ResponseEntity<org.springframework.hateoas.ResourceSupport> org.springframework.data.rest.webmvc.RepositoryPropertyReferenceController.followPropertyReference(org.springframework.data.rest.webmvc.RootResourceInformation,java.io.Serializable,java.lang.String,org.springframework.data.rest.webmvc.PersistentEntityResourceAssembler) throws java.lang.Exception
2021-02-10 10:54:26.405  INFO 6596 --- [           main] o.s.d.r.w.RepositoryRestHandlerMapping   : Mapped "{[/hal/{repository}/{id}/{property}/{propertyId}],methods=[GET],produces=[application/hal+json || application/json]}" onto public org.springframework.http.ResponseEntity<org.springframework.hateoas.ResourceSupport> org.springframework.data.rest.webmvc.RepositoryPropertyReferenceController.followPropertyReference(org.springframework.data.rest.webmvc.RootResourceInformation,java.io.Serializable,java.lang.String,java.lang.String,org.springframework.data.rest.webmvc.PersistentEntityResourceAssembler) throws java.lang.Exception
2021-02-10 10:54:26.406  INFO 6596 --- [           main] o.s.d.r.w.RepositoryRestHandlerMapping   : Mapped "{[/hal/{repository}/{id}/{property}],methods=[GET],produces=[application/x-spring-data-compact+json || text/uri-list]}" onto public org.springframework.http.ResponseEntity<org.springframework.hateoas.ResourceSupport> org.springframework.data.rest.webmvc.RepositoryPropertyReferenceController.followPropertyReferenceCompact(org.springframework.data.rest.webmvc.RootResourceInformation,java.io.Serializable,java.lang.String,org.springframework.data.rest.webmvc.PersistentEntityResourceAssembler) throws java.lang.Exception
2021-02-10 10:54:26.407  INFO 6596 --- [           main] o.s.d.r.w.RepositoryRestHandlerMapping   : Mapped "{[/hal/{repository}/{id}/{property}],methods=[PATCH || PUT || POST],consumes=[application/json || application/x-spring-data-compact+json || text/uri-list],produces=[application/hal+json || application/json]}" onto public org.springframework.http.ResponseEntity<? extends org.springframework.hateoas.ResourceSupport> org.springframework.data.rest.webmvc.RepositoryPropertyReferenceController.createPropertyReference(org.springframework.data.rest.webmvc.RootResourceInformation,org.springframework.http.HttpMethod,org.springframework.hateoas.Resources<java.lang.Object>,java.io.Serializable,java.lang.String) throws java.lang.Exception
2021-02-10 10:54:26.407  INFO 6596 --- [           main] o.s.d.r.w.RepositoryRestHandlerMapping   : Mapped "{[/hal/{repository}/{id}/{property}/{propertyId}],methods=[DELETE],produces=[application/hal+json || application/json]}" onto public org.springframework.http.ResponseEntity<org.springframework.hateoas.ResourceSupport> org.springframework.data.rest.webmvc.RepositoryPropertyReferenceController.deletePropertyReferenceId(org.springframework.data.rest.webmvc.RootResourceInformation,java.io.Serializable,java.lang.String,java.lang.String) throws java.lang.Exception
2021-02-10 10:54:26.410  INFO 6596 --- [           main] o.s.d.r.w.RepositoryRestHandlerMapping   : Mapped "{[/hal/{repository}/search],methods=[OPTIONS],produces=[application/hal+json || application/json]}" onto public org.springframework.http.HttpEntity<?> org.springframework.data.rest.webmvc.RepositorySearchController.optionsForSearches(org.springframework.data.rest.webmvc.RootResourceInformation)
2021-02-10 10:54:26.410  INFO 6596 --- [           main] o.s.d.r.w.RepositoryRestHandlerMapping   : Mapped "{[/hal/{repository}/search/{search}],methods=[GET],produces=[application/x-spring-data-compact+json]}" onto public org.springframework.hateoas.ResourceSupport org.springframework.data.rest.webmvc.RepositorySearchController.executeSearchCompact(org.springframework.data.rest.webmvc.RootResourceInformation,org.springframework.http.HttpHeaders,org.springframework.util.MultiValueMap<java.lang.String, java.lang.Object>,java.lang.String,java.lang.String,org.springframework.data.rest.webmvc.support.DefaultedPageable,org.springframework.data.domain.Sort,org.springframework.data.rest.webmvc.PersistentEntityResourceAssembler)
2021-02-10 10:54:26.411  INFO 6596 --- [           main] o.s.d.r.w.RepositoryRestHandlerMapping   : Mapped "{[/hal/{repository}/search/{search}],methods=[HEAD],produces=[application/hal+json || application/json]}" onto public org.springframework.http.ResponseEntity<java.lang.Object> org.springframework.data.rest.webmvc.RepositorySearchController.headForSearch(org.springframework.data.rest.webmvc.RootResourceInformation,java.lang.String)
2021-02-10 10:54:26.412  INFO 6596 --- [           main] o.s.d.r.w.RepositoryRestHandlerMapping   : Mapped "{[/hal/{repository}/search/{search}],methods=[OPTIONS],produces=[application/hal+json || application/json]}" onto public org.springframework.http.ResponseEntity<java.lang.Object> org.springframework.data.rest.webmvc.RepositorySearchController.optionsForSearch(org.springframework.data.rest.webmvc.RootResourceInformation,java.lang.String)
2021-02-10 10:54:26.412  INFO 6596 --- [           main] o.s.d.r.w.RepositoryRestHandlerMapping   : Mapped "{[/hal/{repository}/search],methods=[GET],produces=[application/hal+json || application/json]}" onto public org.springframework.data.rest.webmvc.RepositorySearchesResource org.springframework.data.rest.webmvc.RepositorySearchController.listSearches(org.springframework.data.rest.webmvc.RootResourceInformation)
2021-02-10 10:54:26.413  INFO 6596 --- [           main] o.s.d.r.w.RepositoryRestHandlerMapping   : Mapped "{[/hal/{repository}/search],methods=[HEAD],produces=[application/hal+json || application/json]}" onto public org.springframework.http.HttpEntity<?> org.springframework.data.rest.webmvc.RepositorySearchController.headForSearches(org.springframework.data.rest.webmvc.RootResourceInformation)
2021-02-10 10:54:26.413  INFO 6596 --- [           main] o.s.d.r.w.RepositoryRestHandlerMapping   : Mapped "{[/hal/{repository}/search/{search}],methods=[GET],produces=[application/hal+json || application/json]}" onto public org.springframework.http.ResponseEntity<?> org.springframework.data.rest.webmvc.RepositorySearchController.executeSearch(org.springframework.data.rest.webmvc.RootResourceInformation,org.springframework.util.MultiValueMap<java.lang.String, java.lang.Object>,java.lang.String,org.springframework.data.rest.webmvc.support.DefaultedPageable,org.springframework.data.domain.Sort,org.springframework.data.rest.webmvc.PersistentEntityResourceAssembler,org.springframework.http.HttpHeaders)
2021-02-10 10:54:26.421  INFO 6596 --- [           main] o.s.d.r.w.BasePathAwareHandlerMapping    : Mapped "{[/hal/profile/{repository}],methods=[GET],produces=[application/schema+json]}" onto public org.springframework.http.HttpEntity<org.springframework.data.rest.webmvc.json.JsonSchema> org.springframework.data.rest.webmvc.RepositorySchemaController.schema(org.springframework.data.rest.webmvc.RootResourceInformation)
2021-02-10 10:54:26.421  INFO 6596 --- [           main] o.s.d.r.w.BasePathAwareHandlerMapping    : Mapped "{[/hal/profile],methods=[GET]}" onto org.springframework.http.HttpEntity<org.springframework.hateoas.ResourceSupport> org.springframework.data.rest.webmvc.ProfileController.listAllFormsOfMetadata()
2021-02-10 10:54:26.422  INFO 6596 --- [           main] o.s.d.r.w.BasePathAwareHandlerMapping    : Mapped "{[/hal/profile],methods=[OPTIONS]}" onto public org.springframework.http.HttpEntity<?> org.springframework.data.rest.webmvc.ProfileController.profileOptions()
2021-02-10 10:54:26.423  INFO 6596 --- [           main] o.s.d.r.w.BasePathAwareHandlerMapping    : Mapped "{[/hal/profile/{repository}],methods=[GET],produces=[application/alps+json || */*]}" onto org.springframework.http.HttpEntity<org.springframework.data.rest.webmvc.RootResourceInformation> org.springframework.data.rest.webmvc.alps.AlpsController.descriptor(org.springframework.data.rest.webmvc.RootResourceInformation)
2021-02-10 10:54:26.423  INFO 6596 --- [           main] o.s.d.r.w.BasePathAwareHandlerMapping    : Mapped "{[/hal/profile/{repository}],methods=[OPTIONS],produces=[application/alps+json]}" onto org.springframework.http.HttpEntity<?> org.springframework.data.rest.webmvc.alps.AlpsController.alpsOptions()
2021-02-10 10:54:26.424  INFO 6596 --- [           main] o.s.d.r.w.BasePathAwareHandlerMapping    : Mapped "{[/hal/ || /hal],methods=[GET],produces=[text/html]}" onto public org.springframework.web.servlet.View org.springframework.data.rest.webmvc.halbrowser.HalBrowser.index(javax.servlet.http.HttpServletRequest)
2021-02-10 10:54:26.424  INFO 6596 --- [           main] o.s.d.r.w.BasePathAwareHandlerMapping    : Mapped "{[/hal/browser],methods=[GET]}" onto public org.springframework.web.servlet.View org.springframework.data.rest.webmvc.halbrowser.HalBrowser.browser(javax.servlet.http.HttpServletRequest)
2021-02-10 10:54:26.999 DEBUG 6596 --- [           main] eGlobalAuthenticationAutowiredConfigurer : Eagerly initializing {securityConfiguration=com.javaegitimleri.petclinic.SecurityConfiguration$$EnhancerBySpringCGLIB$$c6f741b3@15e5246, org.springframework.boot.autoconfigure.security.servlet.WebSecurityEnablerConfiguration=org.springframework.boot.autoconfigure.security.servlet.WebSecurityEnablerConfiguration$$EnhancerBySpringCGLIB$$ef116bf2@683ed81b}
2021-02-10 10:54:27.399 DEBUG 6596 --- [           main] edFilterInvocationSecurityMetadataSource : Adding web access control expression 'permitAll', for org.springframework.security.web.util.matcher.AnyRequestMatcher@1
2021-02-10 10:54:27.412 DEBUG 6596 --- [           main] o.s.s.w.a.i.FilterSecurityInterceptor    : Validated configuration attributes
2021-02-10 10:54:27.414 DEBUG 6596 --- [           main] o.s.s.w.a.i.FilterSecurityInterceptor    : Validated configuration attributes
2021-02-10 10:54:27.431  INFO 6596 --- [           main] o.s.s.web.DefaultSecurityFilterChain     : Creating filter chain: Ant [pattern='/hal/**'], [org.springframework.security.web.context.request.async.WebAsyncManagerIntegrationFilter@52bb3dcd, org.springframework.security.web.context.SecurityContextPersistenceFilter@18f13756, org.springframework.security.web.header.HeaderWriterFilter@3f9e8af5, org.springframework.security.web.authentication.logout.LogoutFilter@6694fb1b, org.springframework.security.web.savedrequest.RequestCacheAwareFilter@2ac3d530, org.springframework.security.web.servletapi.SecurityContextHolderAwareRequestFilter@6bf28f61, org.springframework.security.web.authentication.AnonymousAuthenticationFilter@654db80b, org.springframework.security.web.session.SessionManagementFilter@47772462, org.springframework.security.web.access.ExceptionTranslationFilter@446a692f, org.springframework.security.web.access.intercept.FilterSecurityInterceptor@4e02f17d]
2021-02-10 10:54:27.436 DEBUG 6596 --- [           main] edFilterInvocationSecurityMetadataSource : Adding web access control expression 'permitAll', for org.springframework.security.web.util.matcher.AnyRequestMatcher@1
2021-02-10 10:54:27.436 DEBUG 6596 --- [           main] o.s.s.w.a.i.FilterSecurityInterceptor    : Validated configuration attributes
2021-02-10 10:54:27.436 DEBUG 6596 --- [           main] o.s.s.w.a.i.FilterSecurityInterceptor    : Validated configuration attributes
2021-02-10 10:54:27.441  INFO 6596 --- [           main] o.s.s.web.DefaultSecurityFilterChain     : Creating filter chain: Ant [pattern='/h2-console/**'], [org.springframework.security.web.context.request.async.WebAsyncManagerIntegrationFilter@52c6e959, org.springframework.security.web.context.SecurityContextPersistenceFilter@10f10230, org.springframework.security.web.header.HeaderWriterFilter@6be80629, org.springframework.security.web.authentication.logout.LogoutFilter@2ed35f24, org.springframework.security.web.savedrequest.RequestCacheAwareFilter@3dec769, org.springframework.security.web.servletapi.SecurityContextHolderAwareRequestFilter@282c5075, org.springframework.security.web.authentication.AnonymousAuthenticationFilter@4b475742, org.springframework.security.web.session.SessionManagementFilter@20a4cba7, org.springframework.security.web.access.ExceptionTranslationFilter@3be50b2c, org.springframework.security.web.access.intercept.FilterSecurityInterceptor@3d405fe5]
2021-02-10 10:54:27.458 DEBUG 6596 --- [           main] edFilterInvocationSecurityMetadataSource : Adding web access control expression 'hasRole('EDITOR')', for Ant [pattern='/rest/**']
2021-02-10 10:54:27.462 DEBUG 6596 --- [           main] o.s.s.w.a.i.FilterSecurityInterceptor    : Validated configuration attributes
2021-02-10 10:54:27.462 DEBUG 6596 --- [           main] o.s.s.w.a.i.FilterSecurityInterceptor    : Validated configuration attributes
2021-02-10 10:54:27.485  INFO 6596 --- [           main] o.s.s.web.DefaultSecurityFilterChain     : Creating filter chain: Ant [pattern='/rest/**'], [org.springframework.security.web.context.request.async.WebAsyncManagerIntegrationFilter@73d8c8d7, org.springframework.security.web.context.SecurityContextPersistenceFilter@f9de1fd, org.springframework.security.web.header.HeaderWriterFilter@8d7718e, org.springframework.security.web.authentication.logout.LogoutFilter@686fb58a, org.springframework.security.web.authentication.www.BasicAuthenticationFilter@4be1dce6, org.springframework.security.web.savedrequest.RequestCacheAwareFilter@4fef4f96, org.springframework.security.web.servletapi.SecurityContextHolderAwareRequestFilter@7c871ce4, org.springframework.security.web.authentication.AnonymousAuthenticationFilter@361b3ca6, org.springframework.security.web.session.SessionManagementFilter@1bbb48dd, org.springframework.security.web.access.ExceptionTranslationFilter@359ea595, org.springframework.security.web.access.intercept.FilterSecurityInterceptor@1669f4e5]
2021-02-10 10:54:27.531 DEBUG 6596 --- [           main] edFilterInvocationSecurityMetadataSource : Adding web access control expression 'permitAll', for Ant [pattern='/**/favicon.ico']
2021-02-10 10:54:27.536 DEBUG 6596 --- [           main] edFilterInvocationSecurityMetadataSource : Adding web access control expression 'permitAll', for Ant [pattern='/css/**']
2021-02-10 10:54:27.536 DEBUG 6596 --- [           main] edFilterInvocationSecurityMetadataSource : Adding web access control expression 'permitAll', for Ant [pattern='/js/**']
2021-02-10 10:54:27.538 DEBUG 6596 --- [           main] edFilterInvocationSecurityMetadataSource : Adding web access control expression 'permitAll', for Ant [pattern='images/**']
2021-02-10 10:54:27.538 DEBUG 6596 --- [           main] edFilterInvocationSecurityMetadataSource : Adding web access control expression 'permitAll', for Ant [pattern='/webjars/**']
2021-02-10 10:54:27.539 DEBUG 6596 --- [           main] edFilterInvocationSecurityMetadataSource : Adding web access control expression 'permitAll', for Ant [pattern='/login.html']
2021-02-10 10:54:27.540 DEBUG 6596 --- [           main] edFilterInvocationSecurityMetadataSource : Adding web access control expression 'hasRole('ADMIN')', for Ant [pattern='/actuator/**']
2021-02-10 10:54:27.540 DEBUG 6596 --- [           main] edFilterInvocationSecurityMetadataSource : Adding web access control expression 'authenticated', for org.springframework.security.web.util.matcher.AnyRequestMatcher@1
2021-02-10 10:54:27.541 DEBUG 6596 --- [           main] o.s.s.w.a.i.FilterSecurityInterceptor    : Validated configuration attributes
2021-02-10 10:54:27.542 DEBUG 6596 --- [           main] o.s.s.w.a.i.FilterSecurityInterceptor    : Validated configuration attributes
2021-02-10 10:54:27.594  INFO 6596 --- [           main] o.s.s.web.DefaultSecurityFilterChain     : Creating filter chain: org.springframework.security.web.util.matcher.AnyRequestMatcher@1, [org.springframework.security.web.context.request.async.WebAsyncManagerIntegrationFilter@ea84346, org.springframework.security.web.context.SecurityContextPersistenceFilter@52f7fa65, org.springframework.security.web.header.HeaderWriterFilter@7f8cd5fc, org.springframework.security.web.csrf.CsrfFilter@6ed7b9c5, org.springframework.security.web.authentication.logout.LogoutFilter@65b680b4, org.springframework.security.web.authentication.UsernamePasswordAuthenticationFilter@48aaaed9, org.springframework.security.web.savedrequest.RequestCacheAwareFilter@62c6db99, org.springframework.security.web.servletapi.SecurityContextHolderAwareRequestFilter@7bfcc108, org.springframework.security.web.authentication.rememberme.RememberMeAuthenticationFilter@2fcffc05, org.springframework.security.web.authentication.AnonymousAuthenticationFilter@4e614370, org.springframework.security.web.session.SessionManagementFilter@2c465259, org.springframework.security.web.access.ExceptionTranslationFilter@1b556a88, org.springframework.security.web.access.intercept.FilterSecurityInterceptor@4a3bf37c]
2021-02-10 10:54:28.026  INFO 6596 --- [           main] s.b.a.e.w.s.WebMvcEndpointHandlerMapping : Mapped "{[/actuator/auditevents],methods=[GET],produces=[application/vnd.spring-boot.actuator.v2+json || application/json]}" onto public java.lang.Object org.springframework.boot.actuate.endpoint.web.servlet.AbstractWebMvcEndpointHandlerMapping$OperationHandler.handle(javax.servlet.http.HttpServletRequest,java.util.Map<java.lang.String, java.lang.String>)
2021-02-10 10:54:28.027  INFO 6596 --- [           main] s.b.a.e.w.s.WebMvcEndpointHandlerMapping : Mapped "{[/actuator/beans],methods=[GET],produces=[application/vnd.spring-boot.actuator.v2+json || application/json]}" onto public java.lang.Object org.springframework.boot.actuate.endpoint.web.servlet.AbstractWebMvcEndpointHandlerMapping$OperationHandler.handle(javax.servlet.http.HttpServletRequest,java.util.Map<java.lang.String, java.lang.String>)
2021-02-10 10:54:28.028  INFO 6596 --- [           main] s.b.a.e.w.s.WebMvcEndpointHandlerMapping : Mapped "{[/actuator/health],methods=[GET],produces=[application/vnd.spring-boot.actuator.v2+json || application/json]}" onto public java.lang.Object org.springframework.boot.actuate.endpoint.web.servlet.AbstractWebMvcEndpointHandlerMapping$OperationHandler.handle(javax.servlet.http.HttpServletRequest,java.util.Map<java.lang.String, java.lang.String>)
2021-02-10 10:54:28.028  INFO 6596 --- [           main] s.b.a.e.w.s.WebMvcEndpointHandlerMapping : Mapped "{[/actuator/conditions],methods=[GET],produces=[application/vnd.spring-boot.actuator.v2+json || application/json]}" onto public java.lang.Object org.springframework.boot.actuate.endpoint.web.servlet.AbstractWebMvcEndpointHandlerMapping$OperationHandler.handle(javax.servlet.http.HttpServletRequest,java.util.Map<java.lang.String, java.lang.String>)
2021-02-10 10:54:28.029  INFO 6596 --- [           main] s.b.a.e.w.s.WebMvcEndpointHandlerMapping : Mapped "{[/actuator/shutdown],methods=[POST],produces=[application/vnd.spring-boot.actuator.v2+json || application/json]}" onto public java.lang.Object org.springframework.boot.actuate.endpoint.web.servlet.AbstractWebMvcEndpointHandlerMapping$OperationHandler.handle(javax.servlet.http.HttpServletRequest,java.util.Map<java.lang.String, java.lang.String>)
2021-02-10 10:54:28.029  INFO 6596 --- [           main] s.b.a.e.w.s.WebMvcEndpointHandlerMapping : Mapped "{[/actuator/configprops],methods=[GET],produces=[application/vnd.spring-boot.actuator.v2+json || application/json]}" onto public java.lang.Object org.springframework.boot.actuate.endpoint.web.servlet.AbstractWebMvcEndpointHandlerMapping$OperationHandler.handle(javax.servlet.http.HttpServletRequest,java.util.Map<java.lang.String, java.lang.String>)
2021-02-10 10:54:28.030  INFO 6596 --- [           main] s.b.a.e.w.s.WebMvcEndpointHandlerMapping : Mapped "{[/actuator/env],methods=[GET],produces=[application/vnd.spring-boot.actuator.v2+json || application/json]}" onto public java.lang.Object org.springframework.boot.actuate.endpoint.web.servlet.AbstractWebMvcEndpointHandlerMapping$OperationHandler.handle(javax.servlet.http.HttpServletRequest,java.util.Map<java.lang.String, java.lang.String>)
2021-02-10 10:54:28.030  INFO 6596 --- [           main] s.b.a.e.w.s.WebMvcEndpointHandlerMapping : Mapped "{[/actuator/env/{toMatch}],methods=[GET],produces=[application/vnd.spring-boot.actuator.v2+json || application/json]}" onto public java.lang.Object org.springframework.boot.actuate.endpoint.web.servlet.AbstractWebMvcEndpointHandlerMapping$OperationHandler.handle(javax.servlet.http.HttpServletRequest,java.util.Map<java.lang.String, java.lang.String>)
2021-02-10 10:54:28.031  INFO 6596 --- [           main] s.b.a.e.w.s.WebMvcEndpointHandlerMapping : Mapped "{[/actuator/info],methods=[GET],produces=[application/vnd.spring-boot.actuator.v2+json || application/json]}" onto public java.lang.Object org.springframework.boot.actuate.endpoint.web.servlet.AbstractWebMvcEndpointHandlerMapping$OperationHandler.handle(javax.servlet.http.HttpServletRequest,java.util.Map<java.lang.String, java.lang.String>)
2021-02-10 10:54:28.031  INFO 6596 --- [           main] s.b.a.e.w.s.WebMvcEndpointHandlerMapping : Mapped "{[/actuator/logfile],methods=[GET],produces=[application/octet-stream]}" onto public java.lang.Object org.springframework.boot.actuate.endpoint.web.servlet.AbstractWebMvcEndpointHandlerMapping$OperationHandler.handle(javax.servlet.http.HttpServletRequest,java.util.Map<java.lang.String, java.lang.String>)
2021-02-10 10:54:28.032  INFO 6596 --- [           main] s.b.a.e.w.s.WebMvcEndpointHandlerMapping : Mapped "{[/actuator/loggers],methods=[GET],produces=[application/vnd.spring-boot.actuator.v2+json || application/json]}" onto public java.lang.Object org.springframework.boot.actuate.endpoint.web.servlet.AbstractWebMvcEndpointHandlerMapping$OperationHandler.handle(javax.servlet.http.HttpServletRequest,java.util.Map<java.lang.String, java.lang.String>)
2021-02-10 10:54:28.032  INFO 6596 --- [           main] s.b.a.e.w.s.WebMvcEndpointHandlerMapping : Mapped "{[/actuator/loggers/{name}],methods=[GET],produces=[application/vnd.spring-boot.actuator.v2+json || application/json]}" onto public java.lang.Object org.springframework.boot.actuate.endpoint.web.servlet.AbstractWebMvcEndpointHandlerMapping$OperationHandler.handle(javax.servlet.http.HttpServletRequest,java.util.Map<java.lang.String, java.lang.String>)
2021-02-10 10:54:28.033  INFO 6596 --- [           main] s.b.a.e.w.s.WebMvcEndpointHandlerMapping : Mapped "{[/actuator/loggers/{name}],methods=[POST],consumes=[application/vnd.spring-boot.actuator.v2+json || application/json]}" onto public java.lang.Object org.springframework.boot.actuate.endpoint.web.servlet.AbstractWebMvcEndpointHandlerMapping$OperationHandler.handle(javax.servlet.http.HttpServletRequest,java.util.Map<java.lang.String, java.lang.String>)
2021-02-10 10:54:28.033  INFO 6596 --- [           main] s.b.a.e.w.s.WebMvcEndpointHandlerMapping : Mapped "{[/actuator/heapdump],methods=[GET],produces=[application/octet-stream]}" onto public java.lang.Object org.springframework.boot.actuate.endpoint.web.servlet.AbstractWebMvcEndpointHandlerMapping$OperationHandler.handle(javax.servlet.http.HttpServletRequest,java.util.Map<java.lang.String, java.lang.String>)
2021-02-10 10:54:28.034  INFO 6596 --- [           main] s.b.a.e.w.s.WebMvcEndpointHandlerMapping : Mapped "{[/actuator/threaddump],methods=[GET],produces=[application/vnd.spring-boot.actuator.v2+json || application/json]}" onto public java.lang.Object org.springframework.boot.actuate.endpoint.web.servlet.AbstractWebMvcEndpointHandlerMapping$OperationHandler.handle(javax.servlet.http.HttpServletRequest,java.util.Map<java.lang.String, java.lang.String>)
2021-02-10 10:54:28.034  INFO 6596 --- [           main] s.b.a.e.w.s.WebMvcEndpointHandlerMapping : Mapped "{[/actuator/metrics/{requiredMetricName}],methods=[GET],produces=[application/vnd.spring-boot.actuator.v2+json || application/json]}" onto public java.lang.Object org.springframework.boot.actuate.endpoint.web.servlet.AbstractWebMvcEndpointHandlerMapping$OperationHandler.handle(javax.servlet.http.HttpServletRequest,java.util.Map<java.lang.String, java.lang.String>)
2021-02-10 10:54:28.035  INFO 6596 --- [           main] s.b.a.e.w.s.WebMvcEndpointHandlerMapping : Mapped "{[/actuator/metrics],methods=[GET],produces=[application/vnd.spring-boot.actuator.v2+json || application/json]}" onto public java.lang.Object org.springframework.boot.actuate.endpoint.web.servlet.AbstractWebMvcEndpointHandlerMapping$OperationHandler.handle(javax.servlet.http.HttpServletRequest,java.util.Map<java.lang.String, java.lang.String>)
2021-02-10 10:54:28.036  INFO 6596 --- [           main] s.b.a.e.w.s.WebMvcEndpointHandlerMapping : Mapped "{[/actuator/scheduledtasks],methods=[GET],produces=[application/vnd.spring-boot.actuator.v2+json || application/json]}" onto public java.lang.Object org.springframework.boot.actuate.endpoint.web.servlet.AbstractWebMvcEndpointHandlerMapping$OperationHandler.handle(javax.servlet.http.HttpServletRequest,java.util.Map<java.lang.String, java.lang.String>)
2021-02-10 10:54:28.036  INFO 6596 --- [           main] s.b.a.e.w.s.WebMvcEndpointHandlerMapping : Mapped "{[/actuator/httptrace],methods=[GET],produces=[application/vnd.spring-boot.actuator.v2+json || application/json]}" onto public java.lang.Object org.springframework.boot.actuate.endpoint.web.servlet.AbstractWebMvcEndpointHandlerMapping$OperationHandler.handle(javax.servlet.http.HttpServletRequest,java.util.Map<java.lang.String, java.lang.String>)
2021-02-10 10:54:28.067  INFO 6596 --- [           main] s.b.a.e.w.s.WebMvcEndpointHandlerMapping : Mapped "{[/actuator/mappings],methods=[GET],produces=[application/vnd.spring-boot.actuator.v2+json || application/json]}" onto public java.lang.Object org.springframework.boot.actuate.endpoint.web.servlet.AbstractWebMvcEndpointHandlerMapping$OperationHandler.handle(javax.servlet.http.HttpServletRequest,java.util.Map<java.lang.String, java.lang.String>)
2021-02-10 10:54:28.069  INFO 6596 --- [           main] s.b.a.e.w.s.WebMvcEndpointHandlerMapping : Mapped "{[/actuator],methods=[GET],produces=[application/vnd.spring-boot.actuator.v2+json || application/json]}" onto protected java.util.Map<java.lang.String, java.util.Map<java.lang.String, org.springframework.boot.actuate.endpoint.web.Link>> org.springframework.boot.actuate.endpoint.web.servlet.WebMvcEndpointHandlerMapping.links(javax.servlet.http.HttpServletRequest,javax.servlet.http.HttpServletResponse)
2021-02-10 10:54:28.560 DEBUG 6596 --- [           main] o.s.w.c.s.GenericWebApplicationContext   : Unable to locate LifecycleProcessor with name 'lifecycleProcessor': using default [org.springframework.context.support.DefaultLifecycleProcessor@430212cb]
2021-02-10 10:54:28.587 DEBUG 6596 --- [           main] o.s.w.s.resource.ResourceUrlProvider     : Looking for resource handler mappings
2021-02-10 10:54:28.590 DEBUG 6596 --- [           main] o.s.w.s.resource.ResourceUrlProvider     : Found resource handler mapping: URL pattern="/**/favicon.ico", locations=[class path resource [META-INF/resources/], class path resource [resources/], class path resource [static/], class path resource [public/], ServletContext resource [/], class path resource []], resolvers=[org.springframework.web.servlet.resource.PathResourceResolver@20e48e63]
2021-02-10 10:54:28.590 DEBUG 6596 --- [           main] o.s.w.s.resource.ResourceUrlProvider     : Found resource handler mapping: URL pattern="/webjars/**", locations=[class path resource [META-INF/resources/webjars/]], resolvers=[org.springframework.web.servlet.resource.CachingResourceResolver@6d7677d8, org.springframework.web.servlet.resource.VersionResourceResolver@6705b763, org.springframework.web.servlet.resource.PathResourceResolver@e04b8a0]
2021-02-10 10:54:28.594 DEBUG 6596 --- [           main] o.s.w.s.resource.ResourceUrlProvider     : Found resource handler mapping: URL pattern="/**", locations=[class path resource [META-INF/resources/], class path resource [resources/], class path resource [static/], class path resource [public/], ServletContext resource [/]], resolvers=[org.springframework.web.servlet.resource.CachingResourceResolver@a97a895, org.springframework.web.servlet.resource.VersionResourceResolver@5401c6a8, org.springframework.web.servlet.resource.PathResourceResolver@1ef5cde4]
2021-02-10 10:54:28.597 DEBUG 6596 --- [           main] o.s.w.s.resource.ResourceUrlProvider     : Found resource handler mapping: URL pattern="/hal/browser/**", locations=[class path resource [META-INF/spring-data-rest/hal-browser/]], resolvers=[org.springframework.web.servlet.resource.PathResourceResolver@359fa722]
2021-02-10 10:54:28.607  INFO 6596 --- [           main] c.j.petclinic.dao.OwnerRepositoryTests   : Started OwnerRepositoryTests in 24.729 seconds (JVM running for 27.875)
2021-02-10 10:54:28.671  INFO 6596 --- [           main] o.s.t.c.transaction.TransactionContext   : Began transaction (1) for test context [DefaultTestContext@4a668b6e testClass = OwnerRepositoryTests, testInstance = com.javaegitimleri.petclinic.dao.OwnerRepositoryTests@4c8a9266, testMethod = testCreateOwner@OwnerRepositoryTests, testException = [null], mergedContextConfiguration = [WebMergedContextConfiguration@5f683daf testClass = OwnerRepositoryTests, locations = '{}', classes = '{class com.javaegitimleri.petclinic.PetClinicApplication}', contextInitializerClasses = '[]', activeProfiles = '{dev}', propertySourceLocations = '{}', propertySourceProperties = '{org.springframework.boot.test.context.SpringBootTestContextBootstrapper=true}', contextCustomizers = set[org.springframework.boot.test.context.filter.ExcludeFilterContextCustomizer@4148db48, org.springframework.boot.test.json.DuplicateJsonObjectContextCustomizerFactory$DuplicateJsonObjectContextCustomizer@71a794e5, org.springframework.boot.test.mock.mockito.MockitoContextCustomizer@0, org.springframework.boot.test.web.client.TestRestTemplateContextCustomizer@49e202ad, org.springframework.boot.test.autoconfigure.properties.PropertyMappingContextCustomizer@0, org.springframework.boot.test.autoconfigure.web.servlet.WebDriverContextCustomizerFactory$Customizer@551bdc27], resourceBasePath = 'src/main/webapp', contextLoader = 'org.springframework.boot.test.context.SpringBootContextLoader', parent = [null]], attributes = map['org.springframework.test.context.web.ServletTestExecutionListener.activateListener' -> true, 'org.springframework.test.context.web.ServletTestExecutionListener.populatedRequestContextHolder' -> true, 'org.springframework.test.context.web.ServletTestExecutionListener.resetRequestContextHolder' -> true]]; transaction manager [org.springframework.orm.jpa.JpaTransactionManager@3835b281]; rollback [true]
Hibernate: 
    call next value for petclinic_sequence
2021-02-10 10:54:29.158  INFO 6596 --- [           main] o.s.t.c.transaction.TransactionContext   : Rolled back transaction for test context [DefaultTestContext@4a668b6e testClass = OwnerRepositoryTests, testInstance = com.javaegitimleri.petclinic.dao.OwnerRepositoryTests@4c8a9266, testMethod = testCreateOwner@OwnerRepositoryTests, testException = java.lang.Exception: Unexpected exception, expected<javax.persistence.PersistenceException> but was<javax.validation.ConstraintViolationException>, mergedContextConfiguration = [WebMergedContextConfiguration@5f683daf testClass = OwnerRepositoryTests, locations = '{}', classes = '{class com.javaegitimleri.petclinic.PetClinicApplication}', contextInitializerClasses = '[]', activeProfiles = '{dev}', propertySourceLocations = '{}', propertySourceProperties = '{org.springframework.boot.test.context.SpringBootTestContextBootstrapper=true}', contextCustomizers = set[org.springframework.boot.test.context.filter.ExcludeFilterContextCustomizer@4148db48, org.springframework.boot.test.json.DuplicateJsonObjectContextCustomizerFactory$DuplicateJsonObjectContextCustomizer@71a794e5, org.springframework.boot.test.mock.mockito.MockitoContextCustomizer@0, org.springframework.boot.test.web.client.TestRestTemplateContextCustomizer@49e202ad, org.springframework.boot.test.autoconfigure.properties.PropertyMappingContextCustomizer@0, org.springframework.boot.test.autoconfigure.web.servlet.WebDriverContextCustomizerFactory$Customizer@551bdc27], resourceBasePath = 'src/main/webapp', contextLoader = 'org.springframework.boot.test.context.SpringBootContextLoader', parent = [null]], attributes = map['org.springframework.test.context.web.ServletTestExecutionListener.activateListener' -> true, 'org.springframework.test.context.web.ServletTestExecutionListener.populatedRequestContextHolder' -> true, 'org.springframework.test.context.web.ServletTestExecutionListener.resetRequestContextHolder' -> true]].
]]></system-out>
  </testcase>
</testsuite>